10 1 1
10 1 1
10 1 1
13 0 192 224 640 224
13 0 192 448 640 448
13 0 192 624 640 624
13 0 192 848 640 848
13 0 192 1056 640 1056
13 0 192 1248 640 1248
17 0 inv 640 176 0
17 0 inv 640 400 0
17 0 inv 640 576 0
17 0 inv 640 800 0
17 0 inv 640 1008 0
17 0 inv 640 1200 0
17 0 nd3 1088 448 0
17 0 nd3 1088 576 0
17 0 nd2 1072 832 0
17 0 nd4 1072 928 0
17 0 nd3 1072 1104 0
17 0 nd2 1584 1104 0
17 0 nd2 1584 880 0
17 0 nd2 1584 512 0
17 0 nd2 1936 352 0
17 0 nd2 1936 800 0
17 0 15
17 0 nd3 1936 336 0
17 0 nd3 1936 1088 0
17 0 nd3 2464 720 0
13 0 1088 496 832 496
13 0 832 496 832 624
13 0 832 624 736 624
13 0 1088 528 880 528
13 0 880 528 880 848
13 0 880 848 736 848
13 0 1088 560 416 560
13 0 416 560 416 1056
13 0 1088 624 928 624
13 0 928 624 928 704
13 0 928 704 464 704
13 0 464 704 464 848
13 0 736 1056 960 1056
13 0 960 1056 960 656
13 0 960 656 1088 656
13 0 832 576 832 496
13 2 832 496 832 576
13 2 832 576 832 624
13 0 768 576 768 624
13 0 768 624 832 624
13 0 768 576 768 496
13 0 768 496 832 496
13 0 800 624 832 624
13 2 800 624 832 624
13 2 768 624 800 624
13 0 880 624 880 528
13 2 880 528 880 624
13 2 880 624 880 848
13 0 800 624 800 848
13 0 800 848 880 848
13 0 800 624 800 528
13 0 800 528 880 528
13 0 864 848 880 848
13 2 864 848 880 848
13 2 800 848 864 848
13 0 928 656 928 624
13 2 928 624 928 656
13 2 928 656 928 704
13 0 832 672 832 704
13 0 832 704 928 704
13 0 832 672 832 624
13 0 832 624 928 624
13 0 880 704 928 704
13 2 880 704 928 704
13 2 832 704 880 704
13 0 960 768 960 656
13 2 960 656 960 768
13 2 960 768 960 1056
13 0 864 768 864 1056
13 0 864 1056 960 1056
13 0 864 768 864 656
13 0 864 656 960 656
13 0 928 1056 960 1056
13 2 928 1056 960 1056
13 2 864 1056 928 1056
13 0 1088 688 368 688
13 0 368 688 368 1248
13 0 1072 880 864 880
13 0 1072 912 368 912
13 0 1072 976 912 976
13 0 912 976 912 224
13 0 912 272 912 224
13 2 912 224 912 272
13 2 912 272 912 976
13 0 912 976 496 976
13 0 528 976 1072 976
13 2 528 976 1072 976
13 2 496 976 528 976
13 0 1072 976 608 976
13 0 608 976 608 224
13 0 1072 1008 512 1008
13 0 576 1008 1072 1008
13 2 576 1008 1072 1008
13 2 512 1008 576 1008
13 0 1072 1008 576 1008
13 0 576 1008 576 448
13 0 1072 1040 768 1040
13 0 768 1040 768 624
13 0 1072 1072 736 1072
13 0 736 1072 736 1152
13 0 736 1152 416 1152
13 0 416 1152 416 1056
13 0 1072 1152 912 1152
13 0 1008 1152 992 1152
13 0 976 1152 1072 1152
13 2 976 1152 1072 1152
13 2 912 1152 976 1152
13 0 1072 1152 992 1152
13 0 992 1152 992 976
13 0 1072 1184 960 1184
13 0 960 1184 960 1008
13 0 1072 1216 528 1216
13 0 528 1216 528 624
13 0 1584 1152 1248 1152
13 0 1248 1152 1248 1184
13 0 1248 1184 1216 1184
13 0 1584 1184 1296 1184
13 0 1296 1184 1296 1248
13 0 1296 1248 736 1248
13 0 1584 560 1232 560
13 0 1232 560 1232 528
13 0 1232 656 1488 656
13 0 1488 656 1488 592
13 0 1488 592 1584 592
13 0 1584 928 1344 928
13 0 1344 928 1344 896
13 0 1344 896 1216 896
13 0 1584 960 1344 960
13 0 1344 960 1344 1024
13 0 1344 1024 1216 1024
13 0 1328 1184 1344 1184
13 0 1328 1184 1584 1184
13 2 1328 1184 1584 1184
13 2 1296 1184 1328 1184
13 0 1296 1216 1296 1184
13 2 1296 1184 1296 1216
13 2 1296 1216 1296 1248
13 0 1232 1248 1296 1248
13 2 1232 1248 1296 1248
13 2 736 1248 1232 1248
13 0 368 1248 368 1312
13 0 368 1312 1536 1312
13 0 1536 1312 1536 1184
13 0 1536 1184 1584 1184
13 0 1936 384 1232 384
13 0 1232 384 1232 224
13 0 1232 224 736 224
13 0 1936 416 1920 416
13 0 1920 416 1056 416
13 0 1056 416 1056 448
13 0 1056 448 736 448
13 0 1936 448 1824 448
13 0 1824 448 1824 576
13 0 1824 576 1728 576
13 0 1936 848 800 848
13 0 1936 880 1808 880
13 0 1808 880 1808 944
13 0 1808 944 1728 944
13 0 1936 1136 1760 1136
13 0 1760 1136 1760 1120
13 0 1760 1120 736 1120
13 0 1824 1136 1936 1136
13 2 1824 1136 1936 1136
13 2 1760 1136 1824 1136
13 0 1936 1136 1792 1136
13 0 1792 1136 1792 1072
13 0 1792 1072 1424 1072
13 0 1424 1072 1424 752
13 0 1424 752 832 752
13 0 832 752 832 704
13 0 1936 1168 1760 1168
13 0 1760 1168 1760 1136
13 2 1248 1152 1584 1152
13 2 1536 1184 1584 1184
17 0 12
17 0 nd2 1584 1136 0
13 0 1584 1184 1584 1152
13 0 1248 1152 1584 1152
13 0 1568 1216 1584 1216
13 0 1568 1216 1568 1184
13 0 1536 1184 1568 1184
13 0 1568 1200 1568 1184
13 2 1568 1184 1568 1200
13 2 1568 1200 1568 1216
13 2 1536 1184 1568 1184
13 2 1536 1184 1536 1312
13 0 1584 1168 1584 1152
13 2 1584 1152 1584 1168
13 2 1584 1168 1584 1184
13 0 1504 1152 1584 1152
13 2 1504 1152 1584 1152
13 2 1248 1152 1504 1152
13 2 1248 1152 1248 1184
13 0 1584 1184 1248 1184
13 0 1536 1312 1536 1216
13 0 1536 1216 1568 1216
13 0 1728 1200 1936 1200
13 0 2464 768 2176 768
13 0 2176 768 2176 416
13 0 2176 416 2080 416
13 0 2464 800 2176 800
13 0 2176 800 2176 864
13 0 2176 864 2080 864
13 0 2464 832 2224 832
13 0 2224 832 2224 1168
13 0 2224 1168 2080 1168
13 0 2608 800 2752 800
13 5 192 224 x1
13 5 192 448 x2
13 5 176 624 x3
13 5 192 624 x3
13 5 192 848 x4
13 5 192 1056 x5
13 5 192 1248 x6
13 7 176 624
13 5 176 624 x3
13 8 176 624 0
13 8 176 624 0
13 7 176 624
13 5 2752 800 f
13 8 192 224 1
13 8 192 448 1
13 8 192 624 1
13 8 192 848 1
13 8 192 1056 1
13 8 192 1248 1
13 8 2752 800 2
