10 1 1
10 1 1
10 1 1
13 0 240 256 496 256
13 0 240 512 496 512
13 0 240 704 496 704
13 0 240 896 496 896
13 0 240 1104 480 1104
13 0 480 1104 496 1104
13 0 240 1344 496 1344
17 0 mux41 2896 928 0
13 0 3104 1024 3280 1024
13 2 3104 1024 3280 1024
13 0 3280 1024 3088 1024
13 0 2896 976 2704 976
13 0 2704 976 2704 272
13 0 2704 272 2704 256
13 0 2704 256 496 256
13 0 496 512 2672 512
13 0 2672 512 2672 1008
13 0 2672 1008 2896 1008
13 0 2816 976 2896 976
13 2 2816 976 2896 976
13 2 2704 976 2816 976
13 0 2832 1152 2704 1152
13 0 2704 1152 2704 976
13 0 2832 1152 2896 1152
13 0 2896 1152 2896 976
13 0 2896 976 2896 1120
13 0 2896 976 2896 1072
13 0 2896 976 2896 1040
13 0 2896 976 2896 1008
13 0 2896 1008 2896 1040
13 0 2896 1040 2896 1072
13 0 2896 1072 2896 1120
13 0 2896 1120 2896 1152
13 2 2896 1120 2896 1152
13 2 2896 1072 2896 1120
13 2 2896 1040 2896 1072
13 2 2896 1008 2896 1040
13 2 2896 976 2896 1008
13 0 2832 1152 2896 1152
13 2 2832 1152 2896 1152
13 0 2704 1152 2704 976
13 2 2704 976 2704 1152
13 2 2704 1152 2832 1152
13 0 2704 976 2816 976
13 0 2816 976 2896 976
13 2 2672 1008 2896 1008
13 2 2672 512 2672 1008
13 0 496 512 2672 512
13 2 496 512 2672 512
13 0 2704 256 496 256
13 2 496 256 2704 256
13 0 2704 272 2704 256
13 2 2704 256 2704 272
13 2 2704 272 2704 976
13 2 2704 976 2896 976
13 0 2896 1120 2832 1120
13 0 2832 1120 2832 288
13 0 2832 288 2832 256
13 0 2832 256 496 256
13 0 2896 1152 2800 1152
13 0 2800 1152 2800 512
13 0 2800 512 496 512
13 0 368 512 368 464
13 2 368 464 368 512
13 0 384 512 2800 512
13 2 384 512 2800 512
13 2 240 512 384 512
13 0 400 336 240 336
13 0 240 336 240 512
13 0 400 336 2800 336
13 0 2800 336 2800 512
13 0 240 432 240 336
13 2 240 336 240 432
13 2 240 432 240 512
