10 1 1
10 1 1
10 1 1
13 0 928 2096 1328 2096
13 2 928 2096 1328 2096
13 2 160 2096 928 2096
13 0 928 2064 1328 2064
13 2 928 2064 1328 2064
13 2 320 2064 928 2064
13 0 928 2032 1328 2032
13 2 928 2032 1328 2032
13 2 480 2032 928 2032
13 0 1072 1952 1648 1952
13 2 1072 1952 1648 1952
13 2 1056 1952 1072 1952
17 0 11
13 0 1552 2032 1552 1984
13 2 1552 1984 1552 2032
13 2 1552 2032 1552 2064
13 0 1536 2064 1552 2064
13 2 1536 2064 1552 2064
13 2 1472 2064 1536 2064
13 0 1616 1984 1648 1984
13 2 1616 1984 1648 1984
13 2 1552 1984 1616 1984
17 0 14
13 0 1808 1968 1904 1968
13 2 1808 1968 1904 1968
13 2 1792 1968 1808 1968
13 0 1936 1904 1968 1904
13 2 1936 1904 1968 1904
13 2 1904 1904 1936 1904
13 0 1904 1936 1904 1904
13 2 1904 1904 1904 1936
13 2 1904 1936 1904 1968
17 0 16
13 0 2160 1872 2208 1872
13 2 2160 1872 2208 1872
13 2 2112 1872 2160 1872
13 0 1920 1872 1968 1872
13 2 1920 1872 1968 1872
13 2 640 1872 1920 1872
13 0 1888 1840 1968 1840
13 2 1888 1840 1968 1840
13 2 800 1840 1888 1840
13 0 2208 1792 2208 1616
13 2 2208 1616 2208 1792
13 2 2208 1792 2208 1872
13 0 2272 1616 2336 1616
13 2 2272 1616 2336 1616
13 2 2208 1616 2272 1616
13 0 2256 1584 2336 1584
13 2 2256 1584 2336 1584
13 2 2208 1584 2256 1584
13 0 2256 1536 2256 1296
13 2 2256 1296 2256 1536
13 2 2256 1536 2256 1552
17 0 18
13 0 2544 1584 2720 1584
13 2 2544 1584 2720 1584
13 2 2480 1584 2544 1584
13 0 2480 1584 2544 1584
13 0 2544 1584 2720 1584
13 0 2304 1552 2336 1552
13 2 2304 1552 2336 1552
13 2 2256 1552 2304 1552
13 0 2208 1536 2208 1440
13 2 2208 1440 2208 1536
13 2 2208 1536 2208 1584
17 0 17
17 0 15
13 0 2176 1296 2256 1296
13 2 2176 1296 2256 1296
13 2 2112 1296 2176 1296
13 0 2176 1296 2112 1296
13 0 2176 1296 2256 1296
13 0 2176 1440 2208 1440
13 2 2176 1440 2208 1440
13 2 2128 1440 2176 1440
13 0 2176 1296 2256 1296
13 2 2176 1296 2256 1296
13 2 2112 1296 2176 1296
13 0 1888 1328 1968 1328
13 2 1888 1328 1968 1328
13 2 240 1328 1888 1328
13 0 1872 1296 1968 1296
13 2 1872 1296 1968 1296
13 2 400 1296 1872 1296
13 0 1888 1264 1968 1264
13 2 1888 1264 1968 1264
13 2 1872 1264 1888 1264
13 0 1872 1216 1872 1008
13 2 1872 1008 1872 1216
13 2 1872 1216 1872 1264
13 0 1872 1216 1872 1264
13 0 1872 1216 1872 1008
13 0 1872 1216 1872 1008
13 2 1872 1008 1872 1216
13 2 1872 1216 1872 1264
17 0 12
17 0 13
13 0 1840 1600 1904 1600
13 2 1840 1600 1904 1600
13 2 1792 1600 1840 1600
13 0 1904 1536 1904 1456
13 2 1904 1456 1904 1536
13 2 1904 1536 1904 1600
13 0 1936 1456 1984 1456
13 2 1936 1456 1984 1456
13 2 1904 1456 1936 1456
13 0 1936 1424 1984 1424
13 2 1936 1424 1984 1424
13 2 720 1424 1936 1424
13 0 1520 1488 1568 1488
13 2 1520 1488 1568 1488
13 2 1472 1488 1520 1488
17 0 9
13 0 1264 1504 1328 1504
13 2 1264 1504 1328 1504
13 2 880 1504 1264 1504
13 0 1264 1472 1328 1472
13 2 1264 1472 1328 1472
13 2 976 1472 1264 1472
13 0 976 1408 976 864
13 2 976 864 976 1408
13 2 976 1408 976 1472
13 0 1056 1424 1056 480
13 2 1056 480 1056 1424
13 2 1056 1424 1056 1952
13 0 1200 1168 1328 1168
13 2 1200 1168 1328 1168
13 2 560 1168 1200 1168
13 0 1216 1136 1328 1136
13 2 1216 1136 1328 1136
13 2 720 1136 1216 1136
13 0 1280 1104 1328 1104
13 2 1280 1104 1328 1104
13 2 800 1104 1280 1104
17 0 8
13 0 1520 1136 1584 1136
13 2 1520 1136 1584 1136
13 2 1472 1136 1520 1136
13 0 1584 1104 1584 1024
13 2 1584 1024 1584 1104
13 2 1584 1104 1584 1136
13 0 1616 1024 1648 1024
13 2 1616 1024 1648 1024
13 2 1584 1024 1616 1024
13 0 1840 1008 1872 1008
13 2 1840 1008 1872 1008
13 2 1792 1008 1840 1008
13 0 1616 992 1648 992
13 2 1616 992 1648 992
13 2 1584 992 1616 992
13 0 1616 1584 1648 1584
13 2 1616 1584 1648 1584
13 2 1568 1584 1616 1584
13 0 1568 1536 1568 1488
13 2 1568 1488 1568 1536
13 2 1568 1536 1568 1584
13 0 1600 1616 1648 1616
13 2 1600 1616 1648 1616
13 2 1568 1616 1600 1616
13 0 1568 1648 1568 1616
13 2 1568 1616 1568 1648
13 2 1568 1648 1568 1712
13 0 1520 1712 1568 1712
13 2 1520 1712 1568 1712
13 2 1472 1712 1520 1712
17 0 10
13 0 1248 1728 1328 1728
13 2 1248 1728 1328 1728
13 2 320 1728 1248 1728
13 0 1232 1696 1328 1696
13 2 1232 1696 1328 1696
13 2 560 1696 1232 1696
13 0 1216 1664 1328 1664
13 2 1216 1664 1328 1664
13 2 800 1664 1216 1664
13 0 1184 1760 1328 1760
13 2 1184 1760 1328 1760
13 2 160 1760 1184 1760
13 0 800 1712 800 320
13 2 800 320 800 1712
13 2 800 1712 800 1840
13 0 640 1712 640 928
13 2 640 928 640 1712
13 2 640 1712 640 1872
13 0 560 1648 560 480
13 2 560 480 560 1648
13 2 560 1648 560 1696
13 0 480 1664 480 320
13 2 480 320 480 1664
13 2 480 1664 480 2032
13 0 320 1664 320 320
13 2 320 320 320 1664
13 2 320 1664 320 2064
13 0 160 1680 160 320
13 2 160 320 160 1680
13 2 160 1680 160 2096
13 0 400 1264 400 480
13 2 400 480 400 1264
13 2 400 1264 400 1296
13 0 240 1280 240 480
13 2 240 480 240 1280
13 2 240 1280 240 1328
13 0 720 1280 720 480
13 2 720 480 720 1280
13 2 720 1280 720 1424
13 0 880 1280 880 896
13 2 880 896 880 1280
13 2 880 1280 880 1504
13 0 1088 928 1328 928
13 2 1088 928 1328 928
13 2 640 928 1088 928
13 0 1136 896 1328 896
13 2 1136 896 1328 896
13 2 880 896 1136 896
13 0 1136 896 880 896
13 0 1136 896 1328 896
13 0 1136 864 1328 864
13 2 1136 864 1328 864
13 2 976 864 1136 864
13 0 1136 896 1328 896
13 2 1136 896 1328 896
13 2 880 896 1136 896
13 0 1136 896 880 896
13 0 1136 896 1328 896
17 0 7
13 0 1536 896 1584 896
13 2 1536 896 1584 896
13 2 1472 896 1536 896
13 0 1584 928 1584 896
13 2 1584 896 1584 928
13 2 1584 928 1584 992
13 0 1248 896 1328 896
13 2 1248 896 1328 896
13 2 880 896 1248 896
13 0 976 816 976 320
13 2 976 320 976 816
13 2 976 816 976 864
13 0 880 832 880 480
13 2 880 480 880 832
13 2 880 832 880 896
13 0 880 832 880 896
13 0 880 832 880 480
13 0 640 832 640 320
13 2 640 320 640 832
13 2 640 832 640 928
13 0 880 816 880 480
13 2 880 480 880 816
13 2 880 816 880 896
17 0 and3 1280 480 0
17 0 and3 1280 640 0
17 0 and3 1280 864 0
17 0 and3 1280 1008 0
17 0 and3 1312 2016 0
17 0 and3 1312 1888 0
17 0 and3 1312 1760 0
17 0 9
17 0 and3 1280 1216 0
17 0 8
17 0 and3 1280 1072 0
17 0 10
17 0 and3 1280 816 0
17 0 7
17 0 and3 1280 672 0
17 0 or2 1584 752 0
17 0 or2 1584 1152 0
17 0 or3 1616 1872 0
17 0 16
17 0 or3 1616 1888 0
17 0 and2 1856 896 0
17 0 and3 1856 1008 0
17 0 and3 1904 1648 0
17 0 or3 2336 1504 0
13 0 2336 1552 2240 1552
13 0 2240 1552 2240 960
13 0 2240 960 2000 960
13 0 2336 1584 2192 1584
13 0 2192 1584 2192 1088
13 0 2192 1088 2000 1088
13 0 2336 1616 2192 1616
13 0 2192 1616 2192 1728
13 0 2192 1728 2048 1728
13 0 1856 944 1856 816
13 0 1856 816 1744 816
13 2 1744 816 1856 816
13 0 1744 816 1728 816
13 0 1856 816 1760 816
13 2 1760 816 1856 816
13 0 1760 816 1856 816
13 2 1760 816 1856 816
13 0 1856 816 1744 816
13 0 1856 1120 1808 1120
13 0 1808 1120 1808 1216
13 0 1808 1216 1728 1216
13 0 1760 1968 1840 1968
13 0 1840 1968 1840 1760
13 0 1840 1760 1904 1760
13 0 1424 752 1504 752
13 0 1504 752 1504 800
13 0 1504 800 1584 800
13 0 1584 832 1568 832
13 0 1568 832 1504 832
13 0 1504 832 1504 896
13 0 1504 896 1424 896
13 0 1584 1200 1520 1200
13 0 1520 1200 1520 1152
13 0 1520 1152 1424 1152
13 0 1584 1232 1520 1232
13 0 1520 1232 1520 1296
13 0 1520 1296 1424 1296
13 0 1616 1968 1456 1968
13 0 1616 1936 1552 1936
13 0 1552 1936 1552 1840
13 0 1552 1840 1456 1840
13 0 1616 2000 1552 2000
13 0 1552 2000 1552 2096
13 0 1552 2096 1456 2096
13 0 1056 480 1056 720
13 0 1056 720 1280 720
13 0 1280 752 800 752
13 0 800 752 800 320
13 0 1280 784 640 784
13 0 640 784 640 320
13 0 1280 864 976 864
13 0 976 864 976 320
13 0 1280 896 880 896
13 0 880 896 880 480
13 0 1280 928 720 928
13 0 720 928 720 480
13 0 1280 1120 976 1120
13 0 976 1120 976 864
13 0 1280 1152 880 1152
13 0 880 1152 880 896
13 0 1280 1184 640 1184
13 0 640 1184 640 784
13 0 1280 1264 800 1264
13 0 800 1264 800 752
13 0 1280 1296 720 1296
13 0 720 1296 720 928
13 0 1280 1328 560 1328
13 0 560 1328 560 480
13 0 1856 976 240 976
13 0 240 976 240 480
13 0 1856 1088 400 1088
13 0 400 1088 400 480
13 0 1856 1056 1520 1056
13 0 1520 1056 1520 976
13 0 1056 720 1056 1808
13 0 1056 1808 1312 1808
13 0 1312 1840 800 1840
13 0 800 1840 800 1264
13 0 1312 1872 560 1872
13 0 560 1872 560 1328
13 0 1312 1936 1056 1936
13 0 1056 1936 1056 1808
13 0 1056 1856 1056 1920
13 0 1056 1920 1120 1920
13 2 1056 1920 1120 1920
13 0 1168 1936 1312 1936
13 2 1168 1936 1312 1936
13 2 1056 1936 1168 1936
13 0 1056 1920 1056 1808
13 2 1056 1808 1056 1920
13 2 1056 1920 1056 1936
13 0 1056 1920 1056 1936
13 0 1056 1920 1056 1808
13 0 1056 1920 1056 1808
13 2 1056 1808 1056 1920
13 2 1056 1920 1056 1936
13 0 1312 1936 800 1936
13 0 800 1936 800 1840
13 0 720 1296 720 1968
13 0 720 1968 1312 1968
13 0 1312 2000 560 2000
13 0 560 2000 560 1872
13 0 1312 2064 800 2064
13 0 800 2064 800 1936
13 0 1312 2096 640 2096
13 0 640 2096 640 1184
13 0 1312 2128 480 2128
13 0 480 2128 480 320
13 0 1904 1696 320 1696
13 0 320 1696 320 320
13 0 1904 1728 160 1728
13 0 160 1728 160 320
