10 1 1
10 1 1
10 1 1
13 0 224 256 656 256
13 0 224 464 656 464
13 0 224 704 656 704
13 0 224 912 656 912
13 0 224 1168 656 1168
13 0 224 1408 656 1408
17 0 inv 656 656 0
17 0 inv 656 864 0
17 0 inv 656 1120 0
17 0 inv 656 1360 0
17 0 and3 1232 544 0
17 0 and3 1232 752 0
17 0 and3 1232 944 0
17 0 and3 1232 1136 0
17 0 and3 1232 1328 0
17 0 and3 1232 1504 0
17 0 6
17 0 and3 1232 704 0
17 0 7
17 0 and3 1232 864 0
17 0 8
17 0 and3 1232 1024 0
17 0 9
17 0 and3 1232 1168 0
17 0 10
17 0 and3 1232 1328 0
17 0 10
17 0 and3 1232 1344 0
17 0 mux41 2736 992 0
17 0 11
17 0 mux81 2768 880 0
17 0 or3 1856 624 0
17 0 or3 1856 896 0
17 0 or3 1856 1104 0
17 0 or3 1856 1312 0
13 0 1232 592 864 592
13 0 864 592 800 592
13 0 800 592 800 704
13 0 800 704 752 704
13 0 1232 624 848 624
13 0 848 624 848 912
13 0 848 912 752 912
13 0 1232 656 384 656
13 0 384 656 384 1168
13 0 1232 912 848 912
13 0 1232 944 880 944
13 0 880 944 880 1168
13 0 880 1168 752 1168
13 0 1232 976 336 976
13 0 336 976 336 1408
13 0 1232 1072 448 1072
13 0 448 1072 448 912
13 0 384 1104 1232 1104
13 0 752 1408 928 1408
13 0 928 1408 928 1136
13 0 928 1136 1232 1136
13 0 544 704 544 1216
13 0 544 1216 1232 1216
13 0 1232 1248 1024 1248
13 0 1024 1248 1024 1072
13 0 1232 1280 976 1280
13 0 976 1280 976 1104
13 0 1232 1392 1024 1392
13 0 1024 1392 1024 1248
13 0 880 1168 880 1424
13 0 880 1424 1232 1424
13 0 1232 1456 336 1456
13 0 336 1456 336 1408
17 0 13
17 0 14
17 0 or3 1856 1104 0
17 0 14
17 0 15
17 0 or4 1856 896 0
17 0 or4 1856 1056 0
17 0 or4 1856 1264 0
13 0 1856 672 1504 672
13 0 1504 672 1504 624
13 0 1504 624 1376 624
13 0 2832 880 2816 880
13 0 2816 880 2800 880
13 0 2816 880 2800 880
13 2 2800 880 2816 880
13 2 2816 880 2832 880
17 0 11
17 0 mux41 2656 880 0
17 0 13
17 0 or4 1856 1328 0
17 0 14
17 0 or4 1856 1136 0
17 0 15
17 0 or4 1856 768 0
13 0 1376 944 2336 944
13 0 2336 944 2336 976
13 2 2336 944 2336 976
13 0 2656 960 2336 960
13 0 2336 960 2336 944
13 0 1376 1104 2592 1104
13 0 2592 1104 2592 992
13 0 2592 992 2656 992
13 0 2592 1040 2592 992
13 2 2592 992 2592 1040
13 2 2592 1040 2592 1104
13 0 2496 1104 2592 1104
13 2 2496 1104 2592 1104
13 2 1376 1104 2496 1104
13 0 2496 1104 1376 1104
13 0 2496 1104 2592 1104
13 0 2512 1104 2592 1104
13 2 2512 1104 2592 1104
13 2 1376 1104 2512 1104
13 0 2592 992 2336 992
13 0 2336 992 2336 1104
13 0 2336 1104 1376 1104
13 0 1856 704 1504 704
13 0 1504 704 1504 944
13 0 1856 736 1536 736
13 0 1536 736 1536 1104
17 0 15
17 0 or4 1856 768 0
17 0 15
17 0 14
17 0 13
17 0 or3 1872 1120 0
17 0 or3 1872 1312 0
13 0 1376 1248 1792 1248
13 0 1792 1248 1792 1232
13 0 1792 1232 1872 1232
13 0 1872 1200 1536 1200
13 0 1536 1200 1536 1104
13 0 1872 1168 1504 1168
13 0 1504 1168 1504 944
13 0 1376 1424 1872 1424
13 0 1872 1392 1536 1392
13 0 1536 1392 1536 1200
13 0 1872 1360 1504 1360
13 0 1504 1360 1504 1168
13 0 1328 800 1328 816
13 2 1328 800 1328 816
17 0 6
13 0 2384 992 2656 992
13 2 2384 992 2656 992
13 2 2336 992 2384 992
13 0 2384 992 2336 992
13 0 2384 992 2656 992
13 0 2384 992 2656 992
13 2 2384 992 2656 992
13 2 2336 992 2384 992
13 0 2336 1040 2336 992
13 2 2336 992 2336 1040
13 2 2336 1040 2336 1104
13 0 2304 944 2336 944
13 2 2304 944 2336 944
13 2 1504 944 2304 944
13 2 2336 944 2336 960
13 0 2336 944 2336 960
13 2 2336 944 2336 960
13 0 2288 1104 2336 1104
13 2 2288 1104 2336 1104
13 2 1536 1104 2288 1104
17 0 or2 2192 896 0
13 0 2192 944 2144 944
13 0 2144 944 1504 944
13 0 2192 976 1696 976
13 0 1696 976 1696 1104
13 0 1696 1104 1536 1104
13 0 2656 928 2352 928
13 0 2352 928 2352 704
13 0 2352 704 2000 704
13 0 2016 1200 2352 1200
13 0 2352 1200 2352 992
13 0 2352 992 2656 992
13 0 2016 1392 2400 1392
13 0 2400 1392 2400 1024
13 0 2400 1024 2656 1024
13 0 656 256 2592 256
13 0 2592 256 2592 1072
13 0 2592 1072 2656 1072
13 0 656 464 672 464
13 0 672 464 2528 464
13 0 2528 464 2528 1104
13 0 2528 1104 2656 1104
13 0 2848 976 2976 976
13 2 1504 944 2192 944
13 2 2336 960 2656 960
13 2 1696 976 2192 976
17 0 6
17 0 or2 1856 896 0
13 0 1504 944 1856 944
13 0 2000 960 2656 960
13 0 1840 976 1856 976
13 0 1696 976 1840 976
13 5 224 256 x1
13 5 224 464 x2
13 5 224 704 x3
13 5 224 912 x4
13 5 224 1168 x5
13 5 224 1408 x6
13 5 2976 976 f
13 8 224 256 1
13 8 224 464 1
13 8 224 704 1
13 8 224 912 1
13 8 224 1168 1
13 8 224 1408 1
13 8 2976 976 1
13 8 2976 976 1
13 8 2976 976 0
13 8 2976 976 2
