10 1 1
10 1 1
10 1 1
13 0 320 320 576 320
17 0 inv 576 160 0
13 2 320 320 576 320
13 0 320 320 528 320
13 0 528 320 528 208
13 0 528 208 576 208
13 0 496 160 640 160
13 0 640 160 640 272
13 2 640 160 640 272
13 2 496 160 640 160
17 0 1
13 0 528 240 528 208
13 2 528 208 528 240
13 2 528 240 528 320
13 0 528 240 528 320
13 0 528 240 528 208
13 0 528 240 528 208
13 2 528 208 528 240
13 2 528 240 528 320
13 0 544 208 576 208
13 2 544 208 576 208
13 2 528 208 544 208
13 0 496 320 528 320
13 2 496 320 528 320
13 2 320 320 496 320
13 0 320 160 320 672
13 0 320 672 320 320
13 0 320 320 480 320
17 0 inv 528 384 1
13 0 480 320 480 384
13 0 640 160 640 672
13 0 640 672 640 320
13 0 640 320 800 320
17 0 inv 848 400 1
13 0 800 320 800 400
13 0 960 160 960 688
13 0 960 688 960 320
13 0 960 320 1120 320
13 0 1280 160 1280 688
13 0 1280 688 1280 320
13 0 1280 320 1440 320
13 0 1600 160 1600 672
13 0 1600 672 1600 320
13 0 1600 320 1760 320
13 0 1920 160 1920 672
13 0 1920 672 1920 320
13 0 1920 320 2080 320
17 0 inv 1168 400 1
17 0 inv 1472 400 1
17 0 inv 1808 400 1
17 0 inv 2112 400 1
13 0 1120 320 1120 400
13 0 1760 320 1760 400
17 0 4
17 0 inv 1472 400 1
17 0 4
17 0 inv 1488 400 1
17 0 6
17 0 inv 2128 400 1
13 0 1440 320 1440 400
13 0 2080 320 2080 400
13 0 1248 688 848 688
13 0 848 688 960 688
13 0 960 688 1248 688
13 0 1072 688 1248 688
13 2 1072 688 1248 688
13 2 960 688 1072 688
13 0 896 688 960 688
13 2 896 688 960 688
13 2 848 688 896 688
13 0 320 288 320 160
13 2 320 160 320 288
13 2 320 288 320 320
13 0 160 288 160 320
13 0 160 320 320 320
13 0 160 288 160 160
13 0 160 160 320 160
13 0 272 160 320 160
13 2 272 160 320 160
13 2 160 160 272 160
13 0 320 368 320 320
13 2 320 320 320 368
13 2 320 368 320 672
13 0 160 400 160 672
13 0 160 672 320 672
13 0 160 400 160 320
13 0 160 320 320 320
13 0 272 672 320 672
13 2 272 672 320 672
13 2 160 672 272 672
13 0 480 352 480 320
13 2 480 320 480 352
13 2 480 352 480 384
13 0 480 368 480 384
13 0 480 368 480 320
13 0 416 320 480 320
13 2 416 320 480 320
13 2 160 320 416 320
13 0 480 352 480 320
13 2 480 320 480 352
13 2 480 352 480 384
13 0 480 352 480 384
13 0 480 352 480 320
13 0 480 352 480 320
13 2 480 320 480 352
13 2 480 352 480 384
13 0 160 368 160 384
13 0 160 384 480 384
13 0 160 368 160 320
13 0 160 320 480 320
13 0 352 320 480 320
13 2 352 320 480 320
13 2 160 320 352 320
13 2 160 384 480 384
17 0 1
17 0 inv 368 384 1
13 0 288 384 320 384
13 0 160 384 288 384
13 0 208 384 320 384
13 2 208 384 320 384
13 2 160 384 208 384
13 0 224 320 160 320
13 0 160 320 160 384
13 0 224 320 320 320
13 0 320 320 320 384
13 2 800 320 800 400
17 0 2
17 0 inv 848 416 1
13 0 800 320 800 416
13 0 640 240 640 160
13 2 640 160 640 240
13 2 640 240 640 320
13 0 400 256 400 320
13 0 400 320 640 320
13 0 400 256 400 160
13 0 400 160 640 160
13 0 272 320 320 320
13 2 272 320 320 320
13 2 160 320 272 320
13 0 192 320 160 320
13 0 192 320 320 320
13 2 320 320 320 384
17 0 1
17 0 inv 368 384 1
13 0 320 320 320 384
13 0 320 336 320 320
13 2 320 320 320 336
13 2 320 336 320 384
13 0 240 352 240 384
13 0 240 384 320 384
13 0 240 352 240 320
13 0 240 320 320 320
13 0 304 320 320 320
13 2 304 320 320 320
13 2 240 320 304 320
13 2 240 384 320 384
17 0 1
17 0 inv 336 384 1
13 0 256 384 288 384
13 0 240 384 256 384
13 2 240 384 288 384
17 0 1
17 0 inv 336 384 1
13 0 256 384 288 384
13 0 240 384 256 384
13 2 240 384 288 384
17 0 1
17 0 inv 288 384 1
13 0 208 384 240 384
13 0 240 384 208 384
13 0 224 384 240 384
13 2 224 384 240 384
13 2 208 384 224 384
13 0 400 240 400 160
13 2 400 160 400 240
13 2 400 240 400 320
13 0 320 256 320 320
13 0 320 320 400 320
13 0 320 256 320 160
13 0 320 160 400 160
13 0 512 160 640 160
13 2 512 160 640 160
13 2 320 160 512 160
13 0 640 368 640 320
13 2 640 320 640 368
13 2 640 368 640 672
13 0 320 400 320 672
13 0 320 672 640 672
13 0 320 400 320 320
13 0 320 320 640 320
13 0 480 672 640 672
13 2 480 672 640 672
13 2 320 672 480 672
13 0 800 352 800 320
13 2 800 320 800 352
13 2 800 352 800 416
13 0 400 400 400 416
13 0 400 416 800 416
13 0 400 400 400 320
13 0 400 320 800 320
13 0 608 320 800 320
13 2 608 320 800 320
13 2 400 320 608 320
13 2 400 416 800 416
17 0 2
17 0 inv 496 416 1
13 0 416 416 448 416
13 0 400 416 416 416
13 2 400 416 448 416
17 0 2
17 0 inv 448 416 1
13 0 368 416 400 416
13 0 400 416 368 416
13 0 384 416 400 416
13 2 384 416 400 416
13 2 368 416 384 416
13 2 400 320 400 416
17 0 2
17 0 inv 448 384 1
13 0 400 320 400 384
13 0 960 240 960 160
13 2 960 160 960 240
13 2 960 240 960 320
13 0 480 272 480 320
13 0 480 320 960 320
13 0 480 272 480 160
13 0 480 160 960 160
13 0 720 160 960 160
13 2 720 160 960 160
13 2 480 160 720 160
13 0 960 352 960 320
13 2 960 320 960 352
13 2 960 352 960 688
13 0 960 352 960 688
13 0 960 352 960 320
13 0 960 352 960 320
13 2 960 320 960 352
13 2 960 352 960 688
13 0 480 368 480 688
13 0 480 688 960 688
13 0 480 368 480 320
13 0 480 320 960 320
13 0 848 688 960 688
13 2 848 688 960 688
13 2 480 688 848 688
13 2 1120 320 1120 400
17 0 3
17 0 inv 1168 384 1
13 0 1120 320 1120 384
13 0 1120 368 1120 320
13 2 1120 320 1120 368
13 2 1120 368 1120 384
13 0 560 384 1120 384
13 0 560 384 560 320
13 0 560 320 1120 320
13 0 608 320 1120 320
13 2 608 320 1120 320
13 2 560 320 608 320
13 2 560 384 1120 384
17 0 3
17 0 inv 656 384 1
13 0 576 384 608 384
13 0 560 384 576 384
13 2 560 384 608 384
17 0 3
17 0 inv 608 384 1
13 0 528 384 560 384
13 0 560 384 528 384
13 2 528 384 560 384
13 0 1280 240 1280 160
13 2 1280 160 1280 240
13 2 1280 240 1280 320
13 0 640 272 640 320
13 0 640 320 1280 320
13 0 640 272 640 160
13 0 640 160 1280 160
13 0 1200 160 1280 160
13 2 1200 160 1280 160
13 2 640 160 1200 160
13 0 1280 368 1280 320
13 2 1280 320 1280 368
13 2 1280 368 1280 688
13 0 1280 368 1280 688
13 0 1280 368 1280 320
13 0 1280 368 1280 320
13 2 1280 320 1280 368
13 2 1280 368 1280 688
13 0 640 400 640 688
13 0 640 688 1280 688
13 0 640 400 640 320
13 0 640 320 1280 320
13 0 1120 688 1280 688
13 2 1120 688 1280 688
13 2 640 688 1120 688
13 0 1440 352 1440 320
13 2 1440 320 1440 352
13 2 1440 352 1440 400
13 0 720 384 720 400
13 0 720 400 1440 400
13 0 720 384 720 320
13 0 720 320 1440 320
13 0 1392 320 1440 320
13 2 1392 320 1440 320
13 2 720 320 1392 320
13 2 720 400 1440 400
17 0 4
17 0 inv 816 400 1
13 0 736 400 768 400
13 0 720 400 736 400
13 2 720 400 768 400
17 0 4
17 0 inv 768 400 1
13 0 688 400 720 400
13 0 720 400 688 400
17 0 4
17 0 inv 768 400 1
13 2 688 400 720 400
13 2 720 320 720 400
17 0 4
17 0 inv 768 384 1
13 0 720 320 720 384
13 0 1600 272 1600 160
13 2 1600 160 1600 272
13 2 1600 272 1600 320
13 0 800 320 1600 320
13 0 800 320 800 160
13 0 800 160 1600 160
13 0 1440 160 1600 160
13 2 1440 160 1600 160
13 2 800 160 1440 160
13 0 1600 368 1600 320
13 2 1600 320 1600 368
13 2 1600 368 1600 672
13 0 1600 368 1600 672
13 0 1600 368 1600 320
13 0 1600 368 1600 320
13 2 1600 320 1600 368
13 2 1600 368 1600 672
13 0 800 416 800 672
13 0 800 672 1600 672
13 0 800 416 800 320
13 0 800 320 1600 320
13 0 1632 320 1760 320
13 2 1632 320 1760 320
13 2 800 320 1632 320
13 0 800 320 1632 320
13 0 1632 320 1760 320
13 0 1760 336 1760 320
13 2 1760 320 1760 336
13 2 1760 336 1760 400
13 0 880 400 1760 400
13 0 880 400 880 320
13 0 880 320 1760 320
13 0 1664 320 1760 320
13 2 1664 320 1760 320
13 2 880 320 1664 320
13 0 1136 672 1600 672
13 2 1136 672 1600 672
13 2 800 672 1136 672
13 2 880 400 1760 400
17 0 5
17 0 inv 976 400 1
13 0 896 400 928 400
13 0 880 400 896 400
13 2 880 400 928 400
17 0 5
17 0 inv 928 400 1
13 0 848 400 880 400
13 0 880 400 848 400
13 0 864 400 880 400
13 2 864 400 880 400
13 2 848 400 864 400
13 2 880 320 880 400
17 0 5
17 0 inv 928 384 1
13 0 880 320 880 384
13 0 1920 208 1920 160
13 2 1920 160 1920 208
13 2 1920 208 1920 320
13 0 976 240 976 320
13 0 976 320 1920 320
13 0 976 240 976 160
13 0 976 160 1920 160
13 0 1920 336 1920 320
13 2 1920 320 1920 336
13 2 1920 336 1920 672
13 0 976 352 976 672
13 0 976 672 1920 672
13 0 976 352 976 320
13 0 976 320 1920 320
13 0 1520 320 2080 320
13 2 1520 320 2080 320
13 2 976 320 1520 320
13 0 976 320 1520 320
13 0 1520 320 2080 320
13 0 2080 368 2080 320
13 2 2080 320 2080 368
13 2 2080 368 2080 400
13 0 1040 384 1040 400
13 0 1040 400 2080 400
13 0 1040 384 1040 320
13 0 1040 320 2080 320
13 0 1216 160 1920 160
13 2 1216 160 1920 160
13 2 976 160 1216 160
13 0 1040 352 1040 320
13 2 1040 320 1040 352
13 2 1040 352 1040 400
13 0 1056 352 1056 400
13 0 1056 400 1040 400
13 0 1056 352 1056 320
13 0 1056 320 1040 320
13 2 1040 400 1056 400
13 2 1056 400 2080 400
17 0 6
17 0 inv 1152 400 1
13 0 1072 400 1104 400
13 0 1056 400 1072 400
13 2 1056 400 1104 400
17 0 6
17 0 inv 1104 400 1
13 0 1024 400 1056 400
13 0 1056 400 1024 400
17 0 6
17 0 inv 1104 400 1
13 0 1040 400 1056 400
13 2 1040 400 1056 400
13 2 1024 400 1040 400
13 2 1056 320 1056 400
17 0 6
17 0 inv 1104 384 1
13 0 1056 320 1056 384
13 0 1168 672 1920 672
13 2 1168 672 1920 672
13 2 976 672 1168 672
13 0 1344 320 2080 320
13 2 1344 320 2080 320
13 2 1056 320 1344 320
17 0 and5 1328 2240 0
13 0 976 672 976 2288
13 0 976 2288 1328 2288
13 0 800 672 800 2320
13 0 800 2320 1328 2320
17 0 7
13 0 1232 2288 1328 2288
13 2 1232 2288 1328 2288
13 2 976 2288 1232 2288
13 0 976 2288 1232 2288
13 0 1232 2288 1328 2288
17 0 and5 1328 2240 0
13 2 800 2320 1328 2320
13 0 800 672 800 2320
13 2 800 672 800 2320
13 2 976 2288 1328 2288
13 0 976 672 976 2288
13 2 976 672 976 2288
17 0 7
17 0 and3 1328 816 0
17 0 and3 1328 1056 0
17 0 and2 1328 1424 0
17 0 and4 1328 1616 0
17 0 and3 1328 1984 0
17 0 or2 1648 944 0
17 0 or2 1648 1536 0
17 0 or2 1648 1904 0
17 0 and3 1968 1216 0
17 0 and3 1968 1792 0
17 0 and2 1968 1376 0
17 0 or3 2336 1504 0
13 0 560 480 560 864
13 0 560 864 1328 864
13 0 688 864 1328 864
13 2 688 864 1328 864
13 2 560 864 688 864
13 0 976 672 976 864
13 0 976 864 1328 864
13 0 880 480 880 896
13 0 880 896 1328 896
13 0 640 688 640 928
13 0 640 928 1328 928
13 0 800 672 800 1120
13 0 800 1056 800 320
13 2 800 320 800 1056
13 2 800 1056 800 1120
13 0 800 320 800 1104
13 0 800 1104 1328 1104
13 0 720 480 720 1136
13 0 720 1136 1328 1136
13 0 480 688 480 1168
13 0 480 1168 1328 1168
13 2 480 1168 1328 1168
13 0 480 688 480 1168
13 2 480 688 480 1168
13 0 560 864 560 1168
13 0 560 1168 1328 1168
13 0 976 864 976 1472
13 0 976 1472 1328 1472
13 0 880 896 880 1504
13 0 880 1504 1328 1504
13 0 800 1104 800 1664
13 0 800 1664 1328 1664
13 0 560 1168 560 1696
13 0 560 1696 1328 1696
13 0 320 672 320 1728
13 0 320 1728 1328 1728
13 0 160 672 160 1760
13 0 160 1760 1328 1760
13 0 1056 480 1056 1952
13 0 1056 1952 1648 1952
13 0 480 704 480 2032
13 0 480 2032 1328 2032
13 0 480 720 480 704
13 2 480 704 480 720
13 2 480 720 480 2032
13 0 480 688 480 2032
13 0 320 1728 320 2064
13 0 320 2064 1328 2064
13 0 160 1760 160 2096
13 0 160 2096 1328 2096
13 0 1472 2064 1552 2064
13 0 1552 2064 1552 1984
13 0 1552 1984 1648 1984
13 0 1472 1712 1568 1712
13 0 1568 1712 1568 1616
13 0 1568 1616 1648 1616
13 0 1472 1488 1568 1488
13 0 1568 1488 1568 1584
13 0 1568 1584 1648 1584
13 0 1472 1136 1584 1136
13 0 1584 1136 1584 1024
13 0 1584 1024 1648 1024
13 0 1472 896 1584 896
13 0 1584 896 1584 992
13 0 1584 992 1648 992
13 0 240 480 240 1264
13 0 240 912 240 480
13 2 240 480 240 912
13 2 240 912 240 1264
13 0 240 480 240 1328
13 0 240 1296 240 480
13 2 240 480 240 1296
13 2 240 1296 240 1328
13 0 1968 1296 240 1296
13 0 240 1296 240 480
13 0 1440 1296 1968 1296
13 2 1440 1296 1968 1296
13 2 240 1296 1440 1296
13 0 240 1152 240 480
13 2 240 480 240 1152
13 2 240 1152 240 1296
13 0 1968 1328 240 1328
13 0 240 1328 240 480
13 0 1968 1296 400 1296
13 0 400 1296 400 480
13 0 1968 1264 1872 1264
13 0 1872 1264 1872 1008
13 0 1872 1008 1792 1008
13 0 1792 1600 1904 1600
13 0 1904 1600 1904 1456
13 0 1904 1456 1984 1456
13 0 1904 1456 1968 1456
13 0 1968 1456 1984 1456
13 0 1936 1456 1968 1456
13 2 1936 1456 1968 1456
13 2 1904 1456 1936 1456
13 2 1968 1456 1984 1456
17 0 17
17 0 and2 2048 1376 0
13 0 2048 1456 2064 1456
13 2 2048 1456 2064 1456
17 0 17
17 0 and2 1968 1376 0
13 0 1968 1456 1984 1456
17 0 17
13 2 1968 1456 1984 1456
17 0 and2 1984 1376 0
13 0 1904 1456 1984 1456
13 0 720 1136 720 1424
13 0 720 1424 1984 1424
13 0 1792 1968 1904 1968
13 0 1904 1968 1968 1968
13 0 1904 1968 1968 1968
13 2 1904 1968 1968 1968
13 0 1904 1968 1904 1904
13 0 1904 1904 1968 1904
13 0 640 928 640 1888
13 2 640 928 640 1888
13 0 1968 1872 640 1872
13 0 640 1872 640 928
13 0 1968 1840 800 1840
13 0 800 1840 800 1664
13 0 2336 1616 2208 1616
13 0 2208 1616 2208 1872
13 0 2208 1872 2112 1872
13 0 2336 1584 2208 1584
13 0 2208 1584 2208 1440
13 0 2208 1440 2128 1440
13 0 2336 1552 2256 1552
13 0 2256 1552 2256 1296
13 0 2256 1296 2112 1296
13 0 2480 1584 2720 1584
13 5 160 160 x1
13 5 240 288 x1
13 5 320 160 x2
13 5 480 160 x3
13 5 640 160 x4
13 5 800 160 x5
13 5 976 160 x6
13 5 2720 1584 f
13 7 240 288
13 8 160 144 1
13 8 160 144 1
13 8 160 160 1
13 8 320 160 1
13 8 480 160 1
13 8 640 160 1
13 8 800 160 1
13 8 976 160 1
13 8 2720 1584 2
