10 1 1
10 1 1
10 1 1
17 0 and3 992 480 0
17 0 and3 992 624 0
17 0 and3 992 784 0
17 0 and3 992 944 0
17 0 and3 992 1104 0
17 0 and3 992 1264 0
17 0 and3 992 1440 0
17 0 or4 1568 672 0
17 0 or2 1568 1088 0
17 0 or3 1568 1360 0
17 0 9
17 0 or4 1824 624 0
17 0 10
17 0 or2 1824 1056 0
17 0 11
17 0 or3 1824 1344 0
13 0 2896 976 2464 976
13 0 2464 976 2464 736
13 0 2464 736 2464 720
13 0 2464 720 1968 720
13 0 2896 1008 2464 1008
13 0 2464 1008 2464 1120
13 0 2464 1120 1968 1120
13 0 1968 1424 2640 1424
13 0 2640 1424 2640 1072
13 0 2640 1072 2896 1072
17 0 inv 496 656 0
17 0 inv 496 848 0
17 0 inv 496 1056 0
17 0 inv 496 1296 0
13 0 992 528 720 528
13 0 720 528 720 896
13 0 720 896 592 896
13 0 992 560 768 560
13 0 768 560 768 1104
13 0 768 1104 592 1104
13 0 992 592 448 592
13 0 448 592 448 1344
13 0 992 704 592 704
13 0 992 672 720 672
13 0 992 736 624 736
13 0 624 736 624 784
13 0 624 784 416 784
13 0 416 784 416 1104
13 0 992 832 368 832
13 0 368 832 368 896
13 0 992 864 768 864
13 0 992 896 800 896
13 0 800 896 800 592
13 0 992 992 368 992
13 0 368 992 368 896
13 0 992 1024 416 1024
13 0 1008 1056 800 1056
13 0 800 1056 992 1056
13 0 992 1056 1008 1056
13 0 800 1056 800 1152
13 0 800 1152 608 1152
13 2 608 1152 800 1152
13 0 800 1152 800 1344
13 0 800 1344 592 1344
13 0 1008 1056 992 1056
13 2 992 1056 1008 1056
13 2 800 1056 992 1056
13 0 992 1056 800 1056
13 0 992 1152 832 1152
13 0 832 1152 832 704
13 0 992 1184 720 1184
13 0 720 1184 720 896
13 0 992 1216 448 1216
13 0 832 1152 832 1312
13 0 832 1312 992 1312
13 0 656 1024 656 1328
13 0 656 1328 832 1328
13 0 832 1328 832 1344
13 0 832 1344 992 1344
13 0 992 1376 800 1376
13 0 800 1376 800 1344
13 2 800 1344 800 1376
13 2 800 1376 992 1376
13 2 832 1344 992 1344
13 2 832 1328 832 1344
13 2 656 1328 832 1328
13 0 800 1344 992 1344
13 0 992 1376 656 1376
13 0 656 1376 656 1328
13 0 336 704 336 1488
13 0 336 1488 992 1488
13 0 992 1520 368 1520
13 0 368 1520 368 992
13 0 992 1552 656 1552
13 0 656 1552 656 1376
13 0 1824 672 1536 672
13 0 1536 672 1536 560
13 0 1536 560 1136 560
13 0 1824 704 1136 704
13 0 1840 736 1824 736
13 0 1824 736 1536 736
13 0 1536 736 1536 848
13 0 1536 848 1536 864
13 0 1536 864 1136 864
13 0 1744 736 1824 736
13 2 1744 736 1824 736
13 2 1536 736 1744 736
13 0 1824 736 1536 736
13 2 1536 736 1824 736
13 0 1536 736 1744 736
13 0 1744 736 1824 736
13 2 1136 864 1536 864
13 0 1536 848 1536 864
13 2 1536 848 1536 864
13 2 1536 736 1536 848
13 2 1536 736 1824 736
13 2 1824 736 1840 736
13 0 1824 736 1536 736
13 0 1536 736 1536 864
13 0 1536 864 1136 864
13 0 1136 1024 1568 1024
13 0 1568 1024 1568 768
13 0 1568 768 1824 768
13 0 1616 672 1616 1104
13 0 1616 1104 1824 1104
13 0 1824 1136 1568 1136
13 0 1568 1136 1568 1024
13 0 1824 1392 1600 1392
13 0 1600 1392 1600 1184
13 0 1600 1184 1136 1184
13 0 1824 1424 1520 1424
13 0 1520 1424 1520 1344
13 0 1520 1344 1136 1344
13 0 1824 1456 1520 1456
13 0 1520 1456 1520 1520
13 0 1520 1520 1136 1520
13 5 240 256 x1
13 5 240 336 x2
13 5 240 704 x3
13 5 240 896 x4
13 5 240 1104 x5
13 5 240 1344 x6
13 5 3280 1024 f
13 8 240 256 1
13 8 240 336 1
13 8 240 704 1
13 8 240 896 1
13 8 240 1104 1
13 8 240 1344 1
13 8 3280 1024 2
17 0 vlo 2896 1040 0
17 0 vlo 2896 1040 0
17 0 vlo 2896 1040 0
17 0 vlo 2896 1040 0
17 0 vlo 2896 1040 0
17 0 vlo 2896 1040 0
17 0 vlo 2944 1040 0
17 0 vlo 2896 1040 0
17 0 16
17 0 vlo 2896 1040 0
17 0 vlo 2896 1040 0
17 0 vlo 2896 1008 0
17 0 vlo 2896 1008 0
17 0 vlo 2864 1040 0
17 0 vlo 2896 1040 0
17 0 vlo 2880 1040 0
17 0 vlo 2896 1040 0
17 0 vlo 2896 1040 0
17 0 17
17 0 16
17 0 vlo 2736 1040 0
13 0 2736 1040 2896 1040
