10 1 1
10 1 1
10 1 1
17 0 inv 624 240 0
17 0 inv 624 528 0
17 0 inv 624 784 0
17 0 inv 624 1056 0
17 0 inv 624 1296 0
17 0 inv 624 1520 0
17 0 nd3 1088 352 0
17 0 nd3 1088 512 0
17 0 nd3 1088 784 0
17 0 nd3 1088 912 0
17 0 nd3 1088 1056 0
17 0 nd3 1088 1456 0
17 0 nd3 1088 1328 0
17 0 11
17 0 nd3 1088 1184 0
17 0 10
17 0 nd3 1088 960 0
17 0 9
17 0 nd3 1088 832 0
17 0 nd3 1472 416 0
17 0 nd3 1472 880 0
17 0 nd4 1456 1280 0
17 0 14
17 0 15
17 0 16
17 0 nd2 1424 448 0
17 0 nd2 1424 896 0
17 0 nd3 1424 1312 0
17 0 nd2 1776 384 0
17 0 nd3 1792 848 0
17 0 nd3 1792 1312 0
17 0 nd3 2256 864 0
13 0 2400 944 2656 944
13 0 2256 912 2144 912
13 0 2144 912 2144 448
13 0 2144 448 1920 448
13 0 2256 944 2016 944
13 0 2016 944 2016 928
13 0 2016 928 1936 928
13 0 2256 976 2144 976
13 0 2144 976 2144 1392
13 0 2144 1392 1936 1392
13 0 1776 464 1664 464
13 0 1664 464 1664 512
13 0 1664 512 1568 512
13 0 1792 960 1568 960
13 0 1792 1392 1584 1392
13 2 1584 1392 1792 1392
13 0 1792 1392 1568 1392
13 0 624 288 368 288
13 0 720 288 1648 288
13 0 1648 288 1648 432
13 0 1648 432 1776 432
13 0 1648 432 1648 896
13 0 1648 896 1792 896
13 0 720 576 832 576
13 0 832 576 832 736
13 0 832 736 1712 736
13 0 1712 736 1712 928
13 0 1712 928 1792 928
13 0 624 576 368 576
13 0 1792 1360 800 1360
13 0 800 1360 1424 1360
13 0 1424 1360 1792 1360
13 0 800 1360 800 1232
13 0 800 1232 528 1232
13 0 528 1232 528 288
13 0 1792 1424 1648 1424
13 0 1648 1424 1648 1200
13 0 1648 1200 496 1200
13 0 496 1200 496 576
13 0 720 1104 864 1104
13 0 864 1104 864 400
13 0 864 400 1088 400
13 0 720 1344 896 1344
13 0 896 1344 896 432
13 0 896 432 1088 432
13 0 624 1568 384 1568
13 0 1088 464 576 464
13 0 576 464 576 1568
13 0 624 1104 368 1104
13 0 624 1344 368 1344
13 0 1088 1008 464 1008
13 0 464 1008 464 1104
13 0 1088 560 944 560
13 0 944 560 944 1008
13 0 464 1344 464 1408
13 0 464 1408 1088 1408
13 0 1088 592 976 592
13 0 976 592 976 1408
13 0 720 1568 832 1568
13 0 784 1568 832 1568
13 0 816 1568 832 1568
13 2 816 1568 832 1568
13 2 720 1568 816 1568
13 0 1088 624 784 624
13 0 784 624 784 1568
13 0 784 1568 720 1568
13 0 720 832 1024 832
13 0 1024 832 1024 880
13 0 1024 880 1088 880
13 0 1088 912 864 912
13 0 624 832 368 832
13 0 1088 944 976 944
13 0 1088 1040 896 1040
13 0 384 1568 352 1568
13 0 1088 1072 416 1072
13 0 416 1072 416 1568
13 0 368 1104 320 1104
13 0 368 1344 320 1344
13 0 352 1568 320 1568
13 0 368 832 320 832
13 0 368 576 320 576
13 0 368 288 320 288
13 0 1024 880 1024 1232
13 0 1024 1232 1088 1232
13 0 864 1104 864 1264
13 0 864 1264 1088 1264
13 0 1088 1296 976 1296
13 0 1024 1232 1024 1376
13 0 1024 1376 1088 1376
13 0 1088 1440 784 1440
13 0 384 832 384 1488
13 2 384 832 384 1488
13 0 1088 1504 384 1504
13 0 384 1504 384 832
13 2 384 832 384 1504
13 0 384 1504 384 832
13 0 384 832 400 832
13 0 944 1008 944 1536
13 0 944 1536 1088 1536
13 0 976 1408 976 1568
13 0 976 1568 1088 1568
13 0 1424 496 1328 496
13 0 1328 496 1328 432
13 0 1328 432 1232 432
13 0 1424 528 1328 528
13 0 1328 528 1328 592
13 0 1328 592 1232 592
13 0 1424 944 1328 944
13 0 1328 944 1328 912
13 0 1328 912 1232 912
13 0 1424 976 1328 976
13 0 1328 976 1328 1040
13 0 1328 1040 1232 1040
13 2 800 1360 1424 1360
13 2 1424 1360 1792 1360
13 2 1568 1392 1792 1392
17 0 14
17 0 nd3 1424 1344 0
13 0 1424 1392 1424 1360
13 0 800 1360 1424 1360
13 0 1424 1392 1568 1392
13 0 1568 1392 1568 1360
13 0 1568 1360 1792 1360
13 0 1584 1424 1568 1424
13 0 1584 1424 1584 1392
13 0 1584 1392 1792 1392
13 0 1536 1392 1568 1392
13 2 1536 1392 1568 1392
13 2 1424 1392 1536 1392
13 2 1568 1360 1568 1392
13 0 1424 1376 1424 1360
13 2 1424 1360 1424 1376
13 2 1424 1376 1424 1392
13 0 1424 1360 1568 1360
13 0 1424 1392 1328 1392
13 0 1328 1392 1328 1264
13 0 1328 1264 1232 1264
13 0 1232 1408 1328 1408
13 0 1312 1408 1328 1408
13 2 1312 1408 1328 1408
13 2 1232 1408 1312 1408
13 0 1424 1424 1296 1424
13 0 1296 1424 1296 1408
13 0 1296 1408 1232 1408
13 0 1424 1456 1328 1456
13 0 1328 1456 1328 1536
13 0 1328 1536 1232 1536
13 5 320 288 x1
13 5 320 576 x2
13 5 320 832 x3
13 5 320 1104 x4
13 5 320 1408 x5
13 5 320 1408 x5
13 5 320 1344 x5
13 5 320 1568 x6
13 5 2656 944 f
13 8 320 288 1
13 8 320 576 1
13 8 320 832 1
13 8 320 1104 1
13 8 320 1344 1
13 8 320 1408 1
13 8 320 1568 1
13 8 304 1408 1
13 7 320 1408
13 8 320 1408 0
13 8 2672 944 2
13 8 2656 944 2
