10 1 1
10 1 1
10 1 1
13 0 1616 1056 1664 1056
13 2 1616 1056 1664 1056
13 2 1504 1056 1616 1056
13 0 1488 1056 1504 1056
13 2 1488 1056 1504 1056
13 2 1424 1056 1488 1056
13 7 1504 1056
17 0 13
17 0 inv 1408 1008 0
13 0 1664 1056 1504 1056
13 0 1408 1056 1408 752
13 0 1408 880 1408 752
13 2 1408 752 1408 880
13 2 1408 880 1408 1056
13 0 1392 880 1392 1056
13 0 1392 1056 1408 1056
13 0 1392 880 1392 752
13 0 1392 752 1408 752
13 5 1552 1024 M_R
13 0 1568 1056 1664 1056
13 2 1568 1056 1664 1056
13 2 1504 1056 1568 1056
13 2 1392 1056 1408 1056
17 0 13
17 0 inv 1408 1008 0
13 0 1392 1056 1408 1056
17 0 13
13 0 1392 1024 1392 752
13 2 1392 752 1392 1024
13 2 1392 1024 1392 1056
13 0 1664 1056 1600 1056
13 0 1600 1056 1600 912
13 0 1600 912 1872 912
13 0 1872 912 1872 768
13 2 1392 1056 1408 1056
13 0 2208 1040 2304 1040
13 2 2208 1040 2304 1040
13 2 2176 1040 2208 1040
13 0 2304 1040 2304 928
13 0 2304 928 2560 928
13 0 2560 928 2560 784
13 0 2560 784 2560 768
13 5 1504 624 C
13 5 1504 624 C
13 5 1472 624 C
13 5 1488 624 C
13 5 1472 624 C
13 5 1472 624 C
13 5 1472 624 C
13 5 1472 624 C
13 5 1472 624 C
13 5 1456 752 C
13 5 1456 752 C
13 5 1440 752 C
13 5 1440 752 C
13 5 1440 656 C
13 5 1440 624 C
13 5 1424 624 C
13 5 1456 624 C
13 5 1456 624 C
13 5 1456 624 C
13 5 1456 624 C
13 5 1456 624 C
13 5 1456 624 C
13 5 1456 624 C
13 5 1456 624 C
13 5 1456 624 C
13 5 1456 624 C
13 5 1456 624 C
13 5 1616 752 C
13 5 1584 784 C
13 5 1552 784 C
13 5 1552 784 C
13 5 1536 784 C
13 5 1536 784 C
13 5 1536 784 C
13 5 1520 784 C
13 5 1456 624 C
13 5 1456 624 C
13 5 1456 624 C
13 5 1456 624 C
13 5 1456 624 C
13 5 1456 624 C
13 5 1456 624 C
13 5 1456 624 C
13 5 1440 624 C
13 5 1440 624 C
13 5 1440 624 C
13 5 1440 624 C
13 5 1440 624 C
13 5 1440 624 C
13 5 1440 624 C
13 5 1440 624 C
13 5 1440 624 C
13 5 1440 624 C
13 5 1440 624 C
13 5 1440 624 C
13 5 1440 624 C
13 5 1440 624 C
13 5 1440 624 C1
13 7 1440 656
13 5 1472 624 C
13 5 1504 624 C
13 5 1472 624 C
13 5 1872 896 C
13 2 1872 768 1872 896
13 2 1872 896 1872 912
13 0 1872 896 1872 912
13 0 1872 896 1872 768
13 2 1872 768 1872 896
13 2 1872 896 1872 912
13 7 1872 896
13 0 1872 912 1872 768
13 5 1472 624 C
13 5 1472 624 C
13 5 1472 624 C
13 5 1472 624 C
13 5 1472 624 C
13 5 1472 624 C
13 5 1472 624 C
13 5 1472 624 C
13 5 1472 624 C
13 5 1472 624 C
13 5 1472 624 C
13 5 1472 624 C
13 5 1536 624 C
13 5 1536 624 C
13 5 1456 624 C
13 5 1520 784 C
13 5 1504 816 C
13 5 1504 832 C
13 5 1456 624 C
13 5 1456 624 C
13 5 1456 624 C
13 5 1456 624 C
13 5 1456 624 C
13 5 1456 624 C
13 5 1456 624 C
13 5 1456 624 C
13 5 1456 624 C
13 5 1456 624 C
13 5 1456 608 C
13 5 1472 624 C
13 7 1456 608
13 5 1456 608 C
13 8 1456 608 0
13 8 1456 608 0
13 7 1456 608
13 5 1472 624 C
13 5 1456 608 C
13 8 1456 608 0
13 7 1456 608
13 5 1488 624 C
13 5 1456 608 C
13 8 1456 608 0
13 7 1456 608
13 5 1504 624 C
13 5 1456 608 C
13 8 1456 608 0
13 7 1456 608
13 5 1504 672 C
13 5 1456 608 C
13 8 1456 608 0
13 7 1456 608
13 5 1536 784 M_L
13 5 1536 784 M_L
13 5 1536 784 M_L
13 5 1536 784 M_L
13 5 1136 736 M_L
13 2 1136 736 1216 736
13 2 992 736 1136 736
13 7 1136 736
13 0 992 736 1216 736
13 5 1568 624 C
13 5 2192 624 C
13 7 2192 624
