10 1 1
10 1 1
10 1 1
13 0 2112 1040 2256 1040
13 2 2112 1040 2256 1040
13 2 1968 1040 2112 1040
13 0 2112 1040 1968 1040
13 0 2112 1040 2256 1040
13 2 1616 1152 1648 1152
13 2 1584 1152 1616 1152
13 7 1616 1152
13 0 1584 1152 1648 1152
13 0 1568 784 1648 784
13 2 1568 784 1648 784
13 2 1536 784 1568 784
13 0 1520 784 1536 784
13 2 1520 784 1536 784
13 2 1392 784 1520 784
13 7 1536 784
13 0 1648 784 1392 784
13 5 1552 784 M_D
13 0 2384 816 2448 816
13 2 2384 816 2448 816
13 2 2368 816 2384 816
13 0 2352 816 2368 816
13 2 2352 816 2368 816
13 2 2240 816 2352 816
13 7 2368 816
13 0 2448 816 2240 816
13 5 2352 816 S_D
