10 1 1
10 1 1
10 1 1
13 0 3232 784 2832 784
13 0 3232 1056 2832 1056
17 0 nd2 2688 720 0
17 0 nd3 2688 976 0
17 0 nd2 2352 704 0
17 0 nd2 2352 992 0
17 0 nd2 2000 720 0
17 0 nd2 2000 976 0
17 0 6
17 0 nd3 2016 960 0
17 0 nd2 1664 704 0
17 0 nd2 1664 976 0
17 0 or2 1216 688 0
17 0 xor2 848 672 0
13 0 2688 768 2496 768
13 0 2928 784 2928 880
13 0 2928 880 2640 880
13 0 2640 880 2640 1024
13 0 2640 1024 2688 1024
13 0 2688 800 2640 800
13 0 2640 800 2640 864
13 0 2640 864 2896 864
13 0 2896 864 2896 1056
13 0 2720 880 2928 880
13 2 2720 880 2928 880
13 2 2640 880 2720 880
13 0 2720 944 2640 944
13 0 2640 944 2640 880
13 0 2720 944 2928 944
13 0 2928 944 2928 880
13 0 2640 896 2640 880
13 2 2640 880 2640 896
13 2 2640 896 2640 944
13 0 2688 1056 2496 1056
13 0 2352 1040 2160 1040
13 0 2352 784 2144 784
13 0 2352 1072 2256 1072
13 0 2256 1072 2256 624
13 0 2352 752 2256 752
13 0 2256 624 496 624
13 0 1600 624 2256 624
13 2 1600 624 2256 624
13 2 496 624 1600 624
17 0 inv 2032 576 0
17 0 inv 848 576 0
13 0 2256 624 2128 624
13 0 2032 624 944 624
13 0 2000 768 1808 768
13 0 2016 1040 1808 1040
13 0 2192 784 2192 864
13 0 2192 864 1968 864
13 0 1968 864 1968 1008
13 0 1968 1008 2016 1008
13 0 2000 800 1968 800
13 0 1968 800 1968 848
13 0 1968 848 2176 848
13 0 2176 848 2176 1040
13 0 2032 864 2192 864
13 2 2032 864 2192 864
13 2 1968 864 2032 864
13 0 2048 928 1968 928
13 0 1968 928 1968 864
13 0 2048 928 2192 928
13 0 2192 928 2192 864
13 0 1968 896 1968 864
13 2 1968 864 1968 896
13 2 1968 896 1968 928
13 0 2192 880 2192 784
13 2 2192 784 2192 880
13 2 2192 880 2192 928
13 0 2208 880 2208 928
13 0 2208 928 2192 928
13 0 2208 880 2208 784
13 0 2208 784 2192 784
13 0 2688 1088 2576 1088
13 0 2576 1088 2576 1248
13 0 2576 1248 432 1248
13 0 2016 1072 1904 1072
13 0 1904 1072 1904 1248
13 0 1664 1024 1504 1024
13 0 1504 1024 1504 624
13 0 1664 784 1504 784
13 0 1664 752 1360 752
13 0 1216 736 992 736
13 0 848 624 432 624
13 0 832 720 432 720
13 0 1216 768 1056 768
13 0 1056 768 1056 848
13 0 1056 848 432 848
13 0 832 752 688 752
13 0 688 752 688 960
13 0 688 960 432 960
13 0 1664 1056 1424 1056
17 0 vlo 1424 1056 0
13 5 432 624 x1
13 5 432 720 x2
13 5 416 848 x3
13 7 416 848
13 5 432 848 x3
13 5 432 960 x4
13 5 432 1248 reset
13 5 1536 752 M_S
13 5 1504 1056 M_R
13 5 2272 784 S_S
13 7 2272 784
13 5 2288 784 S_S
13 5 2288 1072 S_R
13 2 2288 1072 2352 1072
13 2 2256 1072 2288 1072
13 7 2288 1072
13 0 2352 1072 2256 1072
13 5 2304 1040 S_R
13 5 3232 784 Q
13 5 3232 1056 nQ
13 8 432 624 1
13 8 432 720 1
13 8 432 848 1
13 8 432 960 1
13 8 432 1248 1
13 8 3232 784 2
13 8 3232 1056 2
