10 1 1
10 1 1
10 1 1
13 0 3056 960 2656 960
13 0 3056 1312 2672 1312
13 0 2672 1312 2656 1312
17 0 nd2 2400 816 0
17 0 nd3 2384 1280 0
17 0 1
17 0 nd2 2512 896 0
17 0 2
17 0 nd3 2512 1232 0
17 0 nd2 2016 880 0
17 0 nd2 2016 1248 0
17 0 inv 1744 1088 0
17 0 or2 1328 944 0
17 0 xor2 992 1024 0
13 0 2512 1312 2160 1312
13 0 2512 944 2160 944
13 0 2512 976 2416 976
13 0 2416 976 2416 1072
13 0 2416 1072 2720 1072
13 0 2720 1072 2720 1312
13 0 2784 960 2784 1152
13 0 2784 1152 2416 1152
13 0 2416 1152 2416 1280
13 0 2416 1280 2512 1280
17 0 6
17 0 or2 1328 864 0
13 0 2016 928 1472 928
13 0 2016 960 1920 960
13 0 1920 960 1920 1136
13 0 1920 1136 1840 1136
13 0 1920 1136 1920 1296
13 0 1920 1296 2016 1296
13 0 1136 1088 1216 1088
13 0 1216 1088 1216 944
13 0 1216 944 1328 944
13 0 1216 1056 1216 944
13 2 1216 944 1216 1056
13 2 1216 1056 1216 1088
13 0 1264 944 1328 944
13 2 1264 944 1328 944
13 2 1216 944 1264 944
13 0 1168 1088 1216 1088
13 2 1168 1088 1216 1088
13 2 1136 1088 1168 1088
17 0 7
17 0 xor2 976 848 0
13 0 1328 912 1120 912
13 0 1328 944 1312 944
13 0 1312 944 1200 944
13 0 1200 944 1072 944
13 0 1200 944 1072 944
13 2 1072 944 1200 944
13 0 1200 944 1200 1072
13 0 1200 1072 480 1072
13 0 960 896 480 896
13 0 960 928 752 928
13 0 752 928 752 1248
13 0 752 1248 480 1248
13 0 1744 1136 1744 784
13 0 1744 784 480 784
13 0 2016 1328 1888 1328
17 0 vlo 1888 1328 0
13 0 2512 1344 2336 1344
13 0 2336 1344 2336 1456
13 0 2336 1456 480 1456
13 5 480 784 x1
13 5 480 896 x2
13 5 480 1072 x3
13 5 480 1248 x4
13 5 480 1456 reset
13 5 3056 960 Q
13 5 3072 1312 nQ
13 7 3072 1312
13 5 3056 1312 nQ
13 5 1872 1120 C
13 7 1872 1120
13 5 1888 1136 C
13 5 1888 928 S
13 5 1904 1328 R
13 8 480 784 1
13 8 480 896 1
13 8 480 1072 1
13 8 480 1248 1
13 8 480 1456 1
13 8 3056 960 2
13 8 3056 1312 2
