10 1 1
10 1 1
10 1 1
13 5 1872 1136 C
13 5 1888 1136 C
13 5 1888 1136 C
13 5 1888 1136 C
13 5 1888 1136 C
13 5 1888 1136 C
13 5 1888 1136 C
13 5 1888 1136 C
13 5 1872 1136 C
13 5 1856 1136 C
13 5 1824 1136 C
13 5 1808 1136 C
13 5 1792 1136 C
13 5 1760 1136 C
13 5 1712 1136 C
13 5 1696 1136 C
13 5 1648 1152 C
13 5 1600 1136 C
13 5 1600 1136 C
13 5 1584 1136 C
13 5 1584 1136 C
13 5 1568 1104 C
13 5 1568 1104 C
13 5 1568 1104 C
13 5 1568 1104 C
13 5 1920 1136 C
13 5 1920 1136 C
13 5 1920 1136 C
13 5 1920 1136 C
13 5 1920 1136 C
13 5 1920 1136 C
13 5 1920 1136 C
13 5 1920 1136 C
13 5 1920 1136 C
13 5 1920 1120 C
13 5 1920 1120 C
13 5 1920 1104 C
13 5 1920 1104 C
13 5 1920 1104 C
13 5 1920 1088 C
13 5 1920 1088 C
13 5 1920 1072 C
13 5 1920 1072 C
13 5 1920 1056 C
13 5 1920 1040 C
13 5 1920 1024 C
13 5 1920 1024 C
13 7 1648 1152
13 5 1824 1136 C
13 5 1824 1136 C
13 5 1824 1136 C
13 5 1824 1136 C
13 5 1824 1136 C
13 5 1872 1136 C
13 5 1888 1136 C
13 5 1920 1136 C
13 5 1888 1136 C
13 5 1888 1136 C
13 5 1888 1136 C
13 5 1888 1136 C
13 5 1888 1136 C
13 5 1888 1136 C
13 5 1888 1136 C
13 5 1888 1136 C
13 5 1888 1136 C
13 5 1888 1136 C
13 5 1888 1136 C
13 5 1888 1136 C
13 5 1888 1136 C
13 5 1888 1136 C
13 5 1888 1136 C
13 5 1888 1136 C
13 5 1872 1136 C
13 5 1856 1136 C
13 5 1840 1136 C
13 5 1840 1136 C
13 5 1824 1136 C
13 5 1808 1136 C
13 5 1808 1136 C
13 5 1792 1136 C
13 5 1776 1136 C
13 5 1760 1136 C
13 5 1760 1136 C
13 5 1744 1136 C
13 5 1728 1136 C
13 5 1712 1136 C
13 5 1712 1136 C
13 5 1712 1136 C
13 5 1696 1136 C
13 5 1696 1136 C
13 5 1680 1136 C
13 5 1680 1136 C
13 5 1680 1136 C
13 5 1664 1136 C
13 5 1648 1136 C
13 5 1616 1136 C
13 5 1616 1136 C
13 5 1584 1136 C
13 5 1584 1136 C
13 5 1584 1136 C
13 5 1568 1136 C
13 5 1568 1136 C
13 5 1568 1136 C
13 5 1568 1120 C
13 5 1568 1104 C
13 5 1568 1104 C
13 5 1568 1104 C
13 5 1568 1104 C
13 0 1616 1136 1920 1136
13 2 1616 1136 1920 1136
13 2 1568 1136 1616 1136
17 0 inv 1696 1088 0
13 0 1792 1136 1920 1136
13 0 1696 1136 1568 1136
13 5 1856 1136 C
13 2 1856 1136 1920 1136
13 2 1792 1136 1856 1136
13 7 1856 1136
17 0 5
13 0 1648 1136 1696 1136
13 2 1648 1136 1696 1136
13 2 1568 1136 1648 1136
13 0 1568 1136 1920 1136
