10 1 1
10 1 1
10 1 1
17 0 nd2 2704 912 0
17 0 nd3 2704 1168 0
13 0 2688 960 2704 960
13 0 2848 976 2944 976
13 0 2944 976 3248 976
13 0 2688 992 2704 992
13 0 2688 1056 2912 1056
13 0 2688 1136 2944 1136
13 0 2688 1216 2704 1216
13 0 2688 1248 2704 1248
13 0 2848 1248 2912 1248
13 0 2912 1248 3248 1248
13 0 2688 1280 2704 1280
13 0 2912 1056 2912 1248
13 0 2944 976 2944 1136
13 5 3248 976 Q
13 5 3248 1248 nQ
13 8 3248 976 2
13 8 3248 1248 2
13 2 2944 976 2944 1136
13 2 2912 1056 2912 1248
13 2 2688 1280 2704 1280
13 0 2912 1248 3248 1248
13 2 2912 1248 3248 1248
13 2 2848 1248 2912 1248
13 2 2688 1248 2704 1248
13 2 2688 1216 2704 1216
13 2 2688 1136 2944 1136
13 2 2688 1056 2912 1056
13 2 2688 992 2704 992
13 0 2944 976 3248 976
13 2 2944 976 3248 976
13 2 2848 976 2944 976
13 2 2688 960 2704 960
13 7 3248 1248
13 8 3248 1248 0
13 7 3248 976
13 8 3248 976 0
13 8 3248 1248 2
13 8 3248 976 2
17 0 2
17 0 1
17 0 nd3 2800 832 0
17 0 nd3 2800 1104 0
17 0 nd2 2784 752 0
17 0 nd2 2448 1120 0
17 0 nd2 2448 736 0
17 0 nd2 2032 752 0
17 0 nd2 2032 1104 0
17 0 7
17 0 1
17 0 nd3 2048 1088 0
17 0 nd2 1616 736 0
17 0 nd2 1616 1104 0
17 0 or2 1184 720 0
17 0 xor2 816 704 0
17 0 9
17 0 or2 1248 720 0
17 0 10
17 0 xor2 896 704 0
17 0 7
17 0 nd2 1648 736 0
17 0 8
17 0 nd2 1664 1104 0
17 0 8
17 0 nd2 1648 1104 0
13 0 2928 816 3200 816
13 0 2944 1184 3200 1184
13 0 2784 800 2592 800
13 0 2800 1184 2592 1184
13 0 2800 1152 2720 1152
13 0 2720 1152 2720 1056
13 0 2720 1056 2992 1056
13 0 2992 1056 2992 816
13 0 2784 832 2720 832
13 0 2720 832 2720 976
13 0 2720 976 2960 976
13 0 2960 976 2960 1184
13 0 2992 944 2992 816
13 2 2992 816 2992 944
13 2 2992 944 2992 1056
13 0 3008 944 3008 1056
13 0 3008 1056 2992 1056
13 0 3008 944 3008 816
13 0 3008 816 2992 816
13 0 2960 992 2960 976
13 2 2960 976 2960 992
13 2 2960 992 2960 1184
13 0 2976 992 2976 1184
13 0 2976 1184 2960 1184
13 0 2976 992 2976 976
13 0 2976 976 2960 976
13 0 2448 1168 2368 1168
13 0 2368 1168 2368 1024
13 0 2368 1024 2656 1024
13 0 2656 1024 2656 800
13 0 2448 1200 2320 1200
13 0 2320 1200 2320 688
13 0 2448 784 2320 784
13 0 2448 816 2176 816
13 0 2192 1168 2256 1168
13 0 2256 1168 2256 1040
13 0 2256 1040 1984 1040
13 0 1984 1040 1984 832
13 0 1984 832 2032 832
13 0 2048 1136 2000 1136
13 0 2000 1136 2000 928
13 0 2000 928 2240 928
13 0 2240 928 2240 816
13 0 1984 944 1984 832
13 2 1984 832 1984 944
13 2 1984 944 1984 1040
13 0 1968 944 1968 1040
13 0 1968 1040 1984 1040
13 0 1968 944 1968 832
13 0 1968 832 1984 832
13 0 2048 1168 1792 1168
17 0 inv 2064 640 0
13 0 2320 688 2176 688
13 2 2176 688 2320 688
13 0 2320 688 2160 688
13 0 2032 800 1792 800
13 0 1392 784 1648 784
13 0 2064 688 560 688
13 0 1648 1184 1504 1184
13 0 1504 1184 1504 688
13 0 1648 816 1504 816
13 0 1648 1152 1584 1152
13 0 1584 1152 1584 1024
13 0 1584 1024 1840 1024
13 0 1840 1024 1840 800
13 0 1248 768 1040 768
13 0 880 752 560 752
13 0 880 784 736 784
13 0 736 784 736 1024
13 0 736 1024 560 1024
13 0 1248 800 1120 800
13 0 1120 800 1120 912
13 0 1120 912 560 912
13 5 560 688 x1
13 5 560 752 x2
13 5 560 912 x3
13 5 560 1024 x4
13 5 3200 816 Q
13 5 3200 1184 nQ
13 5 1472 688 C
13 5 1472 688 C
13 5 1536 816 M_S
13 5 1536 816 M_S
13 5 1552 816 M_S
13 5 1568 816 M_S
13 5 1568 816 M_S
13 5 1552 816 M_S
13 5 1536 816 M_S
13 5 1536 816 M_S
13 5 1536 816 M_S
13 5 1520 816 M_S
13 5 1552 816 M_S
13 5 1568 816 M_S
13 5 1584 816 M_S
13 5 1600 816 M_S
13 5 1568 816 M_S
13 5 1536 816 M_S
13 5 1536 816 M_S
13 5 1536 816 M_S
13 5 1520 816 M_S
13 5 1536 800 M_S
13 7 1536 800
13 5 2352 784 S_S
13 5 2352 1200 S_R
13 5 2352 1200 S_R
13 5 2352 1200 S_R
13 5 2368 1200 S_R
13 5 2384 1200 S_R
13 5 2400 1200 S_R
13 5 2400 1200 S_R
13 5 2400 1200 S_R
13 5 2352 1200 S_R
13 5 2352 1200 S_R
13 5 2336 1200 S_R
13 5 2336 1200 S_R
13 5 2320 1168 S_R
13 5 2352 1200 S_R
13 5 2352 1200 S_R
13 5 2352 1200 S_R
13 5 2352 1200 S_R
13 5 2352 1200 S_R
13 5 2352 1200 S_R
13 5 2352 1200 S_R
13 5 2352 1200 S_R
13 5 2352 1200 S_R
13 5 2352 1200 S_R
13 5 2352 1200 S_R
13 5 2352 1200 S_R
13 5 2352 1200 S_R
13 5 2352 1200 S_R
13 5 2352 1200 S_R
13 5 2352 1200 S_R
13 5 2352 1200 S_R
13 5 2352 1200 S_R
13 5 2352 1200 S_R
13 5 2352 1200 S_R
13 5 2352 1200 S_R
13 2 2352 784 2448 784
13 2 2320 784 2352 784
13 7 2352 784
13 0 2448 784 2320 784
13 5 2352 816 M_S
13 7 2352 816
13 5 2336 816 S_S
13 7 2336 816
13 5 2368 816 S_S
13 5 2384 1168 S_R
13 7 2384 1168
13 5 2400 1168 S_R
13 5 1536 784 M_S
13 5 1600 1152 M_R
13 7 1600 1152
13 5 1616 1152 M_R
13 5 2224 688 C
13 5 1440 688 C1
13 8 560 688 1
13 8 560 752 1
13 8 560 912 1
13 8 560 1024 1
13 8 3200 816 2
13 8 3200 1184 2
13 0 2800 1216 2688 1216
13 0 2688 1216 2688 1312
13 0 2688 1312 560 1312
13 5 560 1312 reset
13 8 560 1312 1
13 0 2048 1200 1920 1200
13 0 1920 1200 1920 1312
