10 1 1
10 1 1
10 1 1
17 0 mux81 464 752 0
17 0 mux81 848 752 0
17 0 mux81 1280 768 0
17 0 3
17 0 2
17 0 1
17 0 mux41 624 896 0
17 0 mux41 1008 896 0
17 0 mux41 1312 896 0
17 0 mux41 1632 912 0
17 0 mux41 1808 912 0
17 0 mux41 2128 912 0
17 0 mux41 2384 912 0
17 0 mux41 2672 912 0
17 0 fd1p3ax 608 1344 0
17 0 fd1p3ax 944 1360 0
17 0 fd1p3ax 1248 1360 0
17 0 fd1p3ax 1536 1376 0
17 0 fd1p3ax 1856 1376 0
17 0 fd1p3ax 2128 1376 0
17 0 fd1p3ax 2448 1376 0
17 0 fd1p3ax 2816 1376 0
17 0 fd1s3ax 608 1600 0
17 0 fd1s3ax 976 1584 0
17 0 fd1s3ax 1344 1616 0
17 0 fd1s3ax 1632 1632 0
17 0 fd1s3ax 1920 1632 0
17 0 fd1s3ax 2192 1648 0
17 0 fd1s3ax 2480 1664 0
17 0 fd1s3ax 2816 1680 0
17 0 16
17 0 15
17 0 14
17 0 13
17 0 12
17 0 11
17 0 10
17 0 9
17 0 and2 688 1328 0
17 0 and2 1040 1328 0
17 0 and2 1360 1344 0
17 0 and2 1680 1360 0
17 0 and2 1968 1360 0
17 0 and2 2272 1360 0
17 0 and2 2544 1360 0
17 0 and2 2864 1392 0
17 0 1
17 0 mux41 560 704 0
17 0 9
17 0 and2 848 752 0
17 0 17
17 0 fd1s3ax 1072 768 0
17 0 3
17 0 mux41 1280 1072 0
17 0 4
17 0 mux41 1584 1136 0
17 0 5
17 0 mux41 1792 1136 0
17 0 6
17 0 mux41 2128 1040 0
17 0 7
17 0 mux41 2384 1040 0
17 0 8
17 0 mux41 2688 1120 0
17 0 2
17 0 mux41 1376 720 0
17 0 10
17 0 and2 1632 768 0
17 0 18
17 0 fd1s3ax 1856 784 0
17 0 3
17 0 mux41 2176 752 0
17 0 11
17 0 and2 2448 800 0
17 0 19
17 0 fd1s3ax 2672 816 0
17 0 4
17 0 mux41 560 1280 0
17 0 12
17 0 and2 832 1328 0
17 0 20
17 0 fd1s3ax 1056 1344 0
17 0 5
17 0 mux41 1376 1296 0
17 0 13
17 0 and2 1648 1344 0
17 0 21
17 0 fd1s3ax 1856 1360 0
17 0 21
17 0 fd1s3ax 1872 1344 0
17 0 21
17 0 fd1s3ax 1872 1360 0
17 0 14
17 0 and2 2256 1472 0
17 0 14
17 0 and2 2208 1968 0
17 0 15
17 0 and2 2560 1952 0
17 0 16
17 0 and2 2864 2016 0
17 0 6
17 0 mux41 2176 1328 0
17 0 14
17 0 and2 2432 1376 0
17 0 22
17 0 fd1s3ax 2640 1392 0
17 0 23
17 0 fd1s3ax 2112 2048 0
17 0 7
17 0 mux41 560 1776 0
17 0 7
17 0 mux41 560 1792 0
17 0 24
17 0 fd1s3ax 1424 1888 0
17 0 15
17 0 and2 848 1840 0
17 0 24
17 0 fd1s3ax 1072 1856 0
17 0 8
17 0 mux41 1408 1824 0
17 0 23
17 0 fd1s3ax 2320 2000 0
17 0 16
17 0 and2 1680 1872 0
17 0 23
17 0 fd1s3ax 1888 1888 0
13 0 848 800 752 800
13 0 1072 816 992 816
17 0 2
17 0 mux41 1376 720 0
17 0 2
17 0 mux41 1376 736 0
17 0 2
17 0 mux41 1408 736 0
17 0 2
17 0 mux41 1440 736 0
13 0 1296 816 1440 816
17 0 19
17 0 fd1s3ax 2912 800 0
17 0 11
17 0 and2 2704 800 0
17 0 3
17 0 mux41 2176 752 0
17 0 3
17 0 mux41 2400 736 0
17 0 18
17 0 fd1s3ax 2176 784 0
17 0 10
17 0 and2 2032 800 0
17 0 and2 1632 768 0
17 0 10
17 0 and2 1632 768 0
17 0 10
17 0 and2 1904 784 0
17 0 10
17 0 and2 1776 784 0
17 0 10
17 0 and2 1760 784 0
13 0 1632 832 1760 832
17 0 18
17 0 fd1s3ax 2016 800 0
17 0 3
17 0 mux41 2448 768 0
13 0 1904 848 2016 848
13 0 2240 848 2448 848
17 0 11
17 0 and2 2736 816 0
17 0 19
17 0 fd1s3ax 2976 832 0
13 0 2640 864 2736 864
13 0 2880 880 2976 880
17 0 12
17 0 and2 848 1328 0
17 0 20
17 0 fd1s3ax 1072 1344 0
17 0 22
17 0 fd1s3ax 3008 1392 0
17 0 14
17 0 and2 2816 1376 0
17 0 6
17 0 mux41 2560 1328 0
17 0 21
17 0 fd1s3ax 2240 1360 0
17 0 13
17 0 and2 2144 1360 0
17 0 5
17 0 mux41 1456 1296 0
17 0 5
17 0 mux41 1456 1312 0
17 0 13
17 0 and2 1760 1360 0
17 0 13
17 0 and2 1792 1360 0
17 0 13
17 0 and2 1776 1360 0
17 0 21
17 0 fd1s3ax 2016 1376 0
17 0 21
17 0 fd1s3ax 2032 1376 0
17 0 6
17 0 mux41 2464 1344 0
17 0 14
17 0 and2 2768 1392 0
17 0 22
17 0 fd1s3ax 2992 1408 0
13 0 752 1376 848 1376
13 0 992 1392 1072 1392
13 0 1296 1392 1456 1392
13 0 1648 1408 1776 1408
13 0 1920 1424 2032 1424
13 0 2256 1424 2464 1424
13 0 2656 1440 2768 1440
13 0 2928 1456 2992 1456
13 2 2928 1456 2992 1456
13 0 2992 1456 2912 1456
17 0 23
17 0 fd1s3ax 2080 1872 0
17 0 16
17 0 and2 1920 1872 0
17 0 8
17 0 mux41 1472 1824 0
17 0 24
17 0 fd1s3ax 1088 1856 0
13 0 752 1888 848 1888
13 0 992 1904 1088 1904
17 0 8
17 0 mux41 1488 1824 0
13 0 1312 1904 1488 1904
17 0 16
17 0 and2 1792 1872 0
17 0 23
17 0 fd1s3ax 2048 1888 0
13 0 1680 1920 1792 1920
13 0 1936 1936 2048 1936
13 0 3184 1232 320 1232
13 0 2976 912 2912 912
13 0 2912 912 2912 1184
13 0 2912 1184 320 1184
13 0 2912 1088 2912 912
13 2 2912 912 2912 1088
13 2 2912 1088 2912 1184
13 0 2928 912 2976 912
13 2 2928 912 2976 912
13 2 2912 912 2928 912
13 0 2736 896 2720 896
13 2 2720 896 2736 896
13 0 2736 896 2672 896
13 0 2672 896 2672 1184
13 0 2768 1184 2912 1184
13 2 2768 1184 2912 1184
13 2 2672 1184 2768 1184
13 0 2976 912 2912 912
13 0 2912 912 2912 1232
13 0 2912 1232 2928 1232
13 0 3072 1232 3184 1232
13 2 3072 1232 3184 1232
13 2 2912 1232 3072 1232
13 0 2448 992 2384 992
13 0 2384 992 2384 1136
13 0 2384 1136 320 1136
13 0 2448 960 2304 960
13 0 2304 960 2304 1088
13 0 2304 1088 320 1088
13 0 2016 880 1952 880
13 0 1952 880 1952 1232
13 0 1760 864 1696 864
13 0 1696 864 1696 1184
13 0 1440 960 1360 960
13 0 1360 960 1360 1136
13 0 1440 928 1280 928
13 0 1280 928 1280 1088
13 0 1072 848 1008 848
13 0 1008 848 1008 1232
13 0 848 832 800 832
13 0 800 832 800 1184
13 0 560 928 512 928
13 0 512 928 512 1136
13 0 560 896 480 896
13 0 480 896 480 1088
13 0 320 1088 208 1088
13 0 320 1136 208 1136
13 0 320 1184 208 1184
13 0 320 1232 208 1232
13 0 2992 1488 2928 1488
13 0 2928 1488 2928 1760
13 2 2928 1488 2928 1760
13 0 2928 1488 2928 1744
13 0 2928 1744 272 1744
13 0 272 1744 272 1232
13 0 272 1360 272 1232
13 2 272 1232 272 1360
13 2 272 1360 272 1744
13 0 432 1376 432 1744
13 0 432 1744 272 1744
13 0 432 1376 432 1232
13 0 432 1232 272 1232
13 0 336 1744 432 1744
13 2 336 1744 432 1744
13 2 272 1744 336 1744
13 0 2048 1968 1984 1968
13 0 1984 1968 1984 2256
13 0 1984 2256 432 2256
13 0 432 2256 432 1744
13 0 384 1184 384 1696
13 0 384 1696 2720 1696
13 0 2720 1696 2720 1472
13 0 2720 1472 2768 1472
13 0 336 1136 336 1632
13 2 336 1136 336 1632
13 0 336 1136 336 1648
13 0 336 1648 2400 1648
13 0 2400 1648 2400 1568
13 0 2400 1568 2464 1568
13 0 2464 1536 2336 1536
13 0 2336 1536 2336 1600
13 0 2336 1600 288 1600
13 0 288 1600 288 1088
13 0 2032 1456 1952 1456
13 0 1952 1456 1952 1744
13 0 1776 1440 1712 1440
13 0 1712 1440 1712 1696
13 0 1456 1536 1392 1536
13 0 1392 1536 1392 1648
13 0 1456 1504 1344 1504
13 0 1344 1504 1344 1600
13 0 1072 1424 1024 1424
13 0 1024 1424 1024 1744
13 0 848 1408 800 1408
13 0 800 1408 800 1696
13 0 560 1504 528 1504
13 0 528 1504 528 1648
13 0 560 1472 480 1472
13 0 480 1472 480 1600
13 0 1792 1952 1728 1952
13 0 1728 1952 1728 2208
13 0 1728 2208 384 2208
13 0 384 2208 384 1696
13 0 1488 2048 1440 2048
13 0 1440 2048 1440 2160
13 0 1440 2160 336 2160
13 0 336 2160 336 1648
13 0 1488 2016 1392 2016
13 0 1392 2016 1392 2112
13 0 1392 2112 288 2112
13 0 288 2112 288 1600
13 0 1088 1936 1024 1936
13 0 1024 1936 1024 2256
13 0 848 1920 800 1920
13 0 800 1920 800 2208
13 0 560 2016 528 2016
13 0 528 2016 528 2160
13 0 560 1984 480 1984
13 0 480 1984 480 2112
13 0 2272 1936 2496 1936
13 2 752 1888 848 1888
13 2 480 1984 560 1984
13 2 528 2016 560 2016
17 0 7
17 0 mux41 560 1808 0
13 0 752 1904 752 1888
13 0 752 1888 848 1888
13 0 560 2000 560 1984
13 0 480 1984 560 1984
13 0 544 2032 560 2032
13 0 544 2032 544 2016
13 0 528 2016 544 2016
13 2 752 1888 848 1888
13 2 992 1904 1088 1904
13 2 800 1920 848 1920
17 0 15
17 0 and2 848 1840 0
13 0 752 1888 848 1888
13 0 992 1904 1088 1904
13 0 832 1920 848 1920
13 0 800 1920 832 1920
13 0 800 1920 832 1920
13 2 800 1920 832 1920
13 2 832 1920 848 1920
13 2 992 1904 1088 1904
13 2 752 1888 848 1888
17 0 15
17 0 and2 848 1840 0
13 0 800 1920 848 1920
13 0 992 1904 1088 1904
13 0 752 1888 848 1888
13 2 528 2016 544 2016
13 2 544 2016 544 2032
13 2 544 2032 560 2032
13 2 480 1984 560 1984
13 2 560 1984 560 2000
13 2 752 1888 848 1888
13 2 752 1888 752 1904
17 0 7
17 0 mux41 560 1792 0
13 0 528 2016 560 2016
13 0 480 1984 560 1984
13 0 752 1888 848 1888
13 2 752 800 848 800
13 2 480 896 560 896
13 2 512 928 560 928
17 0 1
17 0 mux41 560 592 0
13 0 752 688 752 800
13 0 752 800 848 800
13 0 544 784 560 784
13 0 544 784 544 896
13 0 480 896 544 896
13 0 560 816 560 928
13 0 512 928 560 928
13 2 752 800 848 800
13 2 992 816 1072 816
13 2 800 832 848 832
17 0 9
17 0 and2 848 640 0
13 0 832 688 848 688
13 0 832 688 832 800
13 0 752 800 832 800
13 0 992 704 992 816
13 0 992 816 1072 816
13 0 848 720 848 832
13 0 800 832 848 832
13 2 992 816 1072 816
13 2 1296 816 1440 816
13 2 1008 848 1072 848
17 0 17
17 0 fd1s3ax 1072 656 0
13 0 1056 704 1072 704
13 0 1056 704 1056 816
13 0 992 816 1056 816
13 0 1296 704 1296 816
13 0 1296 816 1440 816
13 0 1072 736 1072 848
13 0 1008 848 1072 848
13 2 1296 816 1440 816
13 2 1632 832 1760 832
13 2 1280 928 1440 928
13 2 1360 960 1440 960
17 0 2
17 0 mux41 1440 624 0
13 0 1408 704 1440 704
13 0 1408 704 1408 816
13 0 1296 816 1408 816
13 0 1632 720 1632 832
13 0 1632 832 1760 832
13 0 1424 816 1440 816
13 0 1424 816 1424 928
13 0 1280 928 1424 928
13 0 1440 848 1440 960
13 0 1360 960 1440 960
13 2 1632 832 1760 832
13 2 1904 848 2016 848
13 2 1696 864 1760 864
17 0 10
17 0 and2 1760 672 0
13 0 1744 720 1760 720
13 0 1744 720 1744 832
13 0 1632 832 1744 832
13 0 1904 736 1904 848
13 0 1904 848 2016 848
13 0 1760 752 1760 864
13 0 1696 864 1760 864
13 2 1904 848 2016 848
13 2 2240 848 2448 848
13 2 1952 880 2016 880
17 0 18
17 0 fd1s3ax 2016 688 0
13 0 2000 736 2016 736
13 0 2000 736 2000 848
13 0 1904 848 2000 848
13 0 2240 736 2240 848
13 0 2240 848 2448 848
13 0 2016 768 2016 880
13 0 1952 880 2016 880
13 2 2240 848 2448 848
13 2 2640 864 2736 864
13 2 2304 960 2448 960
13 2 2384 992 2448 992
17 0 3
17 0 mux41 2448 656 0
13 0 2416 736 2448 736
13 0 2416 736 2416 848
13 0 2240 848 2416 848
13 0 2640 752 2640 864
13 0 2640 864 2736 864
13 0 2432 848 2448 848
13 0 2432 848 2432 960
13 0 2304 960 2432 960
13 0 2448 880 2448 992
13 0 2384 992 2448 992
13 2 2640 864 2736 864
13 2 2880 880 2976 880
13 2 2672 896 2736 896
17 0 11
17 0 and2 2736 704 0
13 0 2720 752 2736 752
13 0 2720 752 2720 864
13 0 2640 864 2720 864
13 0 2880 768 2880 880
13 0 2880 880 2976 880
13 0 2736 784 2736 896
13 0 2672 896 2736 896
13 2 2880 880 2976 880
13 2 2912 912 2976 912
17 0 19
17 0 fd1s3ax 2976 720 0
13 0 2960 768 2976 768
13 0 2960 768 2960 880
13 0 2880 880 2960 880
13 0 2976 800 2976 912
13 0 2912 912 2976 912
13 0 784 800 832 800
13 2 784 800 832 800
13 2 752 800 784 800
13 0 752 752 752 688
13 2 752 688 752 752
13 2 752 752 752 800
13 0 832 768 832 688
13 2 832 688 832 768
13 2 832 768 832 800
13 0 560 880 560 816
13 2 560 816 560 880
13 2 560 880 560 928
13 0 544 864 544 784
13 2 544 784 544 864
13 2 544 864 544 896
13 0 544 928 560 928
13 2 544 928 560 928
13 2 512 928 544 928
13 0 528 896 544 896
13 2 528 896 544 896
13 2 480 896 528 896
13 0 832 832 848 832
13 2 832 832 848 832
13 2 800 832 832 832
13 0 848 784 848 720
13 2 848 720 848 784
13 2 848 784 848 832
13 0 1072 816 1072 736
13 2 1072 736 1072 816
13 2 1072 816 1072 848
13 0 1056 784 1056 704
13 2 1056 704 1056 784
13 2 1056 784 1056 816
13 0 1024 816 1056 816
13 2 1024 816 1056 816
13 2 992 816 1024 816
13 0 1040 848 1072 848
13 2 1040 848 1072 848
13 2 1008 848 1040 848
13 0 992 768 992 704
13 2 992 704 992 768
13 2 992 768 992 816
13 0 1360 816 1408 816
13 2 1360 816 1408 816
13 2 1296 816 1360 816
13 0 1296 768 1296 704
13 2 1296 704 1296 768
13 2 1296 768 1296 816
13 0 1408 768 1408 704
13 2 1408 704 1408 768
13 2 1408 768 1408 816
17 0 2
17 0 mux41 1440 624 0
13 0 1440 880 1440 848
13 2 1440 848 1440 880
13 2 1440 880 1440 960
13 0 1424 896 1424 816
13 2 1424 816 1424 896
13 2 1424 896 1424 928
13 0 1376 928 1424 928
13 2 1376 928 1424 928
13 2 1280 928 1376 928
13 0 1392 960 1440 960
13 2 1392 960 1440 960
13 2 1360 960 1392 960
13 0 1728 864 1760 864
13 2 1728 864 1760 864
13 2 1696 864 1728 864
13 0 1760 832 1760 752
13 2 1760 752 1760 832
13 2 1760 832 1760 864
13 0 1744 800 1744 720
13 2 1744 720 1744 800
13 2 1744 800 1744 832
13 0 1632 800 1632 720
13 2 1632 720 1632 800
13 2 1632 800 1632 832
13 0 1680 832 1744 832
13 2 1680 832 1744 832
13 2 1632 832 1680 832
13 0 1904 800 1904 736
13 2 1904 736 1904 800
13 2 1904 800 1904 848
13 0 1952 848 2000 848
13 2 1952 848 2000 848
13 2 1904 848 1952 848
13 0 2000 800 2000 736
13 2 2000 736 2000 800
13 2 2000 800 2000 848
13 0 2016 816 2016 768
13 2 2016 768 2016 816
13 2 2016 816 2016 880
13 0 1984 880 2016 880
13 2 1984 880 2016 880
13 2 1952 880 1984 880
13 0 2288 848 2416 848
13 2 2288 848 2416 848
13 2 2240 848 2288 848
13 0 2240 800 2240 736
13 2 2240 736 2240 800
13 2 2240 800 2240 848
13 0 2416 800 2416 736
13 2 2416 736 2416 800
13 2 2416 800 2416 848
17 0 3
17 0 mux41 2448 656 0
13 0 2640 832 2640 752
13 2 2640 752 2640 832
13 2 2640 832 2640 864
13 0 2672 864 2720 864
13 2 2672 864 2720 864
13 2 2640 864 2672 864
13 0 2720 848 2720 752
13 2 2720 752 2720 848
13 2 2720 848 2720 864
13 0 2736 848 2736 784
13 2 2736 784 2736 848
13 2 2736 848 2736 896
13 0 2704 896 2736 896
13 2 2704 896 2736 896
13 2 2672 896 2704 896
13 0 2672 960 2672 896
13 2 2672 896 2672 960
13 2 2672 960 2672 1184
13 0 2416 992 2448 992
13 2 2416 992 2448 992
13 2 2384 992 2416 992
13 0 2384 960 2432 960
13 2 2384 960 2432 960
13 2 2304 960 2384 960
13 0 2448 944 2448 880
13 2 2448 880 2448 944
13 2 2448 944 2448 992
13 0 2432 944 2432 848
13 2 2432 848 2432 944
13 2 2432 944 2432 960
13 0 2304 1024 2304 960
13 2 2304 960 2304 1024
13 2 2304 1024 2304 1088
13 0 2304 1024 2304 1088
13 0 2304 960 2304 1024
13 0 2880 864 2880 768
13 2 2880 768 2880 864
13 2 2880 864 2880 880
13 0 2912 880 2960 880
13 2 2912 880 2960 880
13 2 2880 880 2912 880
13 0 2912 880 2880 880
13 0 2912 880 2960 880
13 0 2928 880 2960 880
13 2 2928 880 2960 880
13 2 2880 880 2928 880
13 0 2960 864 2960 768
13 2 2960 768 2960 864
13 2 2960 864 2960 880
13 0 2976 864 2976 800
13 2 2976 800 2976 864
13 2 2976 864 2976 912
13 0 2944 912 2976 912
13 2 2944 912 2976 912
13 2 2912 912 2944 912
13 2 208 1088 288 1088
13 2 288 1088 480 1088
13 2 480 1088 1280 1088
13 2 1280 1088 2304 1088
13 2 208 1136 336 1136
13 2 336 1136 512 1136
13 2 512 1136 1360 1136
13 2 1360 1136 2384 1136
13 2 208 1184 384 1184
13 2 384 1184 800 1184
13 2 800 1184 1696 1184
13 2 1696 1184 2672 1184
13 2 208 1232 432 1232
13 2 432 1232 1008 1232
13 2 1008 1232 1952 1232
13 2 1952 1232 2912 1232
13 2 288 1088 288 1600
13 2 336 1136 336 1648
13 2 384 1184 384 1696
13 2 432 1232 432 1744
13 2 480 896 480 1088
13 2 512 928 512 1136
13 2 800 832 800 1184
13 2 1008 848 1008 1232
13 2 1280 928 1280 1088
13 2 1360 960 1360 1136
13 2 1696 864 1696 1184
13 2 1952 880 1952 1232
13 2 2304 960 2304 1088
13 2 2384 992 2384 1136
13 2 2912 912 2912 1232
13 0 208 1120 288 1120
13 0 288 1120 480 1120
13 0 480 1120 1280 1120
13 0 1280 1120 2304 1120
13 0 208 1168 336 1168
13 0 336 1168 512 1168
13 0 512 1168 1360 1168
13 0 1360 1168 2384 1168
13 0 208 1216 384 1216
13 0 384 1216 800 1216
13 0 800 1216 1696 1216
13 0 1696 1216 2672 1216
13 0 208 1264 432 1264
13 0 432 1264 1008 1264
13 0 1008 1264 1952 1264
13 0 1952 1264 2912 1264
13 0 288 1120 288 1296
13 0 288 1296 288 1600
13 0 336 1168 336 1296
13 0 336 1312 336 1296
13 0 336 1312 336 1648
13 0 384 1216 384 1296
13 0 384 1328 384 1296
13 0 384 1328 384 1696
13 0 432 1264 432 1296
13 0 432 1344 432 1296
13 0 432 1344 432 1744
13 0 480 928 480 1120
13 0 512 960 512 1168
13 0 800 896 800 1216
13 0 800 832 800 896
13 0 1008 896 1008 1264
13 0 1008 880 1008 896
13 0 1008 848 1008 880
13 0 1280 960 1280 1120
13 0 1360 992 1360 1168
13 0 1696 896 1696 1216
13 0 1952 912 1952 1264
13 0 2304 992 2304 1120
13 0 2384 1024 2384 1168
13 0 2912 944 2912 1264
13 0 624 1120 1280 1120
13 2 624 1120 1280 1120
13 2 480 1120 624 1120
13 0 640 1120 480 1120
13 0 640 1120 1280 1120
13 2 208 1120 288 1120
13 2 288 1120 480 1120
13 2 480 1120 1280 1120
13 2 1280 1120 2304 1120
13 2 288 1120 288 1600
13 2 480 928 480 1120
13 2 512 960 512 1168
13 2 800 832 800 1216
13 2 1008 848 1008 1264
13 2 1280 960 1280 1120
13 2 1360 992 1360 1168
13 2 1696 896 1696 1216
13 2 1952 912 1952 1264
13 2 2304 992 2304 1120
13 0 208 1120 288 1120
13 0 288 1120 480 1120
13 0 480 1120 1280 1120
13 0 1280 1120 2304 1120
13 0 288 1120 288 1136
13 0 288 1136 288 1600
13 0 480 1056 480 1120
13 0 480 928 480 1056
13 0 512 1056 512 1136
13 0 512 960 512 1056
13 0 512 1056 512 1136
13 0 512 1136 512 1168
13 0 800 1056 800 1136
13 0 800 832 800 1056
13 0 800 1056 800 1136
13 0 800 1136 800 1216
13 0 1008 1056 1008 1136
13 0 1008 848 1008 1056
13 0 1008 1056 1008 1136
13 0 1008 1136 1008 1264
13 0 1280 1056 1280 1120
13 0 1280 960 1280 1056
13 0 1360 1056 1360 1136
13 0 1360 992 1360 1056
13 0 1360 1056 1360 1136
13 0 1360 1136 1360 1168
13 0 1696 1056 1696 1136
13 0 1696 896 1696 1056
13 0 1696 1056 1696 1136
13 0 1696 1136 1696 1216
13 0 1952 1056 1952 1136
13 0 1952 912 1952 1056
13 0 1952 1056 1952 1136
13 0 1952 1136 1952 1264
13 0 2304 1056 2304 1120
13 0 2304 992 2304 1056
13 2 208 1120 288 1120
13 2 288 1120 480 1120
13 2 480 1120 1280 1120
13 2 1280 1120 2304 1120
13 2 288 1120 288 1600
13 2 480 928 480 1120
13 2 512 960 512 1168
13 2 800 832 800 1216
13 2 1008 848 1008 1264
13 2 1280 960 1280 1120
13 2 1360 992 1360 1168
13 2 1696 896 1696 1216
13 2 1952 912 1952 1264
13 2 2304 992 2304 1120
13 0 208 1120 288 1120
13 0 288 1120 480 1120
13 0 480 1120 1280 1120
13 0 1280 1120 2304 1120
13 0 288 1120 288 1152
13 0 288 1152 288 1600
13 0 480 928 480 1120
13 0 512 960 512 1152
13 0 512 1152 512 1168
13 0 800 880 800 1152
13 0 800 832 800 880
13 0 800 880 800 1152
13 0 800 1152 800 1216
13 0 1008 880 1008 1152
13 0 1008 848 1008 880
13 0 1008 880 1008 1152
13 0 1008 1152 1008 1264
13 0 1280 960 1280 1120
13 0 1360 992 1360 1152
13 0 1360 1152 1360 1168
13 0 1696 896 1696 1152
13 0 1696 1152 1696 1216
13 0 1952 912 1952 1152
13 0 1952 1152 1952 1264
13 0 2304 992 2304 1120
13 0 480 1088 480 928
13 2 480 928 480 1088
13 2 480 1088 480 1120
13 0 512 1072 512 960
13 2 512 960 512 1072
13 2 512 1072 512 1168
13 0 800 1040 800 832
13 2 800 832 800 1040
13 2 800 1040 800 1216
13 0 1008 1024 1008 848
13 2 1008 848 1008 1024
13 2 1008 1024 1008 1264
13 0 1280 1024 1280 960
13 2 1280 960 1280 1024
13 2 1280 1024 1280 1120
13 0 1360 1040 1360 992
13 2 1360 992 1360 1040
13 2 1360 1040 1360 1168
13 0 1696 1040 1696 896
13 2 1696 896 1696 1040
13 2 1696 1040 1696 1216
13 0 1952 1024 1952 912
13 2 1952 912 1952 1024
13 2 1952 1024 1952 1264
13 0 2912 1072 2912 944
13 2 2912 944 2912 1072
13 2 2912 1072 2912 1264
13 0 2384 1104 2384 1024
13 2 2384 1024 2384 1104
13 2 2384 1104 2384 1168
13 0 2304 1088 2304 992
13 2 2304 992 2304 1088
13 2 2304 1088 2304 1120
13 0 288 1136 288 1120
13 2 288 1120 288 1136
13 2 288 1136 288 1600
13 0 336 1184 336 1168
13 2 336 1168 336 1184
13 2 336 1184 336 1648
13 0 384 1232 384 1216
13 2 384 1216 384 1232
13 2 384 1232 384 1696
13 0 432 1296 432 1264
13 2 432 1264 432 1296
13 2 432 1296 432 1744
13 0 256 1120 2304 1120
13 2 256 1120 2304 1120
13 2 208 1120 256 1120
13 0 304 1008 208 1008
13 0 208 1008 208 1120
13 0 304 1008 2304 1008
13 0 2304 1008 2304 1120
13 0 208 1088 208 1008
13 2 208 1008 208 1088
13 2 208 1088 208 1120
13 0 2304 1056 2304 1008
13 2 2304 1008 2304 1056
13 2 2304 1056 2304 1120
13 0 1056 1168 2384 1168
13 2 1056 1168 2384 1168
13 2 208 1168 1056 1168
13 0 1040 1056 208 1056
13 0 208 1056 208 1168
13 0 1040 1056 2384 1056
13 0 2384 1056 2384 1168
13 0 208 1120 208 1056
13 2 208 1056 208 1120
13 2 208 1120 208 1168
13 0 2384 1120 2384 1056
13 2 2384 1056 2384 1120
13 2 2384 1120 2384 1168
13 0 784 1216 2672 1216
13 2 784 1216 2672 1216
13 2 208 1216 784 1216
13 0 752 1104 208 1104
13 0 208 1104 208 1216
13 0 752 1104 2672 1104
13 0 2672 1104 2672 1216
13 0 208 1168 208 1104
13 2 208 1104 208 1168
13 2 208 1168 208 1216
13 0 2672 1152 2672 1104
13 2 2672 1104 2672 1152
13 2 2672 1152 2672 1216
13 0 976 1264 2912 1264
13 2 976 1264 2912 1264
13 2 208 1264 976 1264
13 0 944 1152 208 1152
13 0 208 1152 208 1264
13 0 944 1152 2912 1152
13 0 2912 1152 2912 1264
13 0 208 1216 208 1152
13 2 208 1152 208 1216
13 2 208 1216 208 1264
13 0 2912 1200 2912 1152
13 2 2912 1152 2912 1200
13 2 2912 1200 2912 1264
13 0 2976 800 2928 800
13 0 2928 800 2928 1152
13 0 2928 1152 2912 1152
13 0 2960 768 2880 768
13 0 2720 752 2640 752
13 0 2736 784 2672 784
13 0 2672 784 2672 1104
13 0 2416 736 2240 736
13 0 2000 736 1904 736
13 0 1744 720 1632 720
13 0 1632 720 1632 736
13 2 1632 720 1632 736
13 0 1744 720 1632 720
13 2 1632 720 1744 720
13 0 1744 720 1632 720
13 0 1408 704 1296 704
13 0 1056 704 992 704
13 0 832 688 752 688
13 0 2448 880 2400 880
13 0 2400 880 2400 1056
13 0 2400 1056 2384 1056
13 0 2432 848 2304 848
13 0 2304 848 2304 1008
13 0 2016 768 1936 768
13 0 1936 768 1936 1152
13 0 1760 752 1680 752
13 0 1680 752 1680 1104
13 0 1680 1104 1696 1104
13 0 1440 848 1376 848
13 0 1376 848 1376 1056
13 0 1424 816 1328 816
13 0 1328 816 1328 1008
13 0 1072 736 1008 736
13 0 1008 736 1008 1152
13 0 848 720 784 720
13 0 784 720 784 1104
13 0 560 816 496 816
13 0 496 816 496 1056
13 0 544 784 464 784
13 0 544 784 464 784
13 2 464 784 544 784
13 0 544 784 448 784
13 0 448 784 448 1008
13 0 3216 768 3280 768
13 0 3280 768 3280 368
13 0 3200 768 3216 768
13 0 3280 768 3280 1184
13 0 3280 1184 496 1184
13 0 496 1184 496 1360
13 0 496 1360 560 1360
13 0 528 2048 528 2016
13 2 528 2016 528 2048
13 2 528 2048 528 2160
13 0 480 2048 480 1984
13 2 480 1984 480 2048
13 2 480 2048 480 2112
13 0 800 2064 800 1920
13 2 800 1920 800 2064
13 2 800 2064 800 2208
13 0 1024 2032 1024 1936
13 2 1024 1936 1024 2032
13 2 1024 2032 1024 2256
13 0 1456 2016 1488 2016
13 2 1456 2016 1488 2016
13 2 1392 2016 1456 2016
13 0 1440 2080 1440 2048
13 2 1440 2048 1440 2080
13 2 1440 2080 1440 2160
13 0 1392 2048 1392 2016
13 2 1392 2016 1392 2048
13 2 1392 2048 1392 2112
13 0 1760 1952 1792 1952
13 2 1760 1952 1792 1952
13 2 1728 1952 1760 1952
13 0 1728 2032 1728 1952
13 2 1728 1952 1728 2032
13 2 1728 2032 1728 2208
13 0 1984 2032 1984 1968
13 2 1984 1968 1984 2032
13 2 1984 2032 1984 2256
13 2 752 1888 848 1888
13 2 480 1984 560 1984
13 2 528 2016 560 2016
17 0 7
17 0 mux41 560 1856 0
13 0 752 1952 752 1888
13 0 752 1888 848 1888
13 0 560 2048 560 1984
13 0 560 1984 560 2000
13 0 560 2000 560 2048
13 0 480 1984 560 1984
13 0 544 2080 560 2080
13 0 544 2080 544 2016
13 0 528 2016 544 2016
13 2 752 1888 848 1888
13 2 992 1904 1088 1904
13 2 800 1920 848 1920
17 0 15
17 0 and2 848 1904 0
13 0 848 1952 848 1888
13 0 752 1888 848 1888
13 0 992 1968 992 1904
13 0 992 1904 1088 1904
13 0 832 1984 848 1984
13 0 832 1984 832 1920
13 0 800 1920 832 1920
13 2 992 1904 1088 1904
13 2 1312 1904 1488 1904
13 2 1024 1936 1088 1936
17 0 24
17 0 fd1s3ax 1088 1920 0
13 0 1088 1968 1088 1904
13 0 992 1904 1088 1904
13 0 1312 1968 1312 1904
13 0 1312 1904 1488 1904
13 0 1072 2000 1088 2000
13 0 1072 2000 1072 1936
13 0 1024 1936 1072 1936
13 2 1312 1904 1488 1904
13 2 1680 1920 1792 1920
13 2 1440 2048 1488 2048
17 0 8
17 0 mux41 1488 1888 0
13 0 1488 1968 1488 1904
13 0 1488 1904 1488 1936
13 0 1488 1936 1488 1968
13 0 1312 1904 1488 1904
13 0 1680 1984 1680 1920
13 0 1680 1920 1792 1920
13 0 1472 2112 1488 2112
13 0 1472 2112 1472 2048
13 0 1440 2048 1472 2048
13 2 1680 1920 1792 1920
13 2 1936 1936 2048 1936
17 0 16
17 0 and2 1792 1936 0
13 0 1792 1984 1792 1920
13 0 1680 1920 1792 1920
13 0 1936 2000 1936 1936
13 0 1936 1936 2048 1936
13 2 1936 1936 2048 1936
13 2 2272 1936 2496 1936
13 2 1984 1968 2048 1968
17 0 23
17 0 fd1s3ax 2048 1952 0
13 0 2048 2000 2048 1936
13 0 1936 1936 2048 1936
13 0 2272 2000 2272 1936
13 0 2272 1936 2496 1936
13 0 2032 2032 2048 2032
13 0 2032 2032 2032 1968
13 0 1984 1968 2032 1968
13 0 704 2256 1984 2256
13 2 704 2256 1984 2256
13 2 432 2256 704 2256
13 0 704 2384 432 2384
13 0 432 2384 432 2256
13 0 704 2384 1984 2384
13 0 1984 2384 1984 2256
13 0 864 2208 1728 2208
13 2 864 2208 1728 2208
13 2 384 2208 864 2208
13 0 864 2336 384 2336
13 0 384 2336 384 2208
13 0 864 2336 1728 2336
13 0 1728 2336 1728 2208
13 0 880 2160 1440 2160
13 2 880 2160 1440 2160
13 2 336 2160 880 2160
13 0 880 2288 336 2288
13 0 336 2288 336 2160
13 0 880 2288 1440 2288
13 0 1440 2288 1440 2160
13 0 864 2112 1392 2112
13 2 864 2112 1392 2112
13 2 288 2112 864 2112
13 0 880 2192 288 2192
13 0 288 2192 288 2112
13 0 880 2192 1392 2192
13 0 1392 2192 1392 2112
13 0 944 2288 1440 2288
13 2 944 2288 1440 2288
13 2 336 2288 944 2288
13 0 944 2224 336 2224
13 0 336 2224 336 2288
13 0 944 2224 1440 2224
13 0 1440 2224 1440 2288
13 0 976 2336 1728 2336
13 2 976 2336 1728 2336
13 2 384 2336 976 2336
13 0 976 2272 384 2272
13 0 384 2272 384 2336
13 0 976 2272 1728 2272
13 0 1728 2272 1728 2336
13 0 944 2384 1984 2384
13 2 944 2384 1984 2384
13 2 432 2384 944 2384
13 0 944 2320 432 2320
13 0 432 2320 432 2384
13 0 944 2320 1984 2320
13 0 1984 2320 1984 2384
13 0 432 2352 432 2320
13 2 432 2320 432 2352
13 2 432 2352 432 2384
13 0 384 2320 384 2272
13 2 384 2272 384 2320
13 2 384 2320 384 2336
13 0 336 2272 336 2224
13 2 336 2224 336 2272
13 2 336 2272 336 2288
13 0 1728 2304 1728 2272
13 2 1728 2272 1728 2304
13 2 1728 2304 1728 2336
13 0 1984 2288 1984 2256
13 2 1984 2256 1984 2288
13 2 1984 2288 1984 2320
13 0 1984 2352 1984 2320
13 2 1984 2320 1984 2352
13 2 1984 2352 1984 2384
13 0 1728 2240 1728 2208
13 2 1728 2208 1728 2240
13 2 1728 2240 1728 2272
13 0 1440 2240 1440 2224
13 2 1440 2224 1440 2240
13 2 1440 2240 1440 2288
13 0 1440 2192 1440 2160
13 2 1440 2160 1440 2192
13 2 1440 2192 1440 2224
13 0 1392 2160 1392 2112
13 2 1392 2112 1392 2160
13 2 1392 2160 1392 2192
13 0 560 2032 560 2000
13 2 560 2000 560 2032
13 2 560 2032 560 2048
13 0 528 1984 560 1984
13 2 528 1984 560 1984
13 2 480 1984 528 1984
13 2 560 1984 560 2000
13 2 528 2016 544 2016
13 0 544 2032 544 2016
13 2 544 2016 544 2032
13 2 544 2032 544 2080
13 0 816 1920 832 1920
13 2 816 1920 832 1920
13 2 800 1920 816 1920
13 0 832 1952 832 1920
13 2 832 1920 832 1952
13 2 832 1952 832 1984
13 0 800 1888 848 1888
13 2 800 1888 848 1888
13 2 752 1888 800 1888
13 0 800 1952 752 1952
13 0 752 1952 752 1888
13 0 800 1952 848 1952
13 0 848 1952 848 1888
13 0 848 1920 848 1888
13 2 848 1888 848 1920
13 2 848 1920 848 1952
17 0 7
17 0 mux41 560 1856 0
13 0 752 1904 752 1888
13 2 752 1888 752 1904
13 2 752 1904 752 1952
13 0 1024 1904 1088 1904
13 2 1024 1904 1088 1904
13 2 992 1904 1024 1904
13 0 1040 1936 1072 1936
13 2 1040 1936 1072 1936
13 2 1024 1936 1040 1936
13 0 1072 1968 1072 1936
13 2 1072 1936 1072 1968
13 2 1072 1968 1072 2000
13 0 1072 1968 1072 2000
13 0 1072 1968 1072 1936
13 0 1072 1968 1072 1936
13 2 1072 1936 1072 1968
13 2 1072 1968 1072 2000
13 0 1088 1936 1088 1904
13 2 1088 1904 1088 1936
13 2 1088 1936 1088 1968
17 0 15
17 0 and2 848 1904 0
13 0 992 1936 992 1904
13 2 992 1904 992 1936
13 2 992 1936 992 1968
13 0 992 1936 992 1968
13 0 992 1936 992 1904
13 2 992 1904 992 1968
13 0 1360 1904 1488 1904
13 2 1360 1904 1488 1904
13 2 1312 1904 1360 1904
13 0 1312 1936 1312 1904
13 2 1312 1904 1312 1936
13 2 1312 1936 1312 1968
13 0 1488 1920 1488 1904
13 2 1488 1904 1488 1920
13 2 1488 1920 1488 1936
13 0 1488 1952 1488 1936
13 2 1488 1936 1488 1952
13 2 1488 1952 1488 1968
13 0 1456 2048 1472 2048
13 2 1456 2048 1472 2048
13 2 1440 2048 1456 2048
13 0 1472 2096 1472 2048
13 2 1472 2048 1472 2096
13 2 1472 2096 1472 2112
13 2 1472 2112 1488 2112
13 0 1728 1920 1792 1920
13 2 1728 1920 1792 1920
13 2 1680 1920 1728 1920
13 0 1728 1984 1680 1984
13 0 1680 1984 1680 1920
13 0 1728 1984 1792 1984
13 0 1792 1984 1792 1920
17 0 8
17 0 mux41 1488 1888 0
13 0 1680 1952 1680 1920
13 2 1680 1920 1680 1952
13 2 1680 1952 1680 1984
13 0 1792 1936 1792 1920
13 2 1792 1920 1792 1936
13 2 1792 1936 1792 1984
13 0 1984 1936 2048 1936
13 2 1984 1936 2048 1936
13 2 1936 1936 1984 1936
13 0 2000 2000 1936 2000
13 0 1936 2000 1936 1936
13 0 2000 2000 2048 2000
13 0 2048 2000 2048 1936
13 0 1936 1968 1936 1936
13 2 1936 1936 1936 1968
13 2 1936 1968 1936 2000
13 0 2000 1968 2032 1968
13 2 2000 1968 2032 1968
13 2 1984 1968 2000 1968
13 0 2048 1968 2048 1936
13 2 2048 1936 2048 1968
13 2 2048 1968 2048 2000
13 2 2032 1968 2032 2032
13 0 2336 1936 2496 1936
13 2 2336 1936 2496 1936
13 2 2272 1936 2336 1936
13 0 2336 2000 2272 2000
13 0 2272 2000 2272 1936
13 0 2336 2000 2496 2000
13 0 2496 2000 2496 1936
13 0 2272 1968 2272 1936
13 2 2272 1936 2272 1968
13 2 2272 1968 2272 2000
13 0 2272 1968 2272 2000
13 0 2272 1968 2272 1936
13 0 2272 1968 2272 1936
13 2 2272 1936 2272 1968
13 2 2272 1968 2272 2000
13 0 2496 1968 2496 1936
13 2 2496 1936 2496 1968
13 2 2496 1968 2496 2000
13 0 2032 2032 1968 2032
13 0 1968 2032 1968 2320
13 2 1968 2320 1984 2320
13 0 1792 2016 1728 2016
13 0 1728 2016 1728 2272
13 0 1488 2112 1440 2112
13 0 1440 2112 1440 2224
13 0 1488 2080 1392 2080
13 0 1392 2080 1392 2192
13 0 1488 1968 1312 1968
13 0 1088 1968 992 1968
13 0 1072 2000 1024 2000
13 0 1024 2000 1024 2272
13 0 832 1984 784 1984
13 0 784 1984 784 2272
13 0 1024 2112 1024 2000
13 2 1024 2000 1024 2112
13 2 1024 2112 1024 2272
13 0 1024 2000 1024 2320
13 0 544 2080 544 2224
13 0 560 2048 496 2048
13 0 496 2048 496 2192
13 0 2496 2000 2496 1824
13 0 1376 1968 1376 1824
13 2 752 688 848 688
13 2 448 784 560 784
13 2 496 816 560 816
17 0 1
17 0 mux41 560 368 0
13 0 752 464 752 688
13 0 752 688 848 688
13 0 544 560 560 560
13 0 544 560 544 784
13 0 448 784 544 784
13 0 560 592 560 816
13 0 496 816 560 816
13 0 512 784 544 784
13 2 512 784 544 784
13 2 448 784 512 784
13 0 496 560 448 560
13 0 448 560 448 784
13 0 496 560 544 560
13 0 544 560 544 784
13 0 544 688 544 560
13 2 544 560 544 688
13 2 544 688 544 784
13 0 528 816 560 816
13 2 528 816 560 816
13 2 496 816 528 816
13 0 528 592 496 592
13 0 496 592 496 816
13 0 528 592 560 592
13 0 560 592 560 816
13 0 560 688 560 592
13 2 560 592 560 688
13 2 560 688 560 816
13 2 752 688 848 688
13 2 992 704 1072 704
13 2 784 720 848 720
17 0 9
17 0 and2 848 416 0
13 0 832 464 848 464
13 0 832 464 832 688
13 0 752 688 832 688
13 0 992 480 992 704
13 0 992 704 1072 704
13 0 848 496 848 720
13 0 784 720 848 720
13 0 800 688 832 688
13 2 800 688 832 688
13 2 752 688 800 688
13 0 800 464 752 464
13 0 752 464 752 688
13 0 800 464 832 464
13 0 832 464 832 688
17 0 1
17 0 mux41 560 368 0
13 0 752 608 752 464
13 2 752 464 752 608
13 2 752 608 752 688
13 0 752 608 752 688
13 0 752 608 752 464
13 0 752 656 752 464
13 2 752 464 752 656
13 2 752 656 752 688
13 2 832 464 832 688
13 0 816 720 848 720
13 2 816 720 848 720
13 2 784 720 816 720
13 0 816 496 784 496
13 0 784 496 784 720
13 0 816 496 848 496
13 0 848 496 848 720
13 0 848 576 848 496
13 2 848 496 848 576
13 2 848 576 848 720
13 2 992 704 1072 704
13 2 1296 704 1440 704
13 2 1008 736 1072 736
17 0 17
17 0 fd1s3ax 1088 432 0
13 0 1072 480 1088 480
13 0 1072 480 1072 704
13 0 992 704 1072 704
13 0 1312 480 1312 704
13 0 1312 704 1440 704
13 0 1088 512 1088 736
13 0 1008 736 1088 736
13 0 1040 704 1072 704
13 2 1040 704 1072 704
13 2 992 704 1040 704
13 0 1056 480 992 480
13 0 992 480 992 704
13 0 1056 480 1072 480
13 0 1072 480 1072 704
13 0 992 608 992 480
13 2 992 480 992 608
13 2 992 608 992 704
13 0 1072 624 1072 480
13 2 1072 480 1072 624
13 2 1072 624 1072 704
13 0 1056 736 1088 736
13 2 1056 736 1088 736
13 2 1008 736 1056 736
13 0 1040 512 1008 512
13 0 1008 512 1008 736
13 0 1040 512 1088 512
13 0 1088 512 1088 736
13 0 1088 672 1088 512
13 2 1088 512 1088 672
13 2 1088 672 1088 736
13 2 1312 704 1440 704
13 2 1632 720 1760 720
13 2 1328 816 1440 816
13 2 1376 848 1440 848
17 0 2
17 0 mux41 1456 400 0
13 0 1424 480 1456 480
13 0 1424 480 1424 704
13 0 1312 704 1424 704
13 0 1648 496 1648 720
13 0 1648 720 1760 720
13 0 1440 592 1456 592
13 0 1440 592 1440 816
13 0 1328 816 1440 816
13 0 1456 624 1456 848
13 0 1376 848 1456 848
13 0 1360 704 1424 704
13 2 1360 704 1424 704
13 2 1312 704 1360 704
13 0 1376 480 1312 480
13 0 1312 480 1312 704
13 0 1376 480 1424 480
13 0 1424 480 1424 704
13 0 1312 560 1312 480
13 2 1312 480 1312 560
13 2 1312 560 1312 704
13 0 1424 560 1424 480
13 2 1424 480 1424 560
13 2 1424 560 1424 704
13 0 1376 816 1440 816
13 2 1376 816 1440 816
13 2 1328 816 1376 816
13 0 1376 592 1328 592
13 0 1328 592 1328 816
13 0 1376 592 1440 592
13 0 1440 592 1440 816
13 0 1440 736 1440 592
13 2 1440 592 1440 736
13 2 1440 736 1440 816
13 0 1408 848 1456 848
13 2 1408 848 1456 848
13 2 1376 848 1408 848
13 0 1456 624 1376 624
13 0 1376 624 1376 848
13 0 1456 624 1456 848
13 0 1456 720 1456 624
13 2 1456 624 1456 720
13 2 1456 720 1456 848
13 2 1648 720 1760 720
13 2 1904 736 2016 736
13 2 1680 752 1760 752
17 0 10
17 0 and2 1776 448 0
13 0 1760 496 1776 496
13 0 1760 496 1760 720
13 0 1648 720 1760 720
13 0 1920 512 1920 736
13 0 1920 736 2016 736
13 0 1776 528 1776 752
13 0 1680 752 1776 752
13 0 1712 720 1760 720
13 2 1712 720 1760 720
13 2 1648 720 1712 720
13 0 1712 496 1648 496
13 0 1648 496 1648 720
13 0 1712 496 1760 496
13 0 1760 496 1760 720
13 0 1648 640 1648 496
13 2 1648 496 1648 640
13 2 1648 640 1648 720
13 0 1760 672 1760 496
13 2 1760 496 1760 672
13 2 1760 672 1760 720
13 0 1744 752 1776 752
13 2 1744 752 1776 752
13 2 1680 752 1744 752
13 0 1760 528 1680 528
13 0 1680 528 1680 752
13 0 1760 528 1776 528
13 0 1776 528 1776 752
13 0 1776 640 1776 528
13 2 1776 528 1776 640
13 2 1776 640 1776 752
13 2 1920 736 2016 736
13 2 2240 736 2448 736
13 2 1936 768 2016 768
17 0 18
17 0 fd1s3ax 2032 464 0
13 0 2016 512 2032 512
13 0 2016 512 2016 736
13 0 1920 736 2016 736
13 0 2256 512 2256 736
13 0 2256 736 2448 736
13 0 2032 544 2032 768
13 0 1936 768 2032 768
13 0 1984 736 2016 736
13 2 1984 736 2016 736
13 2 1920 736 1984 736
13 0 1920 672 1920 512
13 2 1920 512 1920 672
13 2 1920 672 1920 736
13 0 1920 672 1920 736
13 0 1920 512 1920 672
13 0 2016 640 2016 512
13 2 2016 512 2016 640
13 2 2016 640 2016 736
13 0 1920 672 1920 512
13 2 1920 512 1920 672
13 2 1920 672 1920 736
13 0 2016 512 1920 512
13 0 2000 768 2032 768
13 2 2000 768 2032 768
13 2 1936 768 2000 768
13 0 2000 544 1936 544
13 0 1936 544 1936 768
13 0 2000 544 2032 544
13 0 2032 544 2032 768
13 0 2032 640 2032 544
13 2 2032 544 2032 640
13 2 2032 640 2032 768
13 2 2256 736 2448 736
13 2 2640 752 2736 752
13 2 2304 848 2448 848
13 2 2400 880 2448 880
17 0 3
17 0 mux41 2448 432 0
13 0 2416 512 2448 512
13 0 2416 512 2416 736
13 0 2256 736 2416 736
13 0 2640 528 2640 752
13 0 2640 752 2736 752
13 0 2432 624 2448 624
13 0 2432 624 2432 848
13 0 2304 848 2432 848
13 0 2448 656 2448 880
13 0 2400 880 2448 880
13 0 2336 736 2416 736
13 2 2336 736 2416 736
13 2 2256 736 2336 736
13 0 2336 512 2256 512
13 0 2256 512 2256 736
13 0 2336 512 2416 512
13 0 2416 512 2416 736
13 0 2256 640 2256 512
13 2 2256 512 2256 640
13 2 2256 640 2256 736
13 0 2416 672 2416 512
13 2 2416 512 2416 672
13 2 2416 672 2416 736
13 0 2416 672 2416 736
13 0 2416 672 2416 512
13 0 2416 672 2416 512
13 2 2416 512 2416 672
13 2 2416 672 2416 736
13 0 2368 848 2432 848
13 2 2368 848 2432 848
13 2 2304 848 2368 848
13 0 2384 624 2304 624
13 0 2304 624 2304 848
13 0 2384 624 2432 624
13 0 2432 624 2432 848
13 0 2432 720 2432 624
13 2 2432 624 2432 720
13 2 2432 720 2432 848
13 0 2432 880 2448 880
13 2 2432 880 2448 880
13 2 2400 880 2432 880
13 0 2432 656 2400 656
13 0 2400 656 2400 880
13 0 2432 656 2448 656
13 0 2448 656 2448 880
13 0 2448 784 2448 656
13 2 2448 656 2448 784
13 2 2448 784 2448 880
13 2 2640 752 2736 752
13 2 2880 768 2976 768
13 2 2672 784 2736 784
17 0 11
17 0 and2 2736 480 0
13 0 2720 528 2736 528
13 0 2720 528 2720 752
13 0 2640 752 2720 752
13 0 2880 544 2880 768
13 0 2880 768 2976 768
13 0 2736 560 2736 784
13 0 2672 784 2736 784
13 0 2688 752 2720 752
13 2 2688 752 2720 752
13 2 2640 752 2688 752
13 0 2688 528 2640 528
13 0 2640 528 2640 752
13 0 2688 528 2720 528
13 0 2720 528 2720 752
13 0 2640 640 2640 528
13 2 2640 528 2640 640
13 2 2640 640 2640 752
13 0 2720 672 2720 528
13 2 2720 528 2720 672
13 2 2720 672 2720 752
13 0 2704 784 2736 784
13 2 2704 784 2736 784
13 2 2672 784 2704 784
13 0 2704 560 2672 560
13 0 2672 560 2672 784
13 0 2704 560 2736 560
13 0 2736 560 2736 784
13 0 2736 672 2736 560
13 2 2736 560 2736 672
13 2 2736 672 2736 784
13 2 2880 768 2976 768
13 2 3200 768 3280 768
13 2 2928 800 2976 800
17 0 19
17 0 fd1s3ax 2976 528 0
13 0 2960 576 2976 576
13 0 2960 576 2960 768
13 0 2880 768 2960 768
13 0 3200 576 3200 768
13 0 3200 768 3280 768
13 0 2976 608 2976 800
13 0 2928 800 2976 800
13 2 2960 576 2976 576
13 2 2976 608 2976 800
13 2 3200 576 3200 768
17 0 19
17 0 fd1s3ax 2976 496 0
13 0 2976 544 2976 576
13 0 2960 576 2976 576
13 0 2976 576 2976 608
13 0 2976 608 2976 800
13 0 3200 544 3200 608
13 0 3200 624 3200 608
13 0 3200 624 3200 768
13 0 2912 768 2960 768
13 2 2912 768 2960 768
13 2 2880 768 2912 768
13 0 2928 784 2880 784
13 0 2880 784 2880 768
13 0 2928 784 2960 784
13 0 2960 784 2960 768
13 0 2960 656 2960 576
13 2 2960 576 2960 656
13 2 2960 656 2960 784
13 0 2960 656 2960 784
13 0 2960 656 2960 576
13 0 2960 656 2960 576
13 2 2960 576 2960 656
13 2 2960 656 2960 784
13 0 2976 672 2976 576
13 2 2976 576 2976 672
13 2 2976 672 2976 800
13 2 2960 576 2976 576
13 2 2976 544 2976 576
13 0 2912 784 2960 784
13 2 2912 784 2960 784
13 2 2880 784 2912 784
13 0 2912 544 2880 544
13 0 2880 544 2880 784
13 0 2912 544 2960 544
13 0 2960 544 2960 784
13 2 3200 544 3200 768
17 0 19
17 0 fd1s3ax 2960 496 0
13 0 3184 544 3184 608
13 0 3184 608 3200 608
13 0 3200 608 3200 768
13 0 2960 624 2960 576
13 2 2960 576 2960 624
13 2 2960 624 2960 784
13 0 2960 560 2960 544
13 2 2960 544 2960 560
13 2 2960 560 2960 576
13 0 2960 560 2960 576
13 0 2960 560 2960 544
13 0 2960 560 2960 544
13 2 2960 544 2960 560
13 2 2960 560 2960 576
13 0 2880 736 2880 544
13 2 2880 544 2880 736
13 2 2880 736 2880 784
13 0 3248 768 3280 768
13 2 3248 768 3280 768
13 2 3200 768 3248 768
13 0 3264 544 3200 544
13 0 3200 544 3200 768
13 0 3264 544 3280 544
13 0 3280 544 3280 768
13 2 3184 608 3200 608
13 2 3184 544 3184 608
13 0 3184 544 3200 544
13 0 3200 544 3200 608
13 0 3200 576 3200 544
13 2 3200 544 3200 576
13 2 3200 576 3200 768
13 0 2928 928 2928 800
13 2 2928 800 2928 928
13 2 2928 928 2928 1152
13 0 2960 800 2976 800
13 2 2960 800 2976 800
13 2 2928 800 2960 800
13 0 2688 560 2736 560
13 2 2688 560 2736 560
13 2 2672 560 2688 560
13 0 2672 640 2672 560
13 2 2672 560 2672 640
13 2 2672 640 2672 1104
13 0 2400 896 2400 656
13 2 2400 656 2400 896
13 2 2400 896 2400 1056
13 0 2400 896 2400 1056
13 0 2400 896 2400 656
13 0 2400 896 2400 656
13 2 2400 656 2400 896
13 2 2400 896 2400 1056
13 0 2400 896 2400 1056
13 0 2400 896 2400 656
13 0 2400 896 2400 656
13 2 2400 656 2400 896
13 2 2400 896 2400 1056
13 0 2384 880 2384 1056
13 0 2384 1056 2400 1056
13 0 2384 880 2384 656
13 0 2384 656 2400 656
13 0 2384 880 2384 656
13 2 2384 656 2384 880
13 2 2384 880 2384 1056
13 0 784 832 784 864
13 2 784 832 784 864
13 0 1008 832 1008 864
13 2 1008 832 1008 864
13 0 1328 832 1328 864
13 2 1328 832 1328 864
13 0 1376 832 1376 864
13 2 1376 832 1376 864
13 0 1680 832 1680 864
13 2 1680 832 1680 864
13 0 1936 832 1936 864
13 2 1936 832 1936 864
13 0 2304 832 2304 864
13 2 2304 832 2304 864
13 0 448 640 448 960
13 2 448 640 448 960
13 0 496 640 496 960
13 2 496 640 496 960
13 0 784 640 784 832
13 2 784 640 784 832
13 0 784 864 784 960
13 2 784 864 784 960
13 0 1008 640 1008 832
13 2 1008 640 1008 832
13 0 1008 864 1008 960
13 2 1008 864 1008 960
13 0 1328 640 1328 832
13 2 1328 640 1328 832
13 0 1328 864 1328 960
13 2 1328 864 1328 960
13 0 1376 640 1376 832
13 2 1376 640 1376 832
13 0 1376 864 1376 960
13 2 1376 864 1376 960
13 0 1680 640 1680 832
13 2 1680 640 1680 832
13 0 1680 864 1680 960
13 2 1680 864 1680 960
13 0 1936 640 1936 832
13 2 1936 640 1936 832
13 0 1936 864 1936 960
13 2 1936 864 1936 960
13 0 2304 640 2304 832
13 2 2304 640 2304 832
13 0 2304 864 2304 960
13 2 2304 864 2304 960
13 0 448 976 448 960
13 2 448 960 448 976
13 2 448 976 448 1008
13 0 496 992 496 960
13 2 496 960 496 992
13 2 496 992 496 1056
13 0 784 976 784 960
13 2 784 960 784 976
13 2 784 976 784 1104
13 0 1008 976 1008 960
13 2 1008 960 1008 976
13 2 1008 976 1008 1152
13 0 1008 976 1008 1152
13 0 1008 976 1008 960
13 0 1328 976 1328 960
13 2 1328 960 1328 976
13 2 1328 976 1328 1008
13 0 1008 976 1008 960
13 2 1008 960 1008 976
13 2 1008 976 1008 1152
13 0 1008 976 1008 1152
13 0 1008 976 1008 960
13 0 1376 976 1376 960
13 2 1376 960 1376 976
13 2 1376 976 1376 1056
13 0 1680 992 1680 960
13 2 1680 960 1680 992
13 2 1680 992 1680 1104
13 0 1936 992 1936 960
13 2 1936 960 1936 992
13 2 1936 992 1936 1152
13 0 1008 976 1008 960
13 2 1008 960 1008 976
13 2 1008 976 1008 1152
13 0 2304 976 2304 960
13 2 2304 960 2304 976
13 2 2304 976 2304 1008
13 0 1792 1008 2304 1008
13 2 1792 1008 2304 1008
13 2 208 1008 1792 1008
13 0 1792 752 208 752
13 0 208 752 208 1008
13 0 1792 752 2304 752
13 0 2304 752 2304 1008
13 0 2304 848 2304 752
13 2 2304 752 2304 848
13 2 2304 848 2304 1008
13 0 208 880 208 752
13 2 208 752 208 880
13 2 208 880 208 1008
13 0 592 1056 2400 1056
13 2 592 1056 2400 1056
13 2 208 1056 592 1056
13 0 576 800 208 800
13 0 208 800 208 1056
13 0 576 800 2400 800
13 0 2400 800 2400 1056
13 0 208 912 208 800
13 2 208 800 208 912
13 2 208 912 208 1056
13 0 2400 928 2400 800
13 2 2400 800 2400 928
13 2 2400 928 2400 1056
13 0 1120 1104 2672 1104
13 2 1120 1104 2672 1104
13 2 208 1104 1120 1104
13 0 1104 848 208 848
13 0 208 848 208 1104
13 0 1104 848 2672 848
13 0 2672 848 2672 1104
13 0 2672 944 2672 848
13 2 2672 848 2672 944
13 2 2672 944 2672 1104
13 0 208 976 208 848
13 2 208 848 208 976
13 2 208 976 208 1104
13 0 720 1152 2928 1152
13 2 720 1152 2928 1152
13 2 208 1152 720 1152
13 0 720 896 208 896
13 0 208 896 208 1152
13 0 720 896 2928 896
13 0 2928 896 2928 1152
13 0 208 1008 208 896
13 2 208 896 208 1008
13 2 208 1008 208 1152
13 0 2928 992 2928 896
13 2 2928 896 2928 992
13 2 2928 992 2928 1152
13 2 992 1968 1088 1968
13 2 1312 1968 1376 1968
13 2 1024 2000 1088 2000
17 0 24
17 0 fd1s3ax 1088 1968 0
13 0 1088 2016 1088 1968
13 0 992 1968 1088 1968
13 0 1312 2016 1312 1968
13 0 1312 1968 1376 1968
13 0 1072 2048 1088 2048
13 0 1072 2048 1072 2000
13 0 1024 2000 1072 2000
13 2 1376 1968 1488 1968
13 2 1680 1984 1792 1984
13 2 1392 2080 1488 2080
13 2 1440 2112 1488 2112
17 0 8
17 0 mux41 1488 1936 0
13 0 1488 2016 1488 1968
13 0 1488 1968 1488 1984
13 0 1488 1984 1488 2016
13 0 1376 1968 1488 1968
13 0 1680 2032 1680 1984
13 0 1680 1984 1792 1984
13 0 1472 2128 1488 2128
13 0 1472 2128 1472 2080
13 0 1392 2080 1472 2080
13 0 1456 2160 1488 2160
13 0 1456 2160 1456 2112
13 0 1440 2112 1456 2112
13 2 1440 2112 1456 2112
13 2 1456 2112 1456 2160
13 2 1456 2160 1488 2160
13 2 1392 2080 1472 2080
13 2 1472 2080 1472 2128
13 2 1472 2128 1488 2128
13 2 1680 1984 1792 1984
13 2 1680 1984 1680 2032
13 2 1376 1968 1488 1968
13 2 1488 1984 1488 2016
13 2 1488 1968 1488 1984
17 0 8
17 0 mux41 1488 1888 0
13 0 1440 2112 1488 2112
13 0 1392 2080 1488 2080
13 0 1680 1984 1792 1984
13 0 1376 1968 1488 1968
13 0 544 2112 544 2080
13 2 544 2080 544 2112
13 2 544 2112 544 2224
13 0 496 2128 496 2048
13 2 496 2048 496 2128
13 2 496 2128 496 2192
13 0 784 2112 784 1984
13 2 784 1984 784 2112
13 2 784 2112 784 2272
13 0 1024 2112 1024 2000
13 2 1024 2000 1024 2112
13 2 1024 2112 1024 2320
13 0 1392 2128 1392 2080
13 2 1392 2080 1392 2128
13 2 1392 2128 1392 2192
13 0 1440 2160 1440 2112
13 2 1440 2112 1440 2160
13 2 1440 2160 1440 2224
13 0 1408 1968 1488 1968
13 2 1408 1968 1488 1968
13 2 1376 1968 1408 1968
13 0 1376 1936 1376 1824
13 2 1376 1824 1376 1936
13 2 1376 1936 1376 1968
13 0 1344 1968 1376 1968
13 2 1344 1968 1376 1968
13 2 1312 1968 1344 1968
13 0 1728 2048 1728 2016
13 2 1728 2016 1728 2048
13 2 1728 2048 1728 2272
13 2 752 1952 848 1952
13 2 496 2048 560 2048
13 2 544 2080 560 2080
17 0 7
17 0 mux41 576 1904 0
13 0 768 2000 768 1952
13 0 768 1952 848 1952
13 0 576 2096 576 2048
13 0 496 2048 576 2048
13 0 560 2128 576 2128
13 0 560 2128 560 2080
13 0 544 2080 560 2080
13 0 528 2048 576 2048
13 2 528 2048 576 2048
13 2 496 2048 528 2048
13 0 576 2064 576 2048
13 2 576 2048 576 2064
13 2 576 2064 576 2096
13 0 560 2112 560 2080
13 2 560 2080 560 2112
13 2 560 2112 560 2128
13 2 544 2080 560 2080
13 2 784 1984 848 1984
13 2 768 1952 848 1952
13 2 992 1968 1088 1968
17 0 15
17 0 and2 848 1952 0
13 0 848 2000 848 1952
13 0 768 1952 848 1952
13 0 992 2016 992 1968
13 0 992 1968 1088 1968
13 0 816 1952 848 1952
13 2 816 1952 848 1952
13 2 768 1952 816 1952
13 0 816 2000 768 2000
13 0 768 2000 768 1952
13 0 816 2000 848 2000
13 0 848 2000 848 1952
13 0 848 1984 848 1952
13 2 848 1952 848 1984
13 2 848 1984 848 2000
13 0 768 1968 768 1952
13 2 768 1952 768 1968
13 2 768 1968 768 2000
13 0 1040 2000 1072 2000
13 2 1040 2000 1072 2000
13 2 1024 2000 1040 2000
13 0 1072 2016 1072 2000
13 2 1072 2000 1072 2016
13 2 1072 2016 1072 2048
13 0 1040 1968 1088 1968
13 2 1040 1968 1088 1968
13 2 992 1968 1040 1968
13 0 1040 2016 992 2016
13 0 992 2016 992 1968
13 0 1040 2016 1088 2016
13 0 1088 2016 1088 1968
13 0 992 1984 992 1968
13 2 992 1968 992 1984
13 2 992 1984 992 2016
13 0 1088 1984 1088 1968
13 2 1088 1968 1088 1984
13 2 1088 1984 1088 2016
13 2 1680 1984 1792 1984
13 2 1392 2080 1488 2080
13 2 1440 2112 1488 2112
17 0 8
17 0 mux41 1488 1936 0
13 0 1680 2032 1680 1984
13 0 1680 1984 1792 1984
13 0 1488 2128 1488 2080
13 0 1392 2080 1488 2080
13 0 1472 2160 1488 2160
13 0 1472 2160 1472 2112
13 0 1440 2112 1472 2112
13 0 1760 2016 1792 2016
13 2 1760 2016 1792 2016
13 2 1728 2016 1760 2016
13 2 1680 1984 1792 1984
13 2 1936 2000 2048 2000
17 0 16
17 0 and2 1792 1984 0
13 0 1792 2032 1792 1984
13 0 1680 1984 1792 1984
13 0 1936 2048 1936 2000
13 0 1936 2000 2048 2000
13 0 1712 1984 1792 1984
13 2 1712 1984 1792 1984
13 2 1680 1984 1712 1984
13 0 1728 2032 1680 2032
13 0 1680 2032 1680 1984
13 0 1728 2032 1792 2032
13 0 1792 2032 1792 1984
13 0 1680 2016 1680 1984
13 2 1680 1984 1680 2016
13 2 1680 2016 1680 2032
13 0 1792 2000 1792 1984
13 2 1792 1984 1792 2000
13 2 1792 2000 1792 2032
13 0 1792 2000 1792 2032
13 0 1792 2000 1792 1984
13 0 1792 2000 1792 1984
13 2 1792 1984 1792 2000
13 2 1792 2000 1792 2032
13 0 1968 2064 1968 2032
13 2 1968 2032 1968 2064
13 2 1968 2064 1968 2320
13 0 1984 2000 2048 2000
13 2 1984 2000 2048 2000
13 2 1936 2000 1984 2000
13 0 2000 2032 2048 2032
13 2 2000 2032 2048 2032
13 2 1968 2032 2000 2032
13 2 2272 2000 2496 2000
17 0 23
17 0 fd1s3ax 2048 2000 0
13 0 2272 2048 2272 2000
13 0 2272 2000 2496 2000
13 0 1936 2016 1936 2000
13 2 1936 2000 1936 2016
13 2 1936 2016 1936 2048
13 0 1936 2016 1936 2048
13 0 1936 2016 1936 2000
13 0 1936 2016 1936 2000
13 2 1936 2000 1936 2016
13 2 1936 2016 1936 2048
13 0 2336 2000 2496 2000
13 2 2336 2000 2496 2000
13 2 2272 2000 2336 2000
13 0 2336 2048 2272 2048
13 0 2272 2048 2272 2000
13 0 2336 2048 2496 2048
13 0 2496 2048 2496 2000
13 0 2272 2016 2272 2000
13 2 2272 2000 2272 2016
13 2 2272 2016 2272 2048
13 0 1440 2080 1488 2080
13 2 1440 2080 1488 2080
13 2 1392 2080 1440 2080
13 0 1488 2096 1488 2080
13 2 1488 2080 1488 2096
13 2 1488 2096 1488 2128
13 0 1456 2112 1472 2112
13 2 1456 2112 1472 2112
13 2 1440 2112 1456 2112
13 0 1472 2144 1472 2112
13 2 1472 2112 1472 2144
13 2 1472 2144 1472 2160
13 0 1312 1984 1312 1968
13 2 1312 1968 1312 1984
13 2 1312 1984 1312 2016
13 0 1312 2016 1488 2016
13 0 1936 2048 2048 2048
13 0 896 2320 1968 2320
13 2 896 2320 1968 2320
13 2 432 2320 896 2320
13 0 896 2384 432 2384
13 0 432 2384 432 2320
13 0 896 2384 1968 2384
13 0 1968 2384 1968 2320
13 0 896 2272 1728 2272
13 2 896 2272 1728 2272
13 2 384 2272 896 2272
13 0 896 2336 384 2336
13 0 384 2336 384 2272
13 0 896 2336 1728 2336
13 0 1728 2336 1728 2272
13 0 896 2224 1440 2224
13 2 896 2224 1440 2224
13 2 336 2224 896 2224
13 0 896 2288 336 2288
13 0 336 2288 336 2224
13 0 896 2288 1440 2288
13 0 1440 2288 1440 2224
13 0 896 2192 1392 2192
13 2 896 2192 1392 2192
13 2 288 2192 896 2192
13 0 896 2240 288 2240
13 0 288 2240 288 2192
13 0 896 2240 1392 2240
13 0 1392 2240 1392 2192
13 0 1392 2208 1392 2192
13 2 1392 2192 1392 2208
13 2 1392 2208 1392 2240
13 0 1440 2256 1440 2224
13 2 1440 2224 1440 2256
13 2 1440 2256 1440 2288
13 0 1728 2288 1728 2272
13 2 1728 2272 1728 2288
13 2 1728 2288 1728 2336
13 0 1968 2336 1968 2320
13 2 1968 2320 1968 2336
13 2 1968 2336 1968 2384
13 0 2048 2080 1984 2080
13 0 1984 2080 1984 2384
13 0 1984 2384 1968 2384
13 0 1728 2336 1728 2064
13 0 1728 2064 1792 2064
13 0 1440 2160 1440 2288
13 0 1472 2160 1440 2160
13 0 1392 2240 1392 2128
13 0 1392 2128 1488 2128
13 0 1072 2048 1024 2048
13 0 1024 2048 1024 2384
13 0 848 2032 800 2032
13 0 800 2032 800 2336
13 0 560 2128 544 2128
13 0 544 2128 544 2240
13 0 576 2096 496 2096
13 0 496 2096 496 2240
13 0 544 2208 544 2128
13 2 544 2128 544 2208
13 2 544 2208 544 2240
13 0 544 2128 544 2288
13 0 1376 2016 1376 1824
13 0 2960 576 2896 576
13 0 2896 576 2896 896
13 0 2896 896 2912 896
13 2 2896 896 2928 896
13 0 2736 560 2672 560
13 0 2672 560 2672 848
13 0 2672 848 2688 848
13 2 2672 848 2688 848
13 0 2384 656 2384 800
13 2 2384 800 2400 800
13 0 2400 800 2384 800
13 2 2384 800 2400 800
13 0 2304 640 2304 752
13 0 1936 640 1936 896
13 0 1680 640 1680 848
13 0 1376 640 1376 800
13 0 1328 640 1328 752
13 0 1008 640 1008 896
13 0 784 640 784 848
13 0 496 640 496 800
13 0 448 640 448 752
13 0 432 1744 432 896
13 0 384 1696 384 848
13 0 336 1664 336 800
13 0 288 1600 288 752
13 0 288 752 304 752
13 5 208 752 A0
13 5 208 800 A1
13 5 208 848 reset
13 5 208 896 clock
13 5 2496 1824 Q0
13 5 1376 1824 Q1
13 0 1488 2048 1440 2048
13 0 1440 2048 1440 1824
13 2 1440 1824 1440 2048
13 2 1440 2048 1488 2048
13 0 1488 2048 1456 2048
13 0 1456 2048 1424 2048
13 0 1424 2048 1424 1824
13 0 1376 1968 1376 1824
13 2 1376 1824 1376 1968
13 2 1376 1968 1376 2016
13 0 1344 1968 1344 2016
13 0 1344 2016 1376 2016
13 0 1344 1968 1344 1824
13 0 1344 1824 1376 1824
13 0 1360 1824 1376 1824
13 2 1360 1824 1376 1824
13 2 1344 1824 1360 1824
13 7 1376 1824
13 5 1344 1824 Q1
13 8 1376 1824 0
13 8 1344 1824 0
13 0 1488 2080 1376 2080
13 0 1376 2080 1376 1824
13 0 1344 1920 1344 1824
13 2 1344 1824 1344 1920
13 2 1344 1920 1344 2016
13 0 1328 1920 1328 2016
13 0 1328 2016 1344 2016
13 0 1328 1920 1328 1824
13 0 1328 1824 1344 1824
13 2 1328 1824 1344 1824
13 7 1344 1824
13 8 1344 1824 0
13 0 1488 1984 1456 1984
13 0 1456 1984 1456 1888
13 0 1456 1888 2496 1888
13 0 1328 1824 1328 1792
13 0 1376 1824 1376 1792
13 0 1424 1824 1424 1792
13 0 576 1952 544 1952
13 0 544 1952 544 1856
13 0 544 1856 1328 1856
13 0 2928 1744 2928 2416
13 0 2928 2416 464 2416
13 0 464 2416 464 2016
13 0 464 2016 576 2016
13 0 512 2016 576 2016
13 2 512 2016 576 2016
13 2 464 2016 512 2016
13 0 576 1984 464 1984
13 0 464 1984 464 2016
13 2 1936 2048 2048 2048
13 2 2272 2048 2496 2048
13 2 1984 2080 2048 2080
17 0 23
17 0 fd1s3ax 2048 2064 0
13 0 2048 2112 2048 2048
13 0 1936 2048 2048 2048
13 0 2272 2112 2272 2048
13 0 2272 2048 2496 2048
13 0 2032 2144 2048 2144
13 0 2032 2144 2032 2080
13 0 1984 2080 2032 2080
13 0 2000 2080 2032 2080
13 2 2000 2080 2032 2080
13 2 1984 2080 2000 2080
13 0 2000 2144 1984 2144
13 0 1984 2144 1984 2080
13 0 2000 2144 2032 2144
13 0 2032 2144 2032 2080
13 0 1984 2128 1984 2080
13 2 1984 2080 1984 2128
13 2 1984 2128 1984 2144
13 0 2032 2112 2032 2080
13 2 2032 2080 2032 2112
13 2 2032 2112 2032 2144
13 0 2000 2048 2048 2048
13 2 2000 2048 2048 2048
13 2 1936 2048 2000 2048
13 0 2000 2112 1936 2112
13 0 1936 2112 1936 2048
13 0 2000 2112 2048 2112
13 0 2048 2112 2048 2048
13 0 2048 2080 2048 2048
13 2 2048 2048 2048 2080
13 2 2048 2080 2048 2112
13 2 1680 2032 1792 2032
13 2 1728 2064 1792 2064
13 2 1936 2048 1936 2112
17 0 16
17 0 and2 1792 2000 0
13 0 1792 2048 1792 2032
13 0 1680 2032 1792 2032
13 0 1776 2080 1792 2080
13 0 1776 2080 1776 2064
13 0 1728 2064 1776 2064
13 0 1936 2064 1936 2096
13 0 1936 2096 1936 2112
13 2 1680 2032 1792 2032
13 2 1776 2080 1792 2080
13 2 1792 2032 1792 2048
13 2 1936 2064 1936 2112
17 0 16
17 0 and2 1808 2032 0
13 0 1808 2064 1808 2032
13 0 1680 2032 1808 2032
13 0 1792 2112 1808 2112
13 0 1792 2112 1792 2080
13 0 1776 2080 1792 2080
13 0 1808 2064 1808 2080
13 0 1952 2096 1952 2128
13 0 1952 2128 1936 2128
13 0 1936 2128 1936 2112
13 0 1968 2112 2048 2112
13 2 1968 2112 2048 2112
13 2 1936 2112 1968 2112
13 0 1968 2112 1936 2112
13 0 1968 2112 2048 2112
13 2 1936 2128 1952 2128
13 2 1936 2112 1936 2128
13 0 1936 2128 1936 2112
13 0 1936 2128 1952 2128
13 2 1936 2128 1952 2128
13 2 1952 2096 1952 2128
13 2 1936 2112 1936 2128
13 0 1952 2112 2048 2112
13 2 1952 2112 2048 2112
13 2 1936 2112 1952 2112
13 2 1792 2112 1808 2112
13 2 1808 2032 1808 2080
17 0 16
17 0 and2 1808 2032 0
13 0 1792 2112 1808 2112
13 0 1808 2064 1808 2080
13 0 1808 2032 1808 2064
13 0 1808 2064 1808 2032
13 2 1808 2032 1808 2064
13 2 1808 2064 1808 2080
13 2 1776 2080 1792 2080
13 2 1792 2080 1792 2112
13 2 1792 2112 1808 2112
13 0 1776 2032 1808 2032
13 2 1776 2032 1808 2032
13 2 1680 2032 1776 2032
13 0 1760 2064 1776 2064
13 2 1760 2064 1776 2064
13 2 1728 2064 1760 2064
13 2 1776 2064 1776 2080
13 0 1728 2096 1728 2064
13 2 1728 2064 1728 2096
13 2 1728 2096 1728 2336
13 2 1456 1984 1488 1984
13 2 1328 2016 1488 2016
13 2 1424 2048 1488 2048
13 2 1376 2080 1488 2080
13 2 1392 2128 1488 2128
13 2 1440 2160 1488 2160
17 0 8
17 0 mux41 1552 1936 0
13 0 1456 1984 1552 1984
13 0 1536 2016 1552 2016
13 0 1328 2016 1536 2016
13 0 1520 2048 1552 2048
13 0 1424 2048 1520 2048
13 0 1504 2080 1552 2080
13 0 1376 2080 1504 2080
13 0 1488 2128 1552 2128
13 0 1392 2128 1488 2128
13 0 1472 2160 1552 2160
13 0 1440 2160 1472 2160
13 0 1440 2160 1472 2160
13 2 1440 2160 1472 2160
13 2 1472 2160 1552 2160
13 0 1392 2128 1488 2128
13 2 1392 2128 1488 2128
13 2 1488 2128 1552 2128
13 0 1376 2080 1504 2080
13 2 1376 2080 1504 2080
13 2 1504 2080 1552 2080
13 0 1424 2048 1520 2048
13 2 1424 2048 1520 2048
13 2 1520 2048 1552 2048
13 0 1328 2016 1536 2016
13 2 1328 2016 1536 2016
13 2 1536 2016 1552 2016
13 2 1456 1984 1552 1984
17 0 8
17 0 mux41 1488 1936 0
13 0 1440 2160 1488 2160
13 0 1392 2128 1488 2128
13 0 1376 2080 1488 2080
13 0 1424 2048 1488 2048
13 0 1328 2016 1488 2016
13 0 1456 1984 1488 1984
13 2 1456 1984 1488 1984
13 2 1328 2016 1488 2016
13 2 1424 2048 1488 2048
13 2 1376 2080 1488 2080
13 2 1392 2128 1488 2128
13 2 1440 2160 1488 2160
17 0 8
17 0 mux41 1552 1968 0
13 0 1552 2016 1552 1984
13 0 1456 1984 1552 1984
13 0 1536 2048 1552 2048
13 0 1536 2048 1536 2016
13 0 1328 2016 1536 2016
13 0 1520 2080 1552 2080
13 0 1520 2080 1520 2048
13 0 1424 2048 1520 2048
13 0 1504 2112 1552 2112
13 0 1504 2112 1504 2080
13 0 1376 2080 1504 2080
13 0 1488 2160 1552 2160
13 0 1488 2160 1488 2128
13 0 1392 2128 1488 2128
13 0 1472 2192 1552 2192
13 0 1472 2192 1472 2160
13 0 1440 2160 1472 2160
13 2 1440 2160 1472 2160
13 2 1472 2160 1472 2192
13 2 1472 2192 1552 2192
13 2 1392 2128 1488 2128
13 2 1488 2128 1488 2160
13 2 1488 2160 1552 2160
13 2 1376 2080 1504 2080
13 2 1504 2080 1504 2112
13 2 1504 2112 1552 2112
13 2 1424 2048 1520 2048
13 2 1520 2048 1520 2080
13 2 1520 2080 1552 2080
13 2 1328 2016 1536 2016
13 2 1536 2016 1536 2048
13 2 1536 2048 1552 2048
13 2 1456 1984 1552 1984
13 2 1552 1984 1552 2016
17 0 8
17 0 mux41 1488 1936 0
13 0 1440 2160 1488 2160
13 0 1392 2128 1488 2128
13 0 1376 2080 1488 2080
13 0 1424 2048 1488 2048
13 0 1328 2016 1488 2016
13 0 1456 1984 1488 1984
13 0 1440 2048 1488 2048
13 2 1440 2048 1488 2048
13 2 1424 2048 1440 2048
13 0 1440 2080 1488 2080
13 2 1440 2080 1488 2080
13 2 1376 2080 1440 2080
13 0 1472 2016 1488 2016
13 2 1472 2016 1488 2016
13 2 1328 2016 1472 2016
13 0 1472 1984 1488 1984
13 2 1472 1984 1488 1984
13 2 1456 1984 1472 1984
13 0 1472 1984 1456 1984
13 0 1472 1984 1488 1984
13 0 1472 1984 1488 1984
13 2 1472 1984 1488 1984
13 2 1456 1984 1472 1984
13 0 1456 2128 1488 2128
13 2 1456 2128 1488 2128
13 2 1392 2128 1456 2128
13 0 1472 2160 1488 2160
13 2 1472 2160 1488 2160
13 2 1440 2160 1472 2160
13 0 1472 2160 1440 2160
13 0 1472 2160 1488 2160
13 0 1472 2160 1488 2160
13 2 1472 2160 1488 2160
13 2 1440 2160 1472 2160
17 0 8
17 0 mux41 1488 1984 0
13 2 992 2016 1088 2016
13 2 1312 2016 1328 2016
13 2 1024 2048 1088 2048
17 0 24
17 0 fd1s3ax 1088 2016 0
13 0 1088 2064 1088 2016
13 0 992 2016 1088 2016
13 0 1312 2064 1312 2016
13 0 1312 2016 1328 2016
13 0 1072 2096 1088 2096
13 0 1072 2096 1072 2048
13 0 1024 2048 1072 2048
13 0 1312 2032 1312 2016
13 2 1312 2016 1312 2032
13 2 1312 2032 1312 2064
13 2 1312 2016 1328 2016
13 0 1056 2048 1072 2048
13 2 1056 2048 1072 2048
13 2 1024 2048 1056 2048
13 0 1056 2096 1024 2096
13 0 1024 2096 1024 2048
13 0 1056 2096 1072 2096
13 0 1072 2096 1072 2048
13 0 1072 2080 1072 2048
13 2 1072 2048 1072 2080
13 2 1072 2080 1072 2096
13 0 1024 2080 1024 2048
13 2 1024 2048 1024 2080
13 2 1024 2080 1024 2096
13 0 1024 2080 1024 2096
13 0 1024 2080 1024 2048
13 0 1024 2064 1024 2048
13 2 1024 2048 1024 2064
13 2 1024 2064 1024 2096
13 0 1056 2016 1088 2016
13 2 1056 2016 1088 2016
13 2 992 2016 1056 2016
13 0 1056 2064 992 2064
13 0 992 2064 992 2016
13 0 1056 2064 1088 2064
13 0 1088 2064 1088 2016
13 2 768 2000 848 2000
13 2 800 2032 848 2032
13 2 992 2016 992 2064
17 0 15
17 0 and2 848 2000 0
13 0 848 2048 848 2000
13 0 768 2000 848 2000
13 0 832 2080 848 2080
13 0 832 2080 832 2032
13 0 800 2032 832 2032
13 0 992 2064 992 2096
13 0 992 2096 992 2064
13 0 992 2080 992 2064
13 2 992 2064 992 2080
13 2 992 2080 992 2096
13 0 1088 2032 1088 2016
13 2 1088 2016 1088 2032
13 2 1088 2032 1088 2064
13 0 816 2032 832 2032
13 2 816 2032 832 2032
13 2 800 2032 816 2032
13 0 816 2080 800 2080
13 0 800 2080 800 2032
13 0 816 2080 832 2080
13 0 832 2080 832 2032
13 0 832 2064 832 2032
13 2 832 2032 832 2064
13 2 832 2064 832 2080
13 0 800 2048 800 2032
13 2 800 2032 800 2048
13 2 800 2048 800 2080
13 2 544 1952 576 1952
13 2 464 1984 576 1984
13 2 768 2000 848 2000
13 2 496 2096 576 2096
13 2 544 2128 576 2128
17 0 7
17 0 mux41 608 1920 0
13 0 608 1968 608 1952
13 0 544 1952 608 1952
13 0 592 2000 608 2000
13 0 592 2000 592 1984
13 0 464 1984 592 1984
13 0 800 2016 800 2000
13 0 800 2000 848 2000
13 0 576 2112 608 2112
13 0 576 2112 576 2096
13 0 496 2096 576 2096
13 0 560 2144 608 2144
13 0 560 2144 560 2128
13 0 544 2128 560 2128
13 2 544 2128 560 2128
13 2 560 2128 560 2144
13 2 560 2144 608 2144
13 2 496 2096 576 2096
13 2 576 2096 576 2112
13 2 576 2112 608 2112
13 2 800 2000 848 2000
13 2 800 2000 800 2016
13 2 464 1984 592 1984
13 2 592 1984 592 2000
13 2 592 2000 608 2000
13 2 544 1952 608 1952
13 2 608 1952 608 1968
17 0 7
17 0 mux41 576 1904 0
13 0 544 2128 576 2128
13 0 496 2096 576 2096
13 0 768 2000 848 2000
13 0 464 1984 576 1984
13 0 544 1952 576 1952
13 0 816 2000 848 2000
13 2 816 2000 848 2000
13 2 768 2000 816 2000
13 0 560 1984 576 1984
13 2 560 1984 576 1984
13 2 464 1984 560 1984
13 0 560 1952 576 1952
13 2 560 1952 576 1952
13 2 544 1952 560 1952
13 0 544 2096 576 2096
13 2 544 2096 576 2096
13 2 496 2096 544 2096
13 0 544 2160 544 2128
13 2 544 2128 544 2160
13 2 544 2160 544 2288
13 2 544 2128 576 2128
17 0 7
17 0 mux41 576 1952 0
13 0 576 2176 576 2128
13 0 576 2128 576 2144
13 0 576 2144 576 2176
13 0 544 2128 576 2128
13 0 960 2416 2928 2416
13 2 960 2416 2928 2416
13 2 464 2416 960 2416
13 0 960 2464 464 2464
13 0 464 2464 464 2416
13 0 960 2464 2928 2464
13 0 2928 2464 2928 2416
13 0 864 2384 1024 2384
13 2 864 2384 1024 2384
13 2 432 2384 864 2384
13 0 864 2432 432 2432
13 0 432 2432 432 2384
13 0 864 2432 1024 2432
13 0 1024 2432 1024 2384
13 0 1088 2384 1984 2384
13 2 1088 2384 1984 2384
13 2 1024 2384 1088 2384
13 0 1088 2432 1024 2432
13 0 1024 2432 1024 2384
13 0 1088 2432 1984 2432
13 0 1984 2432 1984 2384
13 0 928 2336 1728 2336
13 2 928 2336 1728 2336
13 2 800 2336 928 2336
13 0 912 2384 800 2384
13 0 800 2384 800 2336
13 0 912 2384 1728 2384
13 0 1728 2384 1728 2336
13 0 912 2432 1024 2432
13 2 912 2432 1024 2432
13 2 432 2432 912 2432
13 0 912 2416 432 2416
13 0 432 2416 432 2432
13 0 912 2416 1024 2416
13 0 1024 2416 1024 2432
13 0 1056 2432 1984 2432
13 2 1056 2432 1984 2432
13 2 1024 2432 1056 2432
13 0 1056 2416 1024 2416
13 0 1024 2416 1024 2432
13 0 1056 2416 1984 2416
13 0 1984 2416 1984 2432
13 0 1088 2384 1728 2384
13 2 1088 2384 1728 2384
13 2 800 2384 1088 2384
13 0 1088 2368 800 2368
13 0 800 2368 800 2384
13 0 1088 2368 1728 2368
13 0 1728 2368 1728 2384
13 2 1728 2368 1728 2384
13 2 800 2368 800 2384
13 2 432 2416 432 2432
13 2 1024 2416 1024 2432
13 2 1984 2416 1984 2432
13 0 736 2336 800 2336
13 2 736 2336 800 2336
13 2 384 2336 736 2336
13 0 736 2368 384 2368
13 0 384 2368 384 2336
13 0 736 2368 800 2368
13 0 800 2368 800 2336
13 0 656 2288 1440 2288
13 2 656 2288 1440 2288
13 2 336 2288 656 2288
13 0 656 2320 336 2320
13 0 336 2320 336 2288
13 0 656 2320 1440 2320
13 0 1440 2320 1440 2288
13 0 1296 2240 1392 2240
13 2 1296 2240 1392 2240
13 2 496 2240 1296 2240
13 0 1280 2272 496 2272
13 0 496 2272 496 2240
13 0 1280 2272 1392 2272
13 0 1392 2272 1392 2240
13 0 400 2240 496 2240
13 2 400 2240 496 2240
13 2 288 2240 400 2240
13 0 400 2272 288 2272
13 0 288 2272 288 2240
13 0 400 2272 496 2272
13 0 496 2272 496 2240
13 2 544 2128 576 2128
13 0 576 2160 576 2144
13 2 576 2144 576 2160
13 2 576 2160 576 2176
13 2 576 2128 576 2144
13 0 848 2016 848 2000
13 2 848 2000 848 2016
13 2 848 2016 848 2048
17 0 16
17 0 and2 1808 2048 0
17 0 8
17 0 mux41 1488 2000 0
13 2 992 2064 1088 2064
13 2 1024 2096 1088 2096
17 0 24
17 0 fd1s3ax 1088 2032 0
13 0 1088 2080 1088 2064
13 0 992 2064 1088 2064
13 0 1072 2112 1088 2112
13 0 1072 2112 1072 2096
13 0 1024 2096 1072 2096
13 0 1056 2096 1072 2096
13 2 1056 2096 1072 2096
13 2 1024 2096 1056 2096
13 0 1056 2112 1024 2112
13 0 1024 2112 1024 2096
13 0 1056 2112 1072 2112
13 0 1072 2112 1072 2096
13 2 1072 2096 1072 2112
13 2 1024 2096 1024 2112
13 2 992 2064 1088 2064
13 2 800 2080 848 2080
17 0 15
17 0 and2 848 2016 0
13 0 992 2080 992 2064
13 0 992 2064 1088 2064
13 0 848 2096 848 2080
13 0 800 2080 848 2080
13 0 1008 2064 1088 2064
13 2 1008 2064 1088 2064
13 2 992 2064 1008 2064
13 0 1008 2080 992 2080
13 0 992 2080 992 2064
13 0 1008 2080 1088 2080
13 0 1088 2080 1088 2064
13 2 992 2064 992 2080
13 0 992 2064 992 2080
13 2 992 2064 992 2080
13 2 1088 2064 1088 2080
13 0 816 2080 848 2080
13 2 816 2080 848 2080
13 2 800 2080 816 2080
13 0 816 2096 800 2096
13 0 800 2096 800 2080
13 0 816 2096 848 2096
13 0 848 2096 848 2080
13 2 800 2080 800 2096
13 2 848 2080 848 2096
17 0 7
17 0 mux41 576 1968 0
13 0 1248 2464 2928 2464
13 2 1248 2464 2928 2464
13 2 464 2464 1248 2464
13 0 1232 2496 464 2496
13 0 464 2496 464 2464
13 0 1232 2496 2928 2496
13 0 2928 2496 2928 2464
13 0 1232 2416 1984 2416
13 2 1232 2416 1984 2416
13 2 1024 2416 1232 2416
13 0 1216 2448 1024 2448
13 0 1024 2448 1024 2416
13 0 1216 2448 1984 2448
13 0 1984 2448 1984 2416
13 2 432 2416 1024 2416
13 0 880 2464 880 2416
13 0 432 2416 880 2416
13 0 880 2464 880 2416
13 0 880 2416 1024 2416
13 2 880 2416 1024 2416
13 2 432 2416 880 2416
13 2 880 2416 880 2464
13 0 432 2416 1024 2416
13 0 880 2416 1024 2416
13 2 880 2416 1024 2416
13 2 432 2416 880 2416
13 0 880 2448 432 2448
13 0 432 2448 432 2416
13 0 880 2448 1024 2448
13 0 1024 2448 1024 2416
13 0 880 2368 1728 2368
13 2 880 2368 1728 2368
13 2 800 2368 880 2368
13 0 880 2400 800 2400
13 0 800 2400 800 2368
13 0 880 2400 1728 2400
13 0 1728 2400 1728 2368
13 0 688 2368 800 2368
13 2 688 2368 800 2368
13 2 384 2368 688 2368
13 0 688 2400 384 2400
13 0 384 2400 384 2368
13 0 688 2400 800 2400
13 0 800 2400 800 2368
13 0 896 2320 1440 2320
13 2 896 2320 1440 2320
13 2 336 2320 896 2320
13 0 896 2352 336 2352
13 0 336 2352 336 2320
13 0 896 2352 1440 2352
13 0 1440 2352 1440 2320
13 0 896 2272 1392 2272
13 2 896 2272 1392 2272
13 2 496 2272 896 2272
13 0 896 2304 496 2304
13 0 496 2304 496 2272
13 0 896 2304 1392 2304
13 0 1392 2304 1392 2272
13 0 400 2272 496 2272
13 2 400 2272 496 2272
13 2 288 2272 400 2272
13 0 400 2304 288 2304
13 0 288 2304 288 2272
13 0 400 2304 496 2304
13 0 496 2304 496 2272
13 0 2352 2048 2496 2048
13 2 2352 2048 2496 2048
13 2 2272 2048 2352 2048
13 0 2352 2112 2272 2112
13 0 2272 2112 2272 2048
13 0 2352 2112 2496 2112
13 0 2496 2112 2496 2048
13 0 2272 2064 2272 2048
13 2 2272 2048 2272 2064
13 2 2272 2064 2272 2112
13 0 2048 2112 2032 2112
13 0 1952 2112 2032 2112
13 0 1680 2096 1808 2096
13 0 1312 2080 1488 2080
13 0 1312 2080 1376 2080
13 0 1376 2080 1488 2080
13 0 1328 2016 1328 2080
13 0 848 2064 768 2064
13 0 1440 2240 1440 2160
13 2 1440 2160 1440 2240
13 2 1440 2240 1440 2352
13 0 1392 2208 1392 2128
13 2 1392 2128 1392 2208
13 2 1392 2208 1392 2304
13 0 1808 2128 1728 2128
13 0 1728 2128 1728 2336
13 0 1488 2224 1440 2224
13 0 1440 2224 1440 2352
13 0 1488 2192 1392 2192
13 0 1392 2192 1392 2320
13 0 1392 2192 1392 2304
13 0 1392 2304 1392 2320
13 2 1392 2304 1392 2320
13 0 1392 2320 1392 2304
13 2 1392 2304 1392 2320
13 0 1456 1984 1456 2048
13 0 1456 2048 1488 2048
13 0 1488 2112 1424 2112
13 0 1424 2112 1424 2048
13 0 1376 1824 1376 1792
13 2 1376 1792 1376 1824
13 2 1376 1824 1376 2080
13 0 1488 2144 1376 2144
13 0 1376 2144 1376 1792
13 0 1968 1888 2496 1888
13 2 1968 1888 2496 1888
13 2 1456 1888 1968 1888
13 0 1968 1952 1456 1952
13 0 1456 1952 1456 1888
13 0 1968 1952 2496 1952
13 0 2496 1952 2496 1888
13 0 1456 1920 1456 1888
13 2 1456 1888 1456 1920
13 2 1456 1920 1456 1952
13 0 912 1856 1328 1856
13 2 912 1856 1328 1856
13 2 544 1856 912 1856
13 0 896 1920 544 1920
13 0 544 1920 544 1856
13 0 896 1920 1328 1920
13 0 1328 1920 1328 1856
13 0 544 1888 544 1856
13 2 544 1856 544 1888
13 2 544 1888 544 1920
13 0 544 1952 544 2016
13 0 544 2016 576 2016
13 0 576 2048 464 2048
13 2 464 1984 464 2048
13 0 2496 1888 496 1888
13 0 496 1888 496 2080
13 0 496 2080 576 2080
13 0 576 2112 528 2112
13 0 528 2112 528 1824
13 0 496 2160 496 2096
13 2 496 2096 496 2160
13 2 496 2160 496 2304
13 0 576 2192 544 2192
13 0 544 2192 544 2352
13 0 576 2160 496 2160
13 0 496 2160 496 2304
13 0 2928 1984 3056 1984
13 0 3056 1984 3056 1968
13 2 3056 1968 3056 1984
13 2 2928 1984 3056 1984
13 0 2928 1984 2928 1744
13 2 2928 1744 2928 1984
13 2 2928 1984 2928 2496
13 0 3312 1952 3312 2496
13 0 3312 2496 2928 2496
13 0 3312 1952 3312 1744
13 0 3312 1744 2928 1744
13 0 2992 1744 3312 1744
13 2 2992 1744 3312 1744
13 2 2928 1744 2992 1744
13 0 3216 1456 3312 1456
13 0 3312 1456 3312 1744
13 0 3312 1456 3312 1264
13 0 2464 1392 2416 1392
13 0 2416 1392 2416 1296
13 0 2416 1296 3312 1296
13 0 3280 1008 3280 544
13 2 3280 544 3280 1008
13 2 3280 1008 3280 1184
13 0 3232 1008 3232 1184
13 0 3232 1184 3280 1184
13 0 3232 1008 3232 544
13 0 3232 544 3280 544
13 0 3280 512 3280 368
13 2 3280 368 3280 512
13 2 3280 512 3280 544
13 0 3232 528 3232 544
13 0 3232 544 3280 544
13 0 3232 528 3232 368
13 0 3232 368 3280 368
13 0 3264 544 3280 544
13 2 3264 544 3280 544
13 2 3232 544 3264 544
13 0 3264 368 3280 368
13 2 3264 368 3280 368
13 2 3232 368 3264 368
13 0 3264 1184 3280 1184
13 2 3264 1184 3280 1184
13 2 3232 1184 3264 1184
13 0 3312 1264 3312 1168
13 0 1328 1840 2368 1840
13 0 2368 1840 2368 1456
13 0 2368 1456 2464 1456
13 0 2464 1488 2400 1488
13 0 2400 1488 2400 1248
13 0 2304 1424 2304 1248
13 0 1632 1184 3232 1184
13 2 1632 1184 3232 1184
13 2 496 1184 1632 1184
13 0 1648 1008 496 1008
13 0 496 1008 496 1184
13 0 1648 1008 3232 1008
13 0 3232 1008 3232 1184
13 0 2464 1008 3232 1008
13 2 2464 1008 3232 1008
13 2 496 1008 2464 1008
13 0 2464 960 496 960
13 0 496 960 496 1008
13 0 2464 960 3232 960
13 0 3232 960 3232 1008
13 0 3232 1056 3232 960
13 2 3232 960 3232 1056
13 2 3232 1056 3232 1184
13 0 2400 1248 2400 1104
13 0 2304 1248 2304 1104
13 0 3312 1168 3312 1104
13 0 1456 1360 1424 1360
13 0 1424 1360 1424 1264
13 0 1424 1264 2304 1264
13 0 1456 1424 1376 1424
13 0 1376 1424 1376 1200
13 0 1376 1200 3312 1200
13 0 3312 1200 3312 1216
13 0 528 1824 528 1792
13 0 1456 1456 1344 1456
13 0 1344 1456 1344 1104
13 0 1312 1392 1312 1104
13 0 560 1328 528 1328
13 0 528 1328 528 1232
13 0 528 1232 1312 1232
13 0 1312 1232 1312 1248
13 0 1856 1200 3312 1200
13 2 1856 1200 3312 1200
13 2 1376 1200 1856 1200
13 0 1856 1232 1376 1232
13 0 1376 1232 1376 1200
13 0 1856 1232 3312 1232
13 0 3312 1232 3312 1200
13 0 1376 1216 1376 1200
13 2 1376 1200 1376 1216
13 2 1376 1216 1376 1232
13 0 2304 1200 464 1200
13 0 464 1200 464 1216
13 0 464 1216 464 1392
13 0 464 1392 560 1392
13 0 560 1424 448 1424
13 0 448 1424 448 1072
13 0 448 1104 448 1072
13 2 448 1072 448 1104
13 2 448 1104 448 1424
13 0 448 1424 448 1104
13 0 3232 368 3232 208
13 0 2448 480 2416 480
13 0 2416 480 2416 384
13 0 2416 384 3232 384
13 0 1312 1152 2144 1152
13 0 2144 1152 2144 1008
13 0 2144 1008 2336 1008
13 0 2336 1008 2336 544
13 0 2336 544 2448 544
13 0 2448 576 2384 576
13 0 2384 576 2384 208
13 0 2288 512 2288 208
13 0 1456 448 1408 448
13 2 1408 448 1456 448
13 0 1456 448 1424 448
13 0 1424 448 1424 352
13 0 1424 352 2288 352
13 0 1456 512 1408 512
13 0 1408 512 1408 320
13 0 1408 320 3232 320
13 0 1456 544 1376 544
13 0 1376 544 1376 208
13 0 1328 480 1328 208
13 0 560 416 528 416
13 0 528 416 528 320
13 0 528 320 1328 320
13 0 560 448 208 448
13 0 560 480 480 480
13 0 480 480 480 272
13 0 480 272 2288 272
13 0 560 512 448 512
13 0 448 512 448 208
13 5 208 448 DR
13 5 448 208 D7
13 5 1328 208 Q7
13 5 1376 208 D6
13 5 2288 208 Q6
13 5 2384 208 D5
13 5 3232 208 Q5
13 5 448 1104 D4
13 5 1312 1104 Q4
13 5 1344 1104 D3
13 5 2304 1104 Q3
13 5 2400 1104 D2
13 5 3312 1104 Q2
13 5 528 1792 D1
13 5 1328 1792 Q1
13 5 1376 1792 D0
13 5 1424 1792 DL
13 8 208 448 1
13 8 208 752 1
13 8 208 800 1
13 8 208 848 1
13 8 208 896 1
13 8 448 208 1
13 8 1376 208 1
13 8 2384 208 1
13 8 448 1104 1
13 8 1344 1104 1
13 8 2400 1104 1
13 8 528 1792 1
13 8 1376 1792 1
13 8 1424 1792 1
13 8 1328 208 2
13 8 2288 208 2
13 8 3232 208 2
13 8 1312 1104 2
13 8 2304 1104 2
13 8 3312 1104 2
13 8 1328 1792 2
13 8 2496 1824 2
