10 1 1
10 1 1
10 1 1
13 0 2368 816 2448 816
13 2 2368 816 2448 816
13 2 2352 816 2368 816
13 2 2240 816 2352 816
13 7 2352 816
13 8 2352 816 0
13 0 2448 816 2240 816
13 5 2352 816 S_S
13 0 1584 784 1648 784
13 2 1584 784 1648 784
13 2 1552 784 1584 784
13 0 1520 784 1552 784
13 2 1520 784 1552 784
13 2 1392 784 1520 784
13 7 1552 784
13 5 1552 784 M_D
13 8 1552 784 0
13 8 1552 784 0
13 7 1552 784
13 0 1648 784 1392 784
13 5 1536 784 Master
13 2 2400 1168 2448 1168
13 2 2256 1168 2400 1168
13 7 2400 1168
13 0 2368 816 2448 816
13 2 2368 816 2448 816
13 2 2352 816 2368 816
13 2 2240 816 2352 816
13 7 2352 816
13 8 2352 816 0
13 0 2448 1168 2256 1168
13 0 2448 816 2240 816
13 5 2368 816 Slave
