10 1 1
10 1 1
10 1 1
13 0 1952 1328 2016 1328
13 2 1952 1328 2016 1328
13 2 1904 1328 1952 1328
13 2 1888 1328 1904 1328
13 7 1904 1328
13 0 1904 1328 1888 1328
13 5 1904 1328 R
13 8 1904 1328 0
13 8 1904 1328 0
17 0 8
13 2 1888 1328 1904 1328
13 7 1904 1328
13 0 1744 1008 1744 784
13 2 1744 784 1744 1008
13 2 1744 1008 1744 1136
13 0 1568 1008 1568 1136
13 0 1568 1136 1744 1136
13 0 1568 1008 1568 784
13 0 1568 784 1744 784
13 0 1648 784 1744 784
13 2 1648 784 1744 784
13 2 1568 784 1648 784
13 2 1568 1136 1744 1136
13 2 1840 1136 1888 1136
17 0 5
17 0 inv 1632 1088 0
13 0 1568 1136 1632 1136
13 0 1728 1136 1888 1136
17 0 inv 1776 1280 0
13 2 1568 1136 1632 1136
13 2 1728 1136 1888 1136
17 0 5
17 0 inv 1712 1088 0
13 0 1568 1136 1712 1136
13 0 1808 1136 1888 1136
13 0 1600 928 1600 1328
13 0 1600 1328 1776 1328
13 0 1872 1328 2016 1328
13 0 1872 928 1888 928
13 2 1872 928 1888 928
13 2 1600 928 1872 928
13 2 1888 928 2016 928
13 7 1888 928
13 8 1888 928 0
13 0 2016 928 1600 928
13 5 1888 928 D
17 0 8
13 0 1888 1328 2016 1328
13 2 1888 1328 2016 1328
13 2 1872 1328 1888 1328
13 0 1648 1328 1776 1328
13 2 1648 1328 1776 1328
13 2 1600 1328 1648 1328
13 0 1600 1248 1600 928
13 2 1600 928 1600 1248
13 2 1600 1248 1600 1328
13 0 2016 1328 1952 1328
13 0 1952 1328 1952 1184
13 0 1952 1184 2192 1184
13 0 2192 1184 2192 944
17 0 5
13 0 1808 1136 1712 1136
13 0 1712 1136 1808 1136
13 0 1808 1136 1712 1136
13 0 1648 1136 1712 1136
13 2 1648 1136 1712 1136
13 2 1568 1136 1648 1136
13 0 1568 1136 1808 1136
13 0 1872 1136 1888 1136
13 2 1872 1136 1888 1136
13 2 1808 1136 1872 1136
13 2 1888 1136 1920 1136
13 7 1888 1136
13 8 1888 1136 0
13 0 1568 1136 1920 1136
13 5 1888 1136 C
13 5 1888 1136 C
13 5 1888 1136 C
13 5 1904 1136 C
13 5 1872 1136 C
13 5 1888 1136 C
