10 1 1
10 1 1
10 1 1
13 2 432 624 848 624
13 2 944 624 1504 624
17 0 12
17 0 inv 848 576 0
13 0 432 624 848 624
13 0 944 624 1504 624
17 0 12
13 0 944 624 848 624
13 0 1024 624 1504 624
13 2 1024 624 1504 624
13 2 944 624 1024 624
13 0 1488 624 1504 624
13 0 848 624 1488 624
13 2 1488 624 1504 624
13 0 1504 624 848 624
13 0 704 624 848 624
13 2 704 624 848 624
13 2 432 624 704 624
13 0 432 624 1504 624
13 7 432 624
13 8 432 624 0
13 0 1504 624 432 624
13 5 432 624 x1
13 5 432 624 x1
13 5 432 624 x1
13 5 432 624 x1
13 5 432 624 x1
13 5 432 624 x1
13 5 480 624 x1
13 2 432 624 1504 624
13 5 432 624 x1
13 0 432 624 704 624
13 0 704 624 848 624
13 0 1488 624 1504 624
13 2 1488 624 1504 624
13 0 944 624 1024 624
13 0 1024 624 1504 624
17 0 inv 848 576 0
13 0 2224 624 2256 624
13 2 2224 624 2256 624
13 2 2128 624 2224 624
17 0 11
13 0 1952 624 2032 624
13 2 1952 624 2032 624
13 2 1504 624 1952 624
13 0 1344 624 1504 624
13 2 1344 624 1504 624
13 2 944 624 1344 624
17 0 12
13 0 848 624 1504 624
13 0 592 624 848 624
13 2 592 624 848 624
13 2 432 624 592 624
13 7 432 624
13 0 1504 624 432 624
13 5 432 624 x1
13 5 432 624 x1
13 5 432 624 x1
13 5 432 624 x1
13 5 432 624 x5
13 5 432 624 x5
13 5 432 624 x1
13 5 432 624 x1
13 5 432 624 x1
13 5 432 624 x1
13 5 432 624 x1
13 5 432 624 x1
13 5 432 624 x1
13 5 432 624 x1
13 5 432 624 x1
13 5 432 624 x1
13 5 432 624 x1
13 5 432 624 x1
13 5 432 624 x1
13 5 432 624 x1
13 5 432 624 x1
13 2 432 624 1504 624
13 5 432 624 x1
13 0 432 624 592 624
13 0 592 624 848 624
17 0 inv 848 576 0
13 0 944 624 1344 624
13 0 1344 624 1504 624
13 0 1504 624 1952 624
13 0 1952 624 2032 624
17 0 inv 2032 576 0
13 0 2128 624 2224 624
13 0 2224 624 2256 624
