10 1 1
10 1 1
10 1 1
17 0 mux41 592 1328 0
17 0 mux41 1488 1360 0
17 0 mux41 2496 1392 0
17 0 mux41 592 416 0
17 0 mux41 1488 448 0
17 0 mux41 2480 480 0
17 0 mux41 1520 2048 0
17 0 mux41 608 2016 0
17 0 fd1s3ax 1104 1392 0
17 0 fd1s3ax 2064 1424 0
17 0 fd1s3ax 3024 1456 0
17 0 fd1s3ax 1120 480 0
17 0 fd1s3ax 2064 512 0
17 0 fd1s3ax 2992 544 0
17 0 fd1s3ax 2080 2112 0
17 0 fd1s3ax 1120 2080 0
17 0 and2 880 1376 0
17 0 and2 1808 1408 0
17 0 and2 2800 1440 0
17 0 and2 880 464 0
17 0 and2 1808 496 0
17 0 and2 2768 528 0
17 0 and2 1840 2096 0
17 0 and2 880 2064 0
13 0 512 320 2320 320
13 0 560 368 1360 368
13 0 1440 368 3264 368
13 0 1456 400 2320 400
13 0 2448 432 3264 432
13 0 560 464 592 464
13 0 240 496 592 496
13 0 1456 496 1488 496
13 0 784 512 880 512
13 0 512 528 592 528
13 0 1024 528 1120 528
13 0 1344 528 1360 528
13 0 1360 528 1488 528
13 0 2448 528 2480 528
13 0 816 544 880 544
13 0 1680 544 1808 544
13 0 480 560 592 560
13 0 1040 560 1120 560
13 0 1440 560 1488 560
13 0 1952 560 2064 560
13 0 2288 560 2320 560
13 0 2320 560 2480 560
13 0 1712 576 1808 576
13 0 2672 576 2768 576
13 0 1408 592 1488 592
13 0 1968 592 2064 592
13 0 2368 592 2480 592
13 0 2912 592 2992 592
13 0 3216 592 3264 592
13 0 480 608 592 608
13 0 2704 608 2768 608
13 0 2416 624 2480 624
13 0 2928 624 2992 624
13 0 528 640 592 640
13 0 1360 640 1488 640
13 0 1408 672 1488 672
13 0 2336 672 2480 672
13 0 2416 704 2480 704
13 0 240 800 320 800
13 0 320 800 480 800
13 0 480 800 1360 800
13 0 1360 800 2336 800
13 0 240 848 368 848
13 0 368 848 528 848
13 0 528 848 1408 848
13 0 1408 848 2416 848
13 0 240 896 416 896
13 0 416 896 816 896
13 0 816 896 1712 896
13 0 1712 896 2704 896
13 0 240 944 464 944
13 0 464 944 1040 944
13 0 1040 944 1968 944
13 0 1968 944 2928 944
13 0 528 1008 3264 1008
13 0 2176 1056 2368 1056
13 0 1344 1200 2176 1200
13 0 496 1248 2336 1248
13 0 560 1280 1344 1280
13 0 1408 1280 3344 1280
13 0 1456 1312 2336 1312
13 0 2448 1344 3344 1344
13 0 560 1376 592 1376
13 0 528 1408 592 1408
13 0 1456 1408 1488 1408
13 0 784 1424 880 1424
13 0 496 1440 592 1440
13 0 1024 1440 1104 1440
13 0 1328 1440 1344 1440
13 0 1344 1440 1488 1440
13 0 2448 1440 2496 1440
13 0 832 1456 880 1456
13 0 1680 1456 1808 1456
13 0 480 1472 592 1472
13 0 1056 1472 1104 1472
13 0 1408 1472 1488 1472
13 0 1952 1472 2064 1472
13 0 2288 1472 2336 1472
13 0 2336 1472 2496 1472
13 0 1744 1488 1808 1488
13 0 2688 1488 2800 1488
13 0 1376 1504 1488 1504
13 0 1984 1504 2064 1504
13 0 2400 1504 2496 1504
13 0 2944 1504 3024 1504
13 0 3248 1504 3344 1504
13 0 512 1520 592 1520
13 0 2752 1520 2800 1520
13 0 2432 1536 2496 1536
13 0 2960 1536 3024 1536
13 0 560 1552 592 1552
13 0 1376 1552 1488 1552
13 0 1424 1584 1488 1584
13 0 2368 1584 2496 1584
13 0 2432 1616 2496 1616
13 0 320 1648 512 1648
13 0 512 1648 1376 1648
13 0 1376 1648 2368 1648
13 0 368 1696 560 1696
13 0 560 1696 1424 1696
13 0 1424 1696 2432 1696
13 0 416 1744 832 1744
13 0 832 1744 1744 1744
13 0 1744 1744 2752 1744
13 0 464 1792 1056 1792
13 0 1056 1792 1984 1792
13 0 1984 1792 2960 1792
13 0 1360 1888 2400 1888
13 0 528 1936 2528 1936
13 0 576 1968 1360 1968
13 0 1488 2000 2528 2000
13 0 576 2064 608 2064
13 0 496 2096 608 2096
13 0 1488 2096 1520 2096
13 0 800 2112 880 2112
13 0 528 2128 608 2128
13 0 1024 2128 1120 2128
13 0 1344 2128 1360 2128
13 0 1360 2128 1520 2128
13 0 832 2144 880 2144
13 0 1712 2144 1840 2144
13 0 560 2160 608 2160
13 0 1056 2160 1120 2160
13 0 1456 2160 1520 2160
13 0 1984 2160 2080 2160
13 0 2304 2160 2528 2160
13 0 1760 2176 1840 2176
13 0 1408 2192 1520 2192
13 0 2016 2192 2080 2192
13 0 528 2208 608 2208
13 0 576 2240 608 2240
13 0 1424 2240 1520 2240
13 0 1472 2272 1520 2272
13 0 320 2352 528 2352
13 0 528 2352 1424 2352
13 0 368 2400 576 2400
13 0 576 2400 1472 2400
13 0 416 2448 832 2448
13 0 832 2448 1760 2448
13 0 464 2496 1056 2496
13 0 1056 2496 2016 2496
13 0 496 2544 3344 2544
13 0 320 800 320 1648
13 0 320 1648 320 2352
13 0 368 848 368 1696
13 0 368 1696 368 2400
13 0 416 896 416 1744
13 0 416 1744 416 2448
13 0 464 944 464 1792
13 0 464 1792 464 2496
13 0 480 256 480 560
13 0 480 608 480 800
13 0 480 1152 480 1472
13 0 496 1248 496 1440
13 0 496 2096 496 2544
13 0 512 320 512 528
13 0 512 1520 512 1648
13 0 528 640 528 848
13 0 528 1008 528 1408
13 0 528 1936 528 2128
13 0 528 2208 528 2352
13 0 560 368 560 464
13 0 560 1280 560 1376
13 0 560 1552 560 1696
13 0 560 1840 560 2160
13 0 576 1968 576 2064
13 0 576 2240 576 2400
13 0 816 544 816 896
13 0 832 1456 832 1744
13 0 832 2144 832 2448
13 0 1040 560 1040 944
13 0 1056 1472 1056 1792
13 0 1056 2160 1056 2496
13 0 1344 1152 1344 1200
13 0 1344 1200 1344 1280
13 0 1344 1280 1344 1440
13 0 1360 256 1360 368
13 0 1360 368 1360 528
13 0 1360 640 1360 800
13 0 1360 1840 1360 1888
13 0 1360 1888 1360 1968
13 0 1360 1968 1360 2128
13 0 1376 1152 1376 1504
13 0 1376 1552 1376 1648
13 0 1408 256 1408 592
13 0 1408 672 1408 848
13 0 1408 1280 1408 1472
13 0 1408 1840 1408 2192
13 0 1424 1584 1424 1696
13 0 1424 2240 1424 2352
13 0 1440 368 1440 560
13 0 1456 400 1456 496
13 0 1456 1312 1456 1408
13 0 1456 1840 1456 2160
13 0 1472 2272 1472 2400
13 0 1488 2000 1488 2096
13 0 1712 576 1712 896
13 0 1744 1488 1744 1744
13 0 1760 2176 1760 2448
13 0 1968 592 1968 944
13 0 1984 1504 1984 1792
13 0 2016 2192 2016 2496
13 0 2176 1056 2176 1200
13 0 2320 256 2320 320
13 0 2320 320 2320 400
13 0 2320 400 2320 560
13 0 2336 672 2336 800
13 0 2336 1152 2336 1248
13 0 2336 1248 2336 1312
13 0 2336 1312 2336 1472
13 0 2368 592 2368 1056
13 0 2368 1584 2368 1648
13 0 2400 1504 2400 1888
13 0 2416 256 2416 624
13 0 2416 704 2416 848
13 0 2432 1152 2432 1536
13 0 2432 1616 2432 1696
13 0 2448 432 2448 528
13 0 2448 1344 2448 1440
13 0 2528 1872 2528 1936
13 0 2528 1936 2528 2000
13 0 2528 2000 2528 2160
13 0 2704 608 2704 896
13 0 2752 1520 2752 1744
13 0 2928 624 2928 944
13 0 2960 1536 2960 1792
13 0 3264 256 3264 368
13 0 3264 368 3264 432
13 0 3264 432 3264 592
13 0 3264 592 3264 1008
13 0 3344 1152 3344 1280
13 0 3344 1280 3344 1344
13 0 3344 1344 3344 1504
13 0 3344 1504 3344 2544
13 5 240 496 DR
13 5 240 800 A0
13 5 240 848 A1
13 5 240 896 reset
13 5 240 944 clock
13 5 480 256 D7
13 5 480 1152 D4
13 5 560 1840 D1
13 5 1344 1152 Q4
13 5 1360 256 Q7
13 5 1360 1840 Q1
13 5 1376 1152 D3
13 5 1408 256 D6
13 5 1408 1840 D0
13 5 1456 1840 DL
13 5 2320 256 Q6
13 5 2336 1152 Q3
13 5 2416 256 D5
13 5 2432 1152 D2
13 5 2528 1872 Q0
13 5 3264 256 Q5
13 5 3344 1152 Q2
13 8 240 496 1
13 8 240 800 1
13 8 240 848 1
13 8 240 896 1
13 8 240 944 1
13 8 480 256 1
13 8 480 1152 1
13 8 560 1840 1
13 8 1344 1152 2
13 8 1360 256 2
13 8 1360 1840 2
13 8 1376 1152 1
13 8 1408 256 1
13 8 1408 1840 1
13 8 1456 1840 1
13 8 2320 256 2
13 8 2336 1152 2
13 8 2416 256 1
13 8 2432 1152 1
13 8 2528 1872 2
13 8 3264 256 2
13 8 3344 1152 2
