10 1 1
10 1 1
10 1 1
17 0 mux41 576 1328 0
17 0 mux41 1472 1360 0
17 0 mux41 2480 1392 0
17 0 mux41 576 416 0
17 0 mux41 1472 448 0
17 0 mux41 2464 480 0
17 0 mux41 1504 2048 0
17 0 mux41 592 2016 0
17 0 fd1s3ax 1088 1392 0
17 0 fd1s3ax 2048 1424 0
17 0 fd1s3ax 3008 1456 0
17 0 fd1s3ax 1104 480 0
17 0 fd1s3ax 2048 512 0
17 0 fd1s3ax 2976 544 0
17 0 fd1s3ax 2064 2112 0
17 0 fd1s3ax 1104 2080 0
17 0 and2 864 1376 0
17 0 and2 1792 1408 0
17 0 and2 2784 1440 0
17 0 and2 864 464 0
17 0 and2 1792 496 0
17 0 and2 2752 528 0
17 0 and2 1824 2096 0
17 0 and2 864 2064 0
13 0 496 320 2304 320
13 0 544 368 1344 368
13 0 1424 368 3248 368
13 0 1440 400 2304 400
13 0 2432 432 3248 432
13 0 544 464 576 464
13 0 224 496 576 496
13 0 1440 496 1472 496
13 0 768 512 864 512
13 0 496 528 576 528
13 0 1008 528 1104 528
13 0 1328 528 1344 528
13 0 1344 528 1472 528
13 0 2432 528 2464 528
13 0 800 544 864 544
13 0 1664 544 1792 544
13 0 464 560 576 560
13 0 1024 560 1104 560
13 0 1424 560 1472 560
13 0 1936 560 2048 560
13 0 2272 560 2304 560
13 0 2304 560 2464 560
13 0 1696 576 1792 576
13 0 2656 576 2752 576
13 0 1392 592 1472 592
13 0 1952 592 2048 592
13 0 2352 592 2464 592
13 0 2896 592 2976 592
13 0 3200 592 3248 592
13 0 464 608 576 608
13 0 2688 608 2752 608
13 0 2400 624 2464 624
13 0 2912 624 2976 624
13 0 512 640 576 640
13 0 1344 640 1472 640
13 0 1392 672 1472 672
13 0 2320 672 2464 672
13 0 2400 704 2464 704
13 0 224 800 304 800
13 0 304 800 464 800
13 0 464 800 1344 800
13 0 1344 800 2320 800
13 0 224 848 352 848
13 0 352 848 512 848
13 0 512 848 1392 848
13 0 1392 848 2400 848
13 0 224 896 400 896
13 0 400 896 800 896
13 0 800 896 1696 896
13 0 1696 896 2688 896
13 0 224 944 448 944
13 0 448 944 1024 944
13 0 1024 944 1952 944
13 0 1952 944 2912 944
13 0 512 1008 3248 1008
13 0 2160 1056 2352 1056
13 0 1328 1200 2160 1200
13 0 480 1248 2320 1248
13 0 544 1280 1328 1280
13 0 1392 1280 3328 1280
13 0 1440 1312 2320 1312
13 0 2432 1344 3328 1344
13 0 544 1376 576 1376
13 0 512 1408 576 1408
13 0 1440 1408 1472 1408
13 0 768 1424 864 1424
13 0 480 1440 576 1440
13 0 1008 1440 1088 1440
13 0 1312 1440 1328 1440
13 0 1328 1440 1472 1440
13 0 2432 1440 2480 1440
13 0 816 1456 864 1456
13 0 1664 1456 1792 1456
13 0 464 1472 576 1472
13 0 1040 1472 1088 1472
13 0 1392 1472 1472 1472
13 0 1936 1472 2048 1472
13 0 2272 1472 2320 1472
13 0 2320 1472 2480 1472
13 0 1728 1488 1792 1488
13 0 2672 1488 2784 1488
13 0 1360 1504 1472 1504
13 0 1968 1504 2048 1504
13 0 2384 1504 2480 1504
13 0 2928 1504 3008 1504
13 0 3232 1504 3328 1504
13 0 496 1520 576 1520
13 0 2736 1520 2784 1520
13 0 2416 1536 2480 1536
13 0 2944 1536 3008 1536
13 0 544 1552 576 1552
13 0 1360 1552 1472 1552
13 0 1408 1584 1472 1584
13 0 2352 1584 2480 1584
13 0 2416 1616 2480 1616
13 0 304 1648 496 1648
13 0 496 1648 1360 1648
13 0 1360 1648 2352 1648
13 0 352 1696 544 1696
13 0 544 1696 1408 1696
13 0 1408 1696 2416 1696
13 0 400 1744 816 1744
13 0 816 1744 1728 1744
13 0 1728 1744 2736 1744
13 0 448 1792 1040 1792
13 0 1040 1792 1968 1792
13 0 1968 1792 2944 1792
13 0 1344 1888 2384 1888
13 0 512 1936 2512 1936
13 0 560 1968 1344 1968
13 0 1472 2000 2512 2000
13 0 560 2064 592 2064
13 0 480 2096 592 2096
13 0 1472 2096 1504 2096
13 0 784 2112 864 2112
13 0 512 2128 592 2128
13 0 1008 2128 1104 2128
13 0 1328 2128 1344 2128
13 0 1344 2128 1504 2128
13 0 816 2144 864 2144
13 0 1696 2144 1824 2144
13 0 544 2160 592 2160
13 0 1040 2160 1104 2160
13 0 1440 2160 1504 2160
13 0 1968 2160 2064 2160
13 0 2288 2160 2512 2160
13 0 1744 2176 1824 2176
13 0 1392 2192 1504 2192
13 0 2000 2192 2064 2192
13 0 512 2208 592 2208
13 0 560 2240 592 2240
13 0 1408 2240 1504 2240
13 0 1456 2272 1504 2272
13 0 304 2352 512 2352
13 0 512 2352 1408 2352
13 0 352 2400 560 2400
13 0 560 2400 1456 2400
13 0 400 2448 816 2448
13 0 816 2448 1744 2448
13 0 448 2496 1040 2496
13 0 1040 2496 2000 2496
13 0 480 2544 3328 2544
13 0 304 800 304 1648
13 0 304 1648 304 2352
13 0 352 848 352 1696
13 0 352 1696 352 2400
13 0 400 896 400 1744
13 0 400 1744 400 2448
13 0 448 944 448 1792
13 0 448 1792 448 2496
13 0 464 256 464 560
13 0 464 608 464 800
13 0 464 1152 464 1472
13 0 480 1248 480 1440
13 0 480 2096 480 2544
13 0 496 320 496 528
13 0 496 1520 496 1648
13 0 512 640 512 848
13 0 512 1008 512 1408
13 0 512 1936 512 2128
13 0 512 2208 512 2352
13 0 544 368 544 464
13 0 544 1280 544 1376
13 0 544 1552 544 1696
13 0 544 1840 544 2160
13 0 560 1968 560 2064
13 0 560 2240 560 2400
13 0 800 544 800 896
13 0 816 1456 816 1744
13 0 816 2144 816 2448
13 0 1024 560 1024 944
13 0 1040 1472 1040 1792
13 0 1040 2160 1040 2496
13 0 1328 1152 1328 1200
13 0 1328 1200 1328 1280
13 0 1328 1280 1328 1440
13 0 1344 256 1344 368
13 0 1344 368 1344 528
13 0 1344 640 1344 800
13 0 1344 1840 1344 1888
13 0 1344 1888 1344 1968
13 0 1344 1968 1344 2128
13 0 1360 1152 1360 1504
13 0 1360 1552 1360 1648
13 0 1392 256 1392 592
13 0 1392 672 1392 848
13 0 1392 1280 1392 1472
13 0 1392 1840 1392 2192
13 0 1408 1584 1408 1696
13 0 1408 2240 1408 2352
13 0 1424 368 1424 560
13 0 1440 400 1440 496
13 0 1440 1312 1440 1408
13 0 1440 1840 1440 2160
13 0 1456 2272 1456 2400
13 0 1472 2000 1472 2096
13 0 1696 576 1696 896
13 0 1728 1488 1728 1744
13 0 1744 2176 1744 2448
13 0 1952 592 1952 944
13 0 1968 1504 1968 1792
13 0 2000 2192 2000 2496
13 0 2160 1056 2160 1200
13 0 2304 256 2304 320
13 0 2304 320 2304 400
13 0 2304 400 2304 560
13 0 2320 672 2320 800
13 0 2320 1152 2320 1248
13 0 2320 1248 2320 1312
13 0 2320 1312 2320 1472
13 0 2352 592 2352 1056
13 0 2352 1584 2352 1648
13 0 2384 1504 2384 1888
13 0 2400 256 2400 624
13 0 2400 704 2400 848
13 0 2416 1152 2416 1536
13 0 2416 1616 2416 1696
13 0 2432 432 2432 528
13 0 2432 1344 2432 1440
13 0 2512 1872 2512 1936
13 0 2512 1936 2512 2000
13 0 2512 2000 2512 2160
13 0 2688 608 2688 896
13 0 2736 1520 2736 1744
13 0 2912 624 2912 944
13 0 2944 1536 2944 1792
13 0 3248 256 3248 368
13 0 3248 368 3248 432
13 0 3248 432 3248 592
13 0 3248 592 3248 1008
13 0 3328 1152 3328 1280
13 0 3328 1280 3328 1344
13 0 3328 1344 3328 1504
13 0 3328 1504 3328 2544
13 5 224 496 DR
13 5 224 800 A0
13 5 224 848 A1
13 5 224 896 reset
13 5 224 944 clock
13 5 464 256 D7
13 5 464 1152 D4
13 5 544 1840 D1
13 5 1328 1152 Q4
13 5 1344 256 Q7
13 5 1344 1840 Q1
13 5 1360 1152 D3
13 5 1392 256 D6
13 5 1392 1840 D0
13 5 1440 1840 DL
13 5 2304 256 Q6
13 5 2320 1152 Q3
13 5 2400 256 D5
13 5 2416 1152 D2
13 5 2512 1872 Q0
13 5 3248 256 Q5
13 5 3328 1152 Q2
13 8 224 496 1
13 8 224 800 1
13 8 224 848 1
13 8 224 896 1
13 8 224 944 1
13 8 464 256 1
13 8 464 1152 1
13 8 544 1840 1
13 8 1328 1152 2
13 8 1344 256 2
13 8 1344 1840 2
13 8 1360 1152 1
13 8 1392 256 1
13 8 1392 1840 1
13 8 1440 1840 1
13 8 2304 256 2
13 8 2320 1152 2
13 8 2400 256 1
13 8 2416 1152 1
13 8 2512 1872 2
13 8 3248 256 2
13 8 3328 1152 2
13 0 1264 1280 1328 1280
13 2 1264 1280 1328 1280
13 2 544 1280 1264 1280
13 0 1264 1312 544 1312
13 0 544 1312 544 1280
13 0 1264 1312 1328 1312
13 0 1328 1312 1328 1280
13 0 1264 1312 1328 1312
13 2 1264 1312 1328 1312
13 2 544 1312 1264 1312
13 0 544 1280 1264 1280
13 0 1264 1280 1328 1280
