10 1 1
10 1 1
10 1 1
13 0 976 1184 1056 1184
13 2 976 1184 1056 1184
13 2 880 1184 976 1184
13 0 976 1184 880 1184
13 0 976 1184 1056 1184
13 0 976 1184 1056 1184
13 2 976 1184 1056 1184
13 2 880 1184 976 1184
13 0 976 1184 880 1184
13 0 976 1184 1056 1184
13 0 992 1184 1056 1184
13 2 992 1184 1056 1184
13 2 880 1184 992 1184
13 0 1072 1200 1184 1200
13 2 1072 1200 1184 1200
13 2 1056 1200 1072 1200
13 2 1056 1184 1056 1200
13 0 1008 1312 1152 1312
13 2 1008 1312 1152 1312
13 2 944 1312 1008 1312
13 0 1152 1296 1152 1232
13 2 1152 1232 1152 1296
13 2 1152 1296 1152 1312
17 0 and2 944 1136 0
13 0 880 1184 944 1184
13 0 1088 1200 1184 1200
13 0 944 1312 1104 1312
13 0 1104 1312 1104 1232
13 0 1104 1232 1152 1232
13 0 1120 1472 1184 1472
17 0 inv 1184 1424 0
13 2 1120 1472 1184 1472
17 0 14
17 0 inv 1184 1392 0
13 0 1184 1440 1184 1472
13 0 1120 1472 1184 1472
13 2 1120 1472 1184 1472
13 2 1184 1440 1184 1472
17 0 14
17 0 inv 1184 1360 0
13 0 1184 1440 1184 1472
13 0 1120 1472 1184 1472
13 0 1184 1408 1184 1440
13 2 1184 1408 1184 1472
17 0 14
17 0 inv 1184 1376 0
13 0 1184 1424 1184 1456
13 0 1184 1456 1184 1472
13 0 1280 1424 1328 1424
13 0 1328 1424 1328 1392
13 0 1328 1392 1264 1392
13 0 1264 1392 1264 1360
13 0 1264 1360 976 1360
13 0 976 1360 912 1360
13 0 912 1360 944 1360
13 0 944 1360 976 1360
13 0 912 1360 912 1216
13 0 912 1216 944 1216
13 2 912 1216 944 1216
13 2 912 1216 912 1360
13 0 944 1360 976 1360
13 2 944 1360 976 1360
13 2 912 1360 928 1360
13 0 976 1360 976 1328
13 0 976 1328 912 1328
13 0 912 1328 912 1216
13 0 912 1216 944 1216
