10 1 1
10 1 1
10 1 1
17 0 mux21 656 1168 0
17 0 mux21 912 1168 0
17 0 mux21 1152 1168 0
17 0 mux21 1392 1184 0
17 0 4
17 0 mux21 2528 1168 0
17 0 3
17 0 mux21 2256 1168 0
17 0 2
17 0 mux21 1968 1280 0
17 0 1
17 0 mux21 816 1136 0
17 0 fd1s3dx 800 784 0
17 0 fd1s3dx 1104 800 0
17 0 fd1s3dx 1376 800 0
17 0 fd1s3dx 1632 800 0
17 0 8
17 0 fd1s3dx 2704 784 0
17 0 7
17 0 fd1s3dx 2496 880 0
17 0 6
17 0 fd1s3dx 2496 448 0
17 0 5
17 0 fd1s3dx 1008 1152 0
17 0 5
17 0 fd1s3dx 1024 1152 0
13 0 1024 1200 944 1200
13 0 816 1216 656 1216
13 0 656 1216 656 944
17 0 2
17 0 mux21 1872 1168 0
17 0 3
17 0 mux21 2768 1024 0
17 0 4
17 0 mux21 2880 1392 0
17 0 7
17 0 fd1s3dx 2080 1184 0
13 2 944 1200 1024 1200
17 0 5
17 0 fd1s3dx 976 1152 0
13 0 944 1200 976 1200
13 2 944 1200 976 1200
17 0 5
17 0 fd1s3dx 992 1152 0
13 0 944 1200 992 1200
17 0 3
17 0 mux21 2624 1200 0
13 2 944 1200 992 1200
13 2 656 1216 816 1216
13 2 656 944 656 1216
17 0 5
17 0 1
17 0 fd1s3dx 688 1152 0
17 0 mux21 512 1136 0
13 0 640 1200 688 1200
13 0 352 1216 512 1216
13 0 352 944 352 1216
17 0 2
17 0 mux21 1424 1152 0
17 0 7
17 0 fd1s3dx 1632 1168 0
17 0 3
17 0 mux21 2224 1168 0
17 0 8
17 0 fd1s3dx 2448 1184 0
17 0 4
17 0 mux21 2944 1184 0
17 0 6
17 0 fd1s3dx 3152 1200 0
13 0 912 1200 928 1200
13 0 928 1200 928 912
17 0 xor2 992 1120 0
13 0 976 1200 928 1200
17 0 and3 992 1232 0
13 0 928 1200 928 1232
17 0 inv 976 1232 1
17 0 10
17 0 and3 1008 1280 0
13 0 928 1328 1008 1328
13 2 928 1328 1008 1328
13 2 928 1200 928 1232
17 0 11
17 0 inv 976 1232 1
13 0 928 1328 960 1328
13 0 960 1328 1008 1328
13 0 928 1200 928 1232
13 0 1552 1216 1632 1216
13 0 1424 1232 1376 1232
13 0 1376 1232 1376 944
13 0 2352 1232 2448 1232
13 0 1856 1216 1888 1216
13 0 1888 1216 1888 960
13 0 2672 1232 2688 1232
13 0 2688 1232 2688 944
13 0 3072 1248 3152 1248
13 2 3072 1248 3152 1248
17 0 6
17 0 4
17 0 fd1s3dx 3088 1200 0
17 0 mux21 2880 1184 0
13 0 3008 1248 3088 1248
13 2 2352 1232 2448 1232
13 2 2672 1232 2688 1232
13 2 2688 944 2688 1232
17 0 8
17 0 3
17 0 fd1s3dx 2352 1184 0
17 0 mux21 2128 1168 0
13 0 2256 1232 2352 1232
13 0 2576 1232 2592 1232
13 0 2592 944 2592 1232
13 0 3312 1248 3328 1248
13 0 3328 1248 3328 944
13 0 976 1168 944 1168
13 0 944 1168 944 1088
13 0 944 1088 1888 1088
13 0 976 1328 1008 1328
13 2 976 1328 1008 1328
13 2 928 1328 976 1328
13 2 928 1200 928 1232
17 0 11
17 0 inv 976 1296 1
13 0 928 1200 928 1296
13 0 1008 1392 928 1392
13 0 1008 1328 976 1328
13 0 976 1328 976 1248
13 0 976 1248 944 1248
13 0 944 1248 944 1168
13 0 976 1296 976 1248
13 2 976 1248 976 1296
13 2 976 1296 976 1328
13 0 976 1296 976 1328
13 0 976 1296 976 1248
13 0 976 1296 976 1248
13 2 976 1248 976 1296
13 2 976 1296 976 1328
13 0 960 1248 976 1248
13 2 960 1248 976 1248
13 2 944 1248 960 1248
13 0 944 1232 944 1168
13 2 944 1168 944 1232
13 2 944 1232 944 1248
13 0 1888 1216 1888 1376
13 0 1888 1376 1296 1376
13 0 1296 1376 1296 1280
13 0 1296 1280 1248 1280
17 0 inv 1232 1328 2
17 0 12
17 0 inv 1232 1312 2
17 0 12
17 0 inv 1232 1328 2
13 2 1248 1280 1296 1280
13 0 1232 1280 1296 1280
13 0 976 1328 976 1264
13 2 976 1264 976 1328
13 0 976 1328 976 1280
13 0 976 1280 1136 1280
13 0 3328 1248 3328 1440
13 0 3328 1440 976 1440
13 0 976 1440 976 1360
13 0 976 1360 1008 1360
17 0 and2 1200 1136 0
13 0 1440 1200 1344 1200
13 0 1344 1200 1424 1200
13 0 1424 1200 1440 1200
13 0 1200 1184 1136 1184
13 2 976 1280 1136 1280
13 2 1232 1280 1296 1280
17 0 12
17 0 inv 1104 1328 2
13 0 976 1280 1008 1280
13 0 1104 1280 1296 1280
13 2 976 1280 1008 1280
13 2 1104 1280 1296 1280
17 0 12
17 0 inv 1136 1328 2
13 0 976 1280 1040 1280
13 0 1136 1280 1296 1280
13 0 1152 1360 1168 1360
13 0 1168 1360 1168 1216
13 0 1168 1216 1200 1216
17 0 13
13 2 640 1200 688 1200
13 2 352 1216 512 1216
13 2 352 944 352 1216
17 0 5
17 0 mux21 320 1136 0
13 0 448 1200 496 1200
13 0 160 1216 320 1216
13 0 160 944 160 1216
13 2 944 1088 1888 1088
13 2 944 1168 976 1168
13 2 912 1200 928 1200
13 2 928 1200 976 1200
13 2 928 1392 1008 1392
13 0 928 912 928 1200
13 2 928 912 928 1200
13 2 928 1200 928 1296
13 2 944 1088 944 1168
17 0 1
17 0 fd1s3dx 496 1152 0
13 0 752 1088 768 1088
13 0 768 1088 1888 1088
13 0 752 1168 768 1168
13 0 784 1168 768 1168
13 0 784 1168 976 1168
13 0 720 1200 736 1200
13 0 736 1200 768 1200
13 0 800 1200 768 1200
13 0 800 1200 976 1200
13 0 736 1392 768 1392
13 0 816 1392 768 1392
13 0 816 1392 1008 1392
13 0 816 1392 928 1392
13 0 928 1392 1008 1392
13 0 736 912 736 1200
13 0 736 1200 736 1296
13 0 752 1088 752 1168
13 2 752 1168 976 1168
13 2 1136 1184 1200 1184
13 2 736 1200 976 1200
17 0 9
17 0 xor2 800 1120 0
13 0 752 1168 784 1168
13 0 944 1184 1200 1184
13 0 768 1200 784 1200
13 0 736 1200 768 1200
13 2 976 1328 1008 1328
13 2 976 1360 1008 1360
13 2 1152 1360 1168 1360
13 2 928 1392 1008 1392
17 0 10
17 0 and3 1008 1280 0
13 0 976 1328 1008 1328
13 0 976 1360 1008 1360
13 0 1152 1360 1168 1360
13 0 928 1392 1008 1392
13 2 752 1168 784 1168
13 2 944 1184 1200 1184
13 2 736 1200 784 1200
17 0 9
17 0 xor2 1040 1120 0
13 0 752 1168 1024 1168
13 0 1184 1184 1200 1184
13 0 1008 1200 1024 1200
13 0 736 1200 1008 1200
13 0 736 1200 1008 1200
13 2 736 1200 1008 1200
13 2 1008 1200 1024 1200
13 2 1184 1184 1200 1184
13 2 752 1168 1024 1168
17 0 9
17 0 xor2 800 1120 0
13 0 736 1200 784 1200
13 0 944 1184 1200 1184
13 0 752 1168 784 1168
13 2 1168 1216 1200 1216
13 2 976 1280 1040 1280
13 2 1136 1280 1296 1280
13 2 976 1328 1008 1328
13 2 976 1360 1008 1360
13 2 1152 1360 1168 1360
13 2 928 1392 1008 1392
13 2 976 1440 3328 1440
13 2 976 1280 976 1328
13 2 976 1360 976 1440
13 2 1168 1216 1168 1360
17 0 12
17 0 10
17 0 inv 1120 1328 2
17 0 and3 992 1280 0
13 0 1152 1216 1184 1216
13 0 960 1280 1024 1280
13 0 1120 1280 1232 1280
13 0 1232 1280 1296 1280
13 0 960 1328 992 1328
13 0 960 1360 992 1360
13 0 1136 1360 1152 1360
13 0 944 1392 992 1392
13 0 928 1392 944 1392
13 0 960 1440 1232 1440
13 0 1248 1440 1232 1440
13 0 1248 1440 3328 1440
13 0 960 1280 960 1328
13 0 960 1360 960 1440
13 0 1152 1216 1152 1360
13 2 736 1392 928 1392
13 2 928 1392 992 1392
17 0 11
17 0 inv 832 1296 1
13 0 752 1392 784 1392
13 0 736 1392 752 1392
13 0 784 1392 816 1392
13 0 816 1392 992 1392
13 2 736 1392 784 1392
13 2 784 1392 992 1392
17 0 11
17 0 inv 784 1296 1
13 0 704 1392 736 1392
13 0 736 1392 704 1392
13 0 736 1392 768 1392
13 0 768 1392 992 1392
13 2 704 1392 736 1392
13 2 960 1328 992 1328
13 2 960 1360 992 1360
13 2 1136 1360 1152 1360
13 2 736 1392 992 1392
17 0 12
17 0 and3 992 1280 0
13 0 960 1328 992 1328
13 0 960 1360 992 1360
13 0 1136 1360 1152 1360
13 0 736 1392 992 1392
13 2 752 1168 784 1168
13 2 944 1184 1200 1184
13 2 736 1200 784 1200
17 0 9
17 0 xor2 784 1120 0
13 0 752 1168 768 1168
13 0 928 1184 1200 1184
13 0 752 1200 768 1200
13 0 736 1200 752 1200
13 2 1152 1216 1184 1216
13 2 960 1280 1024 1280
13 2 1120 1280 1296 1280
13 2 960 1328 992 1328
13 2 960 1360 992 1360
13 2 1136 1360 1152 1360
13 2 736 1392 992 1392
13 2 960 1440 3328 1440
13 2 960 1280 960 1328
13 2 960 1360 960 1440
13 2 1152 1216 1152 1360
17 0 10
17 0 12
17 0 inv 960 1328 2
17 0 and3 832 1280 0
13 0 992 1216 1024 1216
13 0 800 1280 864 1280
13 0 960 1280 1072 1280
13 0 1072 1280 1296 1280
13 0 800 1328 832 1328
13 0 800 1360 832 1360
13 0 976 1360 992 1360
13 0 784 1392 832 1392
13 0 736 1392 784 1392
13 0 800 1440 1072 1440
13 0 1088 1440 1072 1440
13 0 1088 1440 3328 1440
13 0 800 1280 800 1328
13 0 800 1360 800 1440
13 0 992 1216 992 1360
13 0 1168 1184 1200 1184
13 2 1168 1184 1200 1184
13 2 928 1184 1168 1184
17 0 or2 1024 1136 0
17 0 and2 1200 1136 0
13 2 992 1216 1024 1216
17 0 13
17 0 or2 1008 1136 0
13 0 992 1216 1008 1216
13 0 992 1248 992 1216
13 2 992 1216 992 1248
13 2 992 1248 992 1360
13 0 976 1248 976 1360
13 0 976 1360 992 1360
13 0 976 1248 976 1216
13 0 976 1216 992 1216
13 0 976 1264 976 1216
13 2 976 1216 976 1264
13 2 976 1264 976 1360
13 0 992 1264 992 1360
13 0 992 1360 976 1360
13 0 992 1264 992 1216
13 0 992 1216 976 1216
13 2 1344 1200 1424 1200
13 2 1424 1200 1440 1200
13 2 1552 1216 1632 1216
13 2 1376 1232 1424 1232
17 0 2
17 0 mux21 1456 1152 0
13 0 1344 1200 1456 1200
13 0 1456 1200 1472 1200
13 0 1584 1216 1632 1216
13 0 1440 1232 1456 1232
13 0 1376 1232 1440 1232
13 0 1376 1184 1376 944
13 2 1376 944 1376 1184
13 2 1376 1184 1376 1232
13 0 1408 1184 1408 1232
13 0 1408 1232 1376 1232
13 0 1408 1184 1408 944
13 0 1408 944 1376 944
13 2 1344 1200 1456 1200
17 0 14
17 0 and2 1232 1136 0
13 0 1376 1200 1456 1200
13 0 1440 1200 1456 1200
13 2 1440 1200 1456 1200
13 2 1376 1200 1440 1200
17 0 2
13 2 1456 1200 1472 1200
13 2 1408 1232 1456 1232
13 2 1376 1232 1408 1232
13 2 1408 944 1408 1232
13 0 1392 944 1408 944
13 2 1392 944 1408 944
13 2 1376 944 1392 944
17 0 14
17 0 and2 1216 1120 0
13 0 1152 1200 1216 1200
13 0 1008 1184 928 1184
13 2 976 1216 992 1216
17 0 mux21 1456 1152 0
13 2 1584 1216 1632 1216
13 2 1856 1216 1888 1216
17 0 2
17 0 7
17 0 mux21 1472 1136 0
17 0 fd1s3dx 1648 1152 0
13 0 1600 1200 1648 1200
13 0 1872 1200 1872 1216
13 0 1872 1216 1888 1216
13 2 1872 1216 1888 1216
13 2 1872 1200 1872 1216
13 0 1872 1200 1888 1200
13 0 1360 1184 1472 1184
13 0 1472 1216 1424 1216
13 0 1424 1216 1424 928
13 0 1424 928 1424 912
13 2 2256 1232 2352 1232
13 2 2576 1232 2592 1232
17 0 3
17 0 fd1s3dx 2432 1184 0
13 0 2256 1232 2432 1232
13 0 2656 1232 2592 1232
13 0 2592 1104 2592 944
13 2 2592 944 2592 1104
13 2 2592 1104 2592 1232
13 0 2656 1104 2656 1232
13 0 2656 1232 2592 1232
13 0 2656 1104 2656 944
13 0 2656 944 2592 944
13 2 2592 944 2656 944
13 0 2656 1104 2656 944
13 2 2656 944 2656 1104
13 2 2656 1104 2656 1232
13 0 2592 1104 2592 1232
13 0 2592 944 2592 1104
13 2 2592 1232 2656 1232
13 2 2256 1232 2432 1232
17 0 3
17 0 fd1s3dx 2352 1184 0
13 0 2576 1232 2592 1232
13 0 2256 1232 2352 1232
13 2 2576 1232 2592 1232
13 2 2592 944 2592 1232
13 2 2256 1232 2352 1232
17 0 3
17 0 fd1s3dx 2576 1184 0
13 0 2256 1232 2576 1232
13 2 2256 1232 2576 1232
17 0 8
17 0 mux21 2400 1168 0
13 0 2528 1232 2576 1232
17 0 and2 2016 1072 0
17 0 and3 2016 1200 0
17 0 or2 2192 1152 0
13 0 2912 1440 3328 1440
13 2 2912 1440 3328 1440
13 2 800 1440 2912 1440
13 0 3328 1328 3328 1248
13 2 3328 1248 3328 1328
13 2 3328 1328 3328 1440
13 2 3008 1248 3088 1248
13 2 3312 1248 3328 1248
13 2 3328 944 3328 1248
17 0 4
17 0 6
17 0 fd1s3dx 784 1728 0
17 0 mux21 576 1712 0
13 0 704 1776 784 1776
13 0 1008 1776 1024 1776
13 0 1024 1472 1024 1776
13 2 2528 1232 2576 1232
17 0 3
17 0 8
17 0 fd1s3dx 2880 1184 0
17 0 mux21 2704 1168 0
13 0 2832 1232 2880 1232
17 0 17
17 0 or2 2272 1152 0
17 0 and2 2480 1136 0
13 2 2832 1232 2880 1232
17 0 8
17 0 3
17 0 fd1s3dx 2880 1152 0
17 0 mux21 2704 1136 0
13 0 2832 1200 2880 1200
13 2 2832 1200 2880 1200
17 0 3
17 0 fd1s3dx 2880 1152 0
13 0 2832 1200 2880 1200
13 2 2832 1200 2880 1200
17 0 3
17 0 8
17 0 fd1s3dx 2880 1168 0
17 0 mux21 2704 1152 0
13 0 2832 1216 2880 1216
17 0 15
17 0 and2 2016 1024 0
17 0 16
17 0 and3 2016 1152 0
13 0 1888 1200 2016 1200
13 2 1888 1200 2016 1200
17 0 16
17 0 and3 2000 928 0
17 0 15
17 0 and2 2016 1216 0
17 0 16
17 0 and3 2016 1088 0
17 0 15
17 0 and2 2016 1232 0
13 0 1888 1200 2016 1200
13 0 736 1056 1920 1056
13 0 1920 1056 1920 1168
13 0 1920 1168 2016 1168
13 0 736 1392 736 1488
13 0 736 1488 1984 1488
13 2 736 1488 1984 1488
13 0 736 1488 1952 1488
13 0 1952 1488 1952 1312
13 0 1952 1312 2016 1312
13 0 1888 1280 1904 1280
17 0 inv 1904 1232 0
13 0 2016 1280 2000 1280
13 0 1952 1408 1952 1312
13 2 1952 1312 1952 1408
13 2 1952 1408 1952 1488
13 0 1968 1408 1968 1488
13 0 1968 1488 1952 1488
13 0 1968 1408 1968 1312
13 0 1968 1312 1952 1312
13 2 1952 1312 1968 1312
13 0 1888 1328 1888 1280
13 2 1888 1280 1888 1328
13 2 1888 1328 1888 1376
13 0 1888 1248 1888 1200
13 2 1888 1200 1888 1248
13 2 1888 1248 1888 1280
17 0 19
13 2 1888 1280 1904 1280
17 0 inv 1936 1232 1
13 0 1888 1200 1888 1232
13 0 1888 1328 1888 1376
13 0 1888 1376 1936 1376
13 0 1936 1376 1936 1280
13 0 1936 1280 2000 1280
17 0 12
13 0 864 1280 960 1280
13 0 2416 1216 2496 1216
13 0 2416 1216 2480 1216
13 0 2480 1216 2496 1216
13 2 2480 1216 2496 1216
13 2 2416 1216 2480 1216
13 0 2496 1216 2480 1216
13 2 2480 1216 2496 1216
13 0 2416 1216 2432 1216
13 0 2480 1216 2432 1216
13 0 2624 1200 2704 1200
13 0 2704 1232 2656 1232
13 0 2656 1232 2656 912
13 0 3104 1216 3136 1216
13 0 3136 1216 3136 912
13 0 2160 1296 2208 1296
13 0 2208 1296 2208 1232
13 0 2208 1232 2272 1232
13 0 2272 1200 2208 1200
13 0 2208 1200 2208 1168
13 0 2208 1168 2160 1168
13 0 2480 1184 2416 1184
13 0 2416 1184 2416 1120
13 0 2416 1120 3136 1120
13 0 2528 1120 3136 1120
13 2 2528 1120 3136 1120
13 2 2416 1120 2528 1120
13 0 2528 1088 2416 1088
13 0 2416 1088 2416 1120
13 0 2528 1088 3136 1088
13 0 3136 1088 3136 1120
13 0 2544 1088 3136 1088
13 2 2544 1088 3136 1088
13 2 2416 1088 2544 1088
13 0 2544 1072 2416 1072
13 0 2416 1072 2416 1088
13 0 2544 1072 3136 1072
13 0 3136 1072 3136 1088
13 0 2416 1072 2224 1072
17 0 inv 2224 1120 2
13 0 2128 1072 1952 1072
13 0 1952 1072 1952 1136
13 0 1952 1136 2016 1136
13 0 2608 1984 2768 1984
17 0 or2 336 1568 0
17 0 and3 256 1456 0
17 0 20
17 0 or2 1536 1680 0
17 0 21
17 0 and3 1936 1872 0
13 0 2720 1984 2768 1984
13 2 2720 1984 2768 1984
13 2 2608 1984 2720 1984
13 0 576 1792 368 1792
13 0 368 1792 368 1536
17 0 20
17 0 or2 1520 1680 0
17 0 or2 704 1712 2
17 0 and3 928 1712 2
17 0 23
17 0 and3 928 1712 2
17 0 23
17 0 and2 928 1632 2
13 0 3136 1216 3136 1568
13 2 3136 1216 3136 1568
13 0 928 1552 3136 1552
13 0 3136 1552 3136 1216
13 0 736 1264 1072 1264
13 0 1072 1264 1072 1584
13 0 1072 1584 928 1584
13 0 784 1568 752 1568
13 0 752 1568 752 1632
13 0 752 1632 704 1632
13 0 992 1360 992 1680
13 2 992 1360 992 1680
13 0 704 1664 992 1664
13 0 992 1664 992 1360
13 0 560 1648 512 1648
13 0 512 1648 512 1760
13 0 512 1760 576 1760
13 0 1024 1632 1024 1472
13 2 1024 1472 1024 1632
13 2 1024 1632 1024 1776
13 0 1120 1632 1120 1776
13 0 1120 1776 1024 1776
13 0 1120 1632 1120 1472
13 0 1120 1472 1024 1472
13 2 1024 1472 1120 1472
13 2 1120 1472 1120 1776
13 0 1120 1408 1120 1776
13 0 1120 1472 800 1472
13 0 800 1472 800 1440
13 0 1120 1472 1168 1472
13 0 1168 1472 1168 1168
13 0 1168 1168 1216 1168
17 0 20
17 0 21
13 0 144 1936 1760 1936
13 0 144 1984 1760 1984
13 0 144 2032 1760 2032
13 0 896 1888 896 2032
13 0 784 1808 720 1808
13 0 720 1808 720 1936
13 0 640 1840 640 1984
13 0 368 1648 368 1536
13 2 368 1536 368 1648
13 2 368 1648 368 1792
13 0 480 1664 480 1792
13 0 480 1792 368 1792
13 0 480 1664 480 1536
13 0 480 1536 368 1536
13 0 400 1792 480 1792
13 2 400 1792 480 1792
13 2 368 1792 400 1792
13 0 400 1536 480 1536
13 2 400 1536 480 1536
13 2 368 1536 400 1536
13 0 400 1536 368 1536
13 0 400 1536 480 1536
13 0 416 1536 480 1536
13 2 416 1536 480 1536
13 2 368 1536 416 1536
13 0 384 1264 384 1984
13 0 496 1232 432 1232
13 0 432 1232 432 1936
13 0 512 1696 512 1648
13 2 512 1648 512 1696
13 2 512 1696 512 1760
13 0 544 1696 544 1760
13 0 544 1760 512 1760
13 0 544 1696 544 1648
13 0 544 1648 512 1648
13 0 544 1680 544 1648
13 2 544 1648 544 1680
13 2 544 1680 544 1760
13 0 528 1680 528 1760
13 0 528 1760 544 1760
13 0 528 1680 528 1648
13 0 528 1648 544 1648
13 2 512 1648 528 1648
13 2 512 1760 528 1760
13 0 480 1744 480 1536
13 2 480 1536 480 1744
13 2 480 1744 480 1792
13 0 496 1744 496 1792
13 0 496 1792 480 1792
13 0 496 1744 496 1536
13 0 496 1536 480 1536
13 2 480 1792 496 1792
13 2 480 1536 496 1536
13 2 448 1200 496 1200
13 2 160 1216 320 1216
13 2 384 1264 384 1984
17 0 5
17 0 mux21 304 1136 0
13 0 432 1200 496 1200
13 0 160 1216 304 1216
13 0 368 1264 384 1264
13 0 384 1264 384 1984
13 2 432 1200 496 1200
13 2 720 1200 736 1200
13 2 432 1232 496 1232
17 0 1
17 0 fd1s3dx 480 1152 0
13 0 432 1200 480 1200
13 0 704 1200 736 1200
13 0 464 1232 480 1232
13 0 432 1232 464 1232
13 0 384 1328 384 1264
13 2 384 1264 384 1328
13 2 384 1328 384 1984
13 0 368 1328 368 1984
13 0 368 1984 384 1984
13 0 368 1328 368 1264
13 0 368 1264 384 1264
13 2 368 1264 384 1264
13 0 432 1584 432 1232
13 2 432 1232 432 1584
13 2 432 1584 432 1936
13 0 416 1584 416 1936
13 0 416 1936 432 1936
13 0 416 1584 416 1232
13 0 416 1232 432 1232
13 0 592 1312 592 1392
13 0 592 1392 464 1392
13 0 464 1392 464 2032
13 0 1184 1936 1184 1616
13 0 1184 1616 2896 1616
13 2 1184 1616 2896 1616
13 0 2880 1248 2832 1248
13 0 2832 1248 2832 1616
13 0 2832 1616 1184 1616
13 0 2768 1280 2768 1648
13 2 2768 1280 2768 1648
13 0 2768 1280 2768 1664
13 0 2768 1664 1232 1664
13 0 1232 1664 1232 1984
13 0 2992 1328 2992 1696
13 0 2992 1696 2992 1712
13 0 2992 1712 1280 1712
13 0 1280 1712 1280 2032
13 0 1440 1936 1760 1936
13 2 1440 1936 1760 1936
13 2 1184 1936 1440 1936
13 0 1440 1984 1760 1984
13 2 1440 1984 1760 1984
13 2 1232 1984 1440 1984
13 0 1456 2032 1760 2032
13 2 1456 2032 1760 2032
13 2 1280 2032 1456 2032
13 0 1760 1312 1760 1712
13 0 1648 1232 1616 1232
13 0 1616 1232 1616 1616
13 0 1536 1264 1536 1664
13 2 432 1200 480 1200
13 2 160 1216 304 1216
13 2 368 1264 368 1984
17 0 5
17 0 mux21 256 1136 0
13 0 384 1200 480 1200
13 0 160 1216 256 1216
13 0 320 1264 368 1264
13 0 368 1264 368 1984
13 0 368 1376 368 1264
13 2 368 1264 368 1376
13 2 368 1376 368 1984
13 0 304 1376 304 1984
13 0 304 1984 368 1984
13 0 304 1376 304 1264
13 0 304 1264 368 1264
13 0 304 1360 304 1264
13 2 304 1264 304 1360
13 2 304 1360 304 1984
13 0 320 1360 320 1984
13 0 320 1984 304 1984
13 0 320 1360 320 1264
13 0 320 1264 304 1264
13 2 304 1264 320 1264
13 2 320 1264 368 1264
13 0 416 1344 416 1232
13 2 416 1232 416 1344
13 2 416 1344 416 1936
13 0 368 1344 368 1936
13 0 368 1936 416 1936
13 0 368 1344 368 1232
13 0 368 1232 416 1232
13 2 384 1200 480 1200
13 2 704 1200 736 1200
13 2 368 1232 480 1232
13 2 592 1312 592 1392
17 0 1
17 0 fd1s3dx 416 1152 0
13 0 384 1200 416 1200
13 0 640 1200 736 1200
13 0 400 1232 416 1232
13 0 368 1232 400 1232
13 0 528 1312 592 1312
13 0 592 1312 592 1392
13 0 464 1520 464 1392
13 2 464 1392 464 1520
13 2 464 1520 464 2032
13 0 416 1520 416 2032
13 0 416 2032 464 2032
13 0 416 1520 416 1392
13 0 416 1392 464 1392
13 0 592 1360 592 1312
13 2 592 1312 592 1360
13 2 592 1360 592 1392
13 0 432 1376 432 1392
13 0 432 1392 592 1392
13 0 432 1376 432 1312
13 0 432 1312 592 1312
13 0 480 1392 592 1392
13 2 480 1392 592 1392
13 2 432 1392 480 1392
13 0 432 1360 432 1312
13 2 432 1312 432 1360
13 2 432 1360 432 1392
13 0 416 1360 416 1392
13 0 416 1392 432 1392
13 0 416 1360 416 1312
13 0 416 1312 432 1312
13 2 416 1392 432 1392
13 0 576 1312 592 1312
13 2 576 1312 592 1312
13 2 528 1312 576 1312
13 0 736 1232 736 1200
13 2 736 1200 736 1232
13 2 736 1232 736 1264
13 0 656 1232 656 1264
13 0 656 1264 736 1264
13 0 656 1232 656 1200
13 0 656 1200 736 1200
13 0 736 1136 736 1056
13 2 736 1056 736 1136
13 2 736 1136 736 1200
13 0 656 1136 656 1200
13 0 656 1200 736 1200
13 0 656 1136 656 1056
13 0 656 1056 736 1056
13 0 736 1008 736 912
13 2 736 912 736 1008
13 2 736 1008 736 1056
13 0 656 1008 656 1056
13 0 656 1056 736 1056
13 0 656 1008 656 912
13 0 656 912 736 912
13 0 704 912 736 912
13 2 704 912 736 912
13 2 656 912 704 912
13 0 752 1136 752 1088
13 2 752 1088 752 1136
13 2 752 1136 752 1168
13 0 688 1136 688 1168
13 0 688 1168 752 1168
13 0 688 1136 688 1088
13 0 688 1088 752 1088
13 2 688 1168 768 1168
13 2 928 1184 1008 1184
13 2 656 1200 768 1200
17 0 9
17 0 xor2 736 1120 0
13 0 688 1168 720 1168
13 0 880 1184 1008 1184
13 0 704 1200 720 1200
13 0 656 1200 704 1200
13 2 736 1392 832 1392
13 2 736 1264 736 1296
13 2 736 1392 736 1488
17 0 11
17 0 inv 784 1280 1
13 0 736 1376 768 1376
13 0 768 1376 768 1392
13 0 768 1392 832 1392
13 0 736 1264 736 1280
13 0 736 1376 736 1488
13 2 736 1264 736 1280
13 0 656 1280 656 1264
13 0 656 1264 736 1264
13 2 736 1376 768 1376
13 2 736 1376 736 1488
13 2 768 1376 768 1392
17 0 11
17 0 inv 704 1264 1
13 0 656 1360 688 1360
13 0 656 1376 656 1360
13 0 656 1376 736 1376
13 0 736 1376 736 1488
13 0 688 1360 768 1360
13 0 768 1360 768 1392
13 2 768 1360 768 1392
13 0 688 1360 768 1360
13 2 688 1360 768 1360
13 2 736 1376 736 1488
13 2 656 1376 736 1376
13 2 656 1360 656 1376
13 2 656 1360 688 1360
17 0 11
17 0 inv 784 1280 1
13 0 768 1376 768 1392
13 0 736 1376 736 1488
13 0 736 1376 768 1376
13 2 656 1264 656 1280
13 0 736 1264 736 1280
13 2 736 1376 768 1376
13 2 736 1264 736 1280
13 2 736 1376 736 1488
13 2 768 1376 768 1392
17 0 11
17 0 inv 784 1280 1
13 0 736 1376 768 1376
13 0 736 1264 736 1280
13 0 736 1376 736 1488
13 0 768 1376 768 1392
13 2 736 1376 768 1376
13 2 736 1264 736 1280
13 2 736 1376 736 1488
13 2 768 1376 768 1392
17 0 11
17 0 inv 784 1280 1
13 0 736 1376 768 1376
13 0 736 1264 736 1280
13 0 736 1376 736 1488
13 0 768 1376 768 1392
13 2 736 1376 768 1376
13 2 736 1264 736 1280
13 2 736 1376 736 1488
13 2 768 1376 768 1392
17 0 11
17 0 inv 784 1280 1
13 0 736 1376 768 1376
13 0 736 1264 736 1280
13 0 736 1376 736 1488
13 0 768 1376 768 1392
13 2 736 1376 768 1376
13 2 736 1264 736 1280
13 2 736 1376 736 1488
13 2 768 1376 768 1392
17 0 11
17 0 inv 784 1280 1
13 0 736 1376 768 1376
13 0 736 1264 736 1280
13 0 736 1376 736 1488
13 0 768 1376 768 1392
13 0 736 1424 736 1376
13 2 736 1376 736 1424
13 2 736 1424 736 1488
13 0 656 1408 656 1488
13 0 656 1488 736 1488
13 0 656 1408 656 1376
13 0 656 1376 736 1376
13 2 656 1376 736 1376
13 2 736 1376 768 1376
13 2 736 1264 736 1280
13 2 768 1376 768 1392
17 0 11
17 0 inv 752 1280 1
13 0 672 1376 704 1376
13 0 656 1376 672 1376
13 0 704 1376 736 1376
13 0 704 1280 736 1280
13 0 736 1264 736 1280
13 0 736 1376 768 1376
13 0 768 1376 768 1392
13 2 704 1280 736 1280
13 2 656 1376 704 1376
13 2 704 1376 768 1376
13 2 736 1264 736 1280
17 0 11
17 0 inv 704 1280 1
13 0 656 1280 688 1280
13 0 624 1376 656 1376
13 0 656 1376 624 1376
13 0 656 1376 688 1376
13 0 688 1376 768 1376
13 0 688 1280 736 1280
13 0 736 1264 736 1280
13 2 656 1280 736 1280
13 2 736 1264 736 1280
13 0 656 1280 656 1264
13 0 656 1264 736 1264
13 2 624 1376 656 1376
13 0 624 1376 656 1376
13 2 624 1376 656 1376
13 0 720 1376 768 1376
13 2 720 1376 768 1376
13 2 656 1376 720 1376
13 0 720 1392 656 1392
13 0 656 1392 656 1376
13 0 720 1392 768 1392
13 0 768 1392 768 1376
13 2 768 1376 768 1392
13 0 800 1424 800 1360
13 2 800 1360 800 1424
13 2 800 1424 800 1472
13 0 736 1424 736 1472
13 0 736 1472 800 1472
13 0 736 1424 736 1360
13 0 736 1360 800 1360
13 0 800 1296 800 1280
13 2 800 1280 800 1296
13 2 800 1296 800 1328
13 0 736 1296 736 1328
13 0 736 1328 800 1328
13 0 736 1296 736 1280
13 0 736 1280 800 1280
13 2 736 1328 832 1328
13 2 736 1360 832 1360
13 2 976 1360 992 1360
13 2 656 1392 832 1392
17 0 10
17 0 and3 784 1280 0
13 0 736 1328 784 1328
13 0 768 1360 784 1360
13 0 736 1360 768 1360
13 0 928 1360 992 1360
13 0 752 1392 784 1392
13 0 656 1392 752 1392
13 0 992 1296 992 1216
13 2 992 1216 992 1296
13 2 992 1296 992 1360
13 0 944 1296 944 1360
13 0 944 1360 992 1360
13 0 944 1296 944 1216
13 0 944 1216 992 1216
13 0 992 1440 992 1360
13 2 992 1360 992 1440
13 2 992 1440 992 1664
13 0 944 1440 944 1664
13 0 944 1664 992 1664
13 0 944 1440 944 1360
13 0 944 1360 992 1360
13 2 880 1184 1008 1184
13 2 1152 1200 1216 1200
13 2 944 1216 1008 1216
17 0 13
17 0 or2 976 1136 0
13 0 880 1184 976 1184
13 0 1120 1200 1216 1200
13 0 960 1216 976 1216
13 0 944 1216 960 1216
13 2 944 1360 992 1360
13 2 928 1552 3136 1552
13 2 752 1568 784 1568
13 2 928 1584 1072 1584
17 0 23
17 0 and2 912 1632 2
13 0 912 1552 3136 1552
13 0 752 1568 768 1568
13 0 928 1584 912 1584
13 0 928 1584 1072 1584
13 2 704 1632 752 1632
13 2 528 1648 560 1648
13 2 704 1664 944 1664
17 0 22
17 0 or2 688 1712 2
13 0 688 1632 752 1632
13 0 528 1648 544 1648
13 0 704 1664 688 1664
13 0 704 1664 944 1664
13 2 944 1664 992 1664
13 2 912 1552 3136 1552
13 2 752 1568 768 1568
13 2 912 1584 1072 1584
17 0 23
17 0 and2 896 1632 2
13 0 896 1552 3136 1552
13 0 912 1584 896 1584
13 0 912 1584 1072 1584
13 2 896 1552 3136 1552
13 2 896 1584 1072 1584
13 2 752 1568 752 1632
17 0 23
17 0 and2 896 1632 2
13 0 896 1552 3136 1552
13 0 912 1584 896 1584
13 0 912 1584 1072 1584
13 0 752 1568 752 1600
13 0 752 1600 752 1632
13 0 752 1600 752 1568
13 2 752 1568 752 1600
13 2 752 1600 752 1632
13 0 720 1600 720 1632
13 0 720 1632 752 1632
13 0 720 1600 720 1568
13 0 720 1568 752 1568
13 2 720 1632 752 1632
13 2 896 1552 3136 1552
13 2 720 1568 752 1568
13 2 896 1584 1072 1584
17 0 23
17 0 and2 880 1632 2
13 0 880 1552 3136 1552
13 0 720 1568 736 1568
13 0 896 1584 880 1584
13 0 896 1584 1072 1584
13 2 1168 1168 1216 1168
13 2 1360 1184 1472 1184
13 2 1120 1200 1216 1200
17 0 14
17 0 and2 1200 1120 0
13 0 1168 1168 1200 1168
13 0 1344 1184 1472 1184
13 0 1184 1200 1200 1200
13 0 1120 1200 1184 1200
13 0 1168 1184 1168 1168
13 2 1168 1168 1168 1184
13 2 1168 1184 1168 1472
13 0 1152 1184 1152 1472
13 0 1152 1472 1168 1472
13 0 1152 1184 1152 1168
13 0 1152 1168 1168 1168
13 2 1152 1168 1200 1168
13 2 1344 1184 1472 1184
13 2 1120 1200 1200 1200
17 0 14
17 0 and2 1184 1120 0
13 0 1152 1168 1184 1168
13 0 1328 1184 1472 1184
13 0 1168 1200 1184 1200
13 0 1120 1200 1168 1200
13 2 1152 1472 1168 1472
