10 1 1
10 1 1
10 1 1
17 0 SchemaM1 848 1136 0
17 0 SchemaM1 1344 1120 0
17 0 2
17 0 SchemaM1 1856 1136 0
17 0 1
17 0 SchemaM1 1104 1168 0
13 0 768 1520 992 1520
13 0 992 1520 992 1376
13 0 992 1376 1104 1376
13 0 992 1376 992 1312
13 0 992 1312 1104 1312
13 0 1104 1280 992 1280
13 0 992 1280 992 1312
13 0 1104 1248 992 1248
13 0 992 1248 992 1280
13 0 1104 1216 992 1216
13 0 992 1216 992 1248
13 0 992 1520 1792 1520
13 0 1792 1520 1792 1344
13 0 1792 1344 1856 1344
13 0 1856 1280 1792 1280
13 0 1792 1280 1792 1344
13 0 1856 1248 1792 1248
13 0 1792 1248 1792 1280
13 0 1856 1216 1792 1216
13 0 1792 1216 1792 1248
13 0 1856 1184 1792 1184
13 0 1792 1184 1792 1216
13 0 1264 1248 1392 1248
17 0 inv 1392 1200 0
13 0 1488 1248 1616 1248
13 0 1616 1248 1616 1312
13 0 1616 1312 1856 1312
13 0 1104 1344 768 1344
13 0 1104 1408 896 1408
13 0 896 1408 896 1088
13 0 1856 1376 1696 1376
13 0 1696 1376 1696 1104
13 0 1696 1104 1696 1088
13 0 1696 1088 896 1088
17 0 or2 720 1024 0
13 0 864 1088 896 1088
13 0 720 1104 624 1104
13 0 720 1072 624 1072
13 0 2016 1312 2224 1312
13 0 2224 1312 2224 1008
13 0 2224 1008 688 1008
13 0 688 1008 688 1072
13 0 1264 1280 1296 1280
13 0 1264 1312 1296 1312
13 0 1264 1344 1296 1344
13 0 1264 1376 1296 1376
13 0 2016 1344 2064 1344
13 0 2016 1280 2064 1280
13 0 2016 1248 2064 1248
13 0 2016 1216 2064 1216
13 0 2144 1312 2224 1312
13 2 2144 1312 2224 1312
13 2 2016 1312 2144 1312
13 0 2224 1264 2224 1008
13 2 2224 1008 2224 1264
13 2 2224 1264 2224 1312
13 0 2016 1312 2064 1312
13 0 2032 1312 2032 1008
13 0 2112 1008 2224 1008
13 2 2112 1008 2224 1008
13 2 2032 1008 2112 1008
13 5 1296 1280 Q10
13 5 1296 1312 Q11
13 5 1296 1344 Q12
13 5 1296 1376 Q13
13 5 2080 1248 Q20
13 7 2080 1248
13 5 2064 1248 Q20
13 5 2064 1280 Q21
13 5 2064 1312 Q22
13 5 2064 1344 Q23
13 5 768 1344 C
13 5 624 1104 R
13 0 640 1072 688 1072
13 2 640 1072 688 1072
13 2 624 1072 640 1072
13 8 624 1104 1
13 8 768 1344 1
13 8 1296 1280 2
13 8 1296 1312 2
13 8 1296 1344 2
13 8 1296 1376 2
13 8 2064 1248 2
13 8 2064 1280 2
13 8 2064 1312 2
13 8 2064 1344 2
17 0 vlo 768 1520 0
