10 1 1
10 1 1
10 1 1
13 0 1696 1456 1696 1424
13 2 1696 1424 1696 1456
13 2 1696 1456 1696 1488
13 0 464 1248 464 1120
13 0 464 1120 992 1120
13 0 992 1120 992 1088
13 0 992 1088 1552 1088
13 0 1552 1088 1552 1248
13 0 1552 1248 1680 1248
13 0 1680 1248 1680 1424
13 0 1680 1424 1696 1424
13 0 1696 1328 1696 1280
13 2 1696 1280 1696 1328
13 2 1696 1328 1696 1360
13 0 1904 1280 1904 1328
13 0 1904 1328 1696 1328
13 0 1696 1328 1696 1360
13 0 1712 1280 1728 1280
13 2 1712 1280 1728 1280
13 2 1696 1280 1712 1280
13 0 2400 1568 2400 1440
13 2 2400 1440 2400 1568
13 2 2400 1568 2400 1680
13 0 2352 1568 2352 1680
13 0 2352 1680 2400 1680
13 0 2352 1568 2352 1440
13 0 2352 1440 2400 1440
13 0 2384 1440 2400 1440
13 2 2384 1440 2400 1440
13 2 2352 1440 2384 1440
13 2 672 1264 688 1264
13 2 656 1296 688 1296
13 2 832 1296 1008 1296
13 2 464 1328 688 1328
17 0 8
17 0 and3 784 1216 0
13 0 672 1264 784 1264
13 0 768 1296 784 1296
13 0 656 1296 768 1296
13 0 928 1296 1008 1296
13 0 752 1328 784 1328
13 0 464 1328 752 1328
13 2 640 1376 672 1376
13 2 816 1392 912 1392
13 2 624 1408 672 1408
17 0 7
17 0 and2 752 1328 0
13 0 640 1376 752 1376
13 0 896 1392 912 1392
13 0 736 1408 752 1408
13 0 624 1408 736 1408
13 0 912 1360 912 1328
13 2 912 1328 912 1360
13 2 912 1360 912 1392
13 0 960 1360 960 1392
13 0 960 1392 912 1392
13 0 960 1360 960 1328
13 0 960 1328 912 1328
13 0 928 1328 960 1328
13 2 928 1328 960 1328
13 2 912 1328 928 1328
13 0 672 1248 672 1040
13 2 672 1040 672 1248
13 2 672 1248 672 1264
13 0 736 1264 672 1264
13 0 736 1264 736 1040
13 0 736 1040 672 1040
13 0 704 1264 736 1264
13 2 704 1264 736 1264
13 2 672 1264 704 1264
13 0 656 1280 656 1136
13 2 656 1136 656 1280
13 2 656 1280 656 1296
13 0 704 1280 704 1296
13 0 704 1296 656 1296
13 0 704 1280 704 1136
13 0 704 1136 656 1136
13 0 672 1296 704 1296
13 2 672 1296 704 1296
13 2 656 1296 672 1296
13 0 672 1136 704 1136
13 2 672 1136 704 1136
13 2 656 1136 672 1136
13 0 640 1296 640 1200
13 2 640 1200 640 1296
13 2 640 1296 640 1376
13 0 672 1296 672 1376
13 0 672 1376 640 1376
13 0 672 1296 672 1200
13 0 672 1200 640 1200
13 0 640 1152 640 1088
13 2 640 1088 640 1152
13 2 640 1152 640 1200
13 0 672 1152 672 1200
13 0 672 1200 640 1200
13 0 672 1152 672 1088
13 0 672 1088 640 1088
13 2 640 1200 672 1200
13 0 656 1376 672 1376
13 2 656 1376 672 1376
13 2 640 1376 656 1376
