10 1 1
10 1 1
10 1 1
17 0 inv 1776 1280 0
17 0 or2 1104 1104 0
17 0 vlo 1152 1600 0
17 0 SchemaMsk 1456 1248 0
17 0 SchemaMsk 2208 1216 0
13 0 1072 1088 2416 1088
13 0 1072 1152 1104 1152
13 0 1248 1168 1280 1168
13 0 1280 1168 2080 1168
13 0 1008 1184 1104 1184
13 0 2000 1264 2208 1264
13 0 1152 1296 1456 1296
13 0 2176 1296 2208 1296
13 0 2400 1296 2448 1296
13 0 1344 1328 1456 1328
13 0 1648 1328 1776 1328
13 0 1872 1328 2000 1328
13 0 2176 1328 2208 1328
13 0 2400 1328 2448 1328
13 0 1344 1360 1456 1360
13 0 1648 1360 1680 1360
13 0 2176 1360 2208 1360
13 0 2400 1360 2448 1360
13 0 1344 1392 1456 1392
13 0 1648 1392 1680 1392
13 0 2176 1392 2208 1392
13 0 2400 1392 2416 1392
13 0 2416 1392 2448 1392
13 0 1344 1424 1456 1424
13 0 1648 1424 1680 1424
13 0 2176 1424 2208 1424
13 0 2400 1424 2448 1424
13 0 1344 1456 1456 1456
13 0 1648 1456 1680 1456
13 0 2080 1456 2208 1456
13 0 1280 1488 1456 1488
13 0 1152 1600 1344 1600
13 0 1344 1600 2176 1600
13 0 1072 1088 1072 1152
13 0 1280 1168 1280 1488
13 0 1344 1328 1344 1360
13 0 1344 1360 1344 1392
13 0 1344 1392 1344 1424
13 0 1344 1424 1344 1456
13 0 1344 1456 1344 1600
13 0 2000 1264 2000 1328
13 0 2080 1168 2080 1456
13 0 2176 1296 2176 1328
13 0 2176 1328 2176 1360
13 0 2176 1360 2176 1392
13 0 2176 1392 2176 1424
13 0 2176 1424 2176 1600
13 0 2416 1088 2416 1392
13 5 1008 1184 R
13 5 1152 1296 C
13 5 2448 1328 Q20
13 5 1680 1360 Q10
13 5 2448 1360 Q21
13 5 1680 1392 Q11
13 5 2448 1392 Q22
13 5 1680 1424 Q12
13 5 2448 1424 Q23
13 5 1680 1456 Q13
13 8 1008 1184 1
13 8 1152 1296 1
13 8 2448 1328 2
13 8 1680 1360 2
13 8 2448 1360 2
13 8 1680 1392 2
13 8 2448 1392 2
13 8 1680 1424 2
13 8 2448 1424 2
13 8 1680 1456 2
13 0 1040 1184 1104 1184
13 2 1040 1184 1104 1184
13 2 1008 1184 1040 1184
13 7 1008 1184
13 8 1008 1184 0
13 5 1024 1184 R
13 8 1008 1184 1
13 8 1024 1184 1
13 7 1024 1184
13 8 1024 1184 0
13 5 912 1200 R
13 8 1024 1184 1
13 8 912 1200 1
13 0 1104 1184 1056 1184
17 0 inv 960 1136 0
13 7 912 1200
13 8 912 1200 0
13 5 896 1184 R
13 8 912 1200 1
13 8 896 1184 1
13 0 896 1184 960 1184
13 2 1648 1328 1776 1328
13 2 1872 1328 2000 1328
17 0 1
17 0 inv 1888 1280 0
13 0 1648 1328 1888 1328
13 0 1984 1328 2000 1328
13 2 1648 1360 1680 1360
13 7 1680 1360
13 8 1680 1360 0
13 0 1840 1360 1648 1360
13 5 1840 1360 Q10
13 8 1680 1360 2
13 8 1840 1360 2
13 0 1760 1360 1840 1360
13 2 1760 1360 1840 1360
13 2 1648 1360 1760 1360
13 2 1648 1392 1680 1392
13 7 1680 1392
13 8 1680 1392 0
13 0 1856 1392 1648 1392
13 5 1856 1392 Q11
13 8 1680 1392 2
13 8 1856 1392 2
13 0 1776 1392 1856 1392
13 2 1776 1392 1856 1392
13 2 1648 1392 1776 1392
13 2 1648 1424 1680 1424
13 7 1680 1424
13 8 1680 1424 0
13 0 1856 1424 1648 1424
13 5 1856 1424 Q12
13 8 1680 1424 2
13 8 1856 1424 2
13 0 1808 1424 1856 1424
13 2 1808 1424 1856 1424
13 2 1648 1424 1808 1424
13 2 1648 1456 1680 1456
13 7 1680 1456
13 8 1680 1456 0
13 0 1856 1456 1648 1456
13 5 1856 1456 Q13
13 8 1680 1456 2
13 8 1856 1456 2
13 0 1792 1456 1856 1456
13 2 1792 1456 1856 1456
13 2 1648 1456 1792 1456
17 0 inv 1712 1312 0
17 0 7
13 0 1648 1360 1664 1360
13 0 1664 1360 1664 1056
17 0 inv 1616 1056 3
13 0 1648 1392 1760 1392
13 0 1760 1392 1760 1056
17 0 inv 1712 1056 3
13 7 1840 1360
13 8 1840 1360 0
13 5 1664 960 Q10
13 5 1840 1360 Q10
13 8 1840 1360 2
13 0 1664 960 1664 928
13 0 1760 960 1760 928
13 7 1840 1360
13 8 1840 1360 0
13 5 1664 928 Q10
13 8 1840 1360 2
13 8 1664 928 2
13 7 1856 1392
13 8 1856 1392 0
13 5 1760 928 Q11
13 8 1856 1392 2
13 8 1760 928 2
13 7 1856 1424
13 8 1856 1424 0
13 5 2016 976 Q12
13 8 1856 1424 2
13 8 2016 976 2
13 7 1856 1456
13 8 1856 1456 0
13 5 2032 1040 Q13
13 8 1856 1456 2
13 8 2032 1040 2
13 0 1648 1424 1840 1424
13 0 1840 1424 1856 1424
13 0 1856 1424 1856 1056
17 0 inv 1808 1056 3
13 0 2000 1296 2000 1264
13 2 2000 1264 2000 1296
13 2 2000 1296 2000 1328
13 0 2048 1296 2048 1328
13 0 2048 1328 2000 1328
13 0 2048 1296 2048 1264
13 0 2048 1264 2000 1264
13 0 2032 1264 2048 1264
13 2 2032 1264 2048 1264
13 2 2000 1264 2032 1264
13 2 1648 1328 1888 1328
13 2 1984 1328 2048 1328
17 0 1
17 0 inv 1936 1280 0
13 0 1648 1328 1936 1328
13 0 2032 1328 2048 1328
13 0 2048 1296 2048 1264
13 2 2048 1264 2048 1296
13 2 2048 1296 2048 1328
13 0 2112 1312 2112 1328
13 0 2112 1328 2048 1328
13 0 2112 1312 2112 1264
13 0 2112 1264 2048 1264
13 0 2064 1264 2112 1264
13 2 2064 1264 2112 1264
13 2 2048 1264 2064 1264
13 2 1648 1328 1936 1328
13 2 2032 1328 2112 1328
17 0 1
17 0 inv 1952 1280 0
13 0 1648 1328 1952 1328
13 0 2048 1328 2112 1328
13 0 1648 1456 1936 1456
13 0 2000 1344 2016 1344
13 2 2000 1344 2016 1344
13 2 1648 1328 1952 1328
13 2 2048 1328 2112 1328
17 0 1
17 0 inv 1984 1280 0
13 0 1648 1328 1984 1328
13 0 2080 1328 2112 1328
13 2 1648 1328 1984 1328
13 2 2080 1328 2112 1328
13 2 2080 1168 2080 1328
13 2 2080 1328 2080 1456
17 0 1
17 0 inv 1968 1280 0
13 0 1648 1328 1968 1328
13 0 2064 1328 2112 1328
13 0 2064 1296 2064 1328
13 0 2064 1296 2080 1296
13 0 2080 1168 2080 1296
13 0 2064 1328 2064 1360
13 0 2064 1360 2080 1360
13 0 2080 1360 2080 1456
13 2 2080 1360 2080 1456
13 2 2064 1360 2080 1360
13 2 2064 1328 2064 1360
13 2 2080 1168 2080 1296
13 2 2064 1296 2080 1296
13 2 2064 1296 2064 1328
13 2 2064 1328 2112 1328
13 2 1648 1328 1968 1328
17 0 1
17 0 inv 1984 1280 0
13 0 2080 1328 2080 1456
13 0 2080 1168 2080 1328
13 0 2080 1328 2112 1328
13 0 1648 1328 1984 1328
13 2 2080 1328 2112 1328
13 2 1648 1328 1984 1328
17 0 1
17 0 inv 1952 1280 0
13 0 2048 1328 2112 1328
13 0 1648 1328 1952 1328
13 2 1648 1328 1952 1328
13 2 2048 1328 2112 1328
17 0 1
17 0 inv 1968 1280 0
13 0 1648 1328 1968 1328
13 0 2064 1328 2112 1328
13 0 2080 1344 2080 1168
13 2 2080 1168 2080 1344
13 2 2080 1344 2080 1456
13 0 2144 1344 2144 1456
13 0 2144 1456 2080 1456
13 0 2144 1344 2144 1168
13 0 2144 1168 2080 1168
13 0 2096 1456 2144 1456
13 2 2096 1456 2144 1456
13 2 2080 1456 2096 1456
13 0 2112 1296 2112 1264
13 2 2112 1264 2112 1296
13 2 2112 1296 2112 1328
13 0 2128 1296 2128 1328
13 0 2128 1328 2112 1328
13 0 2128 1296 2128 1264
13 0 2128 1264 2112 1264
13 2 2112 1264 2128 1264
13 2 1648 1328 1968 1328
13 2 2064 1328 2128 1328
17 0 1
17 0 inv 2016 1280 0
13 0 1648 1328 2016 1328
13 0 2112 1328 2128 1328
13 0 1936 1456 1952 1456
13 0 1952 1456 1952 1056
17 0 inv 1904 1056 3
13 0 1856 960 1856 944
13 0 1952 960 1952 944
13 7 2016 976
13 8 2016 976 0
13 5 1856 944 Q12
13 8 2016 976 2
13 8 1856 944 2
13 2 1856 944 1856 960
13 7 1856 944
13 8 1856 944 0
13 0 1856 928 1856 960
13 5 1856 928 Q12
13 8 1856 944 2
13 8 1856 928 2
13 7 2032 1040
13 8 2032 1040 0
13 5 1952 944 Q13
13 8 2032 1040 2
13 8 1952 944 2
13 2 1952 944 1952 960
13 7 1952 944
13 8 1952 944 0
13 0 1952 928 1952 960
13 5 1952 928 Q13
13 8 1952 944 2
13 8 1952 928 2
17 0 inv 2736 1056 3
17 0 inv 2640 1056 3
17 0 inv 2544 1056 3
17 0 inv 2448 1056 3
13 0 2448 1088 2816 1088
13 0 2496 928 2496 960
13 0 2496 1056 2496 1152
13 0 2592 928 2592 960
13 0 2592 1056 2592 1152
13 0 2688 928 2688 960
13 0 2688 1056 2688 1152
13 0 2784 928 2784 960
13 0 2784 1056 2784 1152
13 5 2496 928 Q10
13 5 2592 928 Q11
13 5 2688 928 Q12
13 5 2784 928 Q13
13 8 2496 928 2
13 8 2592 928 2
13 8 2688 928 2
13 8 2784 928 2
13 2 2496 928 2496 960
13 7 2496 928
13 8 2496 928 0
13 0 2496 928 2496 960
13 5 2496 928 Q10
13 8 2496 928 2
13 8 2496 928 2
13 2 2496 928 2496 960
13 7 2496 928
13 8 2496 928 0
13 8 2496 928 0
13 2 2592 928 2592 960
13 7 2592 928
13 8 2592 928 0
13 8 2592 928 0
13 2 2688 928 2688 960
13 7 2688 928
13 8 2688 928 0
13 8 2688 928 0
13 2 2784 928 2784 960
13 7 2784 928
13 8 2784 928 0
13 8 2784 928 0
13 0 2464 1088 2816 1088
13 2 2464 1088 2816 1088
13 2 2448 1088 2464 1088
13 2 2400 1328 2448 1328
13 0 2400 1328 2416 1328
13 2 2400 1328 2416 1328
13 0 2432 1360 2448 1360
13 2 2432 1360 2448 1360
13 2 2400 1360 2432 1360
13 0 2432 1392 2448 1392
13 2 2432 1392 2448 1392
13 2 2416 1392 2432 1392
13 0 2432 1424 2448 1424
13 2 2432 1424 2448 1424
13 2 2400 1424 2432 1424
13 7 2448 1328
13 8 2448 1328 0
13 5 2496 896 Q20
13 8 2448 1328 2
13 8 2496 896 2
13 7 2448 1360
13 8 2448 1360 0
13 5 2592 912 Q21
13 8 2448 1360 2
13 8 2592 912 2
13 7 2448 1392
13 8 2448 1392 0
13 5 2688 896 Q22
13 8 2448 1392 2
13 8 2688 896 2
13 7 2448 1424
13 8 2448 1424 0
13 5 2784 912 Q23
13 8 2448 1424 2
13 8 2784 912 2
13 0 2496 1152 2496 1328
13 0 2496 1328 2400 1328
13 0 2592 1152 2592 1360
13 0 2592 1360 2400 1360
13 0 2416 1392 2688 1392
13 0 2688 1392 2688 1152
13 0 2784 1152 2784 1424
13 0 2784 1424 2400 1424
13 0 2496 960 2496 928
13 7 2496 896
13 8 2496 896 0
13 5 2496 928 Q20
13 8 2496 896 2
13 8 2496 928 2
13 0 2592 960 2592 912
13 2 2592 912 2592 960
13 7 2592 912
13 8 2592 912 0
13 0 2592 928 2592 960
13 5 2592 928 Q21
13 8 2592 912 2
13 8 2592 928 2
13 0 2688 960 2688 896
13 2 2688 896 2688 960
13 7 2688 896
13 8 2688 896 0
13 0 2688 928 2688 960
13 5 2688 928 Q22
13 8 2688 896 2
13 8 2688 928 2
13 0 2784 960 2784 912
13 2 2784 912 2784 960
13 7 2784 912
13 8 2784 912 0
13 0 2784 928 2784 960
13 5 2784 928 Q23
13 8 2784 912 2
13 8 2784 928 2
13 0 1264 1600 1344 1600
13 2 1264 1600 1344 1600
13 2 1152 1600 1264 1600
13 0 1280 1552 1152 1552
13 0 1152 1552 1152 1600
13 0 1280 1552 1344 1552
13 0 1344 1552 1344 1600
13 0 1312 1552 1344 1552
13 2 1312 1552 1344 1552
13 2 1152 1552 1312 1552
13 0 1312 1568 1152 1568
13 0 1152 1568 1152 1552
13 0 1312 1568 1344 1568
13 0 1344 1568 1344 1552
13 2 1152 1552 1152 1568
13 0 1488 1600 2176 1600
13 2 1488 1600 2176 1600
13 2 1344 1600 1488 1600
13 0 1488 1568 1344 1568
13 0 1344 1568 1344 1600
13 0 1488 1568 2176 1568
13 0 2176 1568 2176 1600
13 2 1344 1568 1344 1600
13 2 2176 1568 2176 1600
