10 1 1
10 1 1
10 1 1
13 0 944 1424 944 1360
13 2 944 1360 944 1424
13 2 944 1424 944 1664
13 0 880 1664 944 1664
13 2 880 1664 944 1664
13 2 688 1664 880 1664
17 0 and3 880 1744 2
13 0 736 1664 704 1664
13 0 704 1664 688 1664
13 0 880 1696 1120 1696
13 0 1024 1280 1024 1664
13 0 1024 1664 880 1664
13 0 944 1488 944 1632
13 0 944 1632 880 1632
13 0 944 1568 816 1568
13 0 816 1568 816 1648
13 2 816 1568 816 1648
13 2 816 1568 944 1568
13 0 1328 1488 1968 1488
13 2 1328 1488 1968 1488
13 2 944 1488 1328 1488
13 0 1152 1488 944 1488
13 0 1152 1488 1968 1488
