10 1 1
10 1 1
10 1 1
11 4 1 6
13 0 336 1632 400 1632
13 2 336 1632 400 1632
13 2 304 1632 336 1632
13 2 400 1648 512 1648
13 2 400 1632 400 1648
17 0 mux21 336 1584 0
13 0 304 1632 336 1632
13 0 464 1648 512 1648
17 0 inv 624 1552 2
13 0 768 1504 624 1504
13 0 528 1504 240 1504
13 0 240 1504 240 1664
13 0 240 1664 336 1664
17 0 xor2 928 1376 0
13 0 2080 1632 2080 1520
13 2 2080 1520 2080 1632
13 2 2080 1632 2080 1680
13 0 2112 1616 2112 1568
13 2 2112 1568 2112 1616
13 2 2112 1616 2112 1648
13 0 2496 1616 2496 1568
13 2 2496 1568 2496 1616
13 2 2496 1616 2496 1648
13 2 2256 1760 2256 1856
13 0 2640 1824 2640 1760
13 2 2640 1760 2640 1824
13 2 2640 1824 2640 1856
13 0 2976 1824 2976 1760
13 2 2976 1760 2976 1824
13 2 2976 1824 2976 1856
13 0 3104 1936 3104 1648
13 2 3104 1648 3104 1936
13 2 3104 1936 3104 2000
13 0 2480 1856 3280 1856
13 2 2480 1856 3280 1856
13 2 1888 1856 2480 1856
13 0 2192 1568 2816 1568
13 2 2192 1568 2816 1568
13 2 1760 1568 2192 1568
13 2 2144 1344 2208 1344
13 2 2672 1360 3168 1360
13 2 3312 1376 3360 1376
13 2 3088 1392 3168 1392
13 2 2208 1424 2272 1424
13 2 2368 1424 2416 1424
13 2 3088 1424 3168 1424
13 2 2080 1520 2416 1520
13 2 3168 1536 3408 1536
13 2 2672 1552 2768 1552
13 2 2816 1568 3136 1568
13 2 2112 1648 2144 1648
13 2 2368 1648 2448 1648
13 2 2496 1648 2528 1648
13 2 2752 1648 2768 1648
13 2 2816 1648 2864 1648
13 2 3088 1648 3104 1648
13 2 3136 1648 3168 1648
13 2 3392 1648 3408 1648
13 2 2080 1680 2144 1680
13 2 2496 1680 2528 1680
13 2 2816 1680 2864 1680
13 2 3152 1680 3168 1680
13 2 2080 1808 2496 1808
13 2 2496 1808 2816 1808
13 2 2816 1808 3152 1808
13 2 2208 1344 2208 1424
13 2 2416 1424 2416 1520
13 2 2448 1488 2448 1648
13 2 2496 1680 2496 1808
13 2 2672 1360 2672 1552
13 0 2768 1504 2768 1552
13 2 2768 1504 2768 1552
13 2 2768 1552 2768 1648
13 2 2816 1568 2816 1648
13 2 2816 1680 2816 1808
13 2 3088 1392 3088 1424
13 2 3104 1504 3104 1648
13 2 3136 1568 3136 1648
13 2 3152 1680 3152 1808
13 2 3168 1424 3168 1536
13 2 3280 1760 3280 1856
13 0 3408 1504 3408 1536
13 2 3408 1504 3408 1536
13 2 3408 1536 3408 1648
13 7 3360 1376
13 8 3360 1376 0
13 7 2448 1488
13 8 2448 1488 0
13 7 2768 1504
13 8 2768 1504 0
13 7 3104 1504
13 8 3104 1504 0
13 7 3408 1504
13 8 3408 1504 0
17 0 5
17 0 6
17 0 13
17 0 16
17 0 11
17 0 10
17 0 fd1s3dx 2192 1600 0
17 0 fd1s3dx 2576 1600 0
17 0 fd1s3dx 2912 1600 0
17 0 fd1s3dx 3216 1600 0
17 0 and2 3216 1312 0
17 0 inv 2320 1376 0
13 0 2192 1344 2256 1344
13 0 2720 1360 3216 1360
13 0 3360 1376 3408 1376
13 0 3136 1392 3216 1392
13 0 2256 1424 2320 1424
13 0 2416 1424 2464 1424
13 0 3136 1424 3216 1424
13 0 2176 1520 2464 1520
13 0 2080 1520 2176 1520
13 0 3216 1536 3456 1536
13 0 2720 1552 2816 1552
13 0 2864 1568 3184 1568
13 0 2176 1648 2192 1648
13 0 2160 1648 2176 1648
13 0 2112 1648 2160 1648
13 0 2416 1648 2496 1648
13 0 2544 1648 2576 1648
13 0 2800 1648 2816 1648
13 0 2864 1648 2912 1648
13 0 3136 1648 3152 1648
13 0 3184 1648 3216 1648
13 0 3440 1648 3456 1648
13 0 2176 1680 2192 1680
13 0 2144 1680 2176 1680
13 0 2080 1680 2144 1680
13 0 2544 1680 2576 1680
13 0 2864 1680 2912 1680
13 0 3200 1680 3216 1680
13 0 2176 1808 2544 1808
13 0 2128 1808 2176 1808
13 0 2080 1808 2128 1808
13 0 2544 1808 2864 1808
13 0 2864 1808 3200 1808
13 0 2256 1344 2256 1424
13 0 2464 1424 2464 1520
13 0 2496 1488 2496 1648
13 0 2544 1680 2544 1808
13 0 2720 1360 2720 1552
13 0 2816 1504 2816 1552
13 0 2816 1552 2816 1648
13 0 2864 1568 2864 1648
13 0 2864 1680 2864 1808
13 0 3136 1392 3136 1424
13 0 3152 1504 3152 1648
13 0 3184 1568 3184 1648
13 0 3200 1680 3200 1808
13 0 3216 1424 3216 1536
13 0 3328 1760 3328 1856
13 0 3456 1504 3456 1536
13 0 3456 1536 3456 1648
13 5 3408 1376 p
13 5 2496 1488 Q20
13 5 2816 1504 Q21
13 5 3152 1504 Q22
13 5 3456 1504 Q23
13 8 3360 1376 2
13 8 2448 1488 2
13 8 2768 1504 2
13 8 3104 1504 2
13 8 3408 1504 2
13 8 3408 1376 2
13 8 2496 1488 2
13 8 2816 1504 2
13 8 3152 1504 2
13 8 3456 1504 2
13 0 2080 1744 2080 1680
13 2 2080 1680 2080 1744
13 2 2080 1744 2080 1808
13 2 2192 1344 2256 1344
13 2 2720 1360 3216 1360
13 2 3360 1376 3408 1376
13 2 3136 1392 3216 1392
13 2 2256 1424 2320 1424
13 2 2416 1424 2464 1424
13 2 3136 1424 3216 1424
13 2 2080 1520 2464 1520
13 2 1904 1536 2032 1536
13 2 3216 1536 3456 1536
13 2 2720 1552 2816 1552
13 2 2864 1568 3184 1568
13 2 2000 1648 2032 1648
13 2 2112 1648 2192 1648
13 2 2416 1648 2496 1648
13 2 2544 1648 2576 1648
13 2 2800 1648 2816 1648
13 2 2864 1648 2912 1648
13 2 3136 1648 3152 1648
13 2 3184 1648 3216 1648
13 2 3440 1648 3456 1648
13 2 2080 1680 2192 1680
13 2 2544 1680 2576 1680
13 2 2864 1680 2912 1680
13 2 3200 1680 3216 1680
13 2 2080 1808 2544 1808
13 2 2544 1808 2864 1808
13 2 2864 1808 3200 1808
13 2 288 2000 3104 2000
13 0 2032 1488 2032 1536
13 2 2032 1488 2032 1536
13 2 2032 1536 2032 1648
13 2 2256 1344 2256 1424
13 2 2464 1424 2464 1520
13 2 2496 1488 2496 1648
13 2 2544 1680 2544 1808
13 2 2720 1360 2720 1552
13 0 2816 1504 2816 1552
13 2 2816 1504 2816 1552
13 2 2816 1552 2816 1648
13 2 2864 1568 2864 1648
13 2 2864 1680 2864 1808
13 2 3136 1392 3136 1424
13 2 3152 1504 3152 1648
13 2 3184 1568 3184 1648
13 2 3200 1680 3200 1808
13 2 3216 1424 3216 1536
13 2 3328 1760 3328 1856
13 0 3456 1504 3456 1536
13 2 3456 1504 3456 1536
13 2 3456 1536 3456 1648
13 7 3408 1376
13 8 3408 1376 0
13 7 2032 1488
13 8 2032 1488 0
13 7 2496 1488
13 8 2496 1488 0
13 7 2816 1504
13 8 2816 1504 0
13 7 3152 1504
13 8 3152 1504 0
13 7 3456 1504
13 8 3456 1504 0
17 0 10
17 0 11
17 0 16
17 0 13
17 0 6
17 0 5
17 0 fd1s3dx 2208 1600 0
17 0 fd1s3dx 2592 1600 0
17 0 fd1s3dx 2928 1600 0
17 0 fd1s3dx 3232 1600 0
17 0 and2 3232 1312 0
17 0 inv 2336 1376 0
13 0 2208 1344 2272 1344
13 0 2736 1360 3232 1360
13 0 3376 1376 3424 1376
13 0 3152 1392 3232 1392
13 0 2272 1424 2336 1424
13 0 2432 1424 2480 1424
13 0 3152 1424 3232 1424
13 0 2096 1520 2480 1520
13 0 1904 1536 2048 1536
13 0 3232 1536 3472 1536
13 0 2736 1552 2832 1552
13 0 2880 1568 3200 1568
13 0 2032 1648 2048 1648
13 0 2000 1648 2032 1648
13 0 2128 1648 2208 1648
13 0 2432 1648 2512 1648
13 0 2560 1648 2592 1648
13 0 2816 1648 2832 1648
13 0 2880 1648 2928 1648
13 0 3152 1648 3168 1648
13 0 3200 1648 3232 1648
13 0 3456 1648 3472 1648
13 0 2096 1680 2208 1680
13 0 2560 1680 2592 1680
13 0 2880 1680 2928 1680
13 0 3216 1680 3232 1680
13 0 2096 1808 2560 1808
13 0 2560 1808 2880 1808
13 0 2880 1808 3216 1808
13 0 2048 2000 3120 2000
13 0 2016 2000 2048 2000
13 0 288 2000 2016 2000
13 0 2048 1488 2048 1536
13 0 2048 1536 2048 1648
13 0 2272 1344 2272 1424
13 0 2480 1424 2480 1520
13 0 2512 1488 2512 1648
13 0 2560 1680 2560 1808
13 0 2736 1360 2736 1552
13 0 2832 1504 2832 1552
13 0 2832 1552 2832 1648
13 0 2880 1568 2880 1648
13 0 2880 1680 2880 1808
13 0 3152 1392 3152 1424
13 0 3168 1504 3168 1648
13 0 3200 1568 3200 1648
13 0 3216 1680 3216 1808
13 0 3232 1424 3232 1536
13 0 3344 1760 3344 1856
13 0 3472 1504 3472 1536
13 0 3472 1536 3472 1648
13 5 3424 1376 p
13 5 2048 1488 Q13
13 5 2512 1488 Q20
13 5 2832 1504 Q21
13 5 3168 1504 Q22
13 5 3472 1504 Q23
13 8 3408 1376 2
13 8 2032 1488 2
13 8 2496 1488 2
13 8 2816 1504 2
13 8 3152 1504 2
13 8 3456 1504 2
13 8 3424 1376 2
13 8 2048 1488 2
13 8 2512 1488 2
13 8 2832 1504 2
13 8 3168 1504 2
13 8 3472 1504 2
13 2 2128 1648 2208 1648
13 2 2432 1648 2512 1648
13 2 2096 1680 2208 1680
17 0 5
17 0 fd1s3dx 2208 1600 0
13 0 2128 1648 2208 1648
13 0 2432 1648 2512 1648
13 0 2192 1680 2208 1680
13 0 2096 1680 2192 1680
13 2 2208 1344 2272 1344
13 2 2736 1360 3232 1360
13 2 3376 1376 3424 1376
13 2 3152 1392 3232 1392
13 2 2272 1424 2336 1424
13 2 2432 1424 2480 1424
13 2 3152 1424 3232 1424
13 2 2096 1520 2480 1520
13 2 3232 1536 3472 1536
13 2 2736 1552 2832 1552
13 2 2880 1568 3200 1568
13 2 2128 1648 2208 1648
13 2 2432 1648 2512 1648
13 2 2560 1648 2592 1648
13 2 2816 1648 2832 1648
13 2 2880 1648 2928 1648
13 2 3152 1648 3168 1648
13 2 3200 1648 3232 1648
13 2 3456 1648 3472 1648
13 2 2096 1680 2208 1680
13 2 2560 1680 2592 1680
13 2 2880 1680 2928 1680
13 2 3216 1680 3232 1680
13 2 2096 1808 2560 1808
13 2 2560 1808 2880 1808
13 2 2880 1808 3216 1808
13 2 2272 1344 2272 1424
13 2 2480 1424 2480 1520
13 2 2512 1488 2512 1648
13 2 2560 1680 2560 1808
13 2 2736 1360 2736 1552
13 0 2832 1504 2832 1552
13 2 2832 1504 2832 1552
13 2 2832 1552 2832 1648
13 2 2880 1568 2880 1648
13 2 2880 1680 2880 1808
13 2 3152 1392 3152 1424
13 2 3168 1504 3168 1648
13 2 3200 1568 3200 1648
13 2 3216 1680 3216 1808
13 2 3232 1424 3232 1536
13 2 3344 1760 3344 1856
13 0 3472 1504 3472 1536
13 2 3472 1504 3472 1536
13 2 3472 1536 3472 1648
13 7 3424 1376
13 8 3424 1376 0
13 7 2512 1488
13 8 2512 1488 0
13 7 2832 1504
13 8 2832 1504 0
13 7 3168 1504
13 8 3168 1504 0
13 7 3472 1504
13 8 3472 1504 0
17 0 5
17 0 6
17 0 13
17 0 16
17 0 11
17 0 10
17 0 fd1s3dx 528 2320 0
17 0 fd1s3dx 912 2320 0
17 0 fd1s3dx 1248 2320 0
17 0 fd1s3dx 1552 2320 0
17 0 and2 1552 2032 0
17 0 inv 656 2096 0
13 0 528 2064 592 2064
13 0 1056 2080 1552 2080
13 0 1696 2096 1744 2096
13 0 1472 2112 1552 2112
13 0 592 2144 656 2144
13 0 752 2144 800 2144
13 0 1472 2144 1552 2144
13 0 416 2240 800 2240
13 0 1552 2256 1792 2256
13 0 1056 2272 1152 2272
13 0 1200 2288 1520 2288
13 0 448 2368 528 2368
13 0 752 2368 832 2368
13 0 880 2368 912 2368
13 0 1136 2368 1152 2368
13 0 1200 2368 1248 2368
13 0 1472 2368 1488 2368
13 0 1520 2368 1552 2368
13 0 1776 2368 1792 2368
13 0 416 2400 528 2400
13 0 880 2400 912 2400
13 0 1200 2400 1248 2400
13 0 1536 2400 1552 2400
13 0 416 2528 880 2528
13 0 880 2528 1200 2528
13 0 1200 2528 1536 2528
13 0 592 2064 592 2144
13 0 800 2144 800 2240
13 0 832 2208 832 2368
13 0 880 2400 880 2528
13 0 1056 2080 1056 2272
13 0 1152 2224 1152 2272
13 0 1152 2272 1152 2368
13 0 1200 2288 1200 2368
13 0 1200 2400 1200 2528
13 0 1472 2112 1472 2144
13 0 1488 2224 1488 2368
13 0 1520 2288 1520 2368
13 0 1536 2400 1536 2528
13 0 1552 2144 1552 2256
13 0 1664 2480 1664 2576
13 0 1792 2224 1792 2256
13 0 1792 2256 1792 2368
13 5 1744 2096 p
13 5 832 2208 Q20
13 5 1152 2224 Q21
13 5 1488 2224 Q22
13 5 1792 2224 Q23
13 8 3424 1376 2
13 8 2512 1488 2
13 8 2832 1504 2
13 8 3168 1504 2
13 8 3472 1504 2
13 8 1744 2096 2
13 8 832 2208 2
13 8 1152 2224 2
13 8 1488 2224 2
13 8 1792 2224 2
13 2 1760 1648 1776 1648
13 2 2000 1648 2048 1648
13 2 1744 1680 1776 1680
13 2 1888 1760 1888 1856
17 0 4
17 0 fd1s3dx 1792 1600 0
13 0 1760 1648 1792 1648
13 0 2016 1648 2048 1648
13 0 1776 1680 1792 1680
13 0 1744 1680 1776 1680
13 0 1904 1760 1888 1760
13 0 1888 1760 1888 1856
13 2 1760 1648 1792 1648
13 2 2016 1648 2048 1648
13 2 1744 1680 1792 1680
13 2 1888 1760 1904 1760
13 2 1888 1760 1888 1856
17 0 4
17 0 fd1s3dx 1808 1600 0
13 0 1760 1648 1808 1648
13 0 2032 1648 2048 1648
13 0 1792 1680 1808 1680
13 0 1744 1680 1792 1680
13 0 1904 1760 1920 1760
13 0 1904 1760 1888 1760
13 0 1888 1760 1888 1856
13 0 2048 1568 2048 1536
13 2 2048 1536 2048 1568
13 2 2048 1568 2048 1648
13 0 2048 1568 2048 1648
13 0 2048 1568 2048 1536
13 0 2048 1584 2048 1536
13 2 2048 1536 2048 1584
13 2 2048 1584 2048 1648
13 0 2240 1584 2240 1648
13 0 2240 1648 2048 1648
13 0 2240 1584 2240 1536
13 0 2240 1536 2048 1536
13 2 2048 1488 2048 1536
13 7 2048 1488
13 8 2048 1488 0
13 0 2240 1488 2240 1536
13 0 2240 1536 2048 1536
13 5 2240 1488 Q13
13 8 2048 1488 2
13 8 2240 1488 2
13 0 1904 1472 1904 1360
13 2 1904 1360 1904 1472
13 2 1904 1472 1904 1536
13 0 1904 1472 1904 1536
13 0 1904 1472 1904 1360
13 0 1904 1488 1904 1360
13 2 1904 1360 1904 1488
13 2 1904 1488 1904 1536
13 0 1904 1488 1904 1536
13 0 1904 1488 1904 1360
13 2 1152 1328 2000 1328
13 2 1904 1360 2000 1360
17 0 7
17 0 and2 2656 1280 0
13 0 1152 1328 2656 1328
13 0 2640 1360 2656 1360
13 0 1904 1360 2640 1360
13 0 1904 1424 1904 1360
13 2 1904 1360 1904 1424
13 2 1904 1424 1904 1536
13 0 2176 1440 2176 1536
13 0 2176 1536 1904 1536
13 0 2176 1440 2176 1360
13 0 2176 1360 1904 1360
13 0 1952 1536 2176 1536
13 2 1952 1536 2176 1536
13 2 1904 1536 1952 1536
13 0 1984 1360 2176 1360
13 2 1984 1360 2176 1360
13 2 1904 1360 1984 1360
13 2 2240 1488 2240 1536
13 7 2240 1488
13 8 2240 1488 0
13 0 2880 1504 2880 1536
13 0 2880 1536 2240 1536
13 5 2880 1504 Q13
13 8 2240 1488 2
13 8 2880 1504 2
13 0 2240 1600 2240 1536
13 2 2240 1536 2240 1600
13 2 2240 1600 2240 1648
13 0 2880 1600 2880 1648
13 0 2880 1648 2240 1648
13 0 2880 1600 2880 1536
13 0 2880 1536 2240 1536
13 0 2176 1472 2176 1360
13 2 2176 1360 2176 1472
13 2 2176 1472 2176 1536
13 0 2176 1472 2176 1536
13 0 2176 1472 2176 1360
13 0 2176 1472 2176 1360
13 2 2176 1360 2176 1472
13 2 2176 1472 2176 1536
13 0 2608 1488 2608 1536
13 0 2608 1536 2176 1536
13 0 2608 1488 2608 1360
13 0 2608 1360 2176 1360
13 2 1760 1648 1808 1648
13 2 2032 1648 2880 1648
13 2 1744 1680 1808 1680
13 2 1888 1760 1920 1760
13 2 1888 1760 1888 1856
17 0 4
17 0 fd1s3dx 2448 1600 0
13 0 1760 1648 2448 1648
13 0 2672 1648 2880 1648
13 0 2432 1680 2448 1680
13 0 1744 1680 2432 1680
13 0 2528 1760 2560 1760
13 0 2528 1760 1888 1760
13 0 1888 1760 1888 1856
13 0 1888 1792 1888 1760
13 2 1888 1760 1888 1792
13 2 1888 1792 1888 1856
13 0 1904 1792 1904 1856
13 0 1904 1856 1888 1856
13 0 1904 1792 1904 1760
13 0 1904 1760 1888 1760
13 0 1904 1792 1904 1760
13 2 1904 1760 1904 1792
13 2 1904 1792 1904 1856
13 0 1936 1792 1936 1856
13 0 1936 1856 1904 1856
13 0 1936 1792 1936 1760
13 0 1936 1760 1904 1760
13 0 1936 1808 1936 1760
13 2 1936 1760 1936 1808
13 2 1936 1808 1936 1856
13 0 2576 1856 1936 1856
13 0 2576 1856 2576 1760
13 0 2576 1760 1936 1760
13 0 2576 1824 2576 1760
13 2 2576 1760 2576 1824
13 2 2576 1824 2576 1856
13 0 2560 1824 2560 1856
13 0 2560 1856 2576 1856
13 0 2560 1824 2560 1760
13 0 2560 1760 2576 1760
13 0 1952 1760 2560 1760
13 2 1952 1760 2560 1760
13 2 1888 1760 1952 1760
13 0 1744 1728 1744 1680
13 2 1744 1680 1744 1728
13 2 1744 1728 1744 1792
13 0 2368 1792 1744 1792
13 0 2368 1792 2368 1680
13 0 2368 1680 1744 1680
13 0 2064 1680 2368 1680
13 2 2064 1680 2368 1680
13 2 1744 1680 2064 1680
13 0 1760 1600 1760 1568
13 2 1760 1568 1760 1600
13 2 1760 1600 1760 1648
13 0 2304 1648 1760 1648
13 0 2304 1648 2304 1568
13 0 2304 1568 1760 1568
13 0 2224 1648 2304 1648
13 2 2224 1648 2304 1648
13 2 1760 1648 2224 1648
13 2 1648 1488 1664 1488
13 2 1648 1488 1648 1648
13 0 2112 1504 2112 1648
13 0 2112 1648 1648 1648
13 0 2112 1504 1664 1504
13 0 1664 1504 1664 1488
13 2 1664 1488 1664 1504
13 7 1664 1488
13 8 1664 1488 0
13 0 2112 1504 1664 1504
13 5 2112 1504 Q12
13 8 1664 1488 2
13 8 2112 1504 2
13 0 1952 1504 2112 1504
13 2 1952 1504 2112 1504
13 2 1664 1504 1952 1504
13 2 1376 1648 1408 1648
13 2 1632 1648 2112 1648
13 2 1376 1680 1408 1680
13 2 1520 1760 1520 1856
17 0 3
17 0 fd1s3dx 1872 1600 0
13 0 1376 1648 1872 1648
13 0 2096 1648 2112 1648
13 0 1856 1680 1872 1680
13 0 1376 1680 1856 1680
13 0 1984 1760 1520 1760
13 0 1520 1760 1520 1856
13 0 1520 1808 1520 1760
13 2 1520 1760 1520 1808
13 2 1520 1808 1520 1856
13 0 1984 1808 1984 1856
13 0 1984 1856 1520 1856
13 0 1984 1808 1984 1760
13 0 1984 1760 1520 1760
13 0 1744 1760 1984 1760
13 2 1744 1760 1984 1760
13 2 1520 1760 1744 1760
13 0 1376 1728 1376 1680
13 2 1376 1680 1376 1728
13 2 1376 1728 1376 1792
13 0 1376 1728 1376 1792
13 0 1376 1728 1376 1680
13 0 1376 1744 1376 1680
13 2 1376 1680 1376 1744
13 2 1376 1744 1376 1792
13 0 1808 1776 1808 1792
13 0 1808 1792 1376 1792
13 0 1808 1776 1808 1680
13 0 1808 1680 1376 1680
13 0 1520 1680 1808 1680
13 2 1520 1680 1808 1680
13 2 1376 1680 1520 1680
13 0 1376 1616 1376 1568
13 2 1376 1568 1376 1616
13 2 1376 1616 1376 1648
13 0 1808 1648 1376 1648
13 0 1808 1648 1808 1568
13 0 1808 1568 1376 1568
13 0 1744 1648 1808 1648
13 2 1744 1648 1808 1648
13 2 1376 1648 1744 1648
13 0 1248 1536 1248 1488
13 2 1248 1488 1248 1536
13 2 1248 1536 1248 1648
13 0 1680 1584 1680 1648
13 0 1680 1648 1248 1648
13 0 1680 1584 1680 1488
13 0 1680 1488 1248 1488
13 8 1296 1488 2
13 2 1296 1488 1680 1488
13 0 1680 1584 1680 1488
13 2 1680 1488 1680 1584
13 0 1680 1648 1248 1648
13 2 1248 1648 1680 1648
13 2 1680 1584 1680 1648
13 0 1248 1536 1248 1648
13 0 1248 1488 1248 1536
13 8 1296 1488 2
13 8 1296 1488 2
13 0 1280 1488 1296 1488
13 2 1280 1488 1296 1488
13 2 1248 1488 1280 1488
13 0 1296 1488 1248 1488
13 2 1248 1488 1296 1488
13 7 1296 1488
13 8 1296 1488 0
13 0 1696 1488 1248 1488
13 5 1696 1488 Q11
13 8 1296 1488 2
13 8 1696 1488 2
13 0 1248 1520 1248 1488
13 2 1248 1488 1248 1520
13 2 1248 1520 1248 1648
13 0 1712 1568 1712 1648
13 0 1712 1648 1248 1648
13 0 1712 1568 1712 1488
13 0 1712 1488 1248 1488
13 8 1696 1488 2
13 0 1296 1488 1696 1488
13 2 1296 1488 1696 1488
13 2 1248 1488 1296 1488
13 2 960 1648 992 1648
13 2 1216 1648 1712 1648
13 2 960 1680 992 1680
13 2 1104 1760 1104 1856
17 0 2
17 0 fd1s3dx 1472 1600 0
13 0 960 1648 1472 1648
13 0 1696 1648 1712 1648
13 0 1456 1680 1472 1680
13 0 960 1680 1456 1680
13 0 1584 1760 1104 1760
13 0 1104 1760 1104 1856
13 0 1104 1824 1104 1760
13 2 1104 1760 1104 1824
13 2 1104 1824 1104 1856
13 0 1600 1824 1600 1856
13 0 1600 1856 1104 1856
13 0 1600 1824 1600 1760
13 0 1600 1760 1104 1760
13 0 1600 1824 1600 1760
13 2 1600 1760 1600 1824
13 2 1600 1824 1600 1856
13 0 1584 1824 1584 1856
13 0 1584 1856 1600 1856
13 0 1584 1824 1584 1760
13 0 1584 1760 1600 1760
13 2 1584 1760 1600 1760
13 0 1296 1760 1584 1760
13 2 1296 1760 1584 1760
13 2 1104 1760 1296 1760
13 0 960 1728 960 1680
13 2 960 1680 960 1728
13 2 960 1728 960 1792
13 0 1440 1760 1440 1792
13 0 1440 1792 960 1792
13 0 1440 1760 1440 1680
13 0 1440 1680 960 1680
13 0 1280 1680 1440 1680
13 2 1280 1680 1440 1680
13 2 960 1680 1280 1680
13 0 960 1600 960 1568
13 2 960 1568 960 1600
13 2 960 1600 960 1648
13 0 1440 1632 1440 1648
13 0 1440 1648 960 1648
13 0 1440 1632 1440 1568
13 0 1440 1568 960 1568
13 0 1280 1648 1440 1648
13 2 1280 1648 1440 1648
13 2 960 1648 1280 1648
13 0 1152 1472 1152 1328
13 2 1152 1328 1152 1472
13 2 1152 1472 1152 1536
13 0 1488 1472 1488 1536
13 0 1488 1536 1152 1536
13 0 1488 1472 1488 1328
13 0 1488 1328 1152 1328
13 0 1328 1328 1488 1328
13 2 1328 1328 1488 1328
13 2 1152 1328 1328 1328
17 0 12
17 0 xor2 912 1408 0
13 0 976 1536 1488 1536
13 2 976 1536 1488 1536
13 2 768 1536 976 1536
13 0 944 1680 768 1680
13 0 768 1680 768 1536
13 0 944 1680 1488 1680
13 0 944 1680 1472 1680
13 2 768 1648 768 1680
13 2 768 1680 944 1680
13 0 768 1536 976 1536
13 0 976 1536 1488 1536
17 0 12
17 0 xor2 848 1584 0
17 0 12
17 0 xor2 864 1600 0
17 0 12
17 0 xor2 864 1648 0
13 0 848 1728 768 1728
13 0 768 1648 768 1728
13 0 1264 1536 1488 1536
13 2 1264 1536 1488 1536
13 2 768 1536 1264 1536
13 0 1280 1440 768 1440
13 0 768 1440 768 1536
13 0 1280 1440 1488 1440
13 0 1488 1440 1488 1536
13 0 1488 1504 1488 1440
13 2 1488 1440 1488 1504
13 2 1488 1504 1488 1536
13 0 1712 1536 816 1536
13 0 816 1536 816 1696
13 0 816 1696 848 1696
17 0 and2 2240 1232 0
17 0 and2 2448 1248 0
17 0 and2 2432 1248 0
17 0 and2 2320 1248 0
17 0 20
17 0 19
17 0 18
17 0 17
13 2 816 1696 848 1696
13 2 816 1536 816 1696
13 2 816 1536 1712 1536
13 0 1488 1504 1488 1536
13 0 1488 1440 1488 1504
17 0 and2 1056 1632 0
17 0 and3 1056 1536 0
17 0 17
17 0 and2 1056 1664 0
17 0 or2 1232 1600 0
13 2 768 1728 848 1728
17 0 12
17 0 xor2 800 1648 0
13 0 768 1728 784 1728
13 2 768 1728 784 1728
17 0 12
17 0 xor2 816 1648 0
13 0 768 1728 800 1728
13 2 768 1728 800 1728
17 0 12
17 0 xor2 832 1648 0
13 0 768 1728 816 1728
17 0 17
17 0 and2 1024 1664 0
17 0 18
17 0 and3 1024 1536 0
17 0 19
17 0 or2 1200 1600 0
13 0 1488 1520 1488 1440
13 2 1488 1440 1488 1520
13 2 1488 1520 1488 1536
13 0 1712 1536 800 1536
13 0 800 1536 800 1696
13 0 800 1696 816 1696
13 0 1024 1712 976 1712
13 0 2880 1600 2880 1536
13 2 2880 1536 2880 1600
13 2 2880 1600 2880 1648
13 0 3120 1600 3120 1648
13 0 3120 1648 2880 1648
13 0 3120 1600 3120 1536
13 0 3120 1536 2880 1536
13 0 2880 1520 2880 1504
13 2 2880 1504 2880 1520
13 2 2880 1520 2880 1536
13 0 2880 1536 2880 1504
13 2 2880 1504 2880 1536
13 7 2880 1504
13 8 2880 1504 0
13 0 3120 1504 3120 1536
13 0 3120 1536 2880 1536
13 5 3120 1504 Q13
13 8 2880 1504 2
13 8 3120 1504 2
13 2 2304 1648 2448 1648
13 2 2672 1648 3120 1648
13 2 2368 1680 2448 1680
13 2 2560 1760 2576 1760
13 2 2560 1760 2560 1856
17 0 4
17 0 fd1s3dx 2864 1600 0
13 0 2304 1648 2864 1648
13 0 3088 1648 3120 1648
13 0 2848 1680 2864 1680
13 0 2368 1680 2848 1680
13 0 2976 1760 2992 1760
13 0 2976 1760 2560 1760
13 0 2560 1760 2560 1856
13 0 2560 1808 2560 1760
13 2 2560 1760 2560 1808
13 2 2560 1808 2560 1856
13 0 2992 1792 2992 1856
13 0 2992 1856 2560 1856
13 0 2992 1792 2992 1760
13 0 2992 1760 2560 1760
13 0 2992 1792 2992 1760
13 2 2992 1760 2992 1792
13 2 2992 1792 2992 1856
13 0 2976 1792 2976 1856
13 0 2976 1856 2992 1856
13 0 2976 1792 2976 1760
13 0 2976 1760 2992 1760
13 2 2976 1760 2992 1760
13 2 2976 1856 2992 1856
13 0 2656 1760 2976 1760
13 2 2656 1760 2976 1760
13 2 2560 1760 2656 1760
13 0 2368 1728 2368 1680
13 2 2368 1680 2368 1728
13 2 2368 1728 2368 1792
13 0 2832 1744 2832 1792
13 0 2832 1792 2368 1792
13 0 2832 1744 2832 1680
13 0 2832 1680 2368 1680
13 0 2640 1680 2832 1680
13 2 2640 1680 2832 1680
13 2 2368 1680 2640 1680
13 0 2304 1616 2304 1568
13 2 2304 1568 2304 1616
13 2 2304 1616 2304 1648
13 0 2832 1632 2832 1648
13 0 2832 1648 2304 1648
13 0 2832 1632 2832 1568
13 0 2832 1568 2304 1568
13 0 2720 1648 2832 1648
13 2 2720 1648 2832 1648
13 2 2304 1648 2720 1648
13 2 1488 1328 2656 1328
13 2 2608 1360 2656 1360
17 0 7
17 0 and2 3056 1280 0
13 0 1488 1328 3056 1328
13 0 3040 1360 3056 1360
13 0 2608 1360 3040 1360
13 0 2608 1424 2608 1360
13 2 2608 1360 2608 1424
13 2 2608 1424 2608 1536
13 0 2992 1424 2992 1536
13 0 2992 1536 2608 1536
13 0 2992 1424 2992 1360
13 0 2992 1360 2608 1360
13 0 2352 1536 2992 1536
13 2 2352 1536 2992 1536
13 2 2176 1536 2352 1536
13 0 2384 1360 2992 1360
13 2 2384 1360 2992 1360
13 2 2176 1360 2384 1360
13 2 1808 1568 2832 1568
13 0 1808 1568 2112 1568
13 2 1808 1568 2112 1568
13 0 2112 1568 1808 1568
13 0 2112 1568 2832 1568
13 2 2112 1568 2832 1568
13 2 1808 1568 2112 1568
13 0 1808 1568 2112 1568
13 0 1808 1568 2832 1568
13 0 2176 1360 2384 1360
13 0 2384 1360 2992 1360
13 0 2176 1536 2352 1536
13 0 2352 1536 2992 1536
13 2 2112 1568 2832 1568
13 2 1808 1568 2112 1568
13 0 2112 1568 2112 1504
13 2 2112 1504 2112 1568
13 2 2112 1568 2112 1648
13 0 2192 1536 2992 1536
13 2 2192 1536 2992 1536
13 2 2176 1536 2192 1536
13 7 2112 1504
13 2 1808 1648 1872 1648
13 2 2096 1648 2112 1648
13 2 1808 1680 1872 1680
13 2 1984 1760 1984 1856
17 0 3
17 0 fd1s3dx 2400 1600 0
13 0 1808 1648 2400 1648
13 0 2624 1648 2112 1648
13 0 2384 1680 2400 1680
13 0 1808 1680 2384 1680
13 0 2512 1760 1984 1760
13 0 1984 1760 1984 1856
13 2 1984 1760 1984 1856
13 2 1984 1760 2512 1760
13 0 1808 1680 2384 1680
13 2 1808 1680 2384 1680
13 2 2384 1680 2400 1680
13 2 2400 1648 2624 1648
13 2 1808 1648 2400 1648
17 0 3
17 0 fd1s3dx 1872 1600 0
13 0 1984 1760 1984 1856
13 0 1808 1680 1872 1680
13 0 2096 1648 2112 1648
13 0 1808 1648 1872 1648
13 2 2096 1648 2112 1648
13 2 1808 1648 1872 1648
13 2 1808 1680 1872 1680
13 2 1984 1760 1984 1856
17 0 3
17 0 fd1s3dx 2304 1600 0
13 0 1808 1648 2304 1648
13 0 2288 1680 2304 1680
13 0 1808 1680 2288 1680
13 0 2416 1760 1984 1760
13 0 1984 1760 1984 1856
13 0 1984 1808 1984 1760
13 2 1984 1760 1984 1808
13 2 1984 1808 1984 1856
13 0 2416 1808 2416 1856
13 0 2416 1856 1984 1856
13 0 2416 1808 2416 1760
13 0 2416 1760 1984 1760
13 0 2192 1760 2416 1760
13 2 2192 1760 2416 1760
13 2 1984 1760 2192 1760
13 0 1808 1728 1808 1680
13 2 1808 1680 1808 1728
13 2 1808 1728 1808 1792
13 0 2272 1744 2272 1792
13 0 2272 1792 1808 1792
13 0 2272 1744 2272 1680
13 0 2272 1680 1808 1680
13 0 2016 1680 2272 1680
13 2 2016 1680 2272 1680
13 2 1808 1680 2016 1680
13 0 1808 1616 1808 1568
13 2 1808 1568 1808 1616
13 2 1808 1616 1808 1648
13 0 2272 1632 2272 1648
13 0 2272 1648 1808 1648
13 0 2272 1632 2272 1568
13 0 2272 1568 1808 1568
13 0 2112 1648 2272 1648
13 2 2112 1648 2272 1648
13 2 1808 1648 2112 1648
13 0 1712 1600 1712 1568
13 2 1712 1568 1712 1600
13 2 1712 1600 1712 1648
13 0 1968 1616 1968 1648
13 0 1968 1648 1712 1648
13 0 1968 1616 1968 1568
13 0 1968 1568 1712 1568
13 2 1440 1648 1472 1648
13 2 1696 1648 1968 1648
13 2 1440 1680 1472 1680
13 2 1584 1760 1584 1856
17 0 2
17 0 fd1s3dx 1616 1600 0
13 0 1440 1648 1616 1648
13 0 1840 1648 1968 1648
13 0 1600 1680 1616 1680
13 0 1440 1680 1600 1680
13 0 1728 1760 1584 1760
13 0 1584 1760 1584 1856
13 0 1440 1728 1440 1680
13 2 1440 1680 1440 1728
13 2 1440 1728 1440 1792
13 0 1536 1728 1536 1792
13 0 1536 1792 1440 1792
13 0 1536 1728 1536 1680
13 0 1536 1680 1440 1680
13 2 1536 1792 2272 1792
13 0 1536 1792 1584 1792
13 2 1536 1792 1584 1792
13 0 1696 1792 1536 1792
13 0 1696 1792 2272 1792
13 0 1584 1824 1584 1760
13 2 1584 1760 1584 1824
13 2 1584 1824 1584 1856
13 0 1728 1840 1728 1856
13 0 1728 1856 1584 1856
13 0 1728 1840 1728 1760
13 0 1728 1760 1584 1760
17 0 2
17 0 fd1s3dx 1616 1600 0
13 0 1648 1760 1728 1760
13 2 1648 1760 1728 1760
13 2 1584 1760 1648 1760
13 0 1536 1744 1536 1680
13 2 1536 1680 1536 1744
13 2 1536 1744 1536 1792
13 0 1584 1744 1584 1792
13 0 1584 1792 1536 1792
13 0 1584 1744 1584 1680
13 0 1584 1680 1536 1680
13 0 1440 1616 1440 1568
13 2 1440 1568 1440 1616
13 2 1440 1616 1440 1648
13 0 1584 1616 1584 1648
13 0 1584 1648 1440 1648
13 0 1584 1616 1584 1568
13 0 1584 1568 1440 1568
13 0 1536 1648 1584 1648
13 2 1536 1648 1584 1648
13 2 1440 1648 1536 1648
13 0 1536 1648 1440 1648
13 0 1536 1648 1584 1648
13 0 1536 1648 1584 1648
13 2 1536 1648 1584 1648
13 2 1440 1648 1536 1648
13 0 1536 1648 1440 1648
13 0 1536 1648 1584 1648
13 0 1536 1680 1584 1680
13 2 1536 1680 1584 1680
13 2 1440 1680 1536 1680
13 0 1520 1648 1584 1648
13 2 1520 1648 1584 1648
13 2 1440 1648 1520 1648
17 0 mux21 1424 1584 0
13 0 1584 1616 1584 1568
13 2 1584 1568 1584 1616
13 2 1584 1616 1584 1648
13 0 1584 1648 1552 1648
13 0 1424 1664 1360 1664
13 0 1360 1664 1424 1664
13 0 1424 1664 1424 1632
13 2 1424 1632 1424 1664
13 0 1360 1664 1344 1664
13 0 1424 1632 1376 1632
13 0 1376 1632 1376 1568
13 0 1168 1728 1184 1728
13 0 1184 1728 1184 1680
13 0 1184 1680 1200 1680
13 0 1200 1648 1184 1648
13 0 1184 1648 1184 1616
13 0 1184 1616 1168 1616
13 0 480 1504 480 1552
13 0 480 1552 832 1552
13 0 832 1552 832 1648
13 0 832 1648 1024 1648
13 0 1280 1536 1280 1520
13 0 1280 1520 1280 1504
13 0 1280 1504 1248 1504
17 0 inv 1248 1552 2
13 0 1152 1504 848 1504
13 0 848 1504 848 1616
13 0 848 1616 1024 1616
13 0 2992 1456 880 1456
13 0 880 1456 880 1584
13 0 880 1584 1024 1584
17 0 and2 1872 1680 0
13 0 1968 1616 1968 1568
13 2 1968 1568 1968 1616
13 2 1968 1616 1968 1648
13 0 1840 1616 1840 1648
13 0 1840 1648 1968 1648
13 0 1840 1616 1840 1568
13 0 1840 1568 1968 1568
13 0 1888 1648 1968 1648
13 2 1888 1648 1968 1648
13 2 1840 1648 1888 1648
13 0 1712 1552 1712 1536
13 2 1712 1536 1712 1552
13 2 1712 1552 1712 1568
13 0 1840 1552 1840 1568
13 0 1840 1568 1712 1568
13 0 1840 1552 1840 1536
13 0 1840 1536 1712 1536
13 0 1712 1520 1712 1488
13 2 1712 1488 1712 1520
13 2 1712 1520 1712 1536
13 0 1840 1536 1712 1536
13 0 1840 1536 1840 1488
13 0 1840 1488 1712 1488
13 2 1696 1488 1840 1488
13 7 1696 1488
13 8 1696 1488 0
13 0 1856 1488 1840 1488
13 5 1856 1488 Q11
13 8 1696 1488 2
13 8 1856 1488 2
13 0 480 1504 480 1376
13 0 480 1376 1920 1376
13 0 1920 1376 1920 1696
13 0 1920 1696 1824 1696
13 0 1824 1696 1824 1760
13 0 1824 1760 1872 1760
13 0 1072 1504 1072 1408
13 0 1072 1408 1904 1408
13 0 1904 1408 1904 1664
13 0 1904 1664 1840 1664
13 0 1840 1664 1840 1728
13 0 1840 1728 1872 1728
17 0 and2 2048 1664 0
13 0 2016 1744 2048 1744
13 2 2272 1648 2304 1648
13 2 2272 1680 2304 1680
13 2 2416 1760 2416 1856
17 0 3
17 0 fd1s3dx 2384 1600 0
13 0 2272 1648 2384 1648
13 0 2368 1680 2384 1680
13 0 2272 1680 2368 1680
13 0 2496 1760 2416 1760
13 0 2416 1760 2416 1856
13 0 2416 1808 2416 1760
13 2 2416 1760 2416 1808
13 2 2416 1808 2416 1856
13 0 2496 1808 2496 1856
13 0 2496 1856 2416 1856
13 0 2496 1808 2496 1760
13 0 2496 1760 2416 1760
13 0 2464 1760 2496 1760
13 2 2464 1760 2496 1760
13 2 2416 1760 2464 1760
13 0 2272 1712 2272 1680
13 2 2272 1680 2272 1712
13 2 2272 1712 2272 1792
13 0 2368 1728 2368 1792
13 0 2368 1792 2272 1792
13 0 2368 1728 2368 1680
13 0 2368 1680 2272 1680
13 0 2304 1680 2368 1680
13 2 2304 1680 2368 1680
13 2 2272 1680 2304 1680
13 0 2272 1616 2272 1568
13 2 2272 1568 2272 1616
13 2 2272 1616 2272 1648
13 0 2368 1616 2368 1648
13 0 2368 1648 2272 1648
13 0 2368 1616 2368 1568
13 0 2368 1568 2272 1568
13 0 2336 1648 2368 1648
13 2 2336 1648 2368 1648
13 2 2272 1648 2336 1648
17 0 and3 2048 1536 0
17 0 or2 2208 1600 0
13 2 2368 1648 2384 1648
13 2 2368 1680 2384 1680
13 2 2496 1760 2496 1856
17 0 3
17 0 fd1s3dx 2464 1600 0
13 0 2368 1648 2464 1648
13 0 2448 1680 2464 1680
13 0 2368 1680 2448 1680
13 0 2576 1760 2496 1760
13 0 2496 1760 2496 1856
13 2 2368 1792 2832 1792
13 0 2368 1792 2496 1792
13 2 2368 1792 2496 1792
13 0 2528 1792 2368 1792
13 0 2528 1792 2832 1792
13 0 2496 1808 2496 1760
13 2 2496 1760 2496 1808
13 2 2496 1808 2496 1856
13 0 2576 1808 2576 1856
13 0 2576 1856 2496 1856
13 0 2576 1808 2576 1760
13 0 2576 1760 2496 1760
13 0 2528 1760 2576 1760
13 2 2528 1760 2576 1760
13 2 2496 1760 2528 1760
13 0 2368 1744 2368 1680
13 2 2368 1680 2368 1744
13 2 2368 1744 2368 1792
13 0 2448 1744 2448 1792
13 0 2448 1792 2368 1792
13 0 2448 1744 2448 1680
13 0 2448 1680 2368 1680
13 0 2400 1680 2448 1680
13 2 2400 1680 2448 1680
13 2 2368 1680 2400 1680
13 0 2368 1616 2368 1568
13 2 2368 1568 2368 1616
13 2 2368 1616 2368 1648
13 0 2448 1616 2448 1648
13 0 2448 1648 2368 1648
13 0 2448 1616 2448 1568
13 0 2448 1568 2368 1568
13 0 2400 1648 2448 1648
13 2 2400 1648 2448 1648
13 2 2368 1648 2400 1648
13 0 2400 1648 2368 1648
13 0 2400 1648 2448 1648
13 0 2400 1648 2448 1648
13 2 2400 1648 2448 1648
13 2 2368 1648 2400 1648
17 0 25
17 0 or2 2240 1600 0
13 2 2832 1648 2864 1648
13 2 3088 1648 3120 1648
13 2 2832 1680 2864 1680
13 2 2976 1760 2976 1856
17 0 4
17 0 fd1s3dx 2880 1600 0
13 0 2832 1648 2880 1648
13 0 3104 1648 3120 1648
13 0 2864 1680 2880 1680
13 0 2832 1680 2864 1680
13 0 2992 1760 2976 1760
13 0 2976 1760 2976 1856
13 0 3120 1584 3120 1536
13 2 3120 1536 3120 1584
13 2 3120 1584 3120 1648
13 0 3344 1584 3344 1648
13 0 3344 1648 3120 1648
13 0 3344 1584 3344 1536
13 0 3344 1536 3120 1536
13 2 3120 1504 3120 1536
13 7 3120 1504
13 8 3120 1504 0
13 0 3344 1504 3344 1536
13 0 3344 1536 3120 1536
13 5 3344 1504 Q13
13 8 3120 1504 2
13 8 3344 1504 2
13 2 1488 1328 3056 1328
13 2 2992 1360 3056 1360
17 0 7
17 0 and2 3200 1280 0
13 0 1488 1328 3200 1328
13 0 3184 1360 3200 1360
13 0 2992 1360 3184 1360
13 0 2992 1488 2992 1456
13 2 2992 1456 2992 1488
13 2 2992 1488 2992 1536
13 0 3200 1488 3200 1536
13 0 3200 1536 2992 1536
13 0 3200 1488 3200 1456
13 0 3200 1456 2992 1456
13 0 3200 1488 3200 1456
13 2 3200 1456 3200 1488
13 2 3200 1488 3200 1536
13 0 3184 1488 3184 1536
13 0 3184 1536 3200 1536
13 0 3184 1488 3184 1456
13 0 3184 1456 3200 1456
13 0 2992 1408 2992 1360
13 2 2992 1360 2992 1408
13 2 2992 1408 2992 1456
13 0 3184 1424 3184 1456
13 0 3184 1456 2992 1456
13 0 3184 1424 3184 1360
13 0 3184 1360 2992 1360
13 2 3184 1456 3200 1456
13 0 3088 1536 3184 1536
13 2 3088 1536 3184 1536
13 2 2992 1536 3088 1536
13 2 2832 1648 2880 1648
13 2 3104 1648 3344 1648
13 2 2832 1680 2880 1680
13 2 2976 1760 2992 1760
13 2 2976 1760 2976 1856
17 0 4
17 0 fd1s3dx 3088 1600 0
13 0 2832 1648 3088 1648
13 0 3312 1648 3344 1648
13 0 3072 1680 3088 1680
13 0 2832 1680 3072 1680
13 0 3184 1760 3200 1760
13 0 3184 1760 2976 1760
13 0 2976 1760 2976 1856
13 0 2976 1792 2976 1760
13 2 2976 1760 2976 1792
13 2 2976 1792 2976 1856
13 0 3200 1776 3200 1856
13 0 3200 1856 2976 1856
13 0 3200 1776 3200 1760
13 0 3200 1760 2976 1760
13 0 3104 1760 3200 1760
13 2 3104 1760 3200 1760
13 2 2976 1760 3104 1760
13 0 2832 1728 2832 1680
13 2 2832 1680 2832 1728
13 2 2832 1728 2832 1792
13 0 3072 1728 3072 1792
13 0 3072 1792 2832 1792
13 0 3072 1728 3072 1680
13 0 3072 1680 2832 1680
13 0 2960 1680 3072 1680
13 2 2960 1680 3072 1680
13 2 2832 1680 2960 1680
13 0 2832 1616 2832 1568
13 2 2832 1568 2832 1616
13 2 2832 1616 2832 1648
13 0 3072 1616 3072 1648
13 0 3072 1648 2832 1648
13 0 3072 1616 3072 1568
13 0 3072 1568 2832 1568
13 0 2976 1568 3072 1568
13 2 2976 1568 3072 1568
13 2 2832 1568 2976 1568
13 0 2944 1648 3072 1648
13 2 2944 1648 3072 1648
13 2 2832 1648 2944 1648
13 2 2448 1648 2464 1648
13 2 2448 1680 2464 1680
13 2 2576 1760 2576 1856
17 0 3
17 0 fd1s3dx 2608 1600 0
13 0 2448 1648 2608 1648
13 0 2592 1680 2608 1680
13 0 2448 1680 2592 1680
13 0 2720 1760 2576 1760
13 0 2576 1760 2576 1856
13 0 2576 1808 2576 1760
13 2 2576 1760 2576 1808
13 2 2576 1808 2576 1856
13 0 2720 1808 2720 1856
13 0 2720 1856 2576 1856
13 0 2720 1808 2720 1760
13 0 2720 1760 2576 1760
17 0 3
17 0 fd1s3dx 2608 1600 0
13 0 2656 1760 2720 1760
13 2 2656 1760 2720 1760
13 2 2576 1760 2656 1760
13 0 2448 1744 2448 1680
13 2 2448 1680 2448 1744
13 2 2448 1744 2448 1792
13 0 2592 1744 2592 1792
13 0 2592 1792 2448 1792
13 0 2592 1744 2592 1680
13 0 2592 1680 2448 1680
13 0 2512 1680 2592 1680
13 2 2512 1680 2592 1680
13 2 2448 1680 2512 1680
13 0 2448 1632 2448 1568
13 2 2448 1568 2448 1632
13 2 2448 1632 2448 1648
13 0 2592 1632 2592 1648
13 0 2592 1648 2448 1648
13 0 2592 1632 2592 1568
13 0 2592 1568 2448 1568
13 0 2512 1648 2592 1648
13 2 2512 1648 2592 1648
13 2 2448 1648 2512 1648
17 0 mux21 2432 1584 0
13 0 768 1728 768 1808
13 2 768 1728 768 1808
13 0 2048 1648 1936 1648
13 0 1936 1648 1936 1312
13 0 1936 1312 752 1312
13 0 752 1312 752 1504
13 0 2048 1616 1840 1616
13 0 2832 1648 2864 1648
13 0 2864 1648 2864 1488
17 0 inv 2592 1552 2
13 0 2592 1504 2864 1504
13 0 2496 1504 1968 1504
13 0 1968 1504 1968 1584
13 0 1968 1584 2048 1584
13 0 2192 1728 2224 1728
13 0 2224 1728 2224 1680
13 0 2224 1680 2240 1680
13 0 2192 1616 2224 1616
13 0 2224 1616 2224 1648
13 0 2224 1648 2240 1648
13 0 2384 1664 2432 1664
13 0 2384 1568 2384 1632
13 0 2384 1632 2432 1632
13 0 2592 1648 2560 1648
13 0 2592 1616 2592 1568
13 2 2592 1568 2592 1616
13 2 2592 1616 2592 1648
13 0 2496 1568 2592 1568
13 2 2496 1568 2592 1568
13 2 2384 1568 2496 1568
13 2 1968 1504 2496 1504
13 2 2592 1504 2864 1504
17 0 27
17 0 inv 2080 1552 2
13 0 1968 1504 1984 1504
13 0 2080 1504 2864 1504
13 0 2160 1504 2160 1536
13 0 2160 1536 2000 1536
13 0 2000 1536 2000 1712
13 0 2000 1712 2048 1712
17 0 and2 2848 1680 0
13 0 1936 1312 2880 1312
13 0 2880 1312 2880 1680
13 0 2880 1680 2816 1680
13 0 2816 1680 2816 1760
13 0 2816 1760 2848 1760
13 0 2864 1584 2864 1504
13 2 2864 1504 2864 1584
13 2 2864 1584 2864 1648
13 0 2832 1584 2832 1648
13 0 2832 1648 2864 1648
13 0 2832 1584 2832 1504
13 0 2832 1504 2864 1504
13 2 2832 1648 2864 1648
13 2 2864 1488 2864 1504
13 0 2832 1488 2832 1504
13 0 2832 1504 2864 1504
13 0 2848 1504 2864 1504
13 2 2848 1504 2864 1504
13 2 2832 1504 2848 1504
13 2 2832 1488 2832 1504
13 0 2832 1424 2832 1504
13 0 2880 1520 2880 1312
13 2 2880 1312 2880 1520
13 2 2880 1520 2880 1680
13 0 2848 1520 2848 1680
13 0 2848 1680 2880 1680
13 0 2848 1520 2848 1312
13 0 2848 1312 2880 1312
13 2 2848 1680 2880 1680
13 2 2848 1312 2880 1312
13 0 2832 1504 2864 1504
13 0 2864 1504 2864 1696
13 0 2864 1696 2832 1696
13 0 2832 1696 2832 1728
13 0 2832 1728 2848 1728
17 0 and3 2896 1568 0
13 0 3344 1584 3344 1536
13 2 3344 1536 3344 1584
13 2 3344 1584 3344 1648
13 0 3408 1584 3408 1648
13 0 3408 1648 3344 1648
13 0 3408 1584 3408 1536
13 0 3408 1536 3344 1536
13 2 3344 1504 3344 1536
13 7 3344 1504
13 8 3344 1504 0
13 0 3408 1504 3408 1536
13 0 3408 1536 3344 1536
13 5 3408 1504 Q13
13 8 3344 1504 2
13 8 3408 1504 2
13 2 1488 1328 3200 1328
13 2 3184 1360 3200 1360
17 0 7
17 0 and2 3264 1280 0
13 0 1488 1328 3264 1328
13 0 3248 1360 3264 1360
13 0 3184 1360 3248 1360
13 0 3184 1504 3184 1456
13 2 3184 1456 3184 1504
13 2 3184 1504 3184 1536
13 0 3232 1504 3232 1536
13 0 3232 1536 3184 1536
13 0 3232 1504 3232 1456
13 0 3232 1456 3184 1456
13 0 3184 1408 3184 1360
13 2 3184 1360 3184 1408
13 2 3184 1408 3184 1456
13 0 3232 1408 3232 1456
13 0 3232 1456 3184 1456
13 0 3232 1408 3232 1360
13 0 3232 1360 3184 1360
13 0 3200 1536 3232 1536
13 2 3200 1536 3232 1536
13 2 3184 1536 3200 1536
13 2 3072 1648 3088 1648
13 2 3312 1648 3408 1648
13 2 3072 1680 3088 1680
13 2 3200 1760 3200 1856
17 0 4
17 0 fd1s3dx 3168 1600 0
13 0 3072 1648 3168 1648
13 0 3392 1648 3408 1648
13 0 3152 1680 3168 1680
13 0 3072 1680 3152 1680
13 0 3280 1760 3200 1760
13 0 3200 1760 3200 1856
13 0 3200 1792 3200 1760
13 2 3200 1760 3200 1792
13 2 3200 1792 3200 1856
13 0 3280 1792 3280 1856
13 0 3280 1856 3200 1856
13 0 3280 1792 3280 1760
13 0 3280 1760 3200 1760
13 0 3232 1760 3280 1760
13 2 3232 1760 3280 1760
13 2 3200 1760 3232 1760
13 0 3072 1728 3072 1680
13 2 3072 1680 3072 1728
13 2 3072 1728 3072 1792
13 0 3168 1728 3168 1792
13 0 3168 1792 3072 1792
13 0 3168 1728 3168 1680
13 0 3168 1680 3072 1680
13 0 3104 1680 3168 1680
13 2 3104 1680 3168 1680
13 2 3072 1680 3104 1680
13 0 3072 1632 3072 1568
13 2 3072 1568 3072 1632
13 2 3072 1632 3072 1648
13 0 3168 1648 3072 1648
13 0 3168 1648 3168 1568
13 0 3168 1568 3072 1568
13 0 3136 1648 3168 1648
13 2 3136 1648 3168 1648
13 2 3072 1648 3136 1648
13 0 3120 1568 3168 1568
13 2 3120 1568 3168 1568
13 2 3072 1568 3120 1568
17 0 or2 2976 1472 0
13 2 2384 1632 2432 1632
13 2 2560 1648 2608 1648
13 2 2384 1664 2432 1664
17 0 26
17 0 mux21 2416 1584 0
13 0 2384 1632 2416 1632
13 0 2544 1648 2608 1648
13 0 2400 1664 2416 1664
13 0 2384 1664 2400 1664
13 2 2544 1648 2608 1648
13 2 2592 1680 2608 1680
13 2 2720 1760 2720 1856
13 2 2832 1504 2832 1648
17 0 3
17 0 fd1s3dx 2624 1600 0
13 0 2544 1648 2624 1648
13 0 2608 1680 2624 1680
13 0 2592 1680 2608 1680
13 0 2736 1760 2720 1760
13 0 2720 1760 2720 1856
13 0 2848 1616 2848 1648
13 0 2848 1616 2832 1616
13 0 2832 1504 2832 1616
13 0 2592 1712 2592 1680
13 2 2592 1680 2592 1712
13 2 2592 1712 2592 1792
13 0 2544 1712 2544 1792
13 0 2544 1792 2592 1792
13 0 2544 1712 2544 1680
13 0 2544 1680 2592 1680
13 2 2832 1616 2848 1616
13 2 2544 1648 2624 1648
13 2 2544 1680 2624 1680
13 2 2816 1680 2848 1680
13 2 2720 1760 2736 1760
13 2 2720 1760 2720 1856
13 0 2848 1312 2848 1616
13 2 2848 1312 2848 1616
13 2 2848 1616 2848 1648
13 2 2848 1648 2848 1680
17 0 3
17 0 fd1s3dx 2576 1600 0
13 0 2784 1616 2800 1616
13 0 2544 1648 2576 1648
13 0 2560 1680 2576 1680
13 0 2544 1680 2560 1680
13 0 2768 1680 2800 1680
13 0 2672 1760 2688 1760
13 0 2672 1760 2720 1760
13 0 2720 1760 2720 1856
13 0 2800 1600 2800 1616
13 0 2800 1600 2848 1600
13 0 2848 1312 2848 1600
13 0 2800 1616 2800 1648
13 0 2800 1648 2800 1680
13 2 2672 1760 2688 1760
13 0 2720 1776 2720 1760
13 2 2720 1760 2720 1776
13 2 2720 1776 2720 1856
13 0 2688 1776 2688 1856
13 0 2688 1856 2720 1856
13 0 2688 1776 2688 1760
13 0 2688 1760 2720 1760
13 2 2688 1760 2720 1760
13 2 1968 1584 2048 1584
13 2 1840 1616 2048 1616
13 2 2192 1616 2224 1616
13 2 1936 1648 2048 1648
17 0 24
17 0 and3 2032 1536 0
13 0 1968 1584 2032 1584
13 0 2016 1616 2032 1616
13 0 1840 1616 2016 1616
13 0 2176 1616 2224 1616
13 0 2000 1648 2032 1648
13 0 1936 1648 2000 1648
13 2 2000 1712 2048 1712
13 2 2192 1728 2224 1728
13 2 2016 1744 2048 1744
17 0 23
17 0 and2 2032 1664 0
13 0 2000 1712 2032 1712
13 0 2176 1728 2224 1728
13 0 2016 1744 2032 1744
13 0 2224 1696 2224 1680
13 2 2224 1680 2224 1696
13 2 2224 1696 2224 1728
13 0 2208 1696 2208 1728
13 0 2208 1728 2224 1728
13 0 2208 1696 2208 1680
13 0 2208 1680 2224 1680
13 2 2208 1728 2224 1728
13 0 2224 1632 2224 1616
13 2 2224 1616 2224 1632
13 2 2224 1632 2224 1648
13 0 2208 1632 2208 1648
13 0 2208 1648 2224 1648
13 0 2208 1632 2208 1616
13 0 2208 1616 2224 1616
13 2 2208 1616 2224 1616
13 2 2208 1648 2240 1648
13 2 2384 1664 2416 1664
13 2 2208 1680 2240 1680
17 0 25
17 0 or2 2224 1600 0
13 0 2208 1648 2224 1648
13 0 2368 1664 2416 1664
13 0 2208 1680 2224 1680
13 2 2384 1632 2416 1632
13 2 2544 1648 2576 1648
13 2 2368 1664 2416 1664
17 0 26
17 0 mux21 2400 1584 0
13 0 2384 1632 2400 1632
13 0 2528 1648 2576 1648
13 0 2384 1664 2400 1664
13 0 2368 1664 2384 1664
13 0 2384 1600 2384 1568
13 2 2384 1568 2384 1600
13 2 2384 1600 2384 1632
13 0 2368 1600 2368 1632
13 0 2368 1632 2384 1632
13 0 2368 1600 2368 1568
13 0 2368 1568 2384 1568
13 2 2368 1568 2384 1568
13 0 2544 1712 2544 1680
13 2 2544 1680 2544 1712
13 2 2544 1712 2544 1792
13 0 2512 1712 2512 1792
13 0 2512 1792 2544 1792
13 0 2512 1712 2512 1680
13 0 2512 1680 2544 1680
13 2 2784 1616 2800 1616
13 2 2528 1648 2576 1648
13 2 2512 1680 2576 1680
13 2 2768 1680 2800 1680
13 2 2688 1760 2688 1856
13 0 2800 1600 2800 1616
13 2 2800 1600 2800 1616
13 2 2800 1616 2800 1648
13 2 2800 1648 2800 1680
17 0 3
17 0 fd1s3dx 2560 1616 0
13 0 2768 1632 2784 1632
13 0 2560 1664 2560 1648
13 0 2528 1648 2560 1648
13 0 2544 1696 2560 1696
13 0 2544 1696 2544 1680
13 0 2512 1680 2544 1680
13 0 2752 1696 2784 1696
13 0 2672 1776 2688 1776
13 0 2688 1776 2688 1856
13 0 2784 1616 2784 1632
13 0 2784 1616 2800 1616
13 0 2800 1600 2800 1616
13 0 2784 1632 2784 1664
13 0 2784 1664 2784 1696
13 2 2784 1664 2784 1696
13 2 2784 1632 2784 1664
13 2 2800 1600 2800 1616
13 2 2784 1616 2800 1616
13 2 2784 1616 2784 1632
13 2 2688 1776 2688 1856
13 2 2672 1776 2688 1776
13 2 2752 1696 2784 1696
13 2 2512 1680 2544 1680
13 2 2544 1680 2544 1696
13 2 2544 1696 2560 1696
13 2 2528 1648 2560 1648
13 2 2560 1648 2560 1664
13 2 2768 1632 2784 1632
17 0 3
17 0 fd1s3dx 2576 1600 0
13 0 2800 1648 2800 1680
13 0 2800 1616 2800 1648
13 0 2800 1600 2800 1616
13 0 2688 1760 2688 1856
13 0 2768 1680 2800 1680
13 0 2512 1680 2576 1680
13 0 2528 1648 2576 1648
13 0 2784 1616 2800 1616
13 2 2784 1616 2800 1616
13 2 2528 1648 2576 1648
13 2 2512 1680 2576 1680
13 2 2768 1680 2800 1680
13 2 2688 1760 2688 1856
13 0 2800 1600 2800 1616
13 2 2800 1600 2800 1616
13 2 2800 1616 2800 1648
13 2 2800 1648 2800 1680
17 0 3
17 0 fd1s3dx 2560 1616 0
13 0 2768 1632 2784 1632
13 0 2560 1664 2560 1648
13 0 2528 1648 2560 1648
13 0 2544 1696 2560 1696
13 0 2544 1696 2544 1680
13 0 2512 1680 2544 1680
13 0 2752 1696 2784 1696
13 0 2672 1776 2688 1776
13 0 2688 1776 2688 1856
13 0 2784 1616 2784 1632
13 0 2784 1616 2800 1616
13 0 2800 1600 2800 1616
13 0 2784 1632 2784 1664
13 0 2784 1664 2784 1696
13 2 2784 1664 2784 1696
13 2 2784 1632 2784 1664
13 2 2800 1600 2800 1616
13 2 2784 1616 2800 1616
13 2 2784 1616 2784 1632
13 2 2688 1776 2688 1856
13 2 2672 1776 2688 1776
13 2 2752 1696 2784 1696
13 2 2512 1680 2544 1680
13 2 2544 1680 2544 1696
13 2 2544 1696 2560 1696
13 2 2528 1648 2560 1648
13 2 2560 1648 2560 1664
13 2 2768 1632 2784 1632
17 0 3
17 0 fd1s3dx 2576 1600 0
13 0 2800 1648 2800 1680
13 0 2800 1616 2800 1648
13 0 2800 1600 2800 1616
13 0 2688 1760 2688 1856
13 0 2768 1680 2800 1680
13 0 2512 1680 2576 1680
13 0 2528 1648 2576 1648
13 0 2784 1616 2800 1616
13 2 2784 1616 2800 1616
13 2 2528 1648 2576 1648
13 2 2512 1680 2576 1680
13 2 2768 1680 2800 1680
13 2 2688 1760 2688 1856
13 0 2800 1600 2800 1616
13 2 2800 1600 2800 1616
13 2 2800 1616 2800 1648
13 2 2800 1648 2800 1680
17 0 3
17 0 fd1s3dx 2576 1616 0
13 0 2784 1632 2800 1632
13 0 2576 1664 2576 1648
13 0 2528 1648 2576 1648
13 0 2560 1696 2576 1696
13 0 2560 1696 2560 1680
13 0 2512 1680 2560 1680
13 0 2768 1696 2800 1696
13 0 2688 1776 2688 1856
13 0 2800 1600 2800 1632
13 0 2800 1632 2800 1664
13 0 2800 1664 2800 1696
13 2 2800 1664 2800 1696
13 2 2800 1632 2800 1664
13 2 2800 1600 2800 1632
13 2 2688 1776 2688 1856
13 2 2768 1696 2800 1696
13 2 2512 1680 2560 1680
13 2 2560 1680 2560 1696
13 2 2560 1696 2576 1696
13 2 2528 1648 2576 1648
13 2 2576 1648 2576 1664
13 2 2784 1632 2800 1632
17 0 3
17 0 fd1s3dx 2576 1600 0
13 0 2800 1648 2800 1680
13 0 2800 1616 2800 1648
13 0 2800 1600 2800 1616
13 0 2688 1760 2688 1856
13 0 2768 1680 2800 1680
13 0 2512 1680 2576 1680
13 0 2528 1648 2576 1648
13 0 2784 1616 2800 1616
13 2 2832 1504 2832 1616
13 2 2784 1616 2800 1616
13 2 2528 1648 2576 1648
13 2 2512 1680 2576 1680
13 2 2768 1680 2800 1680
13 2 2688 1760 2688 1856
13 0 2800 1600 2800 1616
13 2 2800 1600 2800 1616
13 2 2800 1616 2800 1648
13 2 2800 1648 2800 1680
17 0 3
17 0 fd1s3dx 2576 1616 0
13 0 2784 1632 2800 1632
13 0 2576 1664 2576 1648
13 0 2528 1648 2576 1648
13 0 2560 1696 2576 1696
13 0 2560 1696 2560 1680
13 0 2512 1680 2560 1680
13 0 2768 1696 2800 1696
13 0 2688 1776 2688 1856
13 0 2800 1600 2800 1632
13 0 2800 1632 2800 1664
13 0 2800 1664 2800 1696
13 2 2800 1664 2800 1696
13 2 2800 1632 2800 1664
13 2 2800 1600 2800 1632
13 2 2688 1776 2688 1856
13 2 2768 1696 2800 1696
13 2 2512 1680 2560 1680
13 2 2560 1680 2560 1696
13 2 2560 1696 2576 1696
13 2 2528 1648 2576 1648
13 2 2576 1648 2576 1664
13 2 2784 1632 2800 1632
17 0 3
17 0 fd1s3dx 2576 1600 0
13 0 2800 1648 2800 1680
13 0 2800 1616 2800 1648
13 0 2800 1600 2800 1616
13 0 2688 1760 2688 1856
13 0 2768 1680 2800 1680
13 0 2512 1680 2576 1680
13 0 2528 1648 2576 1648
13 0 2784 1616 2800 1616
13 0 2800 1664 2800 1648
13 2 2800 1648 2800 1664
13 2 2800 1664 2800 1680
13 2 2768 1680 2800 1680
13 2 2784 1616 2800 1616
13 0 2800 1616 2800 1600
13 2 2800 1600 2800 1616
13 2 2800 1616 2800 1648
13 0 2832 1648 2832 1600
13 0 2832 1648 2800 1648
13 0 2816 1600 2832 1600
13 2 2816 1600 2832 1600
13 2 2800 1600 2816 1600
13 0 2800 1600 2816 1600
13 0 2816 1600 2832 1600
13 2 2800 1648 2832 1648
