10 1 1
10 1 1
10 1 1
13 0 864 1344 864 1312
13 2 864 1312 864 1344
13 2 864 1344 864 1360
13 0 832 1344 832 1360
13 0 832 1360 864 1360
13 0 832 1344 832 1312
13 0 832 1312 864 1312
13 0 1248 1408 1248 1312
13 2 1248 1312 1248 1408
13 2 1248 1408 1248 1584
13 0 1248 1344 1264 1344
13 2 1248 1344 1264 1344
13 2 1232 1344 1248 1344
13 0 1232 1328 1232 1312
13 2 1232 1312 1232 1328
13 2 1232 1328 1232 1344
13 0 1248 1312 1232 1312
13 0 1264 1344 1232 1344
13 0 1232 1344 1232 1584
13 0 1232 1584 1216 1584
13 0 2848 1296 2848 1280
13 2 2848 1280 2848 1296
13 2 2848 1296 2848 1344
13 0 2848 1296 2848 1344
13 0 2848 1296 2848 1280
13 2 2992 1360 3024 1360
13 0 3008 1408 3008 1328
13 2 3008 1328 3008 1408
13 2 3008 1408 3008 1584
13 2 2816 1376 2848 1376
13 2 2848 1280 2848 1344
17 0 21
17 0 or2 2848 1264 0
13 0 2848 1344 2848 1376
13 0 2816 1376 2848 1376
13 0 2848 1296 2848 1312
13 0 2848 1280 2848 1296
13 0 3008 1328 2992 1328
13 0 3024 1360 2992 1360
13 0 2992 1360 2992 1584
13 0 1216 2224 1216 2208
13 2 1216 2208 1216 2224
13 2 1216 2224 1216 2240
13 2 1216 2240 1248 2240
13 0 1216 2240 1232 2240
13 2 1216 2240 1232 2240
13 0 1232 2256 1232 2208
13 2 1232 2208 1232 2256
13 2 1232 2256 1232 2496
13 0 1216 2208 1232 2208
13 0 1248 2240 1216 2240
13 0 1216 2240 1216 2496
13 0 2992 2304 2992 2224
13 2 2992 2224 2992 2304
13 2 2992 2304 2992 2496
13 0 2992 2256 3008 2256
13 2 2992 2256 3008 2256
13 2 2976 2256 2992 2256
13 2 2800 2272 2832 2272
13 2 2832 2176 2832 2240
17 0 26
17 0 or2 2832 2160 0
13 0 2832 2240 2832 2272
13 0 2800 2272 2832 2272
13 0 2832 2192 2832 2208
13 0 2832 2176 2832 2192
13 0 2992 2224 2976 2224
13 0 3008 2256 2976 2256
13 0 2976 2256 2976 2496
