10 1 1
10 1 1
10 1 1
13 5 1344 512 Q0
13 5 2368 512 Q1
13 5 3312 512 Q2
13 5 1472 1280 Q3
13 0 1440 1248 1680 1248
13 2 1440 1248 1680 1248
13 2 640 1248 1440 1248
13 0 1440 1232 640 1232
13 0 640 1232 640 1248
13 0 1440 1232 1680 1232
13 0 1680 1232 1680 1248
13 8 1344 512 2
13 8 2368 512 2
13 8 3312 512 2
13 8 1472 1280 2
13 5 192 1248 L
13 5 192 1040 C
13 5 192 1072 R
13 8 192 1248 1
13 0 704 1104 1648 1104
13 2 704 1104 1648 1104
13 2 608 1104 704 1104
13 0 1648 1104 1504 1104
13 0 1744 1104 2640 1104
13 2 1744 1104 2640 1104
13 2 1648 1104 1744 1104
13 0 2640 1104 2496 1104
13 0 608 1152 608 1104
13 2 608 1104 608 1152
13 2 608 1152 608 1360
13 2 480 1360 608 1360
13 0 480 1552 480 1360
13 2 480 1360 480 1552
13 2 480 1552 480 1600
13 2 480 1600 640 1600
13 0 640 1600 512 1600
13 0 512 1600 512 1648
13 0 512 1648 400 1648
13 5 192 1104 B1
13 5 1504 1104 B2
13 5 2496 1104 B3
13 5 400 1648 B4
13 8 192 1040 1
13 8 192 1072 1
13 8 192 1104 1
13 8 1504 1104 1
13 8 2496 1104 1
13 8 400 1648 1
