10 1 1
10 1 1
10 1 1
17 0 mux41 544 688 0
17 0 mux41 1296 688 0
17 0 mux41 1856 688 0
17 0 mux41 2544 688 0
17 0 2
17 0 3
17 0 mux41 1856 688 0
17 0 4
17 0 3
17 0 mux41 1856 688 0
17 0 3
17 0 and2 832 736 0
17 0 and2 832 896 0
17 0 or2 1088 816 0
13 0 736 784 832 784
17 0 2
17 0 or2 1072 752 0
13 0 1072 800 976 800
13 0 1024 832 1024 960
13 0 1024 960 976 960
13 0 1024 832 1088 832
13 0 1024 832 1072 832
13 0 1072 832 1088 832
13 2 976 800 1072 800
13 2 1024 832 1072 832
13 2 1072 832 1088 832
17 0 2
17 0 or2 1104 752 0
13 0 976 800 1104 800
13 0 1088 832 1104 832
13 0 1024 832 1088 832
13 0 1104 832 1120 832
13 0 1088 832 1104 832
13 2 1088 832 1104 832
13 2 1024 832 1088 832
17 0 2
13 2 1104 832 1120 832
17 0 or2 1104 752 0
13 0 1104 832 1024 832
13 2 976 800 1104 800
13 2 1024 832 1104 832
17 0 2
17 0 or2 1152 752 0
13 0 976 800 1152 800
13 0 1136 832 1152 832
13 0 1024 832 1136 832
13 2 736 784 832 784
13 2 976 800 1152 800
17 0 3
17 0 and2 848 736 0
13 0 736 784 848 784
13 0 992 800 1152 800
13 0 1024 880 1024 832
13 2 1024 832 1024 880
13 2 1024 880 1024 960
13 0 1088 880 1088 960
13 0 1088 960 1024 960
13 0 1088 880 1088 832
13 0 1088 832 1024 832
13 0 1056 832 1088 832
13 2 1056 832 1088 832
13 2 1024 832 1056 832
13 2 976 960 1088 960
17 0 4
17 0 and2 912 896 0
13 0 1056 960 1088 960
17 0 or2 2080 736 0
17 0 and2 1840 880 0
17 0 and2 1776 720 0
17 0 mux41 1472 672 0
13 0 1664 784 1776 784
13 0 1920 800 2080 800
13 0 2016 832 2080 832
13 0 1984 960 2016 960
13 0 2016 832 2016 960
13 2 2016 832 2016 960
13 2 1984 960 2016 960
13 2 2016 832 2080 832
13 2 1920 800 2080 800
13 2 1664 784 1776 784
17 0 8
17 0 7
17 0 6
17 0 5
17 0 or2 2048 752 0
17 0 and2 1808 896 0
17 0 and2 1744 736 0
17 0 mux41 1440 688 0
13 0 1632 784 1744 784
13 0 1888 800 2048 800
13 0 1984 832 2048 832
13 0 1952 960 1984 960
13 0 1984 832 1984 960
17 0 or2 2912 752 0
17 0 and2 2672 896 0
17 0 and2 2608 736 0
17 0 mux41 2304 688 0
13 0 2496 784 2608 784
13 0 2752 800 2912 800
13 0 2848 832 2912 832
13 0 2816 960 2848 960
13 0 2848 832 2848 960
13 2 736 784 848 784
13 2 992 800 1152 800
13 2 1088 832 1152 832
13 2 1056 960 1088 960
13 2 1088 832 1088 960
17 0 2
17 0 4
17 0 3
17 0 1
17 0 or2 976 752 0
17 0 and2 736 896 0
17 0 and2 672 736 0
17 0 mux41 368 688 0
13 0 560 784 672 784
13 0 816 800 976 800
13 0 912 832 976 832
13 0 880 960 912 960
13 0 912 832 912 960
13 2 1632 784 1744 784
13 2 1888 800 2048 800
13 2 1984 832 2048 832
13 2 1952 960 1984 960
13 2 1984 832 1984 960
17 0 8
17 0 7
17 0 6
17 0 5
17 0 mux41 1232 704 0
17 0 and2 1536 752 0
17 0 and2 1600 912 0
17 0 or2 1840 768 0
13 0 1424 800 1536 800
13 0 1680 816 1840 816
13 0 1776 848 1840 848
13 0 1744 976 1776 976
13 0 1776 848 1776 976
13 2 2496 784 2608 784
13 2 2752 800 2912 800
13 2 2848 832 2912 832
13 2 2816 960 2848 960
13 2 2848 832 2848 960
17 0 12
17 0 11
17 0 10
17 0 9
17 0 mux41 2048 704 0
17 0 and2 2352 752 0
17 0 and2 2416 912 0
17 0 or2 2656 768 0
13 0 2240 800 2352 800
13 0 2496 816 2656 816
13 0 2592 848 2656 848
13 0 2560 976 2592 976
13 0 2592 848 2592 976
17 0 or2 3248 560 0
17 0 and2 3008 704 0
17 0 and2 2944 544 0
17 0 mux41 2640 496 0
13 0 2832 592 2944 592
13 0 3088 608 3248 608
13 0 3184 640 3248 640
13 0 3152 768 3184 768
13 0 3184 640 3184 768
13 2 560 784 672 784
17 0 2
17 0 mux41 384 688 0
13 0 576 784 672 784
13 2 576 784 672 784
13 2 816 800 976 800
17 0 4
17 0 and2 608 736 0
13 0 576 784 608 784
13 0 752 800 976 800
13 2 880 960 912 960
17 0 3
17 0 and2 688 896 0
13 0 832 960 912 960
13 2 752 800 976 800
13 2 912 832 976 832
17 0 1
17 0 or2 960 752 0
13 0 752 800 960 800
13 0 944 832 960 832
13 0 912 832 944 832
13 0 912 880 912 832
13 2 912 832 912 880
13 2 912 880 912 960
13 0 880 880 880 960
13 0 880 960 912 960
13 0 880 880 880 832
13 0 880 832 912 832
13 0 896 960 912 960
13 2 896 960 912 960
13 2 880 960 896 960
13 0 896 960 880 960
13 0 896 960 912 960
13 2 880 960 912 960
13 2 752 800 960 800
13 2 880 832 960 832
17 0 1
17 0 or2 912 752 0
13 0 752 800 912 800
13 0 896 832 912 832
13 0 880 832 896 832
13 2 1424 800 1536 800
13 2 1680 816 1840 816
17 0 6
17 0 and2 1456 752 0
13 0 1424 800 1456 800
13 0 1600 816 1840 816
13 2 1744 976 1776 976
17 0 7
17 0 and2 1520 912 0
13 0 1664 976 1776 976
13 0 1776 928 1776 848
13 2 1776 848 1776 928
13 2 1776 928 1776 976
13 0 1728 928 1728 976
13 0 1728 976 1776 976
13 0 1728 928 1728 848
13 0 1728 848 1776 848
13 2 1728 976 1776 976
13 2 1600 816 1840 816
13 2 1728 848 1840 848
17 0 8
17 0 or2 1760 768 0
13 0 1600 816 1760 816
13 0 1744 848 1760 848
13 0 1728 848 1744 848
13 2 2240 800 2352 800
13 2 2496 816 2656 816
17 0 10
17 0 and2 2272 752 0
13 0 2240 800 2272 800
13 0 2416 816 2656 816
13 2 2560 976 2592 976
17 0 11
17 0 and2 2304 912 0
13 0 2448 976 2592 976
13 0 2592 896 2592 848
13 2 2592 848 2592 896
13 2 2592 896 2592 976
13 0 2528 912 2528 976
13 0 2528 976 2592 976
13 0 2528 912 2528 848
13 0 2528 848 2592 848
13 0 2576 976 2592 976
13 2 2576 976 2592 976
13 2 2528 976 2576 976
13 2 2416 816 2656 816
13 2 2528 848 2656 848
17 0 12
17 0 or2 2560 768 0
13 0 2416 816 2560 816
13 0 2544 848 2560 848
13 0 2528 848 2544 848
13 2 2832 592 2944 592
13 2 3088 608 3248 608
13 2 3184 640 3248 640
13 2 3152 768 3184 768
13 2 3184 640 3184 768
17 0 16
17 0 15
17 0 14
17 0 13
17 0 mux41 320 1008 0
17 0 and2 624 1056 0
17 0 and2 688 1216 0
17 0 or2 928 1072 0
13 0 512 1104 624 1104
13 0 768 1120 928 1120
13 0 864 1152 928 1152
13 0 832 1280 864 1280
13 0 864 1152 864 1280
13 2 512 1104 624 1104
13 2 768 1120 928 1120
13 2 864 1152 928 1152
13 2 832 1280 864 1280
13 2 864 1152 864 1280
17 0 13
17 0 14
17 0 15
17 0 16
17 0 mux41 384 1200 0
17 0 and2 688 1248 0
17 0 and2 752 1408 0
17 0 or2 992 1264 0
13 0 576 1296 688 1296
13 0 832 1312 992 1312
13 0 928 1344 992 1344
13 0 896 1472 928 1472
13 0 928 1344 928 1472
13 2 1424 800 1456 800
13 2 1600 816 1760 816
13 2 1728 848 1760 848
13 2 1664 976 1728 976
13 2 1728 848 1728 976
17 0 5
17 0 6
17 0 7
17 0 8
17 0 mux41 1424 720 0
17 0 and2 1648 768 0
17 0 and2 1712 928 0
17 0 or2 1952 784 0
13 0 1616 816 1648 816
13 0 1792 832 1952 832
13 0 1920 864 1952 864
13 0 1856 992 1920 992
13 0 1920 864 1920 992
13 2 2240 800 2272 800
13 2 2416 816 2560 816
13 2 2528 848 2560 848
13 2 2448 976 2528 976
13 2 2528 848 2528 976
17 0 9
17 0 10
17 0 11
17 0 12
17 0 mux41 2432 736 0
17 0 and2 2656 784 0
17 0 and2 2688 944 0
17 0 or2 2944 800 0
13 0 2624 832 2656 832
13 0 2800 848 2944 848
13 0 2912 880 2944 880
13 0 2832 1008 2912 1008
13 0 2912 880 2912 1008
17 0 fd1s3dx 1104 768 0
17 0 fd1s3dx 2128 800 0
17 0 fd1s3dx 3120 816 0
13 0 1104 816 1056 816
13 0 2096 848 2128 848
13 0 3088 864 3120 864
17 0 fd1s3dx 1200 1280 0
13 0 1136 1328 1200 1328
13 0 1056 848 1104 848
13 0 1056 848 1056 1040
13 0 1056 1040 192 1040
13 0 1216 928 1216 1072
13 0 1216 1072 192 1072
13 0 688 944 608 944
13 0 608 944 608 1104
13 0 608 1104 192 1104
13 0 608 1168 192 1168
13 0 688 976 640 976
13 0 640 976 640 1168
13 0 640 1168 608 1168
13 2 576 1296 688 1296
13 2 832 1312 992 1312
13 2 1136 1328 1200 1328
13 2 928 1344 992 1344
13 2 896 1472 928 1472
13 2 928 1344 928 1472
17 0 20
17 0 16
17 0 15
17 0 14
17 0 13
17 0 fd1s3dx 1088 1376 0
17 0 mux41 272 1296 0
17 0 and2 576 1344 0
17 0 and2 640 1504 0
17 0 or2 880 1360 0
13 0 464 1392 576 1392
13 0 720 1408 880 1408
13 0 1024 1424 1088 1424
13 0 816 1440 880 1440
13 0 784 1568 816 1568
13 0 816 1440 816 1568
13 0 336 1168 640 1168
13 2 336 1168 640 1168
13 2 192 1168 336 1168
13 0 336 1248 192 1248
13 0 192 1248 192 1168
13 0 336 1248 640 1248
13 0 640 1248 640 1168
13 0 192 1184 192 1168
13 2 192 1168 192 1184
13 2 192 1184 192 1248
13 0 192 1184 192 1248
13 0 192 1184 192 1168
13 0 192 1200 192 1168
13 2 192 1168 192 1200
13 2 192 1200 192 1248
13 0 192 1200 192 1248
13 0 192 1200 192 1168
13 0 192 1216 192 1168
13 2 192 1168 192 1216
13 2 192 1216 192 1248
17 0 inv 352 1136 0
13 0 352 1184 304 1184
13 0 304 1184 304 1248
13 0 608 816 576 816
13 0 576 816 576 1184
13 0 576 1184 448 1184
13 0 1328 816 1360 816
13 0 1360 816 1360 512
13 0 880 912 880 832
13 2 880 832 880 912
13 2 880 912 880 960
13 0 864 912 864 960
13 0 864 960 880 960
13 0 864 912 864 832
13 0 864 832 880 832
13 2 864 960 880 960
13 2 752 800 912 800
13 2 1056 816 1104 816
13 2 864 832 912 832
17 0 1
17 0 or2 896 752 0
13 0 752 800 896 800
13 0 1040 816 1104 816
13 0 880 832 896 832
13 0 864 832 880 832
13 2 1040 816 1104 816
13 2 1328 816 1360 816
13 2 1056 848 1104 848
13 2 1216 928 1216 1072
17 0 17
17 0 fd1s3dx 1088 768 0
13 0 1040 816 1088 816
13 0 1312 816 1360 816
13 0 1072 848 1088 848
13 0 1056 848 1072 848
13 0 1200 928 1216 928
13 0 1216 928 1216 1072
13 0 1216 960 1216 928
13 2 1216 928 1216 960
13 2 1216 960 1216 1072
13 0 1200 960 1200 1072
13 0 1200 1072 1216 1072
13 0 1200 960 1200 928
13 0 1200 928 1216 928
13 2 1200 928 1216 928
13 2 1200 1072 1216 1072
13 0 1360 768 1360 512
13 2 1360 512 1360 768
13 2 1360 768 1360 816
13 0 1344 768 1344 816
13 0 1344 816 1360 816
13 0 1344 768 1344 512
13 0 1344 512 1360 512
13 2 1344 816 1360 816
13 2 1344 512 1360 512
13 0 2240 960 2240 1088
13 2 2240 960 2240 1088
13 0 2240 960 2240 1072
13 0 2240 1072 1200 1072
13 2 1616 816 1648 816
13 2 1792 832 1952 832
13 2 2096 848 2128 848
13 2 1920 864 1952 864
13 2 1856 992 1920 992
13 2 1920 864 1920 992
13 2 2240 960 2240 1072
17 0 8
17 0 7
17 0 6
17 0 5
17 0 mux41 1424 688 0
17 0 and2 1648 736 0
17 0 and2 1712 896 0
17 0 or2 1952 752 0
13 0 1616 784 1648 784
13 0 1792 800 1952 800
13 0 2096 816 2128 816
13 0 1920 832 1952 832
13 0 1856 960 1920 960
13 0 1920 832 1920 960
13 0 2240 928 2240 1024
13 0 2240 928 2240 960
13 0 2240 960 2240 1024
13 0 2240 1024 2240 1072
13 2 2240 928 2240 960
13 2 2240 960 2240 1072
17 0 18
17 0 fd1s3dx 2128 768 0
13 0 2240 896 2240 928
13 0 2240 928 2240 1072
17 0 18
13 2 1040 816 1088 816
13 2 1312 816 1344 816
13 2 1056 848 1088 848
13 2 1200 928 1200 1072
17 0 17
17 0 fd1s3dx 1088 768 0
13 0 1040 816 1088 816
13 0 1312 816 1344 816
13 0 1072 848 1088 848
13 0 1056 848 1072 848
13 0 1200 928 1200 1072
17 0 fd1s3dx 2128 752 0
17 0 18
17 0 fd1s3dx 2128 720 0
17 0 18
17 0 fd1s3dx 2128 736 0
13 0 2112 816 2128 816
13 2 2112 816 2128 816
13 2 2096 816 2112 816
13 2 1616 784 1648 784
13 2 1792 800 1952 800
13 2 1920 832 1952 832
13 2 1856 960 1920 960
13 2 1920 832 1920 960
17 0 5
17 0 6
17 0 7
17 0 8
17 0 mux41 1424 656 0
17 0 and2 1648 704 0
17 0 and2 1712 864 0
17 0 or2 1952 720 0
13 0 1616 752 1648 752
13 0 1792 768 1952 768
13 0 1920 800 1952 800
13 0 1856 928 1920 928
13 0 1920 800 1920 928
13 0 2128 784 2096 784
13 0 2128 816 2080 816
13 0 2080 816 2080 1040
13 0 2080 1040 1056 1040
13 0 608 1104 1664 1104
13 0 1664 1104 1664 912
13 0 1664 912 1712 912
13 0 640 1248 1680 1248
13 0 1680 1248 1680 944
13 0 1680 944 1712 944
13 0 576 1184 1616 1184
13 0 1616 1184 1616 784
13 0 1616 784 1648 784
13 0 1664 1056 1664 912
13 2 1664 912 1664 1056
13 2 1664 1056 1664 1104
13 0 1648 1056 1648 1104
13 0 1648 1104 1664 1104
13 0 1648 1056 1648 912
13 0 1648 912 1664 912
13 2 1648 1104 1664 1104
13 0 1664 1104 1648 1104
13 2 1648 1104 1664 1104
13 0 2352 784 2368 784
13 0 2368 784 2368 512
13 0 2912 944 2912 880
13 2 2912 880 2912 944
13 2 2912 944 2912 1008
13 0 2864 944 2864 1008
13 0 2864 1008 2912 1008
13 0 2864 944 2864 880
13 0 2864 880 2912 880
13 0 2896 1008 2912 1008
13 2 2896 1008 2912 1008
13 2 2864 1008 2896 1008
13 2 2800 848 2944 848
13 2 3088 864 3120 864
13 2 2864 880 2944 880
17 0 9
17 0 or2 2896 800 0
13 0 2800 848 2896 848
13 0 3040 864 3120 864
13 0 2880 880 2896 880
13 0 2864 880 2880 880
13 2 3040 864 3120 864
17 0 19
17 0 fd1s3dx 3056 816 0
13 0 3040 864 3056 864
13 2 2624 832 2656 832
13 2 2800 848 2896 848
13 2 3040 864 3056 864
13 2 2864 880 2896 880
13 2 2832 1008 2864 1008
13 2 2864 880 2864 1008
17 0 19
17 0 12
17 0 11
17 0 10
17 0 9
17 0 fd1s3dx 3056 752 0
17 0 mux41 2432 672 0
17 0 and2 2656 720 0
17 0 and2 2688 880 0
17 0 or2 2896 736 0
13 0 2624 768 2656 768
13 0 2800 784 2896 784
13 0 3040 800 3056 800
13 0 2864 816 2896 816
13 0 2832 944 2864 944
13 0 2864 816 2864 944
13 0 2240 1072 3168 1072
13 0 3168 1072 3168 912
13 0 2080 1040 3024 1040
13 0 3024 1040 3024 832
13 0 3024 832 3056 832
13 0 1648 1104 2656 1104
13 0 2656 1104 2656 928
13 0 2656 928 2688 928
13 0 1680 1248 2672 1248
13 0 2672 1248 2672 960
13 0 2672 960 2688 960
13 0 1616 1184 2624 1184
13 0 2624 1184 2624 800
13 0 2624 800 2656 800
13 0 2656 976 2656 928
13 2 2656 928 2656 976
13 2 2656 976 2656 1104
13 0 2640 976 2640 1104
13 0 2640 1104 2656 1104
13 0 2640 976 2640 928
13 0 2640 928 2656 928
13 2 2640 1104 2656 1104
13 0 2672 1104 2672 960
13 2 2672 960 2672 1104
13 2 2672 1104 2672 1248
13 0 2656 1104 2656 1248
13 0 2656 1248 2672 1248
13 0 2656 1104 2656 960
13 0 2656 960 2672 960
13 2 2656 1248 2672 1248
13 0 3280 800 3312 800
13 0 3312 800 3312 512
17 0 vhi 272 656 0
17 0 22
17 0 vhi 272 624 0
13 0 384 736 336 736
13 0 336 736 336 720
13 0 336 720 336 800
13 2 336 736 336 800
13 0 336 704 336 720
13 0 384 800 336 800
13 0 336 800 336 736
17 0 vlo 288 864 0
13 0 384 832 288 832
13 0 288 832 288 864
13 0 384 768 352 768
13 0 352 768 352 832
13 2 288 832 288 864
17 0 23
17 0 vlo 320 928 0
13 0 320 928 288 928
13 0 288 832 288 928
13 0 288 880 288 832
13 2 288 832 288 880
13 2 288 880 288 928
13 0 320 880 320 928
13 0 320 928 288 928
13 0 320 880 320 832
13 0 320 832 288 832
13 0 304 832 320 832
13 2 304 832 320 832
13 2 288 832 304 832
13 2 288 928 320 928
13 2 320 832 320 928
17 0 23
17 0 vlo 320 944 0
13 0 320 832 320 944
13 0 1312 1424 1472 1424
13 0 1360 1424 1360 1488
13 0 1360 1488 1408 1488
17 0 inv 1408 1440 0
13 2 1360 1488 1408 1488
17 0 24
17 0 inv 1392 1440 0
13 0 1360 1488 1392 1488
17 0 vlo 1360 928 0
13 0 1424 704 1360 704
13 0 1360 704 1360 928
13 0 1424 800 1360 800
13 0 1424 736 1376 736
13 0 1376 736 1376 656
17 0 vhi 1312 576 0
13 0 1488 1488 1536 1488
13 0 1536 1488 1536 960
13 0 1536 960 1376 960
13 0 1376 960 1376 768
13 0 1376 768 1424 768
13 0 3312 624 2384 624
13 0 2384 624 2384 784
13 0 2384 784 2432 784
13 0 2432 752 2384 752
13 0 2432 720 2384 720
13 0 3312 800 3312 864
17 0 inv 3360 864 1
13 0 3312 960 3312 1024
13 0 3312 1024 2384 1024
13 0 2384 1024 2384 816
13 0 2384 816 2432 816
13 2 464 1392 576 1392
13 2 720 1408 880 1408
13 2 1024 1424 1088 1424
13 2 1312 1424 1360 1424
13 2 1360 1424 1472 1424
13 2 816 1440 880 1440
13 2 1360 1488 1392 1488
13 2 1488 1488 1536 1488
13 2 784 1568 816 1568
13 2 816 1440 816 1568
13 2 1360 1424 1360 1488
17 0 24
17 0 13
17 0 14
17 0 15
17 0 16
17 0 20
17 0 inv 1392 1488 0
17 0 fd1s3dx 1088 1424 0
17 0 mux41 272 1344 0
17 0 and2 576 1392 0
17 0 and2 640 1552 0
17 0 or2 880 1408 0
13 0 464 1440 576 1440
13 0 720 1456 880 1456
13 0 1024 1472 1088 1472
13 0 1312 1472 1360 1472
13 0 1360 1472 1472 1472
13 0 816 1488 880 1488
13 0 1360 1536 1392 1536
13 0 1488 1536 1520 1536
13 0 1520 1536 1520 1488
13 0 1520 1488 1536 1488
13 0 784 1616 816 1616
13 0 816 1488 816 1616
13 0 1360 1472 1360 1536
13 0 1520 1504 1520 1488
13 2 1520 1488 1520 1504
13 2 1520 1504 1520 1536
13 0 1536 1504 1536 1536
13 0 1536 1536 1520 1536
13 0 1536 1504 1536 1488
13 0 1536 1488 1520 1488
13 2 1520 1488 1536 1488
13 0 1472 1472 1472 1280
13 0 1472 1280 1472 1328
13 0 1472 1312 224 1312
13 0 224 1312 224 1392
13 0 224 1392 272 1392
13 0 272 1424 224 1424
13 0 224 1424 224 1392
17 0 vlo 208 1616 0
13 0 272 1456 208 1456
13 0 208 1456 208 1616
13 0 3312 624 3376 624
13 0 3376 624 3376 1088
13 0 3376 1088 2704 1088
13 0 2704 1088 2704 1280
13 0 2704 1280 2560 1280
13 0 2560 1280 1568 1280
13 0 1568 1280 1568 1696
13 0 1568 1696 240 1696
13 0 240 1696 240 1488
13 0 240 1488 272 1488
13 0 240 1600 240 1488
13 2 240 1488 240 1600
13 2 240 1600 240 1696
13 0 224 1600 224 1696
13 0 224 1696 240 1696
13 0 224 1600 224 1488
13 0 224 1488 240 1488
13 0 208 1552 208 1456
13 2 208 1456 208 1552
13 2 208 1552 208 1616
13 0 192 1552 192 1616
13 0 192 1616 208 1616
13 0 192 1552 192 1456
13 0 192 1456 208 1456
13 2 192 1616 208 1616
13 2 192 1456 192 1616
17 0 28
17 0 vlo 192 1616 0
13 0 176 1616 192 1616
13 0 176 1616 192 1616
13 0 192 1456 192 1616
13 2 176 1616 192 1616
13 0 576 1184 576 1392
13 0 576 1392 528 1392
13 0 528 1392 528 1472
13 0 528 1472 576 1472
13 0 1088 1504 1056 1504
13 0 1056 1504 1056 1040
13 0 1200 1072 1200 1392
13 0 1200 1392 1328 1392
13 0 1328 1392 1328 1616
13 0 1328 1616 1200 1616
13 0 1200 1616 1200 1584
13 0 640 1248 640 1392
13 0 640 1392 752 1392
13 0 752 1392 752 1552
13 0 752 1552 576 1552
13 0 576 1552 576 1632
13 0 576 1632 640 1632
13 0 608 1104 608 1360
13 0 608 1360 480 1360
13 0 480 1360 480 1600
13 0 480 1600 640 1600
13 0 1344 560 272 560
13 0 272 560 272 880
13 0 272 880 384 880
13 0 2368 560 2368 576
13 0 2368 576 2352 576
13 0 2368 592 288 592
13 0 288 592 288 912
13 0 288 912 384 912
13 2 2352 576 2368 576
13 0 1344 560 1408 560
13 0 1408 560 1408 848
13 0 1408 848 1424 848
13 0 1408 672 1408 560
13 2 1408 560 1408 672
13 2 1408 672 1408 848
13 0 1392 672 1392 848
13 0 1392 848 1408 848
13 0 1392 672 1392 560
13 0 1392 560 1408 560
13 2 1392 560 1408 560
13 0 1344 880 1344 816
13 0 1344 880 1424 880
13 0 1392 880 1424 880
13 2 1392 880 1424 880
13 2 1344 880 1392 880
13 0 1344 864 1344 816
13 2 1344 816 1344 864
13 2 1344 864 1344 880
13 0 1392 816 1392 560
13 2 1392 560 1392 816
13 2 1392 816 1392 848
13 0 1392 848 1344 848
13 0 1344 848 1344 816
13 0 1424 880 1392 880
13 0 1392 880 1392 592
13 0 1392 592 1408 592
13 0 2432 896 2368 896
13 0 2368 896 2368 784
13 0 1392 560 2400 560
13 0 2400 560 2400 864
13 0 2400 864 2432 864
13 0 1344 848 1344 1344
13 0 1344 1280 160 1280
13 0 160 1280 160 1536
13 0 160 1536 272 1536
13 2 1344 1280 1344 1344
13 0 1392 880 1392 1296
13 0 1392 1296 176 1296
13 0 176 1296 176 1568
13 0 176 1568 272 1568
