10 1 1
10 1 1
10 1 1
17 0 SchemaMsk 2144 1376 0
17 0 SchemaMsk 1872 1472 0
17 0 1
17 0 7
17 0 SchemaMsk 1072 1168 0
13 2 992 1216 1072 1216
13 2 1072 1216 1104 1216
13 2 992 1248 1072 1248
13 2 1072 1248 1104 1248
13 2 1264 1248 1392 1248
13 2 992 1280 1072 1280
13 2 1072 1280 1104 1280
13 2 1264 1280 1296 1280
13 2 992 1312 1072 1312
13 2 1072 1312 1104 1312
13 2 1264 1312 1296 1312
13 2 768 1344 1072 1344
13 2 1072 1344 1104 1344
13 2 1264 1344 1296 1344
13 2 992 1376 1072 1376
13 2 1072 1376 1104 1376
13 2 1264 1376 1296 1376
13 2 896 1408 1072 1408
13 2 1072 1408 1104 1408
17 0 7
17 0 SchemaMsk 1072 1168 0
13 0 992 1216 1072 1216
13 0 1072 1216 1104 1216
13 0 992 1248 1072 1248
13 0 1072 1248 1104 1248
13 0 1264 1248 1392 1248
13 0 992 1280 1072 1280
13 0 1072 1280 1104 1280
13 0 1264 1280 1296 1280
13 0 992 1312 1072 1312
13 0 1072 1312 1104 1312
13 0 1264 1312 1296 1312
13 0 768 1344 1072 1344
13 0 1072 1344 1104 1344
13 0 1264 1344 1296 1344
13 0 992 1376 1072 1376
13 0 1072 1376 1104 1376
13 0 1264 1376 1296 1376
13 0 896 1408 1072 1408
13 0 1072 1408 1104 1408
13 2 1072 1216 1104 1216
13 2 992 1216 1072 1216
17 0 7
13 0 1072 1248 1104 1248
13 2 1072 1248 1104 1248
13 2 992 1248 1072 1248
13 0 1072 1280 1104 1280
13 2 1072 1280 1104 1280
13 2 992 1280 1072 1280
13 0 1072 1312 1104 1312
13 2 1072 1312 1104 1312
13 2 992 1312 1072 1312
13 0 1072 1312 992 1312
13 0 1072 1312 1104 1312
13 0 1072 1312 1104 1312
13 2 1072 1312 1104 1312
13 2 992 1312 1072 1312
13 0 1056 1376 1104 1376
13 2 1056 1376 1104 1376
13 2 992 1376 1056 1376
13 0 1056 1408 1104 1408
13 2 1056 1408 1104 1408
13 2 896 1408 1056 1408
13 2 768 1344 1104 1344
13 0 1024 1344 768 1344
17 0 SchemaMsk 1072 1168 0
13 0 832 1344 1024 1344
13 2 832 1344 1024 1344
13 2 768 1344 832 1344
13 0 848 1216 768 1216
13 0 768 1216 768 1344
13 0 848 1216 1024 1216
13 0 848 1216 992 1216
13 0 992 1216 1024 1216
13 0 1024 1216 1024 1344
13 2 768 1216 768 1344
13 7 768 1344
13 8 768 1344 0
13 5 768 1216 C
13 8 768 1344 1
13 8 768 1216 1
13 2 1024 1216 1024 1344
13 0 1072 1216 1024 1216
13 0 992 1392 992 1216
13 2 992 1216 992 1392
13 2 992 1392 992 1520
13 0 1072 1408 1056 1408
13 0 896 1408 1056 1408
13 0 960 1520 960 1248
13 0 960 1248 1072 1248
13 0 960 1280 1072 1280
13 0 1072 1312 960 1312
13 0 1072 1344 960 1344
13 0 960 1376 1072 1376
17 0 2
13 2 1792 1184 1856 1184
13 0 1824 1184 1792 1184
13 2 1792 1216 1856 1216
13 0 1824 1216 1792 1216
13 2 1792 1248 1856 1248
13 0 1824 1248 1792 1248
13 2 1792 1280 1856 1280
13 0 1824 1280 1792 1280
13 2 1616 1312 1856 1312
13 0 1824 1312 1616 1312
13 2 1792 1344 1856 1344
13 0 1824 1344 1792 1344
13 2 1696 1376 1856 1376
13 0 1824 1376 1696 1376
17 0 6
17 0 SchemaMsk 1824 1136 0
13 0 1728 1312 1824 1312
13 2 1728 1312 1824 1312
13 2 1616 1312 1728 1312
13 0 1808 1184 1824 1184
13 2 1808 1184 1824 1184
13 2 1792 1184 1808 1184
13 0 1792 1200 1792 1184
13 2 1792 1184 1792 1200
13 2 1792 1200 1792 1216
13 0 1824 1184 1616 1184
13 0 1616 1184 1616 1248
13 2 1616 1248 1616 1312
13 0 1824 1312 1792 1312
