10 1 1
10 1 1
10 1 1
17 0 fadd2 800 1568 0
17 0 1
11 1 1 708 1196 868 1292
11 1 1 992 1372 1068 1636
11 1 1 1072 1724 1244 1980
11 4 1 64
11 4 1 6
13 5 1088 1776 B1
13 5 1072 1840 B1
13 7 1072 1840
13 7 1088 1776
12 0 1 1072 1760 4 B1
12 0 1 1104 1776 4 B1
12 1 1 278
12 1 1 180
11 0 1 1068 1768 1020 1768
11 0 1 1020 1768 1020 1844
11 4 1 64
11 4 1 6
13 0 1072 1776 992 1776
13 0 1072 1808 992 1808
13 5 1072 1776 B0
13 5 1072 1808 B1
13 2 992 1776 1072 1776
13 7 1072 1776
13 8 1072 1776 0
13 2 992 1808 1072 1808
13 7 1072 1808
13 0 1072 1808 992 1808
13 5 1072 1808 B1
13 8 1072 1808 0
13 8 1072 1808 0
13 2 992 1808 1072 1808
13 7 1072 1808
13 8 1072 1808 0
13 0 1072 1760 1024 1760
13 0 1024 1760 1072 1760
13 0 1072 1760 1072 1792
13 0 1024 1792 1072 1792
13 0 1024 1824 1072 1824
13 0 1024 1856 1072 1856
13 2 1024 1856 1072 1856
13 0 1072 1856 1024 1856
13 0 1072 1888 1024 1888
13 0 1072 1920 1024 1920
13 0 1024 1920 1072 1920
13 0 1072 1920 1072 1952
13 0 1024 1952 1072 1952
13 0 1072 1984 1024 1984
13 5 1072 1760 D0
13 5 1072 1792 D1
13 5 1072 1792 D1
13 5 1072 1792 D1
13 5 1072 1792 D1
13 5 1072 1792 D1
13 5 1072 1824 D2
13 5 1072 1856 D3
13 5 1072 1888 C
13 5 1072 1920 Load
13 5 1072 1952 R
13 5 1072 1952 R
13 5 1072 1952 R
13 5 1072 1952 R
13 5 1072 1952 R
13 5 1072 1984 R
13 0 1040 1952 1072 1952
13 2 1040 1952 1072 1952
13 2 1024 1952 1040 1952
13 2 1072 1920 1072 1952
13 0 1072 1776 1072 1760
13 2 1072 1760 1072 1776
13 2 1072 1776 1072 1792
13 5 1072 1792 D1
13 0 1552 1872 1552 1920
13 4 1248 1872 1552 1872
13 2 1552 1872 1552 1920
13 0 1168 1856 1168 1872
13 4 1440 1856 1168 1856
13 2 1168 1856 1168 1872
13 4 1248 1904 1424 1904
12 0 1 1152 2032 4 I1
12 1 1 64
11 4 1 122
13 2 1024 1760 1072 1760
13 2 1024 1792 1072 1792
13 2 1024 1824 1072 1824
13 2 1024 1856 1072 1856
13 2 1024 1888 1072 1888
13 2 1024 1920 1072 1920
13 2 1024 1984 1072 1984
13 7 1072 1760
13 7 1072 1792
13 7 1072 1824
13 7 1072 1856
13 7 1072 1888
13 7 1072 1920
13 7 1072 1984
13 8 1072 1760 0
13 8 1072 1792 0
13 8 1072 1824 0
13 8 1072 1856 0
13 8 1072 1888 0
13 8 1072 1920 0
13 8 1072 1984 0
17 0 fd1s3dx 976 1584 0
17 0 fd1s3dx 1440 1584 0
17 0 fd1s3dx 1808 1584 0
17 0 fd1s3dx 2272 1584 0
17 0 4
17 0 fd1s3dx 2272 1584 0
17 0 4
17 0 fd1s3dx 1760 1856 0
17 0 4
17 0 fd1s3dx 1632 1968 0
17 0 4
17 0 fd1s3dx 992 1904 0
17 0 fd1s3dx 1440 1904 0
17 0 fd1s3dx 1840 1904 0
17 0 and2 688 1584 0
17 0 7
17 0 and2 736 1568 0
13 0 976 1632 880 1632
13 0 656 1472 656 1616
13 0 656 1616 736 1616
13 0 656 1616 656 1648
13 0 656 1648 736 1648
17 0 vlo 656 1472 2
13 0 976 1664 912 1664
13 0 912 1664 912 1776
13 0 912 1776 592 1776
13 0 1088 1744 1088 1808
13 0 1088 1808 592 1808
13 0 752 1808 1088 1808
13 2 752 1808 1088 1808
13 2 592 1808 752 1808
13 0 752 1808 592 1808
13 0 752 1808 1088 1808
13 0 752 1808 1088 1808
13 2 752 1808 1088 1808
13 2 592 1808 752 1808
13 0 1088 1776 1088 1744
13 2 1088 1744 1088 1776
13 2 1088 1776 1088 1808
17 0 or2 640 1776 0
13 0 640 1824 592 1824
13 2 592 1824 640 1824
17 0 9
17 0 or2 704 1776 0
13 0 592 1824 704 1824
13 0 1088 1744 1088 1840
13 0 1088 1840 848 1840
13 0 1200 1632 1264 1632
13 0 1264 1632 1264 1472
17 0 2
17 0 fd1s3dx 1456 1584 0
17 0 2
17 0 fd1s3dx 1456 1584 0
17 0 2
17 0 fd1s3dx 1472 1584 0
17 0 2
17 0 fd1s3dx 1472 1584 0
17 0 2
17 0 fd1s3dx 1504 1584 0
17 0 2
17 0 fd1s3dx 1568 1584 0
17 0 3
17 0 fd1s3dx 1968 1584 0
13 2 656 1616 736 1616
13 2 880 1632 976 1632
13 2 656 1648 736 1648
13 0 656 1616 736 1616
13 2 656 1616 736 1616
13 0 656 1616 656 1472
13 2 656 1472 656 1616
13 2 656 1616 656 1648
17 0 7
17 0 and2 736 1568 0
13 0 656 1616 736 1616
13 0 880 1632 976 1632
13 0 720 1648 736 1648
13 0 656 1648 720 1648
13 0 656 1616 656 1648
13 0 656 1616 656 1472
13 0 656 1616 736 1616
13 0 672 1616 736 1616
13 2 672 1616 736 1616
13 2 656 1616 672 1616
13 0 672 1616 656 1616
13 0 672 1616 736 1616
13 2 656 1616 736 1616
13 2 880 1632 976 1632
13 2 656 1648 736 1648
17 0 7
17 0 and2 736 1568 0
13 0 656 1616 736 1616
13 0 880 1632 976 1632
13 0 720 1648 736 1648
13 0 656 1648 720 1648
17 0 and2 1376 1568 0
13 0 1520 1632 1568 1632
13 0 1376 1616 1312 1616
13 0 1312 1616 1312 1552
13 0 1312 1552 656 1552
13 0 1312 1616 1312 1648
13 0 1312 1648 1376 1648
17 0 7
13 0 720 1648 736 1648
13 2 720 1648 736 1648
13 2 656 1648 720 1648
13 2 656 1616 656 1648
13 0 880 1632 656 1632
13 0 656 1632 656 1616
13 0 720 1616 736 1616
13 2 720 1616 736 1616
13 2 656 1616 720 1616
13 2 1312 1616 1376 1616
13 2 1520 1632 1568 1632
13 2 1312 1648 1376 1648
17 0 10
17 0 and2 1376 1568 0
13 0 1312 1616 1376 1616
13 0 1520 1632 1568 1632
13 0 1360 1648 1376 1648
13 0 1312 1648 1360 1648
17 0 10
13 0 1360 1648 1376 1648
13 2 1360 1648 1376 1648
13 2 1312 1648 1360 1648
13 0 1312 1632 1312 1616
13 2 1312 1616 1312 1632
13 2 1312 1632 1312 1648
13 0 1328 1616 1376 1616
13 2 1328 1616 1376 1616
13 2 1312 1616 1328 1616
13 0 1328 1632 1312 1632
13 0 1312 1632 1312 1616
13 0 1328 1632 1376 1632
13 0 1376 1632 1376 1616
13 2 1376 1616 1376 1632
13 0 1520 1632 1376 1632
13 0 1792 1632 1840 1632
13 0 1840 1632 1840 1472
13 0 912 1776 1456 1776
13 0 1456 1776 1456 1664
13 0 1456 1664 1568 1664
13 0 1088 1840 1680 1840
13 0 1680 1840 1680 1744
13 0 1728 2080 2224 2080
17 0 3
17 0 fd1s3dx 2176 1584 0
17 0 3
17 0 fd1s3dx 2064 1584 0
13 0 1312 1552 1936 1552
13 0 1936 1552 1936 1632
13 0 1936 1632 2064 1632
13 0 1456 1776 1968 1776
13 0 1968 1776 1968 1664
13 0 1968 1664 2064 1664
13 0 1680 1840 2176 1840
13 0 2176 1840 2176 1744
13 2 656 1552 1312 1552
13 2 1312 1552 1936 1552
13 2 656 1632 976 1632
13 2 1200 1632 1264 1632
13 2 1312 1632 1568 1632
13 2 1792 1632 1840 1632
13 2 1936 1632 2064 1632
13 2 912 1664 976 1664
13 2 1456 1664 1568 1664
13 2 1968 1664 2064 1664
13 2 592 1776 912 1776
13 2 912 1776 1456 1776
13 2 1456 1776 1968 1776
13 2 592 1824 704 1824
13 2 848 1840 1088 1840
13 2 1088 1840 1680 1840
13 2 1680 1840 2176 1840
13 0 656 1472 656 1552
13 2 656 1472 656 1552
13 2 656 1552 656 1632
13 2 912 1664 912 1776
13 2 1088 1744 1088 1840
13 2 1264 1472 1264 1632
13 2 1312 1552 1312 1632
13 2 1456 1664 1456 1776
13 2 1680 1744 1680 1840
13 2 1840 1472 1840 1632
13 2 1936 1552 1936 1632
13 2 1968 1664 1968 1776
13 2 2176 1744 2176 1840
17 0 9
17 0 8
17 0 3
17 0 2
17 0 1
17 0 or2 560 1792 0
17 0 vlo 512 1488 2
17 0 fd1s3dx 1920 1600 0
17 0 fd1s3dx 1424 1600 0
17 0 fd1s3dx 832 1600 0
13 0 512 1568 1168 1568
13 0 1168 1568 1792 1568
13 0 512 1648 832 1648
13 0 1056 1648 1120 1648
13 0 1168 1648 1424 1648
13 0 1648 1648 1696 1648
13 0 1792 1648 1920 1648
13 0 768 1680 832 1680
13 0 1312 1680 1424 1680
13 0 1824 1680 1920 1680
13 0 448 1792 768 1792
13 0 768 1792 1312 1792
13 0 1312 1792 1824 1792
13 0 448 1840 560 1840
13 0 704 1856 944 1856
13 0 944 1856 1536 1856
13 0 1536 1856 2032 1856
13 0 512 1488 512 1568
13 0 512 1568 512 1648
13 0 768 1680 768 1792
13 0 944 1760 944 1856
13 0 1120 1488 1120 1648
13 0 1168 1568 1168 1648
13 0 1312 1680 1312 1792
13 0 1536 1760 1536 1856
13 0 1696 1488 1696 1648
13 0 1792 1568 1792 1648
13 0 1824 1680 1824 1792
13 0 2032 1760 2032 1856
13 2 512 1648 832 1648
13 2 1056 1648 1120 1648
13 2 768 1680 832 1680
13 2 944 1760 944 1856
17 0 9
17 0 fd1s3dx 800 1600 0
13 0 512 1648 800 1648
13 0 1024 1648 1120 1648
13 0 784 1680 800 1680
13 0 768 1680 784 1680
13 0 912 1760 944 1760
13 0 944 1760 944 1856
13 2 512 1648 800 1648
13 2 1024 1648 1120 1648
13 2 768 1680 800 1680
13 2 912 1760 944 1760
13 2 944 1760 944 1856
17 0 9
17 0 fd1s3dx 784 1584 0
13 0 768 1632 784 1632
13 0 768 1632 768 1648
13 0 512 1648 768 1648
13 0 1008 1632 1008 1648
13 0 1008 1648 1120 1648
13 0 784 1664 784 1680
13 0 768 1680 784 1680
13 0 896 1744 928 1744
13 0 928 1744 944 1744
13 0 944 1744 944 1856
13 2 944 1744 944 1856
13 0 928 1744 944 1744
13 2 928 1744 944 1744
13 2 896 1744 928 1744
13 2 768 1680 784 1680
13 2 784 1664 784 1680
13 2 1008 1648 1120 1648
13 2 1008 1632 1008 1648
13 2 512 1648 768 1648
13 2 768 1632 768 1648
13 2 768 1632 784 1632
17 0 9
17 0 fd1s3dx 800 1600 0
13 0 944 1760 944 1856
13 0 912 1760 944 1760
13 0 768 1680 800 1680
13 0 1024 1648 1120 1648
13 0 512 1648 800 1648
13 2 944 1760 944 1856
13 2 912 1760 944 1760
13 0 768 1680 784 1680
13 2 768 1680 784 1680
13 2 784 1680 800 1680
13 2 1024 1648 1120 1648
13 2 512 1648 800 1648
17 0 9
17 0 fd1s3dx 832 1600 0
13 0 944 1760 944 1856
13 0 768 1680 832 1680
13 0 1056 1648 1120 1648
13 0 512 1648 832 1648
13 2 1792 1648 1920 1648
13 2 1824 1680 1920 1680
13 2 2032 1760 2032 1856
17 0 3
17 0 fd1s3dx 1888 1600 0
13 0 1792 1648 1888 1648
13 0 1872 1680 1888 1680
13 0 1824 1680 1872 1680
13 0 2000 1760 2032 1760
13 0 2032 1760 2032 1856
13 2 2032 1760 2032 1856
13 2 2000 1760 2032 1760
13 0 1824 1680 1872 1680
13 2 1824 1680 1872 1680
13 2 1872 1680 1888 1680
13 2 1792 1648 1888 1648
17 0 3
17 0 fd1s3dx 1920 1600 0
13 0 2032 1760 2032 1856
13 0 1824 1680 1920 1680
13 0 1792 1648 1920 1648
13 2 512 1648 832 1648
13 2 1056 1648 1120 1648
13 2 768 1680 832 1680
13 2 944 1760 944 1856
17 0 9
17 0 fd1s3dx 816 1600 0
13 0 512 1648 816 1648
13 0 1040 1648 1120 1648
13 0 800 1680 816 1680
13 0 768 1680 800 1680
13 0 928 1760 944 1760
13 0 944 1760 944 1856
13 2 512 1648 816 1648
13 2 1040 1648 1120 1648
13 2 768 1680 816 1680
13 2 928 1760 944 1760
13 2 944 1760 944 1856
17 0 9
17 0 fd1s3dx 800 1600 0
13 0 512 1648 800 1648
13 0 1024 1648 1120 1648
13 0 784 1680 800 1680
13 0 768 1680 784 1680
13 0 912 1760 928 1760
13 0 928 1760 944 1760
13 0 944 1760 944 1856
13 2 944 1760 944 1856
13 0 928 1760 944 1760
13 2 928 1760 944 1760
13 2 912 1760 928 1760
13 0 768 1680 784 1680
13 2 768 1680 784 1680
13 2 784 1680 800 1680
13 2 1024 1648 1120 1648
13 2 512 1648 800 1648
17 0 9
17 0 fd1s3dx 816 1600 0
13 0 944 1760 944 1856
13 0 928 1760 944 1760
13 0 768 1680 816 1680
13 0 1040 1648 1120 1648
13 0 512 1648 816 1648
13 2 944 1760 944 1856
13 2 928 1760 944 1760
13 0 768 1680 800 1680
13 2 768 1680 800 1680
13 2 800 1680 816 1680
13 2 1040 1648 1120 1648
13 2 512 1648 816 1648
17 0 9
17 0 fd1s3dx 832 1600 0
13 0 944 1760 944 1856
13 0 768 1680 832 1680
13 0 1056 1648 1120 1648
13 0 512 1648 832 1648
13 2 512 1568 1168 1568
13 2 1168 1568 1792 1568
13 2 512 1648 832 1648
13 2 1056 1648 1120 1648
13 2 1168 1648 1424 1648
13 2 1648 1648 1696 1648
13 2 1792 1648 1920 1648
13 2 768 1680 832 1680
13 2 1312 1680 1424 1680
13 2 1824 1680 1920 1680
13 2 448 1792 768 1792
13 2 768 1792 1312 1792
13 2 1312 1792 1824 1792
13 2 448 1840 560 1840
13 2 704 1856 944 1856
13 2 944 1856 1536 1856
13 2 1536 1856 2032 1856
13 0 512 1488 512 1568
13 2 512 1488 512 1568
13 2 512 1568 512 1648
13 2 768 1680 768 1792
13 2 944 1760 944 1856
13 2 1120 1488 1120 1648
13 2 1168 1568 1168 1648
13 2 1312 1680 1312 1792
13 2 1536 1760 1536 1856
13 2 1696 1488 1696 1648
13 2 1792 1568 1792 1648
13 2 1824 1680 1824 1792
13 2 2032 1760 2032 1856
17 0 1
17 0 2
17 0 3
17 0 8
17 0 9
17 0 or2 352 1792 0
17 0 vlo 304 1488 2
17 0 fd1s3dx 1712 1600 0
17 0 fd1s3dx 1216 1600 0
17 0 fd1s3dx 624 1600 0
13 0 304 1568 960 1568
13 0 960 1568 1584 1568
13 0 304 1648 624 1648
13 0 848 1648 912 1648
13 0 960 1648 1216 1648
13 0 1440 1648 1488 1648
13 0 1584 1648 1712 1648
13 0 560 1680 624 1680
13 0 1104 1680 1216 1680
13 0 1616 1680 1712 1680
13 0 240 1792 560 1792
13 0 560 1792 1104 1792
13 0 1104 1792 1616 1792
13 0 240 1840 352 1840
13 0 496 1856 736 1856
13 0 736 1856 1328 1856
13 0 1328 1856 1824 1856
13 0 304 1488 304 1568
13 0 304 1568 304 1648
13 0 560 1680 560 1792
13 0 736 1760 736 1856
13 0 912 1488 912 1648
13 0 960 1568 960 1648
13 0 1104 1680 1104 1792
13 0 1328 1760 1328 1856
13 0 1488 1488 1488 1648
13 0 1584 1568 1584 1648
13 0 1616 1680 1616 1792
13 0 1824 1760 1824 1856
13 0 2144 2080 2224 2080
13 2 2144 2080 2224 2080
13 2 1728 2080 2144 2080
17 0 4
17 0 fd1s3dx 2160 1600 0
17 0 5
17 0 fd1s3dx 1648 1872 0
17 0 5
17 0 fd1s3dx 2608 1600 0
17 0 6
17 0 fd1s3dx 3008 1600 0
13 0 2160 1648 2112 1648
17 0 inv 2016 1600 0
13 2 2112 1648 2160 1648
17 0 4
17 0 fd1s3dx 2224 1696 0
13 0 2224 1744 2224 1648
13 0 2112 1648 2224 1648
13 2 2224 1648 2224 1744
17 0 4
17 0 fd1s3dx 2208 1648 0
13 0 2208 1664 2208 1696
13 0 2208 1664 2224 1664
13 0 2224 1648 2224 1664
13 2 2224 1648 2224 1664
13 2 2208 1664 2224 1664
13 2 2208 1664 2208 1696
17 0 4
17 0 fd1s3dx 2224 1696 0
13 0 2224 1648 2224 1744
13 2 2112 1648 2224 1648
13 2 2224 1648 2224 1744
17 0 4
17 0 fd1s3dx 2160 1600 0
13 0 2112 1648 2160 1648
13 2 2112 1648 2160 1648
17 0 4
17 0 fd1s3dx 2304 1632 0
13 0 2304 1680 2304 1648
13 0 2112 1648 2304 1648
13 2 2112 1648 2304 1648
13 2 2304 1648 2304 1680
17 0 4
17 0 fd1s3dx 2160 1600 0
13 0 2112 1648 2160 1648
13 2 2112 1648 2160 1648
17 0 10
17 0 4
17 0 inv 2160 1600 0
17 0 fd1s3dx 2304 1600 0
13 0 2256 1648 2304 1648
13 2 2256 1648 2304 1648
17 0 4
17 0 10
17 0 inv 2112 1600 0
17 0 fd1s3dx 2256 1600 0
13 0 2208 1648 2256 1648
13 0 1952 1648 1984 1648
13 2 1952 1648 1984 1648
13 2 2208 1648 2256 1648
17 0 10
17 0 4
17 0 inv 2160 1600 0
17 0 fd1s3dx 2304 1600 0
13 0 2256 1648 2304 1648
13 2 2256 1648 2304 1648
17 0 10
17 0 fd1s3dx 2272 1600 0
13 0 2256 1648 2272 1648
13 2 2256 1648 2272 1648
17 0 10
17 0 fd1s3dx 2304 1600 0
13 0 2256 1648 2304 1648
13 2 2256 1648 2304 1648
17 0 4
17 0 10
17 0 inv 2128 1600 0
17 0 fd1s3dx 2272 1600 0
13 0 2224 1648 2272 1648
13 0 1936 1648 1968 1648
13 0 1968 1648 1968 1488
17 0 10
17 0 inv 2112 1632 0
13 0 2272 1680 2208 1680
13 0 1824 1856 2384 1856
13 0 2384 1856 2384 1760
13 0 1584 1568 2176 1568
13 0 2176 1568 2176 1648
13 0 2176 1648 2224 1648
13 0 2576 1568 2704 1568
13 0 2704 1568 2704 1552
13 0 2784 1584 2784 1824
13 0 2784 1824 2864 1824
13 2 2784 1824 2864 1824
13 2 2784 1584 2784 1824
13 2 2704 1552 2704 1568
13 2 2576 1568 2704 1568
13 0 2576 1568 2896 1568
13 0 2896 1568 2896 1808
13 2 2896 1568 2896 1808
13 2 2576 1568 2896 1568
13 0 2176 1648 2224 1648
13 2 2176 1648 2224 1648
17 0 5
17 0 fd1s3dx 2688 1600 0
17 0 6
17 0 fd1s3dx 3088 1600 0
13 0 2224 1648 2176 1648
13 0 2496 1648 2528 1648
13 0 2528 1648 2528 1504
13 0 2528 1504 2528 1488
13 2 2208 1680 2272 1680
17 0 10
17 0 inv 2064 1632 0
13 0 2160 1680 2272 1680
13 0 2208 1680 2208 1776
13 0 2208 1776 2608 1776
13 0 2608 1776 2608 1680
13 0 2608 1680 2688 1680
13 0 2272 1776 2608 1776
13 2 2272 1776 2608 1776
13 2 2208 1776 2272 1776
13 0 2272 1808 2208 1808
13 0 2208 1808 2208 1776
13 0 2272 1808 2608 1808
13 0 2608 1808 2608 1776
13 0 2384 1856 2800 1856
13 0 2800 1856 2800 1760
13 0 2176 1568 2608 1568
13 0 2608 1568 2688 1568
13 0 2608 1568 2688 1568
13 2 2608 1568 2688 1568
13 0 2608 1568 2608 1648
13 0 2608 1648 2688 1648
13 0 2800 1856 3200 1856
13 0 3200 1856 3200 1760
13 0 2608 1808 3040 1808
13 0 3040 1808 3040 1680
13 0 3040 1680 3088 1680
13 0 2608 1568 3040 1568
13 0 3040 1568 3040 1648
13 0 3040 1648 3088 1648
13 0 2912 1648 2944 1648
13 0 2944 1648 2944 1488
13 0 3312 1648 3344 1648
13 0 3344 1648 3344 1488
13 0 3344 1648 3344 1888
13 0 352 1872 288 1872
13 0 288 1872 288 1936
13 0 288 1936 3344 1936
13 0 3344 1936 3344 1888
13 5 912 1488 Q10
13 5 1488 1488 Q11
13 5 1968 1488 Q12
13 5 2528 1488 Q20
13 5 2944 1488 Q21
13 5 3344 1488 Q22
13 5 240 1792 C
13 5 240 1840 R
13 5 240 1840 R
13 8 912 1488 2
13 8 912 1488 2
13 8 912 1488 0
13 8 800 1392 2
13 8 912 1488 2
13 8 1488 1488 2
13 8 1968 1488 2
13 8 2528 1488 2
13 8 2944 1488 2
13 8 3344 1488 2
13 8 240 1792 1
13 8 240 1840 1
17 0 and2 2000 1280 0
13 0 912 1536 1152 1536
13 0 1152 1536 1152 1328
13 0 1152 1328 1216 1328
13 0 1216 1328 2000 1328
13 0 1968 1520 1904 1520
13 0 1904 1520 1904 1360
13 0 1904 1360 2000 1360
13 0 2144 1344 2208 1344
13 0 2208 1344 2208 1488
13 0 2208 1488 2016 1488
13 0 2016 1488 2016 1680
13 0 2016 1680 2064 1680
17 0 and2 3168 1312 0
13 0 2528 1536 2672 1536
13 0 2672 1536 2672 1360
13 0 2672 1360 3168 1360
13 0 3344 1552 3168 1552
13 0 3168 1552 3120 1552
13 0 3120 1552 3120 1392
13 0 3120 1392 3168 1392
13 0 3312 1376 3360 1376
13 5 3360 1376 p
13 8 3360 1344 2
13 8 3360 1376 2
17 0 and3 864 2080 2
13 0 944 1936 3344 1936
13 2 944 1936 3344 1936
13 2 288 1936 944 1936
13 0 1968 1648 1968 1968
13 0 1968 1968 864 1968
13 0 2544 1648 2544 2000
13 0 2544 2000 864 2000
13 0 3344 1936 3344 2032
13 0 3344 2032 864 2032
13 0 720 2000 288 2000
13 0 288 2000 288 1936
13 2 2528 1488 2528 1536
13 7 2528 1488
13 8 2528 1488 0
13 8 2528 1488 0
13 0 2528 1488 2528 1536
13 2 2528 1488 2528 1536
13 0 2528 1488 2528 1536
13 5 2528 1488 Q20
13 8 2528 1488 2
13 0 288 2000 288 1936
13 2 288 1936 288 2000
13 0 2544 1680 2544 1648
13 2 2544 1648 2544 1680
13 2 2544 1680 2544 2000
13 0 2528 1680 2528 2000
13 0 2528 2000 2544 2000
13 0 2528 1680 2528 1648
13 0 2528 1648 2544 1648
13 2 2528 1648 2544 1648
13 0 2544 1648 2528 1648
13 2 2528 1648 2544 1648
13 2 2528 2000 2544 2000
13 0 288 1936 288 2000
13 0 560 2304 736 2304
13 0 1456 2320 2080 2320
13 0 2080 2320 2080 2368
13 2 560 2304 736 2304
13 2 1456 2320 2080 2320
13 2 2080 2320 2080 2368
13 0 2528 1504 2528 1488
13 2 2528 1488 2528 1504
13 2 2528 1504 2528 1536
13 7 2528 1488
13 8 2528 1488 0
13 2 304 1648 624 1648
13 2 848 1648 912 1648
13 2 560 1680 624 1680
13 2 736 1760 736 1856
17 0 1
17 0 fd1s3dx 608 1600 0
13 0 304 1648 608 1648
13 0 832 1648 912 1648
13 0 592 1680 608 1680
13 0 560 1680 592 1680
13 0 720 1760 736 1760
13 0 736 1760 736 1856
13 2 304 1648 608 1648
13 2 832 1648 912 1648
13 2 560 1680 608 1680
13 2 720 1760 736 1760
13 2 736 1760 736 1856
17 0 1
17 0 fd1s3dx 608 1600 0
13 0 304 1648 608 1648
13 0 832 1648 912 1648
13 0 592 1680 608 1680
13 0 560 1680 592 1680
13 0 720 1760 736 1760
13 0 736 1760 736 1856
13 2 304 1648 608 1648
13 2 832 1648 912 1648
13 2 560 1680 608 1680
13 2 720 1760 736 1760
13 2 736 1760 736 1856
17 0 1
17 0 fd1s3dx 592 1600 0
13 0 304 1648 592 1648
13 0 816 1648 912 1648
13 0 576 1680 592 1680
13 0 560 1680 576 1680
13 0 704 1760 720 1760
13 0 720 1760 736 1760
13 0 736 1760 736 1856
13 2 304 1648 592 1648
13 2 816 1648 912 1648
13 2 560 1680 592 1680
13 2 704 1760 736 1760
13 2 736 1760 736 1856
17 0 1
17 0 fd1s3dx 592 1600 0
13 0 304 1648 592 1648
13 0 816 1648 912 1648
13 0 576 1680 592 1680
13 0 560 1680 576 1680
13 0 704 1760 736 1760
13 0 736 1760 736 1856
17 0 1
17 0 fd1s3dx 592 1600 0
13 0 560 1712 560 1680
13 2 560 1680 560 1712
13 2 560 1712 560 1792
13 0 544 1712 544 1792
13 0 544 1792 560 1792
13 0 544 1712 544 1680
13 0 544 1680 560 1680
13 0 544 1744 544 1680
13 2 544 1680 544 1744
13 2 544 1744 544 1792
13 0 480 1744 480 1792
13 0 480 1792 544 1792
13 0 480 1744 480 1680
13 0 480 1680 544 1680
13 2 304 1648 592 1648
13 2 816 1648 912 1648
13 2 480 1680 592 1680
13 2 704 1760 736 1760
13 2 736 1760 736 1856
17 0 1
17 0 fd1s3dx 512 1600 0
13 0 304 1648 512 1648
13 0 736 1648 912 1648
13 0 496 1680 512 1680
13 0 480 1680 496 1680
13 0 624 1760 656 1760
13 0 656 1760 736 1760
13 0 736 1760 736 1856
13 0 736 1840 736 1760
13 2 736 1760 736 1840
13 2 736 1840 736 1856
13 0 720 1840 720 1856
13 0 720 1856 736 1856
13 0 720 1840 720 1760
13 0 720 1760 736 1760
13 0 720 1840 720 1760
13 2 720 1760 720 1840
13 2 720 1840 720 1856
13 0 720 1840 720 1856
13 0 720 1840 720 1760
13 0 704 1856 720 1856
13 2 704 1856 720 1856
13 2 496 1856 704 1856
13 0 704 1856 496 1856
13 0 704 1856 720 1856
13 0 720 1824 720 1760
13 2 720 1760 720 1824
13 2 720 1824 720 1856
13 0 624 1824 624 1856
13 0 624 1856 720 1856
13 0 624 1824 624 1760
13 0 624 1760 720 1760
13 0 720 1760 736 1760
13 2 720 1760 736 1760
13 2 624 1760 720 1760
13 0 912 1616 912 1536
13 2 912 1536 912 1616
13 2 912 1616 912 1648
13 0 768 1584 768 1648
13 0 768 1648 912 1648
13 0 768 1584 768 1536
13 0 768 1536 912 1536
13 0 880 1648 912 1648
13 2 880 1648 912 1648
13 2 768 1648 880 1648
13 0 912 1504 912 1488
13 2 912 1488 912 1504
13 2 912 1504 912 1536
13 0 752 1504 752 1536
13 0 752 1536 912 1536
13 0 752 1504 752 1488
13 0 752 1488 912 1488
13 0 752 1504 752 1488
13 2 752 1488 752 1504
13 2 752 1504 752 1536
13 0 752 1504 752 1536
13 0 752 1504 752 1488
13 0 752 1520 752 1488
13 2 752 1488 752 1520
13 2 752 1520 752 1536
13 0 768 1504 768 1536
13 0 768 1536 752 1536
13 0 768 1504 768 1488
13 0 768 1488 752 1488
13 2 752 1536 768 1536
13 2 752 1488 768 1488
13 2 768 1488 912 1488
13 7 912 1488
13 8 912 1488 0
13 0 912 1488 768 1488
13 5 912 1488 Q10
13 8 912 1488 2
13 8 912 1488 2
13 2 768 1488 912 1488
13 7 912 1488
13 8 912 1488 0
13 0 784 1472 784 1488
13 0 768 1488 784 1488
13 5 784 1472 Q10
13 8 912 1488 2
13 8 784 1472 2
13 2 784 1472 784 1488
13 7 784 1472
13 8 784 1472 0
13 0 768 1472 784 1472
13 0 784 1472 784 1488
13 5 768 1472 Q10
13 8 784 1472 2
13 8 768 1472 2
13 2 784 1472 784 1488
13 2 768 1472 784 1472
13 7 768 1472
13 8 768 1472 0
13 0 784 1472 784 1488
13 5 784 1472 Q10
13 8 768 1472 2
13 8 784 1472 2
13 8 784 1472 2
13 2 768 1488 784 1488
13 2 784 1472 784 1488
13 0 768 1488 768 1472
13 0 768 1472 784 1472
13 2 768 1472 784 1472
13 7 784 1472
13 8 784 1472 0
13 0 768 1472 752 1472
13 5 752 1472 Q10
13 8 784 1472 2
13 8 752 1472 2
13 2 752 1472 768 1472
13 2 768 1472 768 1536
13 7 752 1472
13 8 752 1472 0
13 0 800 1472 816 1472
13 0 816 1472 768 1472
13 0 768 1472 768 1536
13 5 800 1472 Q10
13 8 752 1472 2
13 8 800 1472 2
13 2 768 1472 768 1536
13 2 768 1472 800 1472
13 2 800 1472 816 1472
13 7 800 1472
13 0 768 1472 768 1536
13 0 752 1472 768 1472
13 5 752 1472 Q10
13 8 800 1472 2
13 8 752 1472 2
13 8 752 1472 2
13 2 752 1472 768 1472
13 7 752 1472
13 8 752 1472 0
13 0 784 1472 768 1472
13 5 784 1472 Q10
13 8 752 1472 2
13 8 784 1472 2
13 2 768 1472 784 1472
13 2 768 1472 768 1536
13 7 784 1472
13 8 784 1472 0
13 0 768 1408 784 1408
13 0 768 1408 768 1536
13 5 784 1408 Q10
13 8 784 1472 2
13 8 784 1408 2
13 0 1104 1728 1104 1680
13 2 1104 1680 1104 1728
13 2 1104 1728 1104 1792
13 0 960 1696 960 1792
13 0 960 1792 1104 1792
13 0 960 1696 960 1680
13 0 960 1680 1104 1680
13 2 960 1648 1216 1648
13 2 1440 1648 1488 1648
13 2 960 1680 1216 1680
13 2 1328 1760 1328 1856
17 0 2
17 0 fd1s3dx 992 1600 0
13 0 960 1648 992 1648
13 0 1216 1648 1488 1648
13 0 976 1680 992 1680
13 0 960 1680 976 1680
13 0 1104 1760 1328 1760
13 0 1328 1760 1328 1856
13 0 1328 1824 1328 1760
13 2 1328 1760 1328 1824
13 2 1328 1824 1328 1856
13 0 1104 1792 1104 1856
13 0 1104 1856 1328 1856
13 0 1104 1792 1104 1760
13 0 1104 1760 1328 1760
13 0 1168 1760 1328 1760
13 2 1168 1760 1328 1760
13 2 1104 1760 1168 1760
13 2 1104 1792 1616 1792
13 2 960 1792 1104 1792
13 0 1104 1792 1104 1760
13 2 1104 1760 1104 1792
13 2 1104 1792 1104 1856
13 0 960 1792 1616 1792
13 0 1104 1760 1104 1856
13 0 1488 1616 1488 1488
13 2 1488 1488 1488 1616
13 2 1488 1616 1488 1648
13 0 1248 1600 1248 1648
13 0 1248 1648 1488 1648
13 0 1248 1600 1248 1488
13 0 1248 1488 1488 1488
13 2 1248 1488 1488 1488
13 7 1488 1488
13 8 1488 1488 0
13 0 1264 1488 1312 1488
13 0 1248 1488 1264 1488
13 5 1312 1488 Q11
13 8 1488 1488 2
13 8 1312 1488 2
13 2 1248 1488 1312 1488
13 7 1312 1488
13 8 1312 1488 0
13 0 1264 1488 1296 1488
13 0 1248 1488 1264 1488
13 5 1296 1488 Q11
13 8 1312 1488 2
13 8 1296 1488 2
13 0 1280 1488 1296 1488
13 2 1280 1488 1296 1488
13 2 1248 1488 1280 1488
13 0 1280 1488 1248 1488
13 0 1280 1488 1296 1488
13 0 1360 1648 1488 1648
13 2 1360 1648 1488 1648
13 2 1248 1648 1360 1648
13 0 1360 1648 1248 1648
13 0 1360 1648 1488 1648
13 0 1360 1648 1488 1648
13 2 1360 1648 1488 1648
13 2 1248 1648 1360 1648
13 0 1584 1632 1584 1568
13 2 1584 1568 1584 1632
13 2 1584 1632 1584 1648
13 0 1376 1600 1376 1648
13 0 1376 1648 1584 1648
13 0 1376 1600 1376 1568
13 0 1376 1568 1584 1568
13 0 1616 1728 1616 1680
13 2 1616 1680 1616 1728
13 2 1616 1728 1616 1792
13 0 1376 1728 1376 1792
13 0 1376 1792 1616 1792
13 0 1376 1728 1376 1680
13 0 1376 1680 1616 1680
13 0 1584 1792 1616 1792
13 2 1584 1792 1616 1792
13 2 1376 1792 1584 1792
13 2 1376 1648 1712 1648
13 2 1936 1648 1968 1648
13 2 1376 1680 1712 1680
13 2 1824 1760 1824 1856
17 0 3
17 0 fd1s3dx 1408 1600 0
13 0 1376 1648 1408 1648
13 0 1632 1648 1968 1648
13 0 1392 1680 1408 1680
13 0 1376 1680 1392 1680
13 0 1520 1760 1824 1760
13 0 1824 1760 1824 1856
13 0 1824 1808 1824 1760
13 2 1824 1760 1824 1808
13 2 1824 1808 1824 1856
13 0 1520 1776 1520 1856
13 0 1520 1856 1824 1856
13 0 1520 1776 1520 1760
13 0 1520 1760 1824 1760
13 0 1584 1760 1824 1760
13 2 1584 1760 1824 1760
13 2 1520 1760 1584 1760
13 0 1968 1616 1968 1520
13 2 1968 1520 1968 1616
13 2 1968 1616 1968 1648
13 0 1648 1616 1648 1648
13 0 1648 1648 1968 1648
13 0 1648 1616 1648 1520
13 0 1648 1520 1968 1520
13 0 1968 1760 1968 1648
13 2 1968 1648 1968 1760
13 2 1968 1760 1968 1968
13 0 1648 1696 1648 1968
13 0 1648 1968 1968 1968
13 0 1648 1696 1648 1648
13 0 1648 1648 1968 1648
13 0 1728 1648 1968 1648
13 2 1728 1648 1968 1648
13 2 1648 1648 1728 1648
13 0 1904 1472 1904 1360
13 2 1904 1360 1904 1472
13 2 1904 1472 1904 1520
13 2 1968 1488 1968 1520
13 7 1968 1488
13 8 1968 1488 0
13 0 1648 1504 1968 1504
13 0 1968 1504 1968 1520
13 5 1648 1504 Q12
13 8 1968 1488 2
13 8 1648 1504 2
13 2 1968 1504 1968 1520
13 2 1648 1504 1968 1504
13 7 1648 1504
13 8 1648 1504 0
13 0 1968 1488 1968 1520
13 5 1968 1488 Q12
13 8 1648 1504 2
13 8 1968 1488 2
13 8 1968 1488 2
13 0 1968 1504 1968 1488
13 2 1968 1488 1968 1504
13 2 1968 1504 1968 1520
13 0 1648 1488 1648 1520
13 0 1648 1520 1968 1520
13 0 1648 1488 1968 1488
13 2 1648 1488 1968 1488
13 7 1968 1488
13 8 1968 1488 0
13 0 1648 1488 1664 1488
13 5 1664 1488 Q12
13 8 1968 1488 2
13 8 1664 1488 2
13 0 1744 1520 1968 1520
13 2 1744 1520 1968 1520
13 2 1648 1520 1744 1520
13 0 2016 1616 2016 1488
13 2 2016 1488 2016 1616
13 2 2016 1616 2016 1680
13 0 2192 1680 2208 1680
13 2 2192 1680 2208 1680
13 2 2160 1680 2192 1680
13 0 2208 1712 2208 1680
13 2 2208 1680 2208 1712
13 2 2208 1712 2208 1808
13 0 2208 1712 2208 1808
13 0 2208 1712 2208 1680
13 0 2208 1712 2208 1680
13 2 2208 1680 2208 1712
13 2 2208 1712 2208 1808
13 2 2016 1680 2064 1680
17 0 10
17 0 inv 2080 1632 0
13 0 2016 1680 2080 1680
13 0 2048 1680 2080 1680
13 2 2048 1680 2080 1680
13 2 2016 1680 2048 1680
17 0 10
17 0 inv 2256 1424 0
13 0 2176 1600 2176 1568
13 2 2176 1568 2176 1600
13 2 2176 1600 2176 1648
13 0 1760 1584 1760 1648
13 0 1760 1648 2176 1648
13 0 1760 1584 1760 1568
13 0 1760 1568 2176 1568
13 2 1760 1648 2272 1648
13 2 2496 1648 2528 1648
13 2 2208 1680 2272 1680
13 2 2384 1760 2384 1856
17 0 4
17 0 fd1s3dx 2240 1600 0
13 0 1760 1648 2240 1648
13 0 2464 1648 2528 1648
13 0 2224 1680 2240 1680
13 0 2208 1680 2224 1680
13 0 2352 1760 2384 1760
13 0 2384 1760 2384 1856
13 2 2208 1808 2608 1808
13 0 2208 1808 2384 1808
13 2 2208 1808 2384 1808
13 0 2384 1808 2384 1760
13 2 2384 1760 2384 1808
13 2 2384 1808 2384 1856
13 0 1952 1856 2384 1856
13 0 1952 1856 1952 1760
13 0 1952 1760 2384 1760
13 2 1760 1648 2240 1648
13 2 2464 1648 2528 1648
13 2 2208 1680 2240 1680
13 2 1952 1760 2352 1760
13 2 2352 1760 2384 1760
17 0 4
17 0 fd1s3dx 2256 1600 0
13 0 1760 1648 2256 1648
13 0 2480 1648 2528 1648
13 0 2240 1680 2256 1680
13 0 2208 1680 2240 1680
13 0 2256 1760 2368 1760
13 0 2224 1760 2256 1760
13 0 1952 1760 2224 1760
13 0 2368 1760 2400 1760
13 2 2208 1680 2256 1680
13 2 1760 1648 2256 1648
13 2 2480 1648 2528 1648
13 2 1952 1760 2368 1760
13 2 2368 1760 2400 1760
17 0 4
17 0 fd1s3dx 1984 1600 0
13 0 1760 1648 1984 1648
13 0 2208 1648 2528 1648
13 0 1984 1760 2096 1760
13 0 1968 1760 1984 1760
13 0 1952 1760 1968 1760
13 0 2096 1760 2128 1760
13 0 1984 1760 2096 1760
13 2 1984 1760 2096 1760
13 2 1952 1760 1984 1760
13 2 1760 1648 1984 1648
13 2 2208 1648 2528 1648
13 2 2096 1760 2128 1760
17 0 4
17 0 fd1s3dx 1776 1600 0
13 0 1760 1648 1776 1648
13 0 2000 1648 2528 1648
13 0 1888 1760 1920 1760
13 0 1952 1776 1952 1760
13 2 1952 1760 1952 1776
13 2 1952 1776 1952 1856
13 0 1888 1776 1888 1856
13 0 1888 1856 1952 1856
13 0 1888 1776 1888 1760
13 0 1888 1760 1952 1760
17 0 4
17 0 fd1s3dx 1776 1600 0
13 0 1936 1760 1952 1760
13 2 1936 1760 1952 1760
13 2 1888 1760 1936 1760
13 0 2528 1728 2528 1648
13 2 2528 1648 2528 1728
13 2 2528 1728 2528 2000
13 0 2032 1680 2032 2000
13 0 2032 2000 2528 2000
13 0 2032 1680 2032 1648
13 0 2032 1648 2528 1648
13 0 1872 1968 1968 1968
13 2 1872 1968 1968 1968
13 2 1648 1968 1872 1968
13 0 1872 2000 2032 2000
13 2 1872 2000 2032 2000
13 2 864 2000 1872 2000
13 0 2080 2000 2528 2000
13 2 2080 2000 2528 2000
13 2 2032 2000 2080 2000
13 0 2032 1936 2032 1648
13 2 2032 1648 2032 1936
13 2 2032 1936 2032 2000
13 0 2368 1648 2528 1648
13 2 2368 1648 2528 1648
13 2 2000 1648 2368 1648
13 0 2528 1616 2528 1536
13 2 2528 1536 2528 1616
13 2 2528 1616 2528 1648
13 0 2560 1536 2672 1536
13 2 2560 1536 2672 1536
13 2 2528 1536 2560 1536
13 0 2608 1616 2608 1568
13 2 2608 1568 2608 1616
13 2 2608 1616 2608 1648
13 0 2320 1616 2320 1648
13 0 2320 1648 2608 1648
13 0 2320 1616 2320 1568
13 0 2320 1568 2608 1568
13 0 2608 1760 2608 1680
13 2 2608 1680 2608 1760
13 2 2608 1760 2608 1808
13 0 2320 1728 2320 1808
13 0 2320 1808 2608 1808
13 0 2320 1728 2320 1680
13 0 2320 1680 2608 1680
13 2 2320 1648 2688 1648
13 2 2912 1648 2944 1648
13 2 2320 1680 2688 1680
13 2 2800 1760 2800 1856
17 0 5
17 0 fd1s3dx 2352 1600 0
13 0 2320 1648 2352 1648
13 0 2576 1648 2944 1648
13 0 2336 1680 2352 1680
13 0 2320 1680 2336 1680
13 0 2464 1760 2800 1760
13 0 2800 1760 2800 1856
13 0 2800 1824 2800 1760
13 2 2800 1760 2800 1824
13 2 2800 1824 2800 1856
13 0 2464 1776 2464 1856
13 0 2464 1856 2800 1856
13 0 2464 1776 2464 1760
13 0 2464 1760 2800 1760
13 0 2496 1760 2800 1760
13 2 2496 1760 2800 1760
13 2 2464 1760 2496 1760
13 0 2048 1488 2208 1488
13 2 2048 1488 2208 1488
13 2 2016 1488 2048 1488
13 0 2000 1648 2032 1648
13 0 2032 1648 2032 1488
13 5 2032 1488 Q13
13 0 2320 1616 2320 1568
13 2 2320 1568 2320 1616
13 2 2320 1616 2320 1648
13 0 2176 1616 2176 1648
13 0 2176 1648 2320 1648
13 0 2176 1616 2176 1568
13 0 2176 1568 2320 1568
13 0 2320 1728 2320 1680
13 2 2320 1680 2320 1728
13 2 2320 1728 2320 1808
13 0 2176 1728 2176 1808
13 0 2176 1808 2320 1808
13 0 2176 1728 2176 1680
13 0 2176 1680 2320 1680
13 2 2176 1648 2352 1648
13 2 2576 1648 2944 1648
13 2 2176 1680 2352 1680
13 2 2464 1760 2464 1856
17 0 5
17 0 fd1s3dx 2208 1600 0
13 0 2176 1648 2208 1648
13 0 2432 1648 2944 1648
13 0 2192 1680 2208 1680
13 0 2176 1680 2192 1680
13 0 2320 1760 2464 1760
13 0 2464 1760 2464 1856
13 0 2464 1776 2464 1760
13 2 2464 1760 2464 1776
13 2 2464 1776 2464 1856
13 0 2320 1776 2320 1856
13 0 2320 1856 2464 1856
13 0 2320 1776 2320 1760
13 0 2320 1760 2464 1760
13 0 2368 1760 2464 1760
13 2 2368 1760 2464 1760
13 2 2320 1760 2368 1760
13 0 2368 1760 2320 1760
13 0 2368 1760 2464 1760
13 0 2368 1760 2464 1760
13 2 2368 1760 2464 1760
13 2 2320 1760 2368 1760
13 0 2496 1808 3040 1808
13 2 2496 1808 3040 1808
13 2 2176 1808 2496 1808
13 0 2944 1600 2944 1488
13 2 2944 1488 2944 1600
13 2 2944 1600 2944 1648
13 0 2448 1600 2448 1648
13 0 2448 1648 2944 1648
13 0 2448 1600 2448 1488
13 0 2448 1488 2944 1488
13 2 2448 1488 2944 1488
13 7 2944 1488
13 8 2944 1488 0
13 0 2448 1488 2464 1488
13 5 2464 1488 Q21
13 8 2944 1488 2
13 8 2464 1488 2
13 0 2672 1488 2672 1360
13 2 2672 1360 2672 1488
13 2 2672 1488 2672 1536
13 0 2736 1648 2944 1648
13 2 2736 1648 2944 1648
13 2 2448 1648 2736 1648
13 0 3040 1616 3040 1568
13 2 3040 1568 3040 1616
13 2 3040 1616 3040 1648
13 0 2560 1632 2560 1648
13 0 2560 1648 3040 1648
13 0 2560 1632 2560 1568
13 0 2560 1568 3040 1568
13 0 3040 1744 3040 1680
13 2 3040 1680 3040 1744
13 2 3040 1744 3040 1808
13 0 2560 1712 2560 1808
13 0 2560 1808 3040 1808
13 0 2560 1712 2560 1680
13 0 2560 1680 3040 1680
13 2 2560 1648 3088 1648
13 2 3312 1648 3344 1648
13 2 2560 1680 3088 1680
13 2 3200 1760 3200 1856
17 0 6
17 0 fd1s3dx 2592 1600 0
13 0 2560 1648 2592 1648
13 0 2816 1648 3344 1648
13 0 2576 1680 2592 1680
13 0 2560 1680 2576 1680
13 0 2704 1760 3200 1760
13 0 3200 1760 3200 1856
13 0 2736 1808 3040 1808
13 2 2736 1808 3040 1808
13 2 2560 1808 2736 1808
13 0 3200 1808 3200 1760
13 2 3200 1760 3200 1808
13 2 3200 1808 3200 1856
13 0 2704 1776 2704 1856
13 0 2704 1856 3200 1856
13 0 2704 1776 2704 1760
13 0 2704 1760 3200 1760
13 0 2864 1760 3200 1760
13 2 2864 1760 3200 1760
13 2 2704 1760 2864 1760
13 0 2896 1856 3200 1856
13 2 2896 1856 3200 1856
13 2 2704 1856 2896 1856
13 0 2960 1568 3040 1568
13 2 2960 1568 3040 1568
13 2 2560 1568 2960 1568
13 0 3280 1552 3344 1552
13 2 3280 1552 3344 1552
13 2 3120 1552 3280 1552
13 0 3344 1568 3344 1488
13 2 3344 1488 3344 1568
13 2 3344 1568 3344 1648
13 0 3344 1600 3344 1648
13 0 3344 1600 3344 1488
13 2 3344 1488 3344 1648
13 7 3344 1488
13 8 3344 1488 0
13 0 2832 1504 2832 1648
13 0 2832 1648 3344 1648
13 5 2832 1504 Q22
13 8 3344 1488 2
13 8 2832 1504 2
13 0 3344 1744 3344 1648
13 2 3344 1648 3344 1744
13 2 3344 1744 3344 2032
13 0 2832 1712 2832 2032
13 0 2832 2032 3344 2032
13 0 2832 1712 2832 1648
13 0 2832 1648 3344 1648
13 0 3024 1648 3344 1648
13 2 3024 1648 3344 1648
13 2 2832 1648 3024 1648
13 0 3024 2032 3344 2032
13 2 3024 2032 3344 2032
13 2 2832 2032 3024 2032
17 0 fd1s3dx 2960 1600 0
13 0 2560 1568 2896 1568
13 0 2896 1568 2896 1648
13 0 2896 1648 2960 1648
13 0 2704 1856 3072 1856
13 0 3072 1856 3072 1760
13 0 3184 1648 3264 1648
13 0 3264 1648 3264 1504
13 5 3264 1504 Q23
13 8 2032 1488 2
13 8 3264 1504 2
13 0 2032 1536 1904 1536
13 0 1904 1536 1904 1360
17 0 10
17 0 inv 2272 1376 0
13 0 2272 1424 2208 1424
13 0 2208 1472 2208 1424
13 2 2208 1424 2208 1472
13 2 2208 1472 2208 1488
13 0 2368 1424 2416 1424
13 0 2416 1424 2416 1520
13 0 2416 1520 2128 1520
13 0 2128 1520 2128 1680
13 0 2128 1680 2176 1680
13 0 2176 1728 2176 1680
13 2 2176 1680 2176 1728
13 2 2176 1728 2176 1808
13 0 2176 1728 2176 1808
13 0 2176 1728 2176 1680
13 0 2176 1728 2176 1680
13 2 2176 1680 2176 1728
13 2 2176 1728 2176 1808
13 0 1376 1792 1744 1792
13 0 1744 1792 1744 1680
13 0 1744 1680 1776 1680
13 0 2128 1680 2128 1808
13 0 2128 1808 2560 1808
13 0 2128 1616 2128 1520
13 2 2128 1520 2128 1616
13 2 2128 1616 2128 1680
13 0 2080 1600 2080 1680
13 0 2080 1680 2128 1680
13 0 2080 1600 2080 1520
13 0 2080 1520 2128 1520
13 0 2128 1728 2128 1680
13 2 2128 1680 2128 1728
13 2 2128 1728 2128 1808
13 0 2080 1712 2080 1808
13 0 2080 1808 2128 1808
13 0 2080 1712 2080 1680
13 0 2080 1680 2128 1680
13 0 2176 1600 2176 1568
13 2 2176 1568 2176 1600
13 2 2176 1600 2176 1648
13 0 2112 1568 2112 1648
13 0 2112 1648 2176 1648
13 0 2112 1568 2176 1568
13 2 2112 1648 2208 1648
13 2 2432 1648 2448 1648
13 2 2080 1680 2208 1680
13 2 2320 1760 2320 1856
17 0 5
17 0 fd1s3dx 2144 1600 0
13 0 2112 1648 2144 1648
13 0 2368 1648 2448 1648
13 0 2128 1680 2144 1680
13 0 2080 1680 2128 1680
13 0 2256 1760 2320 1760
13 0 2320 1760 2320 1856
13 0 2320 1792 2320 1760
13 2 2320 1760 2320 1792
13 2 2320 1792 2320 1856
13 0 2256 1776 2256 1856
13 0 2256 1856 2320 1856
13 0 2256 1776 2256 1760
13 0 2256 1760 2320 1760
13 0 2272 1760 2320 1760
13 2 2272 1760 2320 1760
13 2 2256 1760 2272 1760
13 0 2560 1616 2560 1568
13 2 2560 1568 2560 1616
13 2 2560 1616 2560 1648
13 0 2496 1584 2496 1648
13 0 2496 1648 2560 1648
13 0 2496 1584 2496 1568
13 0 2496 1568 2560 1568
13 0 2560 1728 2560 1680
13 2 2560 1680 2560 1728
13 2 2560 1728 2560 1808
13 0 2496 1712 2496 1808
13 0 2496 1808 2560 1808
13 0 2496 1712 2496 1680
13 0 2496 1680 2560 1680
13 2 2496 1808 2560 1808
13 2 2496 1648 2592 1648
13 2 2816 1648 2832 1648
13 2 2496 1680 2592 1680
13 2 2704 1760 2704 1856
17 0 6
17 0 fd1s3dx 2528 1600 0
13 0 2496 1648 2528 1648
13 0 2752 1648 2832 1648
13 0 2512 1680 2528 1680
13 0 2496 1680 2512 1680
13 0 2640 1760 2704 1760
13 0 2704 1760 2704 1856
13 0 2704 1792 2704 1760
13 2 2704 1760 2704 1792
13 2 2704 1792 2704 1856
13 0 2640 1792 2640 1856
13 0 2640 1856 2704 1856
13 0 2640 1792 2640 1760
13 0 2640 1760 2704 1760
13 2 2640 1760 2704 1760
13 0 2832 1616 2832 1504
13 2 2832 1504 2832 1616
13 2 2832 1616 2832 1648
13 0 2768 1584 2768 1648
13 0 2768 1648 2832 1648
13 0 2768 1584 2768 1504
13 0 2768 1504 2832 1504
13 2 2768 1504 2832 1504
13 7 2832 1504
13 8 2832 1504 0
13 0 2784 1504 2800 1504
13 0 2768 1504 2784 1504
13 5 2800 1504 Q22
13 8 2832 1504 2
13 8 2800 1504 2
13 2 2768 1504 2800 1504
13 7 2800 1504
13 8 2800 1504 0
13 0 2768 1504 2784 1504
13 5 2784 1504 Q22
13 8 2800 1504 2
13 8 2784 1504 2
13 0 2832 1680 2832 1648
13 2 2832 1648 2832 1680
13 2 2832 1680 2832 2032
13 0 2768 1680 2768 2032
13 0 2768 2032 2832 2032
13 0 2768 1680 2768 1648
13 0 2768 1648 2832 1648
13 0 2800 1648 2832 1648
13 2 2800 1648 2832 1648
13 2 2768 1648 2800 1648
13 2 2768 2032 2832 2032
13 0 2896 1616 2896 1568
13 2 2896 1568 2896 1616
13 2 2896 1616 2896 1648
13 0 2816 1600 2816 1648
13 0 2816 1648 2896 1648
13 0 2816 1600 2816 1568
13 0 2816 1568 2896 1568
13 0 2880 1568 2896 1568
13 2 2880 1568 2896 1568
13 2 2816 1568 2880 1568
13 2 2816 1648 2960 1648
13 2 3184 1648 3264 1648
13 2 3072 1760 3072 1856
17 0 13
17 0 fd1s3dx 2864 1600 0
13 0 2816 1648 2864 1648
13 0 3088 1648 3264 1648
13 0 2976 1760 3072 1760
13 0 3072 1760 3072 1856
13 0 3072 1792 3072 1760
13 2 3072 1760 3072 1792
13 2 3072 1792 3072 1856
13 0 2976 1776 2976 1856
13 0 2976 1856 3072 1856
13 0 2976 1776 2976 1760
13 0 2976 1760 3072 1760
13 0 3008 1760 3072 1760
13 2 3008 1760 3072 1760
13 2 2976 1760 3008 1760
13 0 3008 1856 3072 1856
13 2 3008 1856 3072 1856
13 2 2976 1856 3008 1856
13 0 3120 1488 3120 1392
13 2 3120 1392 3120 1488
13 2 3120 1488 3120 1552
13 0 2944 1488 2944 1552
13 0 2944 1552 3120 1552
13 0 2944 1488 2944 1392
13 0 2944 1392 3120 1392
13 0 3008 1552 3120 1552
13 2 3008 1552 3120 1552
13 2 2944 1552 3008 1552
13 0 3264 1568 3264 1504
13 2 3264 1504 3264 1568
13 2 3264 1568 3264 1648
13 0 3104 1552 3104 1648
13 0 3104 1648 3264 1648
13 0 3104 1552 3104 1504
13 0 3104 1504 3264 1504
13 0 3200 1648 3264 1648
13 2 3200 1648 3264 1648
13 2 3104 1648 3200 1648
13 2 3104 1504 3264 1504
13 7 3264 1504
13 8 3264 1504 0
13 0 3104 1504 3120 1504
13 5 3120 1504 Q23
13 8 3264 1504 2
13 8 3120 1504 2
13 0 384 1648 512 1648
13 2 384 1648 512 1648
13 2 304 1648 384 1648
13 0 384 1648 304 1648
13 0 384 1648 512 1648
13 0 384 1648 512 1648
13 2 384 1648 512 1648
13 2 304 1648 384 1648
17 0 mux21 352 1584 0
13 0 512 1648 480 1648
13 0 304 1632 352 1632
13 0 304 1648 304 1728
13 0 304 1728 416 1728
13 0 416 1712 416 1728
17 0 inv 672 1536 2
13 0 768 1488 672 1488
13 0 576 1488 416 1488
13 0 416 1488 416 1536
13 0 416 1536 240 1536
13 0 240 1536 240 1664
13 0 240 1664 352 1664
13 2 2448 1488 2464 1488
13 7 2464 1488
13 8 2464 1488 0
13 8 2464 1488 0
13 2 2768 1504 2784 1504
13 7 2784 1504
13 8 2784 1504 0
13 8 2784 1504 0
13 2 3104 1504 3120 1504
13 7 3120 1504
13 8 3120 1504 0
13 8 3120 1504 0
13 5 2448 1488 Q20
13 5 2768 1504 Q21
13 5 3104 1504 Q22
13 0 2944 1472 2944 1392
13 2 2944 1392 2944 1472
13 2 2944 1472 2944 1552
17 0 fd1s3dx 3168 1600 0
13 0 2976 1856 3280 1856
13 0 3280 1856 3280 1760
13 0 2496 1808 2816 1808
13 0 2816 1808 2816 1680
13 0 2816 1680 2864 1680
13 0 2816 1808 3152 1808
13 0 3152 1808 3152 1680
13 0 3152 1680 3168 1680
13 0 3392 1648 3408 1648
13 0 3408 1648 3408 1504
13 0 2816 1568 3136 1568
13 0 3136 1568 3136 1648
13 0 3136 1648 3168 1648
13 5 3408 1504 Q23
13 8 2448 1488 2
13 8 2768 1504 2
13 8 3104 1504 2
13 8 3408 1504 2
17 0 12
13 0 944 2032 2768 2032
13 2 944 2032 2768 2032
13 2 864 2032 944 2032
13 0 992 1968 1648 1968
13 2 992 1968 1648 1968
13 2 864 1968 992 1968
13 0 992 1968 864 1968
13 0 992 1968 1648 1968
13 0 1648 1952 1648 1648
13 2 1648 1648 1648 1952
13 2 1648 1952 1648 1968
13 0 1616 1968 1648 1968
13 2 1616 1968 1648 1968
13 2 864 1968 1616 1968
13 0 2768 1936 2768 1648
13 2 2768 1648 2768 1936
13 2 2768 1936 2768 2032
13 0 3104 1648 3104 2000
13 0 3104 2000 720 2000
13 0 2768 1552 2672 1552
13 0 2672 1552 2672 1376
13 0 2672 1376 2672 1360
13 0 3408 1536 3168 1536
13 0 3168 1536 3168 1424
13 0 3168 1424 3088 1424
13 0 3088 1424 3088 1392
13 0 3008 1392 3088 1392
13 2 3008 1392 3088 1392
13 2 2944 1392 3008 1392
17 0 14
13 2 240 1664 352 1664
13 0 240 1584 240 1536
13 2 240 1536 240 1584
13 2 240 1584 240 1664
13 0 400 1536 416 1536
13 2 400 1536 416 1536
13 2 240 1536 400 1536
13 0 496 1488 576 1488
13 2 496 1488 576 1488
13 2 416 1488 496 1488
13 0 416 1520 416 1488
13 2 416 1488 416 1520
13 2 416 1520 416 1536
17 0 15
13 0 704 1488 768 1488
13 2 704 1488 768 1488
13 2 672 1488 704 1488
13 0 352 1728 416 1728
13 2 352 1728 416 1728
13 2 304 1728 352 1728
13 2 416 1712 416 1728
13 0 304 1696 304 1632
13 2 304 1632 304 1696
13 2 304 1696 304 1728
13 0 480 1648 400 1648
13 0 400 1648 400 1632
13 0 400 1632 352 1632
