10 1 1
10 1 1
10 1 1
13 2 656 1392 784 1392
13 2 208 1392 656 1392
13 0 656 1392 656 1376
13 2 656 1376 656 1392
13 2 656 1392 656 1488
13 0 656 1408 656 1488
13 0 656 1408 656 1376
13 0 656 1408 208 1408
13 0 208 1408 208 1392
13 0 656 1408 784 1408
13 0 784 1408 784 1392
13 2 784 1392 784 1408
13 2 656 1408 784 1408
13 0 208 1408 208 1392
13 2 208 1392 208 1408
13 2 208 1408 656 1408
13 0 656 1408 656 1376
13 2 656 1376 656 1408
13 2 656 1408 656 1488
13 0 656 1392 656 1488
13 0 656 1376 656 1392
13 0 208 1392 656 1392
13 0 656 1392 784 1392
13 2 208 1392 656 1392
13 0 256 1440 256 1392
13 0 208 1392 256 1392
13 0 256 1440 256 1392
13 0 256 1392 656 1392
13 2 256 1392 256 1440
13 0 576 1392 656 1392
13 2 576 1392 656 1392
13 2 208 1392 576 1392
13 0 576 1408 208 1408
13 0 208 1408 208 1392
13 0 576 1408 656 1408
13 0 656 1408 656 1392
13 0 576 1408 656 1408
13 2 576 1408 656 1408
13 2 208 1408 576 1408
13 0 576 1424 208 1424
13 0 208 1424 208 1408
13 0 576 1424 656 1424
13 0 656 1424 656 1408
13 0 704 1392 784 1392
13 2 704 1392 784 1392
13 2 656 1392 704 1392
13 0 704 1424 656 1424
13 0 656 1424 656 1392
13 0 704 1424 784 1424
13 0 784 1424 784 1392
13 0 784 1408 784 1392
13 2 784 1392 784 1408
13 2 784 1408 784 1424
13 0 704 1408 704 1424
13 0 704 1424 784 1424
13 0 704 1408 704 1392
13 0 704 1392 784 1392
13 0 768 1424 784 1424
13 2 768 1424 784 1424
13 2 704 1424 768 1424
