10 1 1
10 1 1
10 1 1
13 0 2624 1424 2784 1424
13 2 2624 1424 2784 1424
13 2 2400 1424 2624 1424
13 0 2416 1392 2416 1424
13 0 2416 1424 2784 1424
13 0 2464 1392 2688 1392
13 2 2464 1392 2688 1392
13 2 2416 1392 2464 1392
13 0 2416 1408 2416 1392
13 2 2416 1392 2416 1408
13 2 2416 1408 2416 1424
13 0 2576 1392 2576 1424
13 0 2576 1424 2416 1424
13 0 2576 1392 2416 1392
13 0 2528 1424 2576 1424
13 2 2528 1424 2576 1424
13 2 2416 1424 2528 1424
13 0 2688 1392 2624 1392
13 0 2624 1392 2624 1408
13 0 2624 1408 2448 1408
13 0 2448 1408 2448 1424
13 0 2448 1424 2400 1424
13 0 2512 1408 2624 1408
13 2 2512 1408 2624 1408
13 2 2448 1408 2512 1408
13 2 2624 1392 2688 1392
13 2 2624 1392 2624 1408
13 0 2592 1424 2784 1424
13 2 2592 1424 2784 1424
13 2 2576 1424 2592 1424
13 0 2544 1392 2576 1392
13 2 2544 1392 2576 1392
13 2 2416 1392 2544 1392
13 0 2576 1408 2576 1392
13 2 2576 1392 2576 1408
13 2 2576 1408 2576 1424
13 2 2448 1408 2448 1424
13 0 2464 1424 2784 1424
13 0 2448 1424 2464 1424
13 0 2656 1424 2784 1424
13 2 2656 1424 2784 1424
13 2 2400 1424 2656 1424
13 0 2784 1152 2784 1056
13 2 2784 1056 2784 1152
13 2 2784 1152 2784 1424
13 2 2784 928 2784 960
13 2 2784 928 2784 960
13 7 2784 928
13 8 2784 928 0
17 0 11
17 0 inv 2736 1056 3
13 0 2784 928 2784 960
13 0 2784 928 2784 960
13 5 2784 928 Q23
13 8 2784 928 2
13 8 2784 928 2
13 2 2784 928 2784 960
13 2 2784 928 2784 960
13 7 2784 928
13 8 2784 928 0
17 0 11
17 0 inv 2736 1040 3
13 0 2784 928 2784 944
13 0 2784 912 2784 960
13 0 2784 912 2784 944
13 0 2784 944 2784 960
13 5 2784 912 Q23
13 8 2784 928 2
13 8 2784 912 2
13 2 2784 944 2784 960
13 0 2784 912 2784 928
13 2 2784 912 2784 928
13 2 2784 928 2784 944
13 7 2784 912
13 8 2784 912 0
17 0 11
17 0 inv 2736 1056 3
13 0 2784 928 2784 960
13 0 2784 928 2784 960
13 5 2784 928 Q23
13 8 2784 912 2
13 8 2784 928 2
13 8 2784 928 2
13 2 2784 928 2784 960
13 7 2784 928
13 8 2784 928 0
17 0 11
17 0 inv 2736 1056 3
13 0 2784 928 2784 960
13 0 2784 928 2784 960
13 5 2784 928 Q23
13 8 2784 928 2
13 8 2784 928 2
13 8 2784 928 2
13 2 2784 928 2784 960
13 7 2784 928
13 8 2784 928 0
17 0 11
17 0 inv 2368 1088 3
13 0 2416 960 2416 992
13 5 2416 960 Q23
13 8 2784 928 2
13 8 2416 960 2
13 2 1072 1088 2416 1088
13 2 2416 960 2416 992
13 2 2416 1088 2416 1392
17 0 11
17 0 inv 2368 1088 3
13 0 2384 1088 2416 1088
13 0 1072 1088 2384 1088
13 0 2416 960 2416 992
13 0 2416 1088 2416 1392
13 2 1072 1088 2416 1088
13 2 2416 960 2416 992
13 2 2416 1088 2416 1392
13 7 2416 960
13 8 2416 960 0
17 0 11
17 0 inv 2368 1056 3
13 0 2368 1056 2416 1056
13 0 2368 1056 2368 1088
13 0 1072 1088 2368 1088
13 0 2416 928 2416 960
13 0 2416 1056 2416 1072
13 0 2416 1072 2416 1392
13 5 2416 928 Q23
13 8 2416 960 2
13 8 2416 928 2
13 0 2384 1056 2416 1056
13 2 2384 1056 2416 1056
13 2 2368 1056 2384 1056
13 0 2400 1088 2368 1088
13 0 2368 1088 2368 1056
13 0 2400 1088 2416 1088
13 0 2416 1088 2416 1056
13 2 2368 1056 2368 1088
13 0 2416 1392 2688 1392
13 0 2400 1088 2416 1088
13 2 2400 1088 2416 1088
13 2 1072 1088 2400 1088
13 0 2400 1120 1072 1120
13 0 1072 1120 1072 1088
13 0 2400 1120 2416 1120
13 0 2416 1120 2416 1088
13 0 2400 1120 2416 1120
13 2 2400 1120 2416 1120
13 2 1072 1120 2400 1120
13 0 1072 1088 2400 1088
13 0 2400 1088 2416 1088
13 2 2416 928 2416 960
13 2 2416 1056 2416 1088
13 7 2416 928
13 8 2416 928 0
17 0 11
17 0 inv 2368 944 3
13 0 2416 816 2416 848
13 0 2416 944 2416 1088
13 5 2416 816 Q23
13 8 2416 928 2
13 8 2416 816 2
13 0 2416 1040 2416 944
13 2 2416 944 2416 1040
13 2 2416 1040 2416 1088
17 0 and2 2352 1088 3
17 0 and2 2176 960 0
17 0 and2 2224 960 3
17 0 15
13 2 2416 816 2416 848
13 7 2416 816
13 8 2416 816 0
17 0 11
17 0 inv 2368 864 3
13 0 2416 736 2416 768
13 5 2416 736 Q23
13 8 2416 816 2
13 8 2416 736 2
17 0 16
17 0 and2 2352 1008 3
17 0 and2 2224 960 3
17 0 16
17 0 and2 2224 960 3
13 0 2416 864 2416 896
17 0 16
17 0 and2 2352 1040 3
13 0 2416 1088 2416 1072
13 0 2416 1072 2400 1072
13 0 2400 1072 2400 1040
13 0 2480 1360 2480 1072
13 0 2480 1072 2432 1072
13 0 2432 1072 2432 1040
13 0 2448 1296 2448 1168
13 0 2448 1168 2224 1168
13 0 2224 1168 2224 1040
13 0 2416 1344 2416 1088
13 2 2416 1088 2416 1344
13 2 2416 1344 2416 1392
13 0 2480 1200 2480 1072
13 2 2480 1072 2480 1200
13 2 2480 1200 2480 1360
13 0 2448 1072 2480 1072
13 2 2448 1072 2480 1072
13 2 2432 1072 2448 1072
13 2 2400 1072 2416 1072
13 2 2400 1040 2400 1072
13 0 2400 1040 2400 1072
13 0 2400 1072 2416 1072
13 0 2432 1072 2448 1072
13 0 2448 1072 2480 1072
13 0 2480 1200 2480 1360
13 0 2480 1072 2480 1200
13 0 2416 1344 2416 1392
13 0 2416 1088 2416 1344
13 2 2400 1072 2416 1072
13 2 2416 1072 2416 1088
13 0 2224 1136 2224 1040
13 2 2224 1040 2224 1136
13 2 2224 1136 2224 1168
13 0 2304 1168 2448 1168
13 2 2304 1168 2448 1168
13 2 2224 1168 2304 1168
13 0 2448 1216 2448 1168
13 2 2448 1168 2448 1216
13 2 2448 1216 2448 1296
17 0 16
13 0 2400 1056 2400 1040
13 2 2400 1040 2400 1056
13 2 2400 1056 2400 1072
17 0 and4 2288 1040 3
13 2 2416 736 2416 768
13 2 2416 864 2416 896
13 7 2416 736
13 8 2416 736 0
17 0 11
17 0 inv 2336 864 3
13 0 2384 736 2384 768
13 0 2384 864 2384 896
13 5 2384 736 Q23
13 8 2416 736 2
13 8 2384 736 2
13 0 2192 1088 2416 1088
13 2 2192 1088 2416 1088
13 2 1072 1088 2192 1088
13 0 2192 1104 1072 1104
13 0 1072 1104 1072 1088
13 0 2192 1104 2416 1104
13 0 2416 1104 2416 1088
13 2 2416 1088 2416 1104
13 0 2416 1088 2416 1104
13 2 2416 1088 2416 1104
13 0 2416 1088 2416 1104
13 2 2416 1088 2416 1104
13 2 1072 1088 1072 1104
13 0 2464 1328 2464 1088
13 0 2464 1088 2400 1088
13 0 2400 1088 2400 1040
13 0 1952 1152 2368 1152
13 0 2368 1152 2368 1040
13 0 1760 1136 2336 1136
13 0 2336 1136 2336 1040
13 2 2336 1040 2336 1136
13 2 2368 1040 2368 1152
13 2 2384 864 2384 896
13 2 2400 1040 2400 1088
13 2 2432 1040 2432 1072
17 0 16
17 0 and4 2288 1040 3
13 0 2336 1040 2336 1136
13 0 2368 1040 2368 1152
13 0 2384 864 2384 896
13 0 2400 1040 2400 1088
13 0 2432 1040 2432 1072
