10 1 1
10 1 1
10 1 1
17 0 and2 1728 1392 0
13 0 1472 1472 1744 1472
13 0 1472 1472 1728 1472
13 0 1728 1472 1744 1472
13 2 1728 1472 1744 1472
13 2 1472 1472 1728 1472
13 0 1472 1472 1728 1472
13 0 2368 896 2368 1312
13 0 2368 1312 1616 1312
13 0 1616 1312 1616 1440
13 0 1616 1440 1728 1440
13 0 1872 1456 1968 1456
13 5 1968 1456 p
13 8 1968 1456 2
13 0 368 800 384 800
13 2 368 800 384 800
13 2 336 800 368 800
13 0 336 784 336 736
13 2 336 736 336 784
13 2 336 784 336 800
13 0 1536 1024 368 1024
13 0 368 1024 368 800
13 0 368 800 384 800
