10 1 1
10 1 1
10 1 1
17 0 fd1s3dx 720 1376 0
17 0 fd1s3dx 1168 1376 0
17 0 fd1s3dx 1584 1376 0
17 0 fd1s3dx 2352 1392 0
17 0 4
17 0 fd1s3dx 2768 1376 0
17 0 3
17 0 fd1s3dx 2448 1360 0
17 0 2
17 0 fd1s3dx 2112 1344 0
17 0 1
17 0 fd1s3dx 624 1360 0
17 0 1
17 0 fd1s3dx 400 1360 0
17 0 1
17 0 fd1s3dx 368 1360 0
17 0 1
17 0 fd1s3dx 416 1360 0
17 0 mux21 240 1344 0
13 0 416 1408 368 1408
13 0 640 1408 672 1408
13 0 672 1408 672 1120
17 0 inv 544 1296 2
13 0 672 1248 544 1248
13 0 448 1248 208 1248
13 0 208 1248 208 1392
13 0 208 1392 240 1392
13 0 672 1328 672 1248
13 2 672 1248 672 1328
13 2 672 1328 672 1408
13 0 656 1328 656 1408
13 0 656 1408 672 1408
13 0 656 1328 656 1248
13 0 656 1248 672 1248
13 2 656 1408 672 1408
13 0 672 1200 672 1120
13 2 672 1120 672 1200
13 2 672 1200 672 1248
13 0 656 1200 656 1248
13 0 656 1248 672 1248
13 0 656 1200 656 1120
13 0 656 1120 672 1120
13 2 656 1248 672 1248
13 2 656 1120 672 1120
17 0 xor2 736 1328 0
13 0 656 1408 720 1408
17 0 and2 928 1312 0
17 0 and3 736 1184 0
17 0 or2 1104 1248 0
13 2 368 1408 416 1408
13 2 640 1408 656 1408
17 0 1
17 0 fd1s3dx 384 1360 0
13 0 368 1408 384 1408
13 0 608 1408 656 1408
13 0 656 1376 656 1248
13 2 656 1248 656 1376
13 2 656 1376 656 1408
13 0 624 1376 624 1408
13 0 624 1408 656 1408
13 0 624 1376 624 1248
13 0 624 1248 656 1248
13 0 656 1200 656 1120
13 2 656 1120 656 1200
13 2 656 1200 656 1248
13 0 624 1200 624 1248
13 0 624 1248 656 1248
13 0 624 1200 624 1120
13 0 624 1120 656 1120
13 2 624 1248 656 1248
13 2 624 1120 656 1120
13 2 624 1408 720 1408
17 0 7
17 0 xor2 672 1328 0
13 0 624 1408 656 1408
13 2 624 1408 656 1408
17 0 7
17 0 xor2 688 1328 0
13 0 624 1408 672 1408
17 0 9
17 0 and3 704 1184 0
17 0 8
17 0 and2 880 1312 0
17 0 10
17 0 or2 1056 1248 0
13 0 880 1392 848 1392
13 0 848 1392 832 1392
13 0 1056 1328 1040 1328
13 0 1040 1328 1040 1376
13 0 1040 1376 1024 1376
13 0 1056 1296 992 1296
13 0 992 1296 992 1264
13 0 992 1264 848 1264
13 0 400 1248 400 1296
13 0 400 1296 704 1296
17 0 2
17 0 fd1s3dx 1600 1248 0
17 0 mux21 1376 1312 0
17 0 2
17 0 fd1s3dx 1616 1312 0
17 0 11
17 0 mux21 1376 1264 0
17 0 11
17 0 mux21 1280 1264 0
17 0 11
17 0 mux21 1296 1264 0
13 0 1296 1344 1248 1344
13 0 1248 1344 1248 1312
13 0 1248 1312 1200 1312
17 0 2
17 0 fd1s3dx 1472 1280 0
13 0 1472 1328 1424 1328
13 0 1696 1328 1728 1328
13 0 1728 1328 1728 1120
13 0 1728 1328 1728 1520
13 0 1728 1520 640 1520
13 0 640 1520 640 1376
13 0 640 1376 672 1376
13 0 1728 1200 1296 1200
17 0 inv 1296 1248 2
13 0 1200 1200 640 1200
13 0 640 1200 640 1264
13 0 640 1264 704 1264
17 0 3
17 0 fd1s3dx 2208 1248 0
17 0 mux21 2160 1360 0
17 0 3
17 0 fd1s3dx 2400 1296 0
17 0 13
17 0 mux21 2240 1280 0
17 0 4
17 0 fd1s3dx 3072 1296 0
13 2 1024 1376 1040 1376
13 2 832 1392 880 1392
17 0 8
17 0 and2 864 1312 0
13 0 1008 1376 1040 1376
13 0 832 1392 864 1392
13 2 992 1296 1056 1296
13 2 1200 1312 1248 1312
13 2 1040 1328 1056 1328
17 0 10
17 0 or2 1072 1248 0
13 0 992 1296 1072 1296
13 0 1216 1312 1248 1312
13 0 1056 1328 1072 1328
13 0 1040 1328 1056 1328
13 0 1040 1344 1040 1328
13 2 1040 1328 1040 1344
13 2 1040 1344 1040 1376
13 0 1024 1344 1024 1376
13 0 1024 1376 1040 1376
13 0 1024 1344 1024 1328
13 0 1024 1328 1040 1328
13 2 1024 1376 1040 1376
13 2 992 1296 1072 1296
13 2 1216 1312 1248 1312
13 2 1024 1328 1072 1328
17 0 10
17 0 or2 1056 1248 0
13 0 992 1296 1056 1296
13 0 1200 1312 1248 1312
13 0 1040 1328 1056 1328
13 0 1024 1328 1040 1328
13 0 1248 1328 1248 1312
13 2 1248 1312 1248 1328
13 2 1248 1328 1248 1344
13 0 1232 1328 1232 1344
13 0 1232 1344 1248 1344
13 0 1232 1328 1232 1312
13 0 1232 1312 1248 1312
13 2 1232 1312 1248 1312
13 2 1424 1328 1472 1328
13 2 1232 1344 1296 1344
17 0 11
17 0 mux21 1264 1264 0
13 0 1392 1328 1472 1328
13 0 1232 1344 1264 1344
13 2 1392 1328 1472 1328
13 2 1696 1328 1728 1328
17 0 2
17 0 fd1s3dx 1424 1280 0
13 0 1392 1328 1424 1328
13 0 1648 1328 1728 1328
13 0 1728 1344 1728 1328
13 2 1728 1328 1728 1344
13 2 1728 1344 1728 1520
13 0 1648 1344 1648 1520
13 0 1648 1520 1728 1520
13 0 1648 1344 1648 1328
13 0 1648 1328 1728 1328
13 0 1728 1296 1728 1200
13 2 1728 1200 1728 1296
13 2 1728 1296 1728 1328
13 0 1648 1296 1648 1328
13 0 1648 1328 1728 1328
13 0 1648 1296 1648 1200
13 0 1648 1200 1728 1200
13 0 1728 1152 1728 1120
13 2 1728 1120 1728 1152
13 2 1728 1152 1728 1200
13 0 1648 1152 1648 1200
13 0 1648 1200 1728 1200
13 0 1648 1152 1648 1120
13 0 1648 1120 1728 1120
13 0 1680 1120 1728 1120
13 2 1680 1120 1728 1120
13 2 1648 1120 1680 1120
13 0 1680 1120 1648 1120
13 0 1680 1120 1728 1120
13 0 1696 1120 1728 1120
13 2 1696 1120 1728 1120
13 2 1648 1120 1696 1120
13 0 1696 1120 1648 1120
13 0 1696 1120 1728 1120
13 0 1696 1120 1728 1120
13 2 1696 1120 1728 1120
13 2 1648 1120 1696 1120
13 0 1696 1200 1728 1200
13 2 1696 1200 1728 1200
13 2 1648 1200 1696 1200
13 0 1712 1328 1728 1328
13 2 1712 1328 1728 1328
13 2 1648 1328 1712 1328
13 2 1648 1520 1728 1520
17 0 and2 1728 1120 0
13 0 1104 1200 1104 1120
13 0 1104 1120 1584 1120
13 0 1648 1120 1648 992
13 0 1584 1120 1680 1120
13 0 1680 1120 1680 1200
13 0 1680 1200 1728 1200
13 0 400 1248 400 1088
13 0 400 1088 1696 1088
13 0 1696 1088 1696 1168
13 0 1696 1168 1728 1168
17 0 and2 1904 1136 0
17 0 and3 1728 1312 0
17 0 or2 2032 1264 0
13 0 1872 1184 1904 1184
13 0 2048 1200 2080 1200
13 0 2080 1200 2080 1264
13 0 2080 1264 1952 1264
13 0 1952 1264 1952 1312
13 0 1952 1312 2032 1312
13 0 1872 1392 1984 1392
13 0 1984 1392 2032 1392
13 0 2032 1392 2032 1344
13 2 2032 1344 2032 1392
13 0 1984 1392 2032 1392
13 2 1984 1392 2032 1392
13 0 2032 1344 1984 1344
13 0 1984 1344 1984 1392
13 0 2256 1328 2176 1328
13 0 2176 1328 2240 1328
13 0 2240 1328 2256 1328
13 2 2240 1328 2256 1328
13 2 2176 1328 2240 1328
13 0 2240 1328 2176 1328
13 0 2400 1344 2368 1344
13 0 2624 1344 2640 1344
13 0 2640 1344 2640 992
13 0 1904 1216 1904 1280
13 0 1904 1280 2240 1280
13 0 2240 1280 2240 1232
13 0 2240 1232 2640 1232
13 0 1904 1280 1856 1280
17 0 inv 1856 1328 2
13 0 1760 1280 1696 1280
13 0 1696 1280 1696 1360
13 0 1696 1360 1728 1360
13 0 1728 1392 1664 1392
13 0 1664 1392 1648 1392
13 0 624 1408 624 1488
13 0 624 1488 1696 1488
13 0 1696 1488 1696 1424
13 0 1696 1424 1728 1424
17 0 and2 2688 1376 0
17 0 and3 2704 1200 0
17 0 or2 2864 1296 0
17 0 4
17 0 fd1s3dx 3168 1296 0
13 0 3392 1344 3424 1344
13 0 3424 1344 3424 1152
13 0 3424 1152 3424 976
17 0 mux21 3024 1280 0
17 0 21
17 0 or2 2848 1296 0
17 0 19
17 0 and2 2624 1424 0
17 0 20
17 0 and3 2688 1200 0
17 0 19
17 0 and2 2672 1424 0
13 0 2640 1344 2640 1472
13 0 2640 1472 2672 1472
13 0 1696 1488 2368 1488
13 0 2368 1488 2368 1504
13 0 2368 1504 2672 1504
13 0 2848 1376 2816 1376
13 0 2816 1376 2816 1440
13 0 2816 1440 2816 1488
13 0 2848 1344 2848 1280
13 0 2848 1280 2832 1280
13 0 1696 1088 2656 1088
13 0 2656 1088 2656 1312
13 0 2656 1312 2688 1312
13 0 1680 1120 2672 1120
13 0 2672 1120 2672 1280
13 0 2672 1280 2688 1280
13 0 2688 1248 2688 1184
13 0 2688 1184 3424 1184
13 0 704 1232 672 1232
13 0 672 1232 672 1040
13 0 672 1040 2816 1040
17 0 inv 2912 1088 2
13 0 2912 1040 3440 1040
13 2 2912 1040 3440 1040
13 0 2912 1040 3424 1040
13 0 3024 1360 2992 1360
13 0 3168 1344 3152 1344
13 2 3152 1344 3168 1344
13 2 3392 1344 3424 1344
17 0 4
17 0 fd1s3dx 3184 1296 0
13 0 3152 1344 3184 1344
13 0 3408 1344 3424 1344
13 0 640 1760 2784 1760
13 0 2880 1760 3392 1760
13 0 368 1808 1664 1808
13 0 1664 1808 2624 1808
13 0 1072 1840 1648 1840
13 0 1648 1840 2640 1840
13 0 1664 1888 1696 1888
13 0 1840 1904 1872 1904
13 0 2656 1904 3392 1904
13 0 608 1920 1072 1920
13 0 1072 1920 1168 1920
13 0 1264 1920 1616 1920
13 0 1648 1920 1696 1920
13 0 2016 1920 2048 1920
13 0 640 1952 672 1952
13 0 2208 1952 2608 1952
13 0 176 1968 368 1968
13 0 368 1968 416 1968
13 0 512 1968 592 1968
13 0 608 1984 672 1984
13 0 816 1984 960 1984
13 0 1920 1984 2048 1984
13 0 1664 2000 1728 2000
13 0 1824 2000 1872 2000
13 0 1872 2000 2208 2000
13 0 2640 2000 2656 2000
13 0 2800 2000 2816 2000
13 0 368 2016 672 2016
13 0 960 2016 1024 2016
13 0 1168 2032 1200 2032
13 0 1920 2032 2000 2032
13 0 2624 2032 2656 2032
13 0 992 2048 1024 2048
13 0 1360 2048 1392 2048
13 0 2144 2048 2208 2048
13 0 1200 2064 1232 2064
13 0 1952 2064 2000 2064
13 0 2336 2064 2368 2064
13 0 2592 2064 2608 2064
13 0 3120 2064 3152 2064
13 0 3376 2064 3392 2064
13 0 1664 2080 1696 2080
13 0 2960 2080 2992 2080
13 0 608 2096 640 2096
13 0 976 2096 992 2096
13 0 2784 2096 2816 2096
13 0 176 2112 208 2112
13 0 800 2112 832 2112
13 0 1616 2112 1696 2112
13 0 1840 2112 1952 2112
13 0 336 2128 352 2128
13 0 576 2128 592 2128
13 0 592 2128 640 2128
13 0 1664 2144 1696 2144
13 0 2608 2192 2640 2192
13 0 592 2208 1664 2208
13 0 1664 2208 2336 2208
13 0 2336 2224 2640 2224
13 0 608 2240 1616 2240
13 0 176 1968 176 2112
13 0 368 1808 368 1968
13 0 368 1968 368 2016
13 0 592 1840 592 1968
13 0 592 1968 592 2128
13 0 592 2128 592 2208
13 0 608 1920 608 1984
13 0 608 2096 608 2240
13 0 640 1760 640 1952
13 0 960 1984 960 2016
13 0 992 2048 992 2096
13 0 1072 1840 1072 1920
13 0 1200 2032 1200 2064
13 0 1616 1712 1616 1920
13 0 1616 1920 1616 2048
13 0 1616 2048 1616 2112
13 0 1616 2112 1616 2240
13 0 1648 1840 1648 1920
13 0 1664 1808 1664 1888
13 0 1664 2000 1664 2080
13 0 1664 2144 1664 2208
13 0 1872 1936 1872 2000
13 0 1920 1984 1920 2032
13 0 1952 2064 1952 2112
13 0 2048 1920 2048 1984
13 0 2208 1952 2208 2000
13 0 2336 2208 2336 2224
13 0 2608 1712 2608 1952
13 0 2608 1952 2608 2064
13 0 2608 2064 2608 2192
13 0 2624 1808 2624 2032
13 0 2640 1840 2640 2000
13 0 2656 1904 2656 1968
13 0 2784 2096 2784 2208
13 0 2816 2000 2816 2064
13 0 3392 1696 3392 1760
13 0 3392 1760 3392 1904
13 0 3392 1904 3392 2064
13 0 640 1760 2784 1760
13 0 2880 1760 3392 1760
13 0 368 1808 1664 1808
13 0 1664 1808 2624 1808
13 0 1072 1840 1648 1840
13 0 1648 1840 2640 1840
13 0 1664 1888 1696 1888
13 0 1840 1904 1872 1904
13 0 2656 1904 3392 1904
13 0 608 1920 1072 1920
13 0 1072 1920 1168 1920
13 0 1264 1920 1616 1920
13 0 1648 1920 1696 1920
13 0 2016 1920 2048 1920
13 0 640 1952 672 1952
13 0 2208 1952 2608 1952
13 0 176 1968 368 1968
13 0 368 1968 416 1968
13 0 512 1968 592 1968
13 0 608 1984 672 1984
13 0 816 1984 960 1984
13 0 1920 1984 2048 1984
13 0 1664 2000 1728 2000
13 0 1824 2000 1872 2000
13 0 1872 2000 2208 2000
13 0 2640 2000 2656 2000
13 0 2800 2000 2816 2000
13 0 368 2016 672 2016
13 0 960 2016 1024 2016
13 0 1168 2032 1200 2032
13 0 1920 2032 2000 2032
13 0 2624 2032 2656 2032
13 0 992 2048 1024 2048
13 0 1360 2048 1392 2048
13 0 2144 2048 2208 2048
13 0 1200 2064 1232 2064
13 0 1952 2064 2000 2064
13 0 2336 2064 2368 2064
13 0 2592 2064 2608 2064
13 0 3120 2064 3152 2064
13 0 3376 2064 3392 2064
13 0 1664 2080 1696 2080
13 0 2960 2080 2992 2080
13 0 608 2096 640 2096
13 0 976 2096 992 2096
13 0 2784 2096 2816 2096
13 0 176 2112 208 2112
13 0 800 2112 832 2112
13 0 1616 2112 1696 2112
13 0 1840 2112 1952 2112
13 0 336 2128 352 2128
13 0 576 2128 592 2128
13 0 592 2128 640 2128
13 0 1664 2144 1696 2144
13 0 2608 2192 2640 2192
13 0 592 2208 1664 2208
13 0 1664 2208 2336 2208
13 0 2336 2224 2640 2224
13 0 608 2240 1616 2240
13 0 176 1968 176 2112
13 0 368 1808 368 1968
13 0 368 1968 368 2016
13 0 592 1840 592 1968
13 0 592 1968 592 2128
13 0 592 2128 592 2208
13 0 608 1920 608 1984
13 0 608 2096 608 2240
13 0 640 1760 640 1952
13 0 960 1984 960 2016
13 0 992 2048 992 2096
13 0 1072 1840 1072 1920
13 0 1200 2032 1200 2064
13 0 1616 1712 1616 1920
13 0 1616 1920 1616 2048
13 0 1616 2048 1616 2112
13 0 1616 2112 1616 2240
13 0 1648 1840 1648 1920
13 0 1664 1808 1664 1888
13 0 1664 2000 1664 2080
13 0 1664 2144 1664 2208
13 0 1872 1936 1872 2000
13 0 1920 1984 1920 2032
13 0 1952 2064 1952 2112
13 0 2048 1920 2048 1984
13 0 2208 1952 2208 2000
13 0 2336 2208 2336 2224
13 0 2608 1712 2608 1952
13 0 2608 1952 2608 2064
13 0 2608 2064 2608 2192
13 0 2624 1808 2624 2032
13 0 2640 1840 2640 2000
13 0 2656 1904 2656 1968
13 0 2784 2096 2784 2208
13 0 2816 2000 2816 2064
13 0 3392 1696 3392 1760
13 0 3392 1760 3392 1904
13 0 3392 1904 3392 2064
13 2 3392 1904 3392 2064
13 2 3392 1760 3392 1904
13 2 3392 1696 3392 1760
13 2 2816 2000 2816 2064
13 2 2784 2096 2784 2208
13 2 2656 1904 2656 1968
13 2 2640 1840 2640 2000
13 2 2624 1808 2624 2032
13 2 2608 2064 2608 2192
13 2 2608 1952 2608 2064
13 2 2608 1712 2608 1952
13 2 2336 2208 2336 2224
13 2 2208 1952 2208 2000
13 2 2048 1920 2048 1984
13 2 1952 2064 1952 2112
13 2 1920 1984 1920 2032
13 2 1872 1936 1872 2000
13 2 1664 2144 1664 2208
13 2 1664 2000 1664 2080
13 2 1664 1808 1664 1888
13 2 1648 1840 1648 1920
13 2 1616 2112 1616 2240
13 0 1616 2048 1616 2112
13 2 1616 2048 1616 2112
13 2 1616 1920 1616 2048
13 2 1616 1712 1616 1920
13 2 1200 2032 1200 2064
13 2 1072 1840 1072 1920
13 2 992 2048 992 2096
13 2 960 1984 960 2016
13 2 640 1760 640 1952
13 2 608 2096 608 2240
13 2 608 1920 608 1984
13 2 592 2128 592 2208
13 2 592 1968 592 2128
13 2 592 1840 592 1968
13 2 368 1968 368 2016
13 2 368 1808 368 1968
13 2 176 1968 176 2112
13 2 608 2240 1616 2240
13 2 2336 2224 2640 2224
13 0 1664 2208 2336 2208
13 2 1664 2208 2336 2208
13 2 592 2208 1664 2208
13 2 2608 2192 2640 2192
13 2 1664 2144 1696 2144
13 0 592 2128 640 2128
13 2 592 2128 640 2128
13 2 576 2128 592 2128
13 2 336 2128 352 2128
13 2 1840 2112 1952 2112
13 2 1616 2112 1696 2112
13 2 800 2112 832 2112
13 2 176 2112 208 2112
13 2 2784 2096 2816 2096
13 2 976 2096 992 2096
13 2 608 2096 640 2096
13 2 2960 2080 2992 2080
13 2 1664 2080 1696 2080
13 2 3376 2064 3392 2064
13 2 3120 2064 3152 2064
13 2 2592 2064 2608 2064
13 2 2336 2064 2368 2064
13 2 1952 2064 2000 2064
13 2 1200 2064 1232 2064
13 2 2144 2048 2208 2048
13 2 1360 2048 1392 2048
13 2 992 2048 1024 2048
13 2 2624 2032 2656 2032
13 2 1920 2032 2000 2032
13 2 1168 2032 1200 2032
13 2 960 2016 1024 2016
13 2 368 2016 672 2016
13 2 2800 2000 2816 2000
13 2 2640 2000 2656 2000
13 0 1872 2000 2208 2000
13 2 1872 2000 2208 2000
13 2 1824 2000 1872 2000
13 2 1664 2000 1728 2000
13 2 1920 1984 2048 1984
13 2 816 1984 960 1984
13 2 608 1984 672 1984
13 2 512 1968 592 1968
13 0 368 1968 416 1968
13 2 368 1968 416 1968
13 2 176 1968 368 1968
13 2 2208 1952 2608 1952
13 2 640 1952 672 1952
13 2 2016 1920 2048 1920
13 2 1648 1920 1696 1920
13 2 1264 1920 1616 1920
13 0 1072 1920 1168 1920
13 2 1072 1920 1168 1920
13 2 608 1920 1072 1920
13 2 2656 1904 3392 1904
13 2 1840 1904 1872 1904
13 2 1664 1888 1696 1888
13 0 1648 1840 2640 1840
13 2 1648 1840 2640 1840
13 2 1072 1840 1648 1840
13 0 1664 1808 2624 1808
13 2 1664 1808 2624 1808
13 2 368 1808 1664 1808
13 2 2880 1760 3392 1760
13 2 640 1760 2784 1760
17 0 fd1s3dx 1376 2032 0
13 0 624 1792 2768 1792
13 0 2864 1792 3376 1792
13 0 352 1840 1648 1840
13 0 1648 1840 2608 1840
13 0 1056 1872 1632 1872
13 0 1632 1872 2624 1872
13 0 1648 1920 1680 1920
13 0 1824 1936 1856 1936
13 0 2640 1936 3376 1936
13 0 592 1952 1056 1952
13 0 1056 1952 1152 1952
13 0 1248 1952 1600 1952
13 0 1632 1952 1680 1952
13 0 2000 1952 2032 1952
13 0 624 1984 656 1984
13 0 2192 1984 2592 1984
13 0 160 2000 352 2000
13 0 352 2000 400 2000
13 0 496 2000 576 2000
13 0 592 2016 656 2016
13 0 800 2016 944 2016
13 0 1904 2016 2032 2016
13 0 1648 2032 1712 2032
13 0 1808 2032 1856 2032
13 0 1856 2032 2192 2032
13 0 2624 2032 2640 2032
13 0 2784 2032 2800 2032
13 0 352 2048 656 2048
13 0 944 2048 1008 2048
13 0 1152 2064 1184 2064
13 0 1904 2064 1984 2064
13 0 2608 2064 2640 2064
13 0 976 2080 1008 2080
13 0 1344 2080 1376 2080
13 0 2128 2080 2192 2080
13 0 1184 2096 1216 2096
13 0 1936 2096 1984 2096
13 0 2320 2096 2352 2096
13 0 2576 2096 2592 2096
13 0 3104 2096 3136 2096
13 0 3360 2096 3376 2096
13 0 1648 2112 1680 2112
13 0 2944 2112 2976 2112
13 0 592 2128 624 2128
13 0 960 2128 976 2128
13 0 2768 2128 2800 2128
13 0 160 2144 192 2144
13 0 784 2144 816 2144
13 0 1600 2144 1680 2144
13 0 1824 2144 1936 2144
13 0 320 2160 336 2160
13 0 560 2160 576 2160
13 0 576 2160 624 2160
13 0 1648 2176 1680 2176
13 0 2592 2224 2624 2224
13 0 576 2240 1648 2240
13 0 1648 2240 2320 2240
13 0 2320 2256 2624 2256
13 0 592 2272 1600 2272
13 0 160 2000 160 2144
13 0 352 1840 352 2000
13 0 352 2000 352 2048
13 0 576 1872 576 2000
13 0 576 2000 576 2160
13 0 576 2160 576 2240
13 0 592 1952 592 2016
13 0 592 2128 592 2272
13 0 624 1792 624 1984
13 0 944 2016 944 2048
13 0 976 2080 976 2128
13 0 1056 1872 1056 1952
13 0 1184 2064 1184 2096
13 0 1600 1744 1600 1952
13 0 1600 1952 1600 2080
13 0 1600 2080 1600 2144
13 0 1600 2144 1600 2272
13 0 1632 1872 1632 1952
13 0 1648 1840 1648 1920
13 0 1648 2032 1648 2112
13 0 1648 2176 1648 2240
13 0 1856 1968 1856 2032
13 0 1904 2016 1904 2064
13 0 1936 2096 1936 2144
13 0 2032 1952 2032 2016
13 0 2192 1984 2192 2032
13 0 2320 2240 2320 2256
13 0 2592 1744 2592 1984
13 0 2592 1984 2592 2096
13 0 2592 2096 2592 2224
13 0 2608 1840 2608 2064
13 0 2624 1872 2624 2032
13 0 2640 1936 2640 2000
13 0 2768 2128 2768 2240
13 0 2800 2032 2800 2096
13 0 3376 1728 3376 1792
13 0 3376 1792 3376 1936
13 0 3376 1936 3376 2096
13 2 3376 1936 3376 2096
13 2 3376 1792 3376 1936
13 2 3376 1728 3376 1792
13 2 2800 2032 2800 2096
13 2 2768 2128 2768 2240
13 2 2640 1936 2640 2000
13 2 2624 1872 2624 2032
13 2 2608 1840 2608 2064
13 2 2592 2096 2592 2224
13 2 2592 1984 2592 2096
13 2 2592 1744 2592 1984
13 2 2320 2240 2320 2256
13 2 2192 1984 2192 2032
13 2 2032 1952 2032 2016
13 2 1936 2096 1936 2144
13 2 1904 2016 1904 2064
13 2 1856 1968 1856 2032
13 2 1648 2176 1648 2240
13 2 1648 2032 1648 2112
13 2 1648 1840 1648 1920
13 2 1632 1872 1632 1952
13 2 1600 2144 1600 2272
13 2 1600 2080 1600 2144
13 2 1600 1952 1600 2080
13 2 1600 1744 1600 1952
13 2 1184 2064 1184 2096
13 2 1056 1872 1056 1952
13 2 976 2080 976 2128
13 2 944 2016 944 2048
13 2 624 1792 624 1984
13 2 592 2128 592 2272
13 2 592 1952 592 2016
13 2 576 2160 576 2240
13 2 576 2000 576 2160
13 2 576 1872 576 2000
13 2 352 2000 352 2048
13 2 352 1840 352 2000
13 2 160 2000 160 2144
13 2 592 2272 1600 2272
13 2 2320 2256 2624 2256
13 0 1648 2240 2320 2240
13 2 1648 2240 2320 2240
13 2 576 2240 1648 2240
13 2 2592 2224 2624 2224
13 2 1648 2176 1680 2176
13 0 576 2160 624 2160
13 2 576 2160 624 2160
13 2 560 2160 576 2160
13 2 320 2160 336 2160
13 2 1824 2144 1936 2144
13 2 1600 2144 1680 2144
13 2 784 2144 816 2144
13 2 160 2144 192 2144
13 2 2768 2128 2800 2128
13 2 960 2128 976 2128
13 2 592 2128 624 2128
13 2 2944 2112 2976 2112
13 2 1648 2112 1680 2112
13 2 3360 2096 3376 2096
13 2 3104 2096 3136 2096
13 2 2576 2096 2592 2096
13 2 2320 2096 2352 2096
13 2 1936 2096 1984 2096
13 2 1184 2096 1216 2096
13 2 2128 2080 2192 2080
13 2 1344 2080 1376 2080
13 2 976 2080 1008 2080
13 2 2608 2064 2640 2064
13 2 1904 2064 1984 2064
13 2 1152 2064 1184 2064
13 2 944 2048 1008 2048
13 2 352 2048 656 2048
13 2 2784 2032 2800 2032
13 2 2624 2032 2640 2032
13 0 1856 2032 2192 2032
13 2 1856 2032 2192 2032
13 2 1808 2032 1856 2032
13 2 1648 2032 1712 2032
13 2 1904 2016 2032 2016
13 2 800 2016 944 2016
13 2 592 2016 656 2016
13 2 496 2000 576 2000
13 0 352 2000 400 2000
13 2 352 2000 400 2000
13 2 160 2000 352 2000
13 2 2192 1984 2592 1984
13 2 624 1984 656 1984
13 2 2000 1952 2032 1952
13 2 1632 1952 1680 1952
13 2 1248 1952 1600 1952
13 0 1056 1952 1152 1952
13 2 1056 1952 1152 1952
13 2 592 1952 1056 1952
13 2 2640 1936 3376 1936
13 2 1824 1936 1856 1936
13 2 1648 1920 1680 1920
13 0 1632 1872 2624 1872
13 2 1632 1872 2624 1872
13 2 1056 1872 1632 1872
13 0 1648 1840 2608 1840
13 2 1648 1840 2608 1840
13 2 352 1840 1648 1840
13 2 2864 1792 3376 1792
13 2 624 1792 2768 1792
17 0 24
17 0 inv 2896 1984 2
17 0 mux21 3008 2176 0
17 0 or2 2832 2192 0
17 0 and3 2672 2096 0
17 0 and2 2656 2320 0
17 0 inv 1840 2224 2
17 0 or2 2016 2160 0
17 0 and3 1712 2208 0
17 0 and2 1888 2032 0
17 0 and2 1712 2016 0
17 0 mux21 2224 2176 0
17 0 inv 1280 2144 2
17 0 mux21 1248 2160 0
17 0 or2 1040 2144 0
17 0 and3 688 2080 0
17 0 and2 848 2208 0
17 0 xor2 672 2224 0
17 0 inv 528 2192 2
17 0 mux21 224 2240 0
17 0 fd1s3dx 3168 2192 0
17 0 fd1s3dx 2384 2192 0
17 0 fd1s3dx 1408 2176 0
17 0 fd1s3dx 368 2256 0
13 0 656 1936 2800 1936
13 0 2896 1936 3408 1936
13 0 384 1984 1680 1984
13 0 1680 1984 2640 1984
13 0 1088 2016 1664 2016
13 0 1664 2016 2656 2016
13 0 1680 2064 1712 2064
13 0 1856 2080 1888 2080
13 0 2672 2080 3408 2080
13 0 624 2096 1088 2096
13 0 1088 2096 1184 2096
13 0 1280 2096 1632 2096
13 0 1664 2096 1712 2096
13 0 2032 2096 2064 2096
13 0 656 2128 688 2128
13 0 2224 2128 2624 2128
13 0 192 2144 384 2144
13 0 384 2144 432 2144
13 0 528 2144 608 2144
13 0 624 2160 688 2160
13 0 832 2160 976 2160
13 0 1936 2160 2064 2160
13 0 1680 2176 1744 2176
13 0 1840 2176 1888 2176
13 0 1888 2176 2224 2176
13 0 2656 2176 2672 2176
13 0 2816 2176 2832 2176
13 0 384 2192 688 2192
13 0 976 2192 1040 2192
13 0 1184 2208 1216 2208
13 0 1936 2208 2016 2208
13 0 2640 2208 2672 2208
13 0 1008 2224 1040 2224
13 0 1376 2224 1408 2224
13 0 2160 2224 2224 2224
13 0 1216 2240 1248 2240
13 0 1968 2240 2016 2240
13 0 2352 2240 2384 2240
13 0 2608 2240 2624 2240
13 0 3136 2240 3168 2240
13 0 3392 2240 3408 2240
13 0 1680 2256 1712 2256
13 0 2976 2256 3008 2256
13 0 624 2272 656 2272
13 0 992 2272 1008 2272
13 0 2800 2272 2832 2272
13 0 192 2288 224 2288
13 0 816 2288 848 2288
13 0 1632 2288 1712 2288
13 0 1856 2288 1968 2288
13 0 352 2304 368 2304
13 0 592 2304 608 2304
13 0 608 2304 656 2304
13 0 1680 2320 1712 2320
13 0 2624 2368 2656 2368
13 0 608 2384 1680 2384
13 0 1680 2384 2352 2384
13 0 2352 2400 2656 2400
13 0 624 2416 1632 2416
13 0 192 2144 192 2288
13 0 384 1984 384 2144
13 0 384 2144 384 2192
13 0 608 2016 608 2144
13 0 608 2144 608 2304
13 0 608 2304 608 2384
13 0 624 2096 624 2160
13 0 624 2272 624 2416
13 0 656 1936 656 2128
13 0 976 2160 976 2192
13 0 1008 2224 1008 2272
13 0 1088 2016 1088 2096
13 0 1216 2208 1216 2240
13 0 1632 1888 1632 2096
13 0 1632 2096 1632 2224
13 0 1632 2224 1632 2288
13 0 1632 2288 1632 2416
13 0 1664 2016 1664 2096
13 0 1680 1984 1680 2064
13 0 1680 2176 1680 2256
13 0 1680 2320 1680 2384
13 0 1888 2112 1888 2176
13 0 1936 2160 1936 2208
13 0 1968 2240 1968 2288
13 0 2064 2096 2064 2160
13 0 2224 2128 2224 2176
13 0 2352 2384 2352 2400
13 0 2624 1888 2624 2128
13 0 2624 2128 2624 2240
13 0 2624 2240 2624 2368
13 0 2640 1984 2640 2208
13 0 2656 2016 2656 2176
13 0 2672 2080 2672 2144
13 0 2800 2272 2800 2384
13 0 2832 2176 2832 2240
13 0 3408 1872 3408 1936
13 0 3408 1936 3408 2080
13 0 3408 2080 3408 2240
13 0 240 1424 208 1424
13 0 208 1424 208 1616
13 0 304 1472 304 1520
13 0 304 1520 208 1520
17 0 vlo 208 1616 1
13 0 208 1584 1328 1584
13 0 1328 1584 1328 1392
13 0 1264 1312 1248 1312
13 0 1248 1312 1248 1584
13 0 1248 1584 1264 1584
13 0 1328 1584 2304 1584
13 0 2304 1584 2304 1408
13 0 2240 1360 2208 1360
13 0 2208 1360 2208 1584
13 0 2208 1584 2224 1584
13 0 2304 1584 3104 1584
13 0 3104 1584 3088 1584
13 0 3088 1408 3088 1584
13 2 3088 1584 3104 1584
13 0 3024 1328 3008 1328
13 0 3008 1328 3008 1584
13 0 224 2320 192 2320
13 0 192 2320 192 2512
13 0 288 2368 288 2448
13 0 288 2448 192 2448
17 0 vlo 192 2512 1
13 0 192 2496 1312 2496
13 0 1312 2496 1312 2288
13 0 1232 2208 1232 2496
13 0 1248 2208 1232 2208
13 0 1312 2496 2288 2496
13 0 2288 2496 2288 2304
13 0 2224 2256 2192 2256
13 0 2192 2256 2192 2496
13 0 2288 2496 3088 2496
13 2 2288 2496 3088 2496
13 0 2288 2496 3072 2496
13 0 3072 2496 3072 2304
13 0 3008 2224 2992 2224
13 0 2992 2224 2992 2496
13 0 176 1680 352 1680
13 0 352 1680 352 1440
13 0 352 1440 384 1440
13 0 352 1680 1392 1680
13 0 1392 1680 1392 1360
13 0 1392 1360 1424 1360
13 0 1392 1680 2368 1680
13 0 2368 1680 2368 1376
13 0 2368 1376 2368 1504
13 0 2368 1504 2368 1680
13 0 2368 1376 2400 1376
13 2 2368 1376 2400 1376
13 2 2368 1504 2368 1680
13 2 2368 1376 2368 1488
13 0 2368 1680 2400 1680
13 0 2400 1680 2400 1440
13 0 2400 1440 2352 1440
13 0 2352 1440 2352 1376
13 0 2352 1376 2400 1376
13 0 2400 1680 3152 1680
13 0 3152 1680 3152 1376
13 0 3152 1376 3184 1376
13 0 352 1680 352 1792
13 0 352 1792 128 1792
13 0 128 1792 128 2560
13 0 128 2560 336 2560
13 0 336 2560 336 2336
13 0 336 2336 368 2336
13 0 336 2544 336 2336
13 2 336 2336 336 2544
13 2 336 2544 336 2560
13 0 272 2560 336 2560
13 2 272 2560 336 2560
13 2 128 2560 272 2560
13 0 128 2496 128 1792
13 2 128 1792 128 2496
13 2 128 2496 128 2560
13 0 256 1792 352 1792
13 2 256 1792 352 1792
13 2 128 1792 256 1792
13 0 352 1776 352 1680
13 2 352 1680 352 1776
13 2 352 1776 352 1792
13 0 624 1120 624 992
13 5 624 992 Q10
13 5 1648 992 Q11
13 5 2640 992 Q12
13 5 3424 976 Q13
13 5 176 1680 C
13 2 672 1040 2816 1040
13 2 2912 1040 3424 1040
17 0 23
17 0 inv 784 1088 2
13 0 672 1040 688 1040
13 0 784 1040 3424 1040
13 2 672 1040 688 1040
13 2 784 1040 3424 1040
17 0 23
17 0 inv 848 1088 2
13 0 672 1040 752 1040
13 0 848 1040 3424 1040
13 0 672 1136 672 1040
13 2 672 1040 672 1136
13 2 672 1136 672 1232
13 0 912 1040 912 1120
13 0 912 1120 672 1120
13 0 672 1120 672 1232
13 0 672 1056 672 1072
13 0 672 1072 672 1040
13 0 672 1072 768 1072
13 0 768 1072 768 1168
13 0 768 1168 880 1168
13 0 880 1168 880 1312
13 0 880 1312 864 1312
13 0 864 1312 864 1360
13 0 1648 1024 1936 1024
13 0 1936 1024 1936 848
13 0 1936 848 1936 784
13 0 1984 1040 1984 784
17 0 and2 1888 784 3
13 0 1984 880 1984 784
13 2 1984 784 1984 880
13 2 1984 880 1984 1040
13 0 1968 880 1968 1040
13 0 1968 1040 1984 1040
13 0 1968 880 1968 784
13 0 1968 784 1984 784
13 2 1968 784 1984 784
13 5 1952 640 p
13 0 1952 640 1952 576
13 0 1952 576 112 576
13 0 112 576 112 2560
13 0 112 2560 336 2560
13 0 336 2560 336 2336
13 0 336 2560 1376 2560
13 0 1376 2560 1376 2256
13 0 1376 2256 1408 2256
13 0 1376 2560 2368 2560
13 0 2368 2560 2368 2272
13 0 2368 2272 2384 2272
13 0 2368 2560 3136 2560
13 0 3136 2560 3136 2272
13 0 3136 2272 3168 2272
13 0 1040 576 1952 576
13 2 1040 576 1952 576
13 2 112 576 1040 576
17 0 inv 1040 624 2
13 0 112 576 944 576
13 0 1040 576 1952 576
13 0 608 2016 608 1872
13 0 1632 1888 1632 1872
13 0 2624 1888 2624 1872
13 5 608 1872 Q20
13 5 1632 1872 Q21
13 5 2624 1872 Q22
13 5 3408 1872 Q23
13 8 608 1872 2
13 8 1632 1872 2
13 8 2624 1872 2
13 8 3408 1872 2
13 8 3424 976 2
13 8 624 992 2
13 8 1648 992 2
13 8 2640 992 2
13 0 176 1760 256 1760
17 0 or2 256 1712 0
13 0 2624 1904 208 1904
13 0 208 1904 208 1792
13 0 208 1792 256 1792
13 0 496 1520 496 1776
13 0 496 1776 400 1776
13 0 496 1776 1536 1776
13 0 1536 1776 1536 1440
13 0 1536 1776 2512 1776
13 0 2512 1776 2512 1456
13 0 2512 1776 2528 1776
13 0 2528 1776 3296 1776
13 0 3296 1776 3296 1456
13 0 496 1776 496 1856
13 0 496 1856 96 1856
13 0 96 1856 96 2592
13 0 96 2592 480 2592
13 0 480 2592 480 2416
13 0 480 2592 1536 2592
13 0 1536 2592 1520 2592
13 0 1520 2336 1520 2592
13 0 1536 2592 2496 2592
13 0 2496 2592 2496 2352
13 0 2496 2592 2608 2592
13 0 2608 2592 3280 2592
13 0 3280 2592 3280 2352
13 5 176 1760 R
13 8 176 1680 1
13 8 176 1760 1
13 2 672 1040 752 1040
13 2 848 1040 912 1040
17 0 23
17 0 inv 848 1088 2
13 0 672 1040 752 1040
13 0 848 1040 912 1040
13 2 656 1936 2800 1936
13 2 2896 1936 3408 1936
17 0 24
17 0 inv 800 1984 2
13 0 656 1936 704 1936
13 0 800 1936 3408 1936
13 0 656 2064 656 1936
13 2 656 1936 656 2064
13 2 656 2064 656 2128
13 0 848 1936 848 2080
13 0 848 2080 640 2080
13 0 640 2080 640 2128
13 0 640 2128 656 2128
13 0 848 2256 848 2192
13 0 848 2192 896 2192
13 0 896 2192 896 2032
13 0 896 2032 656 2032
13 0 656 2032 656 1936
