10 1 1
10 1 1
10 1 1
13 2 1696 1360 1728 1360
13 2 1648 1392 1728 1392
13 2 1872 1392 1984 1392
13 2 1680 1424 1728 1424
17 0 16
17 0 and3 1744 1312 0
13 0 1696 1360 1744 1360
13 0 1728 1392 1744 1392
13 0 1648 1392 1728 1392
13 0 1888 1392 1984 1392
13 0 1712 1424 1744 1424
13 0 1680 1424 1712 1424
17 0 inv 1472 880 0
13 0 1680 1216 1680 1200
13 2 1680 1200 1680 1216
13 2 1680 1216 1680 1232
13 0 1648 1216 1648 1232
13 0 1648 1232 1680 1232
13 0 1648 1216 1648 1200
13 0 1648 1200 1680 1200
13 0 1664 1200 1728 1200
13 2 1664 1200 1728 1200
13 2 1648 1200 1664 1200
13 0 1680 1136 1680 1088
13 2 1680 1088 1680 1136
13 2 1680 1136 1680 1168
13 0 1712 1136 1712 1168
13 0 1712 1168 1680 1168
13 0 1712 1136 1712 1088
13 0 1712 1088 1680 1088
13 2 1680 1168 1712 1168
13 0 1696 1088 1712 1088
13 2 1696 1088 1712 1088
13 2 1680 1088 1696 1088
17 0 49
17 0 inv 1696 864 0
17 0 49
17 0 inv 1792 960 2
13 0 1792 912 1792 1024
13 0 1792 1024 1808 1024
17 0 49
13 0 1792 944 1792 912
13 2 1792 912 1792 944
13 2 1792 944 1792 1024
13 0 1696 1120 1696 1200
13 0 1696 1200 1728 1200
13 0 1696 1184 1696 1120
13 2 1696 1120 1696 1184
13 2 1696 1184 1696 1200
13 0 1696 1184 1696 1200
13 0 1696 1184 1696 1120
13 2 1936 1168 2000 1168
13 2 1968 1200 2000 1200
13 2 1648 1232 2000 1232
13 2 2144 1200 2144 1264
17 0 17
17 0 and3 2016 1120 0
13 0 1936 1168 2016 1168
13 0 2000 1200 2016 1200
13 0 1968 1200 2000 1200
13 0 1984 1232 2016 1232
13 0 1648 1232 1984 1232
13 0 2160 1200 2160 1232
13 0 2160 1232 2144 1232
13 0 2144 1232 2144 1264
17 0 17
13 2 2144 1232 2160 1232
13 2 2144 1232 2144 1264
13 0 2160 1216 2160 1200
13 2 2160 1200 2160 1216
13 2 2160 1216 2160 1232
13 0 2064 1264 2144 1264
13 2 2064 1264 2144 1264
13 2 1984 1264 2064 1264
13 0 2000 1200 2016 1200
13 2 2000 1200 2016 1200
13 2 1968 1200 2000 1200
13 0 1984 1232 2016 1232
13 2 1984 1232 2016 1232
13 2 1648 1232 1984 1232
13 0 1968 1216 1968 1200
13 2 1968 1200 1968 1216
13 2 1968 1216 1968 1488
13 0 1984 1168 2016 1168
13 2 1984 1168 2016 1168
13 2 1936 1168 1984 1168
13 0 1936 1216 1936 1168
13 2 1936 1168 1936 1216
13 2 1936 1216 1936 1248
13 0 1712 1152 1712 1088
13 2 1712 1088 1712 1152
13 2 1712 1152 1712 1168
13 0 1792 1088 2640 1088
13 2 1792 1088 2640 1088
13 2 1712 1088 1792 1088
13 2 1712 1168 1728 1168
13 0 1552 1168 1728 1168
17 0 and2 1936 1136 0
13 0 1920 1200 1920 1184
13 2 1920 1184 1920 1200
13 2 1920 1200 1920 1328
17 0 17
17 0 and2 1936 1104 0
17 0 17
17 0 and2 1920 1104 0
13 0 1920 1152 1888 1152
13 0 1888 1152 1888 1280
13 2 1728 1248 1936 1248
13 0 1728 1248 1936 1248
13 2 1888 1152 1888 1280
13 2 1888 1152 1920 1152
17 0 17
17 0 and2 1936 1104 0
17 0 17
17 0 and2 1936 1136 0
13 0 1920 1200 1920 1328
13 0 1920 1184 1920 1200
17 0 17
13 2 1552 1168 1728 1168
13 0 1712 1168 1728 1168
13 0 1712 1088 1792 1088
13 0 1792 1088 2640 1088
13 0 1712 1152 1712 1168
13 0 1712 1088 1712 1152
13 0 1936 1216 1936 1248
13 0 1936 1168 1936 1216
13 0 1936 1168 1984 1168
13 0 1984 1168 2016 1168
13 0 1968 1216 1968 1488
13 0 1968 1200 1968 1216
13 0 1648 1232 1984 1232
13 0 1984 1232 2016 1232
13 0 1968 1200 2000 1200
13 0 2000 1200 2016 1200
13 0 1984 1264 2064 1264
13 0 2064 1264 2144 1264
13 0 2160 1216 2160 1232
13 0 2160 1200 2160 1216
13 0 2144 1232 2144 1264
13 0 2144 1232 2160 1232
17 0 and3 2016 1120 0
17 0 16
13 0 1776 1328 1904 1328
13 2 1776 1328 1904 1328
13 2 1696 1328 1776 1328
13 0 1904 1312 1904 1280
13 2 1904 1280 1904 1312
13 2 1904 1312 1904 1328
13 0 1728 1360 1744 1360
13 2 1728 1360 1744 1360
13 2 1696 1360 1728 1360
13 2 1696 1328 1696 1360
13 0 1712 1392 1744 1392
13 2 1712 1392 1744 1392
13 2 1648 1392 1712 1392
13 2 1680 1424 1744 1424
13 0 1680 1360 1680 1248
13 2 1680 1248 1680 1360
13 2 1680 1360 1680 1424
13 2 1552 1248 1680 1248
13 0 1936 1392 1984 1392
13 2 1936 1392 1984 1392
13 2 1888 1392 1936 1392
13 0 1920 1312 1920 1184
13 2 1920 1184 1920 1312
13 2 1920 1312 1920 1328
13 0 1952 1328 2032 1328
13 2 1952 1328 2032 1328
13 2 1920 1328 1952 1328
17 0 15
13 0 2016 1360 2032 1360
13 2 2016 1360 2032 1360
13 2 1984 1360 2016 1360
13 2 1984 1296 2032 1296
13 0 2032 1296 1984 1296
13 0 1984 1376 1984 1360
13 2 1984 1360 1984 1376
13 2 1984 1376 1984 1392
13 0 1984 1376 1984 1392
13 0 1984 1376 1984 1360
13 0 2016 1296 2032 1296
13 2 2016 1296 2032 1296
13 2 1984 1296 2016 1296
13 0 1984 1376 1984 1360
13 2 1984 1360 1984 1376
13 2 1984 1376 1984 1392
13 0 2000 1264 2144 1264
13 2 2000 1264 2144 1264
13 2 1984 1264 2000 1264
13 2 1984 1264 1984 1296
13 0 2144 1248 2144 1232
13 2 2144 1232 2144 1248
13 2 2144 1248 2144 1264
13 2 2144 1232 2160 1232
13 2 2160 1200 2160 1232
13 2 1936 1168 2016 1168
13 2 1968 1200 2016 1200
13 2 1648 1232 2016 1232
17 0 17
17 0 and3 2048 1120 0
13 0 1936 1168 2048 1168
13 0 2032 1200 2048 1200
13 0 1968 1200 2032 1200
13 0 2016 1232 2048 1232
13 0 1648 1232 2016 1232
13 0 2000 1232 2048 1232
13 2 2000 1232 2048 1232
13 2 1648 1232 2000 1232
13 0 2000 1200 2048 1200
13 2 2000 1200 2048 1200
13 2 1968 1200 2000 1200
13 0 2000 1168 2048 1168
13 2 2000 1168 2048 1168
13 2 1936 1168 2000 1168
17 0 17
17 0 and3 1744 1312 0
13 0 1728 1280 1712 1280
13 0 1712 1280 1712 1360
13 0 1712 1360 1744 1360
13 0 1744 1248 1936 1248
13 2 1744 1248 1936 1248
13 2 1728 1248 1744 1248
13 2 1728 1248 1728 1280
13 2 1936 1168 1936 1248
13 0 1968 1328 1968 1200
13 2 1968 1200 1968 1328
13 2 1968 1328 1968 1488
13 0 1648 1392 1744 1392
13 0 1744 1424 1696 1424
13 0 1696 1424 1696 1488
17 0 and2 1920 1104 0
13 0 1920 1152 1888 1152
13 0 1888 1152 1888 1120
17 0 or2 2032 1264 0
13 0 2064 1168 2080 1168
13 0 2080 1168 2080 1248
13 0 2080 1248 1968 1248
13 0 1968 1248 1968 1312
13 0 1968 1312 2032 1312
13 0 1888 1392 2000 1392
13 0 2000 1392 2000 1344
13 0 2000 1344 2032 1344
13 0 1888 1136 1888 1120
13 2 1888 1120 1888 1136
13 2 1888 1136 1888 1152
13 0 1888 1152 1888 1088
13 0 1712 1152 1712 1088
13 2 1712 1088 1712 1152
13 2 1712 1152 1712 1168
13 0 1792 1088 1888 1088
13 2 1792 1088 1888 1088
13 2 1712 1088 1792 1088
13 0 1712 1168 1712 1120
13 0 1696 1168 1696 1120
13 2 1696 1120 1696 1168
13 2 1696 1168 1696 1200
13 0 1712 1152 1712 1120
13 2 1712 1120 1712 1152
13 2 1712 1152 1712 1168
13 0 1712 1168 1552 1168
13 0 1552 1232 1552 1168
13 2 1552 1168 1552 1232
13 2 1552 1232 1552 1248
13 0 1696 1200 1680 1200
13 0 1680 1200 1680 1120
13 2 1680 1120 1680 1200
13 0 1696 1200 1680 1200
13 2 1680 1200 1696 1200
13 0 1552 1232 1552 1248
13 0 1552 1168 1552 1232
13 0 1712 1168 1552 1168
13 2 1552 1168 1712 1168
13 0 1712 1152 1712 1168
13 0 1712 1120 1712 1152
13 0 1696 1168 1696 1200
13 0 1696 1120 1696 1168
13 2 1712 1120 1712 1168
13 0 1712 1088 1792 1088
13 0 1792 1088 1888 1088
13 0 1712 1152 1712 1168
13 0 1712 1088 1712 1152
13 2 1888 1088 1888 1152
13 0 1888 1136 1888 1152
13 0 1888 1120 1888 1136
13 2 2000 1344 2032 1344
13 2 2000 1344 2000 1392
13 2 1888 1392 2000 1392
13 2 1968 1312 2032 1312
13 2 1968 1248 1968 1312
13 2 1968 1248 2080 1248
13 2 2080 1168 2080 1248
13 2 2064 1168 2080 1168
17 0 16
13 2 1888 1120 1888 1152
13 2 1888 1152 1920 1152
17 0 15
13 2 1696 1424 1696 1488
13 2 1696 1424 1744 1424
13 2 1648 1392 1744 1392
13 0 1968 1328 1968 1488
13 0 1968 1200 1968 1328
13 0 1936 1168 1936 1248
13 0 1728 1248 1728 1280
13 0 1728 1248 1744 1248
13 0 1744 1248 1936 1248
13 2 1712 1360 1744 1360
13 2 1712 1280 1712 1360
13 2 1712 1280 1728 1280
17 0 17
17 0 and3 2048 1120 0
13 0 1936 1168 2000 1168
13 0 2000 1168 2048 1168
13 0 1968 1200 2000 1200
13 0 2000 1200 2048 1200
13 0 1648 1232 2000 1232
13 0 2000 1232 2048 1232
13 0 1648 1232 2016 1232
13 2 1648 1232 2016 1232
13 2 2016 1232 2048 1232
13 0 1968 1200 2032 1200
13 2 1968 1200 2032 1200
13 2 2032 1200 2048 1200
13 2 1936 1168 2048 1168
17 0 17
17 0 and3 2016 1120 0
13 0 1648 1232 2016 1232
13 0 1968 1200 2016 1200
13 0 1936 1168 2016 1168
13 0 2160 1200 2160 1232
13 0 2144 1232 2160 1232
13 0 2144 1248 2144 1264
13 0 2144 1232 2144 1248
13 0 1984 1264 1984 1296
13 0 1984 1264 2000 1264
13 0 2000 1264 2144 1264
13 0 1984 1376 1984 1392
13 0 1984 1360 1984 1376
13 0 1984 1296 2016 1296
13 0 2016 1296 2032 1296
13 0 1984 1376 1984 1360
13 2 1984 1360 1984 1376
13 2 1984 1376 1984 1392
13 0 1984 1376 1984 1392
13 0 1984 1360 1984 1376
13 2 1984 1296 2032 1296
13 0 1984 1296 2032 1296
13 0 1984 1360 2016 1360
13 0 2016 1360 2032 1360
17 0 or3 2032 1248 0
13 0 1920 1328 1952 1328
13 0 1952 1328 2032 1328
13 0 1920 1312 1920 1328
13 0 1920 1184 1920 1312
13 0 1888 1392 1936 1392
13 0 1936 1392 1984 1392
13 0 1552 1248 1680 1248
13 0 1680 1360 1680 1424
13 0 1680 1248 1680 1360
13 0 1680 1424 1744 1424
13 0 1648 1392 1712 1392
13 0 1712 1392 1744 1392
13 0 1696 1328 1696 1360
13 0 1696 1360 1728 1360
13 0 1728 1360 1744 1360
13 0 1904 1312 1904 1328
13 0 1904 1280 1904 1312
13 0 1696 1328 1776 1328
13 0 1776 1328 1904 1328
17 0 and3 1744 1312 0
13 2 2144 1232 2144 1264
13 2 2144 1232 2160 1232
13 2 2160 1200 2160 1232
13 0 1648 1232 1984 1232
13 2 1648 1232 1984 1232
13 2 1984 1232 2016 1232
13 0 1968 1200 2000 1200
13 2 1968 1200 2000 1200
13 2 2000 1200 2016 1200
13 2 1936 1168 2016 1168
17 0 17
17 0 and3 2000 1120 0
13 0 2144 1200 2144 1264
13 0 1648 1232 2000 1232
13 0 1968 1200 2000 1200
13 0 1936 1168 2000 1168
13 0 1696 1184 1696 1120
13 2 1696 1120 1696 1184
13 2 1696 1184 1696 1200
13 0 1696 1184 1696 1200
13 0 1696 1120 1696 1184
