10 1 1
10 1 1
10 1 1
17 0 46
17 0 36
17 0 42
17 0 35
17 0 41
17 0 40
17 0 39
17 0 38
17 0 37
13 2 656 1936 704 1936
13 2 800 1936 848 1936
13 0 848 1936 1584 1936
13 2 848 1936 1584 1936
13 0 384 1984 1584 1984
13 2 384 1984 1584 1984
13 0 1088 2016 1584 2016
13 2 1088 2016 1584 2016
13 2 656 2032 896 2032
13 2 640 2080 848 2080
13 2 624 2096 1088 2096
13 2 1088 2096 1184 2096
13 0 1280 2096 1584 2096
13 2 1280 2096 1584 2096
13 2 640 2128 688 2128
13 2 192 2144 384 2144
13 2 384 2144 432 2144
13 2 528 2144 608 2144
13 2 624 2160 688 2160
13 2 832 2160 976 2160
13 2 384 2192 688 2192
13 2 848 2192 896 2192
13 2 976 2192 1040 2192
13 2 1184 2208 1248 2208
13 2 1008 2224 1040 2224
13 2 1376 2224 1408 2224
13 2 1216 2240 1248 2240
13 2 1376 2256 1408 2256
13 2 624 2272 656 2272
13 2 992 2272 1008 2272
13 2 192 2288 224 2288
13 2 816 2288 848 2288
13 2 352 2304 368 2304
13 2 592 2304 608 2304
13 2 608 2304 656 2304
13 2 192 2320 224 2320
13 2 336 2336 368 2336
13 0 608 2384 1584 2384
13 2 608 2384 1584 2384
13 0 624 2416 1584 2416
13 2 624 2416 1584 2416
13 2 192 2448 288 2448
13 2 192 2496 1216 2496
13 2 1216 2496 1312 2496
13 0 1312 2496 1584 2496
13 2 1312 2496 1584 2496
13 0 176 2560 336 2560
13 2 176 2560 336 2560
13 2 336 2560 1376 2560
13 0 1376 2560 1584 2560
13 2 1376 2560 1584 2560
13 2 192 2144 192 2288
13 0 192 2320 192 2448
13 2 192 2320 192 2448
13 0 192 2448 192 2496
13 2 192 2448 192 2496
13 2 192 2496 192 2512
13 2 288 2368 288 2448
13 2 336 2336 336 2560
13 0 384 1984 384 2144
13 2 384 1984 384 2144
13 2 384 2144 384 2192
13 0 480 2416 480 2576
13 2 480 2416 480 2576
13 0 608 1936 608 2144
13 2 608 1936 608 2144
13 0 608 2144 608 2304
13 2 608 2144 608 2304
13 2 608 2304 608 2384
13 2 624 2096 624 2160
13 2 624 2272 624 2416
13 2 640 2080 640 2128
13 2 656 1936 656 2032
13 2 848 1936 848 2080
13 2 848 2192 848 2256
13 2 896 2032 896 2192
13 2 976 2160 976 2192
13 2 1008 2224 1008 2272
13 2 1088 2016 1088 2096
13 2 1216 2240 1216 2496
13 2 1312 2288 1312 2496
13 2 1376 2256 1376 2560
13 0 1520 2336 1520 2576
13 2 1520 2336 1520 2576
17 0 43
17 0 44
17 0 45
17 0 25
17 0 34
17 0 29
17 0 24
17 0 28
17 0 32
17 0 33
17 0 27
17 0 31
17 0 30
17 0 26
13 0 576 1904 2624 1904
13 2 576 1904 2624 1904
13 2 1584 1936 3408 1936
13 2 1584 1984 1680 1984
13 2 1680 1984 2640 1984
13 2 1584 2016 1664 2016
13 2 1664 2016 2656 2016
13 2 1680 2064 1712 2064
13 2 1856 2080 1888 2080
13 2 2672 2080 3408 2080
13 2 1584 2096 1632 2096
13 2 1664 2096 1712 2096
13 2 2032 2096 2064 2096
13 2 2224 2128 2624 2128
13 2 1936 2160 2064 2160
13 2 1680 2176 1744 2176
13 2 1840 2176 1888 2176
13 2 1888 2176 2224 2176
13 2 2656 2176 2672 2176
13 2 2816 2176 2832 2176
13 2 1936 2208 2016 2208
13 2 2640 2208 2672 2208
13 2 2160 2224 2224 2224
13 2 2976 2224 3008 2224
13 2 1968 2240 2016 2240
13 2 2352 2240 2384 2240
13 2 2608 2240 2624 2240
13 2 3136 2240 3168 2240
13 2 3392 2240 3408 2240
13 2 1680 2256 1712 2256
13 2 2192 2256 2224 2256
13 2 2976 2256 3008 2256
13 2 2368 2272 2384 2272
13 2 2800 2272 2832 2272
13 2 3136 2272 3168 2272
13 2 1632 2288 1712 2288
13 2 1856 2288 1968 2288
13 2 1680 2320 1712 2320
13 2 2624 2368 2656 2368
13 2 1584 2384 1680 2384
13 2 1680 2384 2352 2384
13 2 2352 2400 2656 2400
13 2 1584 2416 1632 2416
13 2 1584 2496 2192 2496
13 2 2192 2496 2288 2496
13 2 2288 2496 2976 2496
13 2 2976 2496 3072 2496
13 2 1584 2560 2368 2560
13 2 2368 2560 3136 2560
13 2 608 1872 608 1936
13 0 1632 1872 1632 2096
13 2 1632 1872 1632 2096
13 0 1632 2096 1632 2224
13 2 1632 2096 1632 2224
13 0 1632 2224 1632 2288
13 2 1632 2224 1632 2288
13 2 1632 2288 1632 2416
13 2 1664 2016 1664 2096
13 2 1680 1984 1680 2064
13 2 1680 2176 1680 2256
13 2 1680 2320 1680 2384
13 2 1888 2112 1888 2176
13 2 1936 2160 1936 2208
13 2 1968 2240 1968 2288
13 2 2064 2096 2064 2160
13 2 2192 2256 2192 2496
13 2 2224 2128 2224 2176
13 2 2288 2304 2288 2496
13 2 2352 2384 2352 2400
13 2 2368 2272 2368 2560
13 0 2496 2352 2496 2576
13 2 2496 2352 2496 2576
13 0 2624 1872 2624 1904
13 2 2624 1872 2624 1904
13 0 2624 1904 2624 2128
13 2 2624 1904 2624 2128
13 0 2624 2128 2624 2240
13 2 2624 2128 2624 2240
13 2 2624 2240 2624 2368
13 2 2640 1984 2640 2208
13 2 2656 2016 2656 2176
13 2 2672 2080 2672 2144
13 2 2800 2272 2800 2384
13 2 2832 2176 2832 2208
13 2 2832 2240 2832 2272
13 2 2976 2256 2976 2496
13 2 3072 2304 3072 2496
13 2 3136 2272 3136 2560
13 0 3280 2352 3280 2576
13 2 3280 2352 3280 2576
13 0 3408 1872 3408 1936
13 2 3408 1872 3408 1936
13 0 3408 1936 3408 2080
13 2 3408 1936 3408 2080
13 2 3408 2080 3408 2240
13 7 608 1872
13 8 608 1872 0
13 7 1632 1872
13 8 1632 1872 0
13 7 2624 1872
13 8 2624 1872 0
13 7 3408 1872
13 8 3408 1872 0
13 8 608 1872 0
13 8 1632 1872 0
13 8 2624 1872 0
13 8 3408 1872 0
13 0 112 1808 112 576
13 2 112 576 112 1808
13 2 112 1808 112 2560
13 0 96 2448 96 2560
13 0 96 2560 112 2560
13 0 96 2448 96 576
13 0 96 576 112 576
13 2 96 2560 176 2560
13 0 96 2592 448 2592
13 2 96 2592 448 2592
13 0 96 2496 96 2560
13 2 96 2496 96 2560
13 2 96 2560 96 2592
17 0 48
13 2 448 2592 480 2592
13 0 480 2592 656 2592
13 2 480 2592 656 2592
13 0 96 2160 96 2496
13 2 96 2160 96 2496
13 2 480 2576 480 2592
13 2 656 2592 1520 2592
13 2 1520 2592 2496 2592
13 2 2496 2592 3280 2592
13 2 1520 2576 1520 2592
13 2 2496 2576 2496 2592
13 2 3280 2576 3280 2592
17 0 50
17 0 49
13 0 112 576 944 576
13 2 112 576 944 576
13 2 1040 576 1952 576
13 0 1936 784 1936 912
13 2 1936 784 1936 912
13 2 1952 576 1952 640
13 0 1968 784 1968 912
13 2 1968 784 1968 912
13 0 96 1216 96 576
13 2 96 576 96 1216
13 2 96 1216 96 1856
13 0 96 2032 96 1856
13 2 96 1856 96 2032
13 2 96 2032 96 2160
13 0 288 1904 576 1904
13 2 288 1904 576 1904
13 2 208 1904 288 1904
13 0 240 1856 496 1856
13 2 240 1856 496 1856
13 2 96 1856 240 1856
13 0 272 1520 304 1520
13 2 272 1520 304 1520
13 2 208 1520 272 1520
13 0 272 1520 208 1520
13 0 272 1520 304 1520
13 0 272 1520 304 1520
13 2 272 1520 304 1520
13 2 208 1520 272 1520
13 2 208 1584 1232 1584
13 0 208 1584 208 1424
13 2 208 1424 208 1584
13 2 208 1584 208 1616
17 0 47
17 0 51
13 0 432 1776 496 1776
13 2 432 1776 496 1776
13 2 400 1776 432 1776
13 0 496 1824 496 1776
13 2 496 1776 496 1824
13 2 496 1824 496 1856
13 0 576 1776 1536 1776
13 2 576 1776 1536 1776
13 2 496 1776 576 1776
13 0 496 1744 496 1520
13 2 496 1520 496 1744
13 2 496 1744 496 1776
13 0 208 1856 208 1792
13 2 208 1792 208 1856
13 2 208 1856 208 1904
13 0 240 1792 256 1792
13 2 240 1792 256 1792
13 2 208 1792 240 1792
13 0 336 1248 400 1248
13 2 336 1248 400 1248
13 2 208 1248 336 1248
13 2 400 1248 448 1248
13 2 544 1248 624 1248
17 0 6
17 0 inv 608 1296 2
13 0 400 1248 512 1248
13 0 608 1248 624 1248
13 2 400 1248 512 1248
13 2 608 1248 624 1248
17 0 6
17 0 inv 592 1296 2
13 0 400 1248 496 1248
13 0 592 1248 624 1248
13 0 400 1264 400 1248
13 2 400 1248 400 1264
13 2 400 1264 400 1296
13 0 464 1280 464 1296
13 0 464 1296 400 1296
13 0 464 1280 464 1248
13 0 464 1248 400 1248
13 0 432 1296 464 1296
13 2 432 1296 464 1296
13 2 400 1296 432 1296
13 0 400 1216 400 1088
13 2 400 1088 400 1216
13 2 400 1216 400 1248
13 0 464 1216 464 1248
13 0 464 1248 400 1248
13 0 464 1216 464 1088
13 0 464 1088 400 1088
13 0 432 1248 464 1248
13 2 432 1248 464 1248
13 2 400 1248 432 1248
13 0 416 1088 464 1088
13 2 416 1088 464 1088
13 2 400 1088 416 1088
17 0 and2 432 1296 2
13 0 672 1040 512 1040
13 0 512 1040 512 1216
13 0 512 1216 432 1216
13 0 464 1248 432 1248
13 2 432 1216 512 1216
13 2 432 1248 464 1248
17 0 51
17 0 and2 416 1296 2
13 0 416 1216 512 1216
13 0 432 1248 416 1248
13 0 432 1248 464 1248
17 0 and2 416 1200 2
13 0 464 1152 416 1152
13 0 640 1200 640 1152
13 0 640 1152 464 1152
13 2 464 1152 640 1152
13 0 640 1152 640 1120
13 0 640 1120 416 1120
17 0 or2 224 1168 1
13 0 208 1312 208 1248
13 2 208 1248 208 1312
13 2 208 1312 208 1392
17 0 49
17 0 or2 256 1184 1
13 0 272 1136 176 1136
13 0 176 1136 176 1184
13 0 272 1232 272 1168
13 0 272 1168 208 1168
13 0 208 1168 208 1184
13 0 192 1328 192 1392
13 0 192 1392 208 1392
13 0 208 1424 112 1424
13 0 112 1424 112 1056
13 0 1232 1440 1232 1344
13 2 1232 1344 1232 1440
13 2 1232 1440 1232 1584
13 0 1248 1584 1328 1584
13 2 1248 1584 1328 1584
13 2 1232 1584 1248 1584
13 0 1232 1344 1232 1568
13 0 1360 1584 2208 1584
13 2 1360 1584 2208 1584
13 2 1328 1584 1360 1584
13 0 1600 1776 2512 1776
13 2 1600 1776 2512 1776
13 2 1536 1776 1600 1776
13 0 2336 1584 2992 1584
13 2 2336 1584 2992 1584
13 2 2304 1584 2336 1584
13 0 2256 1584 2304 1584
13 2 2256 1584 2304 1584
13 2 2208 1584 2256 1584
13 0 2256 1584 2208 1584
13 0 2256 1584 2304 1584
13 0 2256 1584 2304 1584
13 2 2256 1584 2304 1584
13 2 2208 1584 2256 1584
13 0 3040 1584 3088 1584
13 2 3040 1584 3088 1584
13 2 2992 1584 3040 1584
13 0 3040 1584 2992 1584
13 0 3040 1584 3088 1584
13 0 3040 1584 3088 1584
13 2 3040 1584 3088 1584
13 2 2992 1584 3040 1584
13 0 3088 1552 3088 1408
13 2 3088 1408 3088 1552
13 2 3088 1552 3088 1584
13 0 3152 1776 3296 1776
13 2 3152 1776 3296 1776
13 2 2512 1776 3152 1776
13 5 112 1056 D0
13 5 1248 1568 D1
13 7 1248 1568
13 5 1232 1568 D1
13 5 2208 1584 D2
13 5 2992 1584 D3
13 0 176 1808 3104 1808
13 0 3104 1808 3088 1808
13 0 3088 1408 3088 1808
13 2 3088 1808 3104 1808
13 0 2304 1584 2304 1808
13 0 1328 1584 1328 1808
13 0 256 1760 3296 1760
13 2 3296 1760 3296 1776
13 0 2512 1760 2512 1440
13 2 2512 1440 2512 1456
13 0 2512 1600 2512 1456
13 2 2512 1456 2512 1600
13 2 2512 1600 2512 1776
13 0 2512 1584 2512 1776
13 0 2512 1584 2512 1456
13 2 2512 1456 2512 1776
13 0 2512 1760 2512 1456
13 2 1536 1440 1536 1776
13 0 1536 1776 1536 1440
13 2 1536 1440 1536 1776
13 0 1536 1760 1536 1440
13 0 496 1520 496 1760
13 5 176 1808 L
17 0 and2 1888 912 3
13 0 1952 768 1952 704
13 5 1952 704 p
13 8 1952 704 2
13 8 112 1056 1
13 8 1232 1568 1
13 8 2208 1584 1
13 8 2992 1584 1
13 8 2992 1584 1
13 8 2992 1584 0
13 0 304 1520 304 1824
13 0 304 1520 304 1824
13 2 304 1520 304 1824
13 0 304 1520 304 1808
13 8 176 1808 1
13 8 2992 1584 1
13 0 1680 1184 1680 1120
13 2 1680 1120 1680 1184
13 2 1680 1184 1680 1200
13 0 1680 1200 1680 1072
13 0 1680 1072 2640 1072
13 0 2032 1264 2080 1264
13 2 2032 1264 2080 1264
13 2 1952 1264 2032 1264
13 0 1984 1312 2032 1312
13 2 1984 1312 2032 1312
13 2 1952 1312 1984 1312
13 0 1952 1296 1952 1264
13 2 1952 1264 1952 1296
13 2 1952 1296 1952 1312
13 0 1952 1296 1952 1312
13 0 1952 1296 1952 1264
13 0 1952 1296 1952 1264
13 2 1952 1264 1952 1296
13 2 1952 1296 1952 1312
13 0 2080 1248 2080 1200
13 2 2080 1200 2080 1248
13 2 2080 1248 2080 1264
17 0 15
13 0 1904 1248 1904 1216
13 2 1904 1216 1904 1248
13 2 1904 1248 1904 1280
13 0 2064 1200 2080 1200
13 2 2064 1200 2080 1200
13 2 2048 1200 2064 1200
17 0 17
17 0 or3 2032 1248 0
13 0 2000 1344 2032 1344
13 2 2000 1344 2032 1344
13 2 1984 1344 2000 1344
13 0 2032 1360 1984 1360
13 2 1984 1344 1984 1360
13 0 1904 1184 1920 1184
13 0 1920 1184 1920 1328
13 0 1920 1328 2032 1328
17 0 and3 1984 1088 0
13 0 1952 1120 1952 1136
13 0 1952 1136 1984 1136
13 2 1952 1136 1984 1136
17 0 15
17 0 and3 1984 1104 0
13 0 1984 1152 1984 1136
13 0 1952 1136 1984 1136
13 0 1968 1136 1984 1136
13 2 1968 1136 1984 1136
13 2 1952 1136 1968 1136
13 0 1968 1152 1952 1152
13 0 1952 1152 1952 1136
13 0 1968 1152 1984 1152
13 0 1984 1152 1984 1136
13 2 1984 1136 1984 1152
13 0 1728 1280 1728 1248
13 0 1728 1248 1952 1248
13 0 1952 1248 1952 1184
13 0 1952 1184 1984 1184
13 0 1936 1040 1936 1216
13 0 1936 1216 1984 1216
13 0 2128 1184 2160 1184
13 0 2160 1184 2160 1264
13 0 2160 1264 1984 1264
13 0 1984 1264 1984 1296
13 0 1984 1296 2032 1296
13 0 2336 1616 2176 1616
13 2 2176 1616 2336 1616
13 0 1888 1248 1952 1248
13 2 1888 1248 1952 1248
13 2 1728 1248 1888 1248
13 0 1728 1264 1728 1248
13 2 1728 1248 1728 1264
13 2 1728 1264 1728 1280
13 2 1952 1184 1952 1248
13 0 1904 1280 1904 1216
13 0 1904 1216 1904 1200
13 0 1904 1200 1952 1200
13 0 1952 1200 1952 1184
13 0 1936 1152 1936 1040
13 2 1936 1040 1936 1152
13 2 1936 1152 1936 1216
13 0 672 1040 672 928
13 0 672 928 1920 928
13 0 1920 928 1920 1168
13 0 1920 1168 1936 1168
13 0 1936 1168 1936 1216
13 0 1904 1248 1904 1200
13 2 1904 1200 1904 1248
13 2 1904 1248 1904 1280
13 0 1728 1280 1728 1248
13 0 1728 1248 1904 1248
13 0 1904 1248 1904 1200
13 2 1920 1168 1936 1168
13 2 1920 928 1920 1168
13 0 1840 928 1920 928
13 2 1840 928 1920 928
13 2 672 928 1840 928
13 0 1936 1168 1936 1040
13 0 672 976 672 928
13 2 672 928 672 976
13 2 672 976 672 1040
13 2 2640 1472 2672 1472
13 2 2368 1504 2672 1504
13 2 2816 1376 2816 1488
17 0 19
17 0 and2 2672 1408 0
13 0 2656 1456 2672 1456
13 0 2656 1456 2656 1472
13 0 2640 1472 2656 1472
13 0 2672 1488 2672 1504
13 0 2368 1504 2672 1504
13 0 2816 1440 2816 1472
13 0 2816 1376 2816 1440
13 0 2624 1504 2672 1504
13 2 2624 1504 2672 1504
13 2 2368 1504 2624 1504
13 0 2624 1488 2368 1488
13 0 2368 1488 2368 1504
13 0 2624 1488 2672 1488
13 0 2672 1488 2672 1504
13 2 2640 1472 2656 1472
13 2 2656 1456 2656 1472
13 0 2656 1456 2640 1456
13 0 2640 1456 2640 1472
13 2 2640 1456 2640 1472
13 2 2672 1488 2672 1504
13 2 2368 1488 2368 1504
17 0 19
17 0 and3 2672 1392 0
13 2 2640 1456 2672 1456
13 2 2640 1344 2640 1456
13 0 2624 1488 2672 1488
13 2 2624 1488 2672 1488
13 2 1696 1488 2624 1488
13 2 2816 1376 2816 1472
17 0 19
17 0 and3 2656 1392 0
13 0 2800 1440 2800 1472
13 0 2800 1440 2816 1440
13 0 2816 1376 2816 1440
13 0 2800 1456 2800 1440
13 2 2800 1440 2800 1456
13 2 2800 1456 2800 1472
13 0 2816 1456 2816 1472
13 0 2816 1472 2800 1472
13 0 2816 1456 2816 1440
13 0 2816 1440 2800 1440
13 2 2800 1440 2816 1440
13 0 2640 1280 2640 1232
13 2 2640 1232 2640 1280
13 2 2640 1280 2640 1344
13 0 2640 1280 2640 1344
13 0 2640 1280 2640 1232
13 2 2656 1312 2688 1312
13 2 2656 1088 2656 1312
13 0 2656 1312 2656 1088
13 0 2656 1312 2688 1312
13 0 2672 1312 2688 1312
13 2 2672 1312 2688 1312
13 2 2656 1312 2672 1312
13 0 2656 1296 2656 1088
13 2 2656 1088 2656 1296
13 2 2656 1296 2656 1312
13 0 2560 1088 2656 1088
13 2 2560 1088 2656 1088
13 2 1696 1088 2560 1088
13 0 1904 1248 2656 1248
13 0 2656 1248 2656 1312
13 0 2656 1312 2688 1312
13 0 1696 1488 2576 1488
13 0 2576 1488 2576 1504
13 0 2576 1504 2656 1504
13 0 1648 1472 2656 1472
13 0 2656 1440 2640 1440
13 0 2640 1440 2640 1344
17 0 9
13 0 912 1264 992 1264
13 2 912 1264 992 1264
13 2 848 1264 912 1264
13 2 992 1296 1056 1296
13 2 992 1264 992 1296
13 2 1200 1312 1264 1312
13 2 1024 1328 1056 1328
17 0 10
17 0 or2 1056 1248 0
13 0 1200 1312 1264 1312
13 0 1024 1328 1056 1328
17 0 10
13 0 1056 1328 1152 1328
13 0 1152 1328 1152 1312
13 0 1152 1312 1200 1312
17 0 20
17 0 and2 2688 1216 0
13 0 2672 1312 2688 1312
13 2 2672 1312 2688 1312
13 2 2656 1312 2672 1312
13 0 2656 1296 2656 1248
13 2 2656 1248 2656 1296
13 2 2656 1296 2656 1312
13 2 1904 1248 2656 1248
13 2 2832 1280 2848 1280
17 0 20
17 0 and2 2688 1200 0
13 0 2832 1264 2832 1280
13 0 2832 1280 2848 1280
13 0 672 1296 704 1296
13 2 672 1296 704 1296
13 2 464 1296 672 1296
13 0 464 1280 464 1248
13 2 464 1248 464 1280
13 2 464 1280 464 1296
13 0 464 1280 464 1296
13 0 464 1280 464 1248
13 0 464 1280 464 1248
13 2 464 1248 464 1280
13 2 464 1280 464 1296
13 0 672 1264 704 1264
13 2 672 1264 704 1264
13 2 640 1264 672 1264
13 0 640 1248 640 1200
13 2 640 1200 640 1248
13 2 640 1248 640 1264
17 0 7
17 0 and2 672 1328 0
17 0 8
13 0 864 1312 880 1312
13 2 864 1312 880 1312
13 2 832 1312 864 1312
13 0 832 1328 832 1312
13 2 832 1312 832 1328
13 2 832 1328 832 1360
13 0 848 1360 864 1360
13 2 848 1360 864 1360
13 2 832 1360 848 1360
13 0 848 1392 864 1392
13 2 848 1392 864 1392
13 2 832 1392 848 1392
13 2 880 1168 880 1312
13 0 736 1520 1648 1520
13 2 736 1520 1648 1520
13 2 640 1520 736 1520
13 2 1648 1472 1648 1520
13 2 640 1376 640 1520
13 0 640 1200 640 1376
17 0 and3 688 1216 0
13 0 464 1248 464 1328
13 0 464 1328 688 1328
13 0 1344 1200 1344 1136
13 0 1344 1136 656 1136
13 0 656 1136 656 1296
13 0 656 1296 688 1296
13 2 672 1232 704 1232
13 2 672 1120 672 1232
13 0 704 1120 912 1120
13 2 704 1120 912 1120
13 2 672 1120 704 1120
13 2 912 1040 912 1120
13 0 864 1168 880 1168
13 2 864 1168 880 1168
13 2 768 1168 864 1168
13 0 768 1152 768 1072
13 2 768 1072 768 1152
13 2 768 1152 768 1168
13 0 720 1072 768 1072
13 2 720 1072 768 1072
13 2 672 1072 720 1072
13 0 672 1072 672 1264
13 0 672 1264 688 1264
17 0 or2 848 1280 0
13 0 1088 1328 1152 1328
13 2 1088 1328 1152 1328
13 2 1024 1328 1088 1328
13 2 1008 1376 1024 1376
13 2 1024 1328 1024 1376
17 0 10
17 0 or2 1008 1248 0
13 2 1152 1312 1152 1328
13 0 1008 1296 832 1296
13 0 1008 1328 912 1328
13 0 912 1328 912 1392
13 0 912 1392 816 1392
17 0 17
13 0 2016 1360 2032 1360
13 2 2016 1360 2032 1360
13 2 1984 1360 2016 1360
13 0 2016 1360 1984 1360
13 0 2016 1360 2032 1360
13 0 2016 1360 2032 1360
13 2 2016 1360 2032 1360
13 2 1984 1360 2016 1360
13 0 2016 1328 2032 1328
13 2 2016 1328 2032 1328
13 2 1920 1328 2016 1328
13 0 2016 1296 2032 1296
13 2 2016 1296 2032 1296
13 2 1984 1296 2016 1296
13 2 1920 1184 1920 1328
13 0 2032 1264 2160 1264
13 2 2032 1264 2160 1264
13 2 1984 1264 2032 1264
13 0 2032 1264 1984 1264
13 0 2032 1264 2160 1264
13 0 2032 1264 2160 1264
13 2 2032 1264 2160 1264
13 2 1984 1264 2032 1264
17 0 15
13 0 2160 1216 2160 1184
13 2 2160 1184 2160 1216
13 2 2160 1216 2160 1264
13 2 1984 1264 1984 1296
13 0 2144 1184 2160 1184
13 2 2144 1184 2160 1184
13 2 2128 1184 2144 1184
13 0 1968 1216 1984 1216
13 2 1968 1216 1984 1216
13 2 1936 1216 1968 1216
13 2 1952 1184 1984 1184
13 0 1968 1152 1984 1152
13 2 1968 1152 1984 1152
13 2 1952 1152 1968 1152
13 2 1952 1120 1952 1152
13 2 1904 1200 1952 1200
13 2 1952 1184 1952 1200
13 2 1936 1040 1936 1216
13 0 1904 1232 1904 1200
13 2 1904 1200 1904 1232
13 2 1904 1232 1904 1248
13 0 1888 1248 1904 1248
13 2 1888 1248 1904 1248
13 2 1728 1248 1888 1248
13 0 1728 1264 1728 1248
13 2 1728 1248 1728 1264
13 2 1728 1264 1728 1280
13 0 1888 1184 1920 1184
13 2 1888 1184 1920 1184
13 2 1872 1184 1888 1184
17 0 14
17 0 and2 1728 1120 0
13 0 1696 1200 1728 1200
13 2 1696 1200 1728 1200
13 2 1680 1200 1696 1200
13 0 1680 1184 1680 1072
13 2 1680 1072 1680 1184
13 2 1680 1184 1680 1200
13 0 1904 1072 2640 1072
13 2 1904 1072 2640 1072
13 2 1680 1072 1904 1072
13 0 1728 1200 1728 1232
13 0 1728 1232 1104 1232
13 0 1104 1232 1104 1200
13 2 1104 1200 1104 1232
13 2 1104 1232 1728 1232
13 2 1728 1200 1728 1232
13 0 1728 1200 1680 1200
13 0 1680 1200 1680 1120
17 0 and2 1936 1136 0
13 0 1872 1184 1936 1184
13 0 1904 1280 1904 1216
13 0 1904 1216 1936 1216
17 0 or2 2032 1264 0
13 0 2080 1200 2128 1200
13 0 2128 1200 2128 1264
13 0 2128 1264 1984 1264
13 0 1984 1264 1984 1312
13 0 1984 1312 2032 1312
13 0 1984 1360 1984 1344
13 0 1984 1344 2032 1344
13 0 1696 1440 1696 1424
13 2 1696 1424 1696 1440
13 2 1696 1440 1696 1488
13 0 1696 1440 1696 1488
13 0 1696 1440 1696 1424
13 2 2832 1280 2848 1280
13 2 2832 1264 2832 1280
13 0 2848 1264 2832 1264
13 0 2848 1264 2848 1280
13 0 1680 1152 1680 1120
13 2 1680 1120 1680 1152
13 2 1680 1152 1680 1200
13 0 1680 1200 1648 1200
13 0 1696 1152 1696 1088
13 2 1696 1088 1696 1152
13 2 1696 1152 1696 1168
13 0 1680 1088 1696 1088
13 2 1680 1088 1696 1088
13 2 464 1088 1680 1088
13 0 2640 1088 1680 1088
13 0 1680 1088 1680 1168
13 0 1680 1168 1696 1168
13 0 1904 1184 1936 1184
13 2 1904 1184 1936 1184
13 2 1872 1184 1904 1184
17 0 15
13 0 1920 1216 1936 1216
13 2 1920 1216 1936 1216
13 2 1904 1216 1920 1216
13 0 2096 1200 2128 1200
13 2 2096 1200 2128 1200
13 2 2080 1200 2096 1200
13 0 2128 1232 2128 1200
13 2 2128 1200 2128 1232
13 2 2128 1232 2128 1264
13 0 2016 1264 2128 1264
13 2 2016 1264 2128 1264
13 2 1984 1264 2016 1264
13 0 1984 1296 1984 1264
13 2 1984 1264 1984 1296
13 2 1984 1296 1984 1312
17 0 17
13 0 2016 1312 2032 1312
13 2 2016 1312 2032 1312
13 2 1984 1312 2016 1312
13 0 2016 1344 2032 1344
13 2 2016 1344 2032 1344
13 2 1984 1344 2016 1344
13 0 1904 1248 1904 1216
13 2 1904 1216 1904 1248
13 2 1904 1248 1904 1280
17 0 and3 2000 1120 0
13 0 1680 1200 1680 1232
13 0 1680 1232 2000 1232
13 0 2000 1200 1968 1200
13 0 1968 1200 1968 1488
13 0 1728 1280 1728 1248
13 0 1728 1248 1936 1248
13 0 1936 1248 1936 1168
13 0 1936 1168 2000 1168
13 0 1872 1184 1920 1184
13 0 1920 1184 1920 1312
13 0 1920 1312 2016 1312
17 0 or3 2032 1248 0
13 0 2000 1312 2016 1312
13 2 2000 1312 2016 1312
13 2 1920 1312 2000 1312
13 0 2144 1200 2144 1264
13 0 2144 1264 1984 1264
13 0 1984 1264 1984 1296
13 0 1984 1296 2032 1296
13 0 1920 1312 1920 1328
13 0 1920 1328 2032 1328
13 0 2032 1360 1984 1360
13 0 1984 1360 1984 1376
13 2 1984 1344 1984 1360
13 2 416 1120 640 1120
13 0 416 1120 464 1120
13 2 416 1120 464 1120
13 0 464 1120 416 1120
13 0 464 1120 640 1120
13 0 464 1104 464 1088
13 2 464 1088 464 1104
13 2 464 1104 464 1120
13 0 464 1136 464 1120
13 2 464 1120 464 1136
13 2 464 1136 464 1152
17 0 49
13 0 240 1168 272 1168
13 2 240 1168 272 1168
13 2 208 1168 240 1168
13 2 208 1168 208 1184
13 0 176 1168 176 1136
13 2 176 1136 176 1168
13 2 176 1168 176 1184
13 0 208 1136 272 1136
13 2 208 1136 272 1136
13 2 176 1136 208 1136
13 0 272 1200 272 1168
13 2 272 1168 272 1200
13 2 272 1200 272 1232
13 0 448 1248 464 1248
13 2 448 1248 464 1248
13 2 416 1248 448 1248
13 0 448 1152 464 1152
13 2 448 1152 464 1152
13 2 416 1152 448 1152
13 2 416 1120 640 1120
17 0 47
17 0 and2 304 1200 2
13 0 304 1120 640 1120
13 2 304 1120 640 1120
17 0 47
17 0 and2 288 1200 2
13 0 288 1120 640 1120
13 0 352 1120 640 1120
13 2 352 1120 640 1120
13 2 288 1120 352 1120
17 0 47
17 0 and2 256 1184 1
13 2 416 1216 512 1216
17 0 51
17 0 and2 416 1136 2
13 0 416 1056 416 1216
13 0 416 1056 416 1088
13 0 416 1088 416 1216
13 0 416 1216 512 1216
13 0 432 1216 512 1216
13 2 432 1216 512 1216
13 2 416 1216 432 1216
13 0 448 1056 416 1056
13 0 416 1056 416 1216
13 0 448 1056 512 1056
13 0 512 1056 512 1216
13 0 416 1168 416 1088
13 2 416 1088 416 1168
13 2 416 1168 416 1216
13 0 416 1072 416 1056
13 2 416 1056 416 1072
13 2 416 1072 416 1088
13 0 464 1200 464 1152
13 2 464 1152 464 1200
13 2 464 1200 464 1248
13 0 208 1184 208 1168
13 0 208 1168 384 1168
13 0 384 1168 384 1248
13 0 384 1248 464 1248
13 0 272 1072 176 1072
13 0 176 1072 176 1184
13 0 512 1168 512 1056
13 2 512 1056 512 1168
13 2 512 1168 512 1216
13 0 640 1120 640 1088
13 0 640 1088 416 1088
17 0 51
17 0 or2 400 1136 2
13 2 176 1072 256 1072
13 2 256 1072 272 1072
17 0 51
17 0 or2 416 1136 2
13 0 176 1072 272 1072
13 0 272 1072 288 1072
13 0 256 1072 272 1072
13 2 256 1072 272 1072
13 2 176 1072 256 1072
17 0 51
13 2 272 1072 288 1072
17 0 or2 416 1136 2
13 0 272 1072 192 1072
13 0 192 1072 176 1072
