10 1 1
10 1 1
10 1 1
13 5 144 2032 R
13 5 144 1984 L
13 5 144 1936 C
13 5 160 944 D0
13 5 1424 912 D1
13 5 2656 896 D2
13 7 2656 896
13 5 2656 912 D2
13 5 512 1536 D3
13 7 512 1536
13 5 496 1536 D3
13 5 656 912 Q0
13 5 1888 960 Q1
13 5 3136 912 Q2
13 5 1120 1408 Q3
13 8 160 944 1
13 8 1424 912 1
13 8 2656 912 1
13 8 496 1536 1
17 0 and2 1344 1728 0
13 0 1120 1776 1344 1776
13 0 1376 1088 1376 1584
13 0 1376 1584 1152 1584
13 0 1152 1584 1152 1808
13 0 1152 1808 1344 1808
13 2 1888 960 1888 1088
13 7 1888 960
13 0 1888 912 1888 1088
13 5 1888 912 Q1
13 8 1888 960 0
13 8 1888 912 0
13 0 1488 1792 1520 1792
13 0 1520 1792 1536 1792
13 0 1536 1792 1584 1792
13 5 1584 1792 p
13 8 656 912 2
13 8 1888 912 2
13 8 3136 912 2
13 8 1120 1408 2
13 8 1584 1792 2
13 0 656 1392 208 1392
13 0 208 1392 208 1184
13 0 208 1184 256 1184
13 8 144 1936 1
13 8 144 1984 1
13 8 144 2032 1
