10 1 1
10 1 1
10 1 1
13 2 880 1184 976 1184
13 2 1120 1200 1184 1200
13 2 944 1216 976 1216
17 0 13
17 0 or2 976 1136 0
13 0 880 1184 976 1184
13 0 1120 1200 1184 1200
13 0 960 1216 976 1216
13 0 944 1216 960 1216
17 0 13
17 0 14
17 0 and2 976 1136 0
17 0 or2 1184 1120 0
13 0 1152 1264 1152 1168
13 2 1152 1168 1152 1264
13 2 1152 1264 1152 1472
13 0 944 1312 944 1216
13 2 944 1216 944 1312
13 2 944 1312 944 1360
13 0 736 1440 736 1360
13 2 736 1360 736 1440
13 2 736 1440 736 1472
13 0 784 1472 1120 1472
13 2 784 1472 1120 1472
13 2 736 1472 784 1472
13 2 1120 1472 1152 1472
13 0 1152 1472 1120 1472
13 2 1120 1472 1152 1472
13 0 944 1216 912 1216
13 0 912 1216 912 1312
13 0 912 1312 1008 1312
13 0 1008 1312 1008 1456
13 0 1008 1456 1120 1456
13 0 736 1360 736 1456
13 0 736 1456 1008 1456
13 0 1008 1392 1008 1312
13 2 1008 1312 1008 1392
13 2 1008 1392 1008 1456
13 0 1008 1456 1008 1424
17 0 inv 960 1424 3
13 0 960 1312 1008 1312
13 2 960 1312 1008 1312
13 2 912 1312 960 1312
13 0 960 1296 912 1296
13 0 912 1296 912 1312
13 0 960 1296 1008 1296
13 0 1008 1296 1008 1312
13 2 1008 1296 1008 1312
13 2 912 1296 912 1312
13 0 1008 1328 1008 1296
13 0 1136 1200 1184 1200
13 2 1136 1200 1184 1200
13 2 1120 1200 1136 1200
13 2 1152 1168 1184 1168
13 2 1328 1184 1472 1184
17 0 13
17 0 or2 1184 1152 0
13 0 1184 1200 1184 1168
13 0 1152 1168 1184 1168
13 0 1328 1216 1328 1184
13 0 1328 1184 1472 1184
13 2 1152 1168 1184 1168
13 0 1152 1200 1184 1200
13 0 1184 1200 1184 1168
13 2 1184 1168 1184 1200
13 0 1152 1200 1120 1200
13 0 944 1360 944 1328
13 0 944 1328 944 1312
13 0 944 1312 1152 1312
13 0 1152 1312 1152 1232
13 0 1152 1232 1184 1232
13 0 1024 1456 1120 1456
13 2 1024 1456 1120 1456
13 2 1008 1456 1024 1456
13 0 1024 1472 1008 1472
13 0 1008 1472 1008 1456
13 0 1024 1472 1120 1472
13 0 1120 1472 1120 1456
13 0 976 1456 1008 1456
13 2 976 1456 1008 1456
13 2 736 1456 976 1456
13 0 976 1472 736 1472
13 0 736 1472 736 1456
13 0 976 1472 1008 1472
13 0 1008 1472 1008 1456
13 2 1008 1296 1008 1328
13 2 1008 1424 1008 1472
17 0 20
17 0 inv 960 1456 3
13 0 1008 1296 1008 1360
13 0 1008 1456 1008 1472
17 0 17
17 0 18
13 0 2448 1216 2480 1216
13 2 2448 1216 2480 1216
13 2 2416 1216 2448 1216
13 0 2448 1184 2480 1184
13 2 2448 1184 2480 1184
13 2 2416 1184 2448 1184
13 0 2416 1152 2416 1072
13 2 2416 1072 2416 1152
13 2 2416 1152 2416 1184
13 0 2352 1152 2352 1184
13 0 2352 1184 2416 1184
13 0 2352 1152 2352 1072
13 0 2352 1072 2416 1072
13 0 2384 1184 2416 1184
13 2 2384 1184 2416 1184
13 2 2352 1184 2384 1184
13 0 2256 1200 2272 1200
13 2 2256 1200 2272 1200
13 2 2208 1200 2256 1200
13 2 2208 1168 2208 1200
13 0 2240 1232 2272 1232
13 2 2240 1232 2272 1232
13 2 2208 1232 2240 1232
13 0 2208 1264 2208 1232
13 2 2208 1232 2208 1264
13 2 2208 1264 2208 1296
17 0 and2 2240 1216 0
13 0 2208 1296 2240 1296
13 0 2352 1184 2352 1216
13 0 2352 1216 2208 1216
13 0 2208 1216 2208 1264
13 0 2208 1264 2240 1264
17 0 or2 2480 1136 0
13 0 2480 1184 2272 1184
13 0 2272 1184 2272 1168
13 0 2272 1168 2208 1168
13 0 2480 1216 2416 1216
13 0 2416 1216 2416 1280
13 0 2416 1280 2400 1280
13 0 2400 1280 2384 1280
17 0 14
13 0 912 1248 912 1216
13 2 912 1216 912 1248
13 2 912 1248 912 1296
13 0 960 1216 976 1216
13 2 960 1216 976 1216
13 2 912 1216 960 1216
17 0 20
13 0 992 1296 1008 1296
13 2 992 1296 1008 1296
13 2 912 1296 992 1296
13 0 1008 1344 1008 1296
13 2 1008 1296 1008 1344
13 2 1008 1344 1008 1360
13 0 976 1184 1056 1184
13 0 1056 1184 1056 1200
13 0 1056 1200 1120 1200
13 2 1008 1456 1008 1472
