10 1 1
10 1 1
10 1 1
13 0 2640 1680 3152 1680
13 2 2640 1680 3152 1680
13 2 2352 1680 2640 1680
13 0 2640 1648 2352 1648
13 0 2352 1648 2352 1680
13 0 2640 1648 3152 1648
13 0 3152 1648 3152 1680
13 2 3152 1648 3152 1680
13 0 2192 1680 2352 1680
13 2 2192 1680 2352 1680
13 2 1392 1680 2192 1680
13 0 2192 1664 1392 1664
13 0 1392 1664 1392 1680
13 0 2192 1664 2352 1664
13 0 2352 1664 2352 1680
13 0 2176 1664 2352 1664
13 2 2176 1664 2352 1664
13 2 1392 1664 2176 1664
13 0 2176 1648 1392 1648
13 0 1392 1648 1392 1664
13 0 2176 1648 2352 1648
13 0 2352 1648 2352 1664
13 0 2352 1664 2352 1648
13 2 2352 1648 2352 1664
13 2 2352 1664 2352 1680
13 0 1184 1680 1392 1680
13 2 1184 1680 1392 1680
13 2 352 1680 1184 1680
13 0 1184 1648 352 1648
13 0 352 1648 352 1680
13 0 1184 1648 1392 1648
13 0 1392 1648 1392 1680
13 2 1392 1648 1392 1680
13 0 1392 1680 1392 1648
13 2 1392 1648 1392 1680
13 0 256 1680 352 1680
13 2 256 1680 352 1680
13 2 176 1680 256 1680
13 0 256 1648 176 1648
13 0 176 1648 176 1680
13 0 256 1648 352 1648
13 0 352 1648 352 1680
13 2 352 1648 352 1680
13 2 176 1648 176 1680
13 7 176 1680
13 8 176 1680 0
13 0 176 1648 176 1664
13 5 176 1664 C
13 8 176 1680 1
13 8 176 1664 1
13 2 176 1648 176 1664
13 7 176 1664
13 8 176 1664 0
13 5 176 1648 C
13 8 176 1664 1
13 8 176 1648 1
13 0 400 1760 496 1760
13 2 400 1760 496 1760
13 2 176 1760 400 1760
13 0 416 1696 176 1696
13 0 176 1696 176 1760
13 0 416 1696 496 1696
13 0 496 1696 496 1760
13 2 176 1696 176 1760
13 7 176 1760
13 8 176 1760 0
13 5 176 1696 R
13 8 176 1760 1
13 8 176 1696 1
13 0 560 1760 1536 1760
13 2 560 1760 1536 1760
13 2 496 1760 560 1760
13 0 592 1696 496 1696
13 0 496 1696 496 1760
13 0 592 1696 1536 1696
13 0 1536 1696 1536 1760
13 0 496 1744 496 1696
13 2 496 1696 496 1744
13 2 496 1744 496 1760
13 2 176 1808 304 1808
13 7 176 1808
13 8 176 1808 0
13 0 176 1744 304 1744
13 0 304 1744 304 1808
13 5 176 1744 L
13 8 176 1808 1
13 8 176 1744 1
13 0 400 1808 1328 1808
13 2 400 1808 1328 1808
13 2 304 1808 400 1808
13 0 416 1744 304 1744
13 0 304 1744 304 1808
13 0 416 1744 1328 1744
13 0 1328 1744 1328 1808
13 0 304 1792 304 1744
13 2 304 1744 304 1792
13 2 304 1792 304 1808
13 0 1600 1760 2512 1760
13 2 1600 1760 2512 1760
13 2 1536 1760 1600 1760
13 0 1616 1696 1536 1696
13 0 1536 1696 1536 1760
13 0 1616 1696 2512 1696
13 0 2512 1696 2512 1760
13 0 1536 1728 1536 1696
13 2 1536 1696 1536 1728
13 2 1536 1728 1536 1760
13 0 2592 1760 3296 1760
13 2 2592 1760 3296 1760
13 2 2512 1760 2592 1760
13 0 2608 1696 2512 1696
13 0 2512 1696 2512 1760
13 0 2608 1696 3296 1696
13 0 3296 1696 3296 1760
13 0 2512 1728 2512 1696
13 2 2512 1696 2512 1728
13 2 2512 1728 2512 1760
13 0 3296 1728 3296 1696
13 2 3296 1696 3296 1728
13 2 3296 1728 3296 1760
13 0 2880 1808 3088 1808
13 2 2880 1808 3088 1808
13 2 2304 1808 2880 1808
13 0 2880 1808 2304 1808
13 0 2880 1808 3088 1808
13 0 2864 1808 3088 1808
13 2 2864 1808 3088 1808
13 2 2304 1808 2864 1808
13 0 2864 1728 2304 1728
13 0 2304 1728 2304 1808
13 0 2864 1728 3088 1728
13 0 3088 1728 3088 1808
13 0 3024 1728 3088 1728
13 2 3024 1728 3088 1728
13 2 2304 1728 3024 1728
13 0 3024 1744 2304 1744
13 0 2304 1744 2304 1728
13 0 3024 1744 3088 1744
13 0 3088 1744 3088 1728
13 0 3088 1776 3088 1744
13 2 3088 1744 3088 1776
13 2 3088 1776 3088 1808
13 0 2112 1808 2304 1808
13 2 2112 1808 2304 1808
13 2 1328 1808 2112 1808
13 0 2112 1744 1328 1744
13 0 1328 1744 1328 1808
13 0 2112 1744 2304 1744
13 0 2304 1744 2304 1808
13 0 2304 1792 2304 1744
13 2 2304 1744 2304 1792
13 2 2304 1792 2304 1808
13 2 1328 1744 1328 1808
13 0 464 1280 464 1248
13 2 464 1248 464 1280
13 2 464 1280 464 1328
13 0 432 1280 432 1328
13 0 432 1328 464 1328
13 0 432 1280 432 1248
13 0 432 1248 464 1248
13 0 464 1168 464 1120
13 2 464 1120 464 1168
13 2 464 1168 464 1248
13 0 432 1168 432 1248
13 0 432 1248 464 1248
13 0 432 1168 432 1120
13 0 432 1120 464 1120
13 2 432 1248 496 1248
13 2 592 1248 624 1248
17 0 6
17 0 inv 576 1296 2
13 0 432 1248 480 1248
13 0 576 1248 624 1248
13 2 416 1056 512 1056
13 2 176 1072 272 1072
13 2 416 1088 672 1088
17 0 51
17 0 or2 368 1136 2
13 0 368 1056 512 1056
13 0 176 1072 224 1072
13 0 384 1088 368 1088
13 0 384 1088 672 1088
13 2 112 1056 112 1424
13 7 112 1056
13 8 112 1056 0
13 0 112 992 112 1424
13 5 112 992 D0
13 8 112 1056 1
13 8 112 992 1
13 0 1232 1392 1232 1344
13 2 1232 1344 1232 1392
13 2 1232 1392 1232 1568
13 0 1168 1392 1168 1568
13 0 1168 1568 1232 1568
13 0 1168 1392 1168 1344
13 0 1168 1344 1232 1344
13 2 1168 1568 1232 1568
13 7 1232 1568
13 8 1232 1568 0
13 5 1168 1568 D1
13 8 1232 1568 1
13 8 1168 1568 1
13 2 1152 1312 1264 1312
13 2 1392 1328 1424 1328
13 2 1168 1344 1264 1344
13 2 1328 1392 1328 1744
17 0 11
17 0 mux21 1200 1264 0
13 0 1152 1312 1200 1312
13 0 1328 1328 1424 1328
13 0 1184 1344 1200 1344
13 0 1168 1344 1184 1344
13 0 1264 1392 1328 1392
13 0 1328 1392 1328 1744
13 0 1328 1424 1328 1392
13 2 1328 1392 1328 1424
13 2 1328 1424 1328 1744
13 0 1264 1424 1264 1744
13 0 1264 1744 1328 1744
13 0 1264 1424 1264 1392
13 0 1264 1392 1328 1392
13 0 1296 1392 1328 1392
13 2 1296 1392 1328 1392
13 2 1264 1392 1296 1392
13 2 1104 1200 1200 1200
13 2 1296 1200 1344 1200
17 0 12
17 0 inv 1216 1248 2
13 0 1104 1200 1120 1200
13 0 1216 1200 1344 1200
13 0 1104 1168 1104 1120
13 2 1104 1120 1104 1168
13 2 1104 1168 1104 1200
13 0 1056 1168 1056 1200
13 0 1056 1200 1104 1200
13 0 1056 1168 1056 1120
13 0 1056 1120 1104 1120
13 2 1056 1200 1120 1200
13 2 1216 1200 1344 1200
17 0 12
17 0 inv 1184 1248 2
13 0 1056 1200 1088 1200
13 0 1184 1200 1344 1200
13 0 1344 1168 1344 1136
13 2 1344 1136 1344 1168
13 2 1344 1168 1344 1200
13 0 1232 1168 1232 1200
13 0 1232 1200 1344 1200
13 0 1232 1168 1232 1136
13 0 1232 1136 1344 1136
13 0 1296 1136 1344 1136
13 2 1296 1136 1344 1136
13 2 1232 1136 1296 1136
13 0 1392 1408 1392 1360
13 2 1392 1360 1392 1408
13 2 1392 1408 1392 1648
13 0 1328 1408 1328 1648
13 0 1328 1648 1392 1648
13 0 1328 1408 1328 1360
13 0 1328 1360 1392 1360
13 2 1328 1328 1424 1328
13 2 1328 1360 1424 1360
13 2 1648 1392 1744 1392
13 2 1536 1440 1536 1696
13 2 1648 1232 1648 1328
13 0 1648 1328 1648 1392
13 2 1648 1328 1648 1392
13 2 1648 1392 1648 1472
17 0 2
17 0 fd1s3dx 1360 1280 0
13 0 1328 1328 1360 1328
13 0 1344 1360 1360 1360
13 0 1328 1360 1344 1360
13 0 1584 1392 1744 1392
13 0 1472 1456 1472 1440
13 0 1472 1456 1536 1456
13 0 1536 1456 1536 1696
13 0 1584 1296 1584 1328
13 0 1584 1296 1648 1296
13 0 1648 1232 1648 1296
13 0 1584 1328 1584 1392
13 0 1584 1392 1584 1440
13 0 1584 1440 1648 1440
13 0 1648 1440 1648 1472
13 0 1648 1264 1648 1232
13 2 1648 1232 1648 1264
13 2 1648 1264 1648 1296
13 0 1584 1280 1584 1296
13 0 1584 1296 1648 1296
13 0 1584 1280 1584 1232
13 0 1584 1232 1648 1232
13 0 1632 1296 1648 1296
13 2 1632 1296 1648 1296
13 2 1584 1296 1632 1296
13 0 1648 1152 1648 1024
13 2 1648 1024 1648 1152
13 2 1648 1152 1648 1200
13 0 1584 1152 1584 1200
13 0 1584 1200 1648 1200
13 0 1584 1152 1584 1024
13 0 1584 1024 1648 1024
13 0 1648 1216 1648 1200
13 2 1648 1200 1648 1216
13 2 1648 1216 1648 1232
13 0 1584 1216 1584 1232
13 0 1584 1232 1648 1232
13 0 1584 1216 1584 1200
13 0 1584 1200 1648 1200
13 0 1632 1200 1648 1200
13 2 1632 1200 1648 1200
13 2 1584 1200 1632 1200
13 0 1648 1456 1648 1440
13 2 1648 1440 1648 1456
13 2 1648 1456 1648 1472
13 0 1584 1456 1584 1472
13 0 1584 1472 1648 1472
13 0 1584 1456 1584 1440
13 0 1584 1440 1648 1440
13 0 1632 1440 1648 1440
13 2 1632 1440 1648 1440
13 2 1584 1440 1632 1440
13 0 1632 1440 1584 1440
13 0 1632 1440 1648 1440
13 0 1632 1440 1648 1440
13 2 1632 1440 1648 1440
13 2 1584 1440 1632 1440
13 0 1680 1360 1680 1248
13 2 1680 1248 1680 1360
13 2 1680 1360 1680 1424
13 0 1600 1360 1600 1424
13 0 1600 1424 1680 1424
13 0 1600 1360 1600 1248
13 0 1600 1248 1680 1248
13 0 1632 1248 1680 1248
13 2 1632 1248 1680 1248
13 2 1600 1248 1632 1248
13 0 1600 1408 1600 1248
13 2 1600 1248 1600 1408
13 2 1600 1408 1600 1424
13 0 1616 1408 1616 1424
13 0 1616 1424 1600 1424
13 0 1616 1408 1616 1248
13 0 1616 1248 1600 1248
13 2 1600 1424 1616 1424
13 2 1696 1360 1744 1360
13 2 1584 1392 1744 1392
13 2 1888 1392 1984 1392
13 2 1616 1424 1744 1424
17 0 16
17 0 and3 1696 1312 0
13 0 1680 1392 1696 1392
13 0 1584 1392 1680 1392
13 0 1840 1392 1984 1392
13 0 1664 1424 1696 1424
13 0 1616 1424 1664 1424
13 0 1696 1344 1696 1328
13 2 1696 1328 1696 1344
13 2 1696 1344 1696 1360
13 0 1648 1344 1648 1360
13 0 1648 1360 1696 1360
13 0 1648 1344 1648 1328
13 0 1648 1328 1696 1328
13 2 1648 1360 1696 1360
13 2 1584 1392 1696 1392
13 2 1840 1392 1984 1392
13 2 1616 1424 1696 1424
17 0 16
17 0 and3 1648 1312 0
13 0 1632 1392 1648 1392
13 0 1584 1392 1632 1392
13 0 1792 1392 1984 1392
13 0 1616 1424 1648 1424
13 0 1856 1088 2640 1088
13 2 1856 1088 2640 1088
13 2 1712 1088 1856 1088
13 0 1856 1072 1712 1072
13 0 1712 1072 1712 1088
13 0 1856 1072 2640 1072
13 0 2640 1072 2640 1088
13 0 1792 1120 2672 1120
13 2 1792 1120 2672 1120
13 2 1696 1120 1792 1120
13 0 1792 1104 1696 1104
13 0 1696 1104 1696 1120
13 0 1792 1104 2672 1104
13 0 2672 1104 2672 1120
13 0 1648 1120 1696 1120
13 2 1648 1120 1696 1120
13 2 1056 1120 1648 1120
13 0 1648 1104 1056 1104
13 0 1056 1104 1056 1120
13 0 1648 1104 1696 1104
13 0 1696 1104 1696 1120
13 0 1696 1136 1696 1104
13 2 1696 1104 1696 1136
13 2 1696 1136 1696 1200
13 0 1616 1136 1616 1200
13 0 1616 1200 1696 1200
13 0 1616 1136 1616 1104
13 0 1616 1104 1696 1104
13 0 1712 1136 1712 1072
13 2 1712 1072 1712 1136
13 2 1712 1136 1712 1168
13 0 1648 1136 1648 1168
13 0 1648 1168 1712 1168
13 0 1648 1136 1648 1072
13 0 1648 1072 1712 1072
13 2 1648 1168 1728 1168
13 2 1872 1184 1920 1184
13 2 1616 1200 1728 1200
17 0 14
17 0 and2 1728 1088 0
13 0 1712 1136 1728 1136
13 0 1712 1136 1712 1168
13 0 1648 1168 1712 1168
13 0 1872 1152 1872 1184
13 0 1872 1184 1920 1184
13 0 1728 1168 1728 1200
13 0 1616 1200 1728 1200
13 0 1680 1168 1712 1168
13 2 1680 1168 1712 1168
13 2 1648 1168 1680 1168
13 0 1680 1136 1648 1136
13 0 1648 1136 1648 1168
13 0 1680 1136 1712 1136
13 0 1712 1136 1712 1168
13 2 1712 1136 1712 1168
13 2 1648 1136 1648 1168
13 0 1664 1200 1728 1200
13 2 1664 1200 1728 1200
13 2 1616 1200 1664 1200
13 0 1664 1168 1616 1168
13 0 1616 1168 1616 1200
13 0 1664 1168 1728 1168
13 0 1728 1168 1728 1200
13 0 1728 1184 1728 1168
13 2 1728 1168 1728 1184
13 2 1728 1184 1728 1200
13 0 1616 1184 1616 1168
13 2 1616 1168 1616 1184
13 2 1616 1184 1616 1200
13 0 1648 1344 1648 1328
13 2 1648 1328 1648 1344
13 2 1648 1344 1648 1360
13 0 1632 1344 1632 1360
13 0 1632 1360 1648 1360
13 0 1632 1344 1632 1328
13 0 1632 1328 1648 1328
13 0 1920 1200 1920 1184
13 2 1920 1184 1920 1200
13 2 1920 1200 1920 1328
13 0 1920 1200 1920 1328
13 0 1920 1200 1920 1184
13 2 1936 1168 2000 1168
13 2 1968 1200 2000 1200
13 2 1584 1232 2000 1232
13 2 2144 1200 2144 1264
17 0 17
17 0 and3 2016 1088 0
13 0 1984 1136 2016 1136
13 0 1984 1136 1984 1168
13 0 1936 1168 1984 1168
13 0 2000 1168 2016 1168
13 0 2000 1168 2000 1200
13 0 1968 1200 2000 1200
13 0 2016 1200 2016 1232
13 0 1584 1232 2016 1232
13 0 2160 1168 2160 1200
13 0 2160 1200 2144 1200
13 0 2144 1200 2144 1264
13 0 2144 1216 2144 1200
13 2 2144 1200 2144 1216
13 2 2144 1216 2144 1264
13 0 2160 1216 2160 1264
13 0 2160 1264 2144 1264
13 0 2160 1216 2160 1200
13 0 2160 1200 2144 1200
13 2 2144 1200 2160 1200
13 0 1632 1232 2016 1232
13 2 1632 1232 2016 1232
13 2 1584 1232 1632 1232
13 0 1632 1200 1584 1200
13 0 1584 1200 1584 1232
13 0 1632 1200 2016 1200
13 0 1632 1200 2000 1200
13 2 1584 1200 1632 1200
13 0 1584 1232 1632 1232
13 0 1632 1232 2016 1232
13 0 1632 1232 2016 1232
13 2 1632 1232 2016 1232
13 2 1584 1232 1632 1232
13 0 1648 1216 1584 1216
13 0 1584 1216 1584 1232
13 0 1648 1216 2016 1216
13 0 2016 1216 2016 1232
13 2 2016 1216 2016 1232
13 0 1984 1200 2000 1200
13 2 1984 1200 2000 1200
13 2 1968 1200 1984 1200
13 0 1984 1184 1968 1184
13 0 1968 1184 1968 1200
13 0 1984 1184 2000 1184
13 0 2000 1184 2000 1200
13 2 2000 1184 2000 1200
13 0 1952 1168 1984 1168
13 2 1952 1168 1984 1168
13 2 1936 1168 1952 1168
13 0 1952 1136 1936 1136
13 0 1936 1136 1936 1168
13 0 1952 1136 1984 1136
13 0 1984 1136 1984 1168
13 0 1984 1152 1984 1136
13 2 1984 1136 1984 1152
13 2 1984 1152 1984 1168
13 0 1984 1184 2000 1184
13 2 1984 1184 2000 1184
13 2 1968 1184 1984 1184
13 0 1984 1168 1968 1168
13 0 1968 1168 1968 1184
13 0 1984 1168 2000 1168
13 0 2000 1168 2000 1184
13 2 2000 1168 2000 1184
13 2 2016 1200 2016 1216
13 0 1984 1200 1984 1216
13 0 1984 1216 2016 1216
13 2 1984 1216 2016 1216
13 0 1984 1200 2016 1200
13 0 1904 1184 1920 1184
13 2 1904 1184 1920 1184
13 2 1872 1184 1904 1184
13 0 1904 1152 1872 1152
13 0 1872 1152 1872 1184
13 0 1904 1152 1920 1152
13 0 1920 1152 1920 1184
13 2 1872 1152 1872 1184
13 0 2096 1488 2576 1488
13 2 2096 1488 2576 1488
13 2 1968 1488 2096 1488
13 0 2096 1504 1968 1504
13 0 1968 1504 1968 1488
13 0 2096 1504 2576 1504
13 0 2576 1504 2576 1488
13 2 2576 1488 2576 1504
13 0 1792 1488 1968 1488
13 2 1792 1488 1968 1488
13 2 624 1488 1792 1488
13 0 1792 1504 624 1504
13 0 624 1504 624 1488
13 0 1792 1504 1968 1504
13 0 1968 1504 1968 1488
13 0 2816 1424 2816 1376
13 2 2816 1376 2816 1424
13 2 2816 1424 2816 1472
13 0 2848 1424 2848 1472
13 0 2848 1472 2816 1472
13 0 2848 1424 2848 1376
13 0 2848 1376 2816 1376
13 2 2816 1376 2848 1376
13 0 2848 1392 2848 1344
13 2 2848 1344 2848 1392
13 2 2848 1392 2848 1472
13 0 2832 1392 2832 1472
13 0 2832 1472 2848 1472
13 0 2832 1392 2832 1344
13 0 2832 1344 2848 1344
13 2 2832 1472 2848 1472
13 0 1424 1200 1584 1200
13 2 1424 1200 1584 1200
13 2 1232 1200 1424 1200
13 0 1424 1216 1232 1216
13 0 1232 1216 1232 1200
13 0 1424 1216 1584 1216
13 0 1584 1216 1584 1200
13 2 1056 1200 1088 1200
13 2 1184 1200 1232 1200
17 0 12
17 0 inv 1184 1264 2
13 0 1088 1216 1088 1200
13 0 1056 1200 1088 1200
13 0 1184 1216 1184 1200
13 0 1184 1200 1232 1200
13 0 1200 1200 1232 1200
13 2 1200 1200 1232 1200
13 2 1184 1200 1200 1200
13 0 1200 1216 1184 1216
13 0 1184 1216 1184 1200
13 0 1200 1216 1232 1216
13 0 1232 1216 1232 1200
13 2 1184 1200 1184 1216
13 0 1008 1200 1056 1200
13 2 1008 1200 1056 1200
13 2 672 1200 1008 1200
13 0 1008 1216 672 1216
13 0 672 1216 672 1200
13 0 1008 1216 1056 1216
13 0 1056 1216 1056 1200
13 0 1072 1200 1088 1200
13 2 1072 1200 1088 1200
13 2 1056 1200 1072 1200
13 0 1072 1216 1056 1216
13 0 1056 1216 1056 1200
13 0 1072 1216 1088 1216
13 0 1088 1216 1088 1200
13 2 1088 1200 1088 1216
13 0 896 1136 1232 1136
13 2 896 1136 1232 1136
13 2 704 1136 896 1136
13 0 896 1152 704 1152
13 0 704 1152 704 1136
13 0 896 1152 1232 1152
13 0 1232 1152 1232 1136
13 2 1232 1136 1232 1152
13 2 704 1136 704 1152
