10 1 1
10 1 1
10 1 1
17 0 vlo 2624 1344 0
17 0 vlo 1008 768 0
17 0 vlo 208 816 0
17 0 vlo 192 592 0
17 0 mux41 2768 1376 0
17 0 fd1s3ax 3184 1440 0
17 0 nd2 3008 1424 0
17 0 nd2 2976 672 0
17 0 nd2 2256 1392 0
17 0 nd2 1440 1360 0
17 0 nd2 640 1328 0
17 0 nd2 2192 672 0
17 0 nd2 1376 672 0
17 0 nd2 576 672 0
17 0 fd1s3ax 736 688 0
17 0 fd1s3ax 1568 688 0
17 0 fd1s3ax 2384 688 0
17 0 fd1s3ax 816 1344 0
17 0 fd1s3ax 1616 1376 0
17 0 fd1s3ax 2432 1408 0
17 0 fd1s3ax 3168 688 0
17 0 mux41 2000 1344 0
17 0 mux41 1200 1312 0
17 0 mux41 416 1280 0
17 0 mux41 2752 624 0
17 0 mux41 1952 624 0
17 0 mux41 1136 624 0
17 0 mux41 336 624 0
13 0 976 576 1856 576
13 0 192 592 256 592
13 0 1808 592 2672 592
13 0 304 672 336 672
13 0 1104 672 1136 672
13 0 1904 672 1952 672
13 0 2720 672 2752 672
13 0 256 704 336 704
13 0 1088 704 1136 704
13 0 1904 704 1952 704
13 0 2720 704 2752 704
13 0 528 720 576 720
13 0 1328 720 1376 720
13 0 2144 720 2192 720
13 0 2944 720 2976 720
13 0 128 736 336 736
13 0 720 736 736 736
13 0 960 736 976 736
13 0 976 736 1088 736
13 0 1088 736 1136 736
13 0 1520 736 1568 736
13 0 1792 736 1808 736
13 0 1808 736 1904 736
13 0 1904 736 1952 736
13 0 2336 736 2384 736
13 0 2608 736 2624 736
13 0 2624 736 2720 736
13 0 2720 736 2752 736
13 0 3120 736 3168 736
13 0 3392 736 3408 736
13 0 528 752 576 752
13 0 1328 752 1376 752
13 0 2144 752 2192 752
13 0 2944 752 2976 752
13 0 208 768 336 768
13 0 720 768 736 768
13 0 1008 768 1136 768
13 0 1520 768 1568 768
13 0 1856 768 1952 768
13 0 2336 768 2384 768
13 0 2672 768 2752 768
13 0 3120 768 3168 768
13 0 256 816 336 816
13 0 1024 816 1136 816
13 0 1840 816 1952 816
13 0 2640 816 2752 816
13 0 3184 832 3408 832
13 0 304 848 336 848
13 0 1072 848 1136 848
13 0 1888 848 1952 848
13 0 2688 848 2752 848
13 0 160 976 256 976
13 0 256 976 1024 976
13 0 1024 976 1840 976
13 0 1840 976 2640 976
13 0 192 1008 304 1008
13 0 304 1008 1072 1008
13 0 1072 1008 1888 1008
13 0 1888 1008 2688 1008
13 0 224 1040 528 1040
13 0 528 1040 1328 1040
13 0 1328 1040 2144 1040
13 0 2144 1040 2944 1040
13 0 256 1072 720 1072
13 0 720 1072 1520 1072
13 0 1520 1072 2336 1072
13 0 2336 1072 3120 1072
13 0 336 1104 1104 1104
13 0 1104 1104 3184 1104
13 0 304 1136 2624 1136
13 0 1056 1280 1904 1280
13 0 384 1328 416 1328
13 0 2624 1344 2704 1344
13 0 336 1360 416 1360
13 0 1136 1360 1200 1360
13 0 608 1376 640 1376
13 0 336 1392 416 1392
13 0 784 1392 816 1392
13 0 1040 1392 1056 1392
13 0 1056 1392 1136 1392
13 0 1136 1392 1200 1392
13 0 1952 1392 2000 1392
13 0 608 1408 640 1408
13 0 1392 1408 1440 1408
13 0 304 1424 416 1424
13 0 784 1424 816 1424
13 0 1136 1424 1200 1424
13 0 1584 1424 1616 1424
13 0 1840 1424 1856 1424
13 0 1856 1424 1952 1424
13 0 1952 1424 2000 1424
13 0 2736 1424 2768 1424
13 0 1392 1440 1440 1440
13 0 2192 1440 2256 1440
13 0 1104 1456 1200 1456
13 0 1584 1456 1616 1456
13 0 1952 1456 2000 1456
13 0 2400 1456 2432 1456
13 0 2656 1456 2672 1456
13 0 2704 1456 2768 1456
13 0 336 1472 416 1472
13 0 2208 1472 2256 1472
13 0 2960 1472 3008 1472
13 0 1904 1488 2000 1488
13 0 2400 1488 2432 1488
13 0 3152 1488 3184 1488
13 0 3408 1488 3424 1488
13 0 368 1504 416 1504
13 0 1056 1504 1200 1504
13 0 2976 1504 3008 1504
13 0 2640 1520 2768 1520
13 0 3152 1520 3184 1520
13 0 1104 1536 1200 1536
13 0 1856 1536 2000 1536
13 0 1904 1568 2000 1568
13 0 2672 1568 2768 1568
13 0 2720 1600 2768 1600
13 0 160 1648 336 1648
13 0 336 1648 1056 1648
13 0 1056 1648 1856 1648
13 0 1856 1648 2672 1648
13 0 192 1680 368 1680
13 0 368 1680 1104 1680
13 0 1104 1680 1904 1680
13 0 1904 1680 2720 1680
13 0 224 1712 608 1712
13 0 608 1712 1392 1712
13 0 1392 1712 2208 1712
13 0 2208 1712 2976 1712
13 0 256 1744 784 1744
13 0 784 1744 1584 1744
13 0 1584 1744 2400 1744
13 0 2400 1744 3152 1744
13 0 128 1792 2640 1792
13 0 2640 1792 3232 1792
13 0 128 736 128 1792
13 0 160 976 160 1648
13 0 160 1648 160 1904
13 0 192 1008 192 1680
13 0 192 1680 192 1904
13 0 208 768 208 816
13 0 224 1040 224 1712
13 0 224 1712 224 1904
13 0 256 592 256 704
13 0 256 816 256 976
13 0 256 1072 256 1744
13 0 256 1744 256 1904
13 0 304 432 304 672
13 0 304 848 304 1008
13 0 304 1136 304 1424
13 0 336 1104 336 1360
13 0 336 1360 336 1392
13 0 336 1472 336 1648
13 0 368 1504 368 1680
13 0 384 1184 384 1328
13 0 528 752 528 1040
13 0 608 1408 608 1712
13 0 720 768 720 1072
13 0 784 1424 784 1744
13 0 976 432 976 576
13 0 976 576 976 736
13 0 1024 816 1024 976
13 0 1056 1184 1056 1280
13 0 1056 1280 1056 1392
13 0 1056 1504 1056 1648
13 0 1072 848 1072 1008
13 0 1088 704 1088 736
13 0 1104 432 1104 672
13 0 1104 1104 1104 1456
13 0 1104 1536 1104 1680
13 0 1136 1184 1136 1360
13 0 1136 1392 1136 1424
13 0 1328 752 1328 1040
13 0 1392 1440 1392 1712
13 0 1520 768 1520 1072
13 0 1584 1456 1584 1744
13 0 1808 432 1808 592
13 0 1808 592 1808 736
13 0 1840 816 1840 976
13 0 1856 576 1856 768
13 0 1856 1184 1856 1424
13 0 1856 1536 1856 1648
13 0 1888 848 1888 1008
13 0 1904 432 1904 672
13 0 1904 704 1904 736
13 0 1904 1280 1904 1488
13 0 1904 1568 1904 1680
13 0 1952 1184 1952 1392
13 0 1952 1424 1952 1456
13 0 2144 752 2144 1040
13 0 2208 1472 2208 1712
13 0 2336 768 2336 1072
13 0 2400 1488 2400 1744
13 0 2624 432 2624 736
13 0 2624 736 2624 1136
13 0 2640 816 2640 976
13 0 2640 1520 2640 1792
13 0 2672 592 2672 768
13 0 2672 1200 2672 1456
13 0 2672 1568 2672 1648
13 0 2688 848 2688 1008
13 0 2704 1344 2704 1456
13 0 2720 432 2720 672
13 0 2720 704 2720 736
13 0 2720 1600 2720 1680
13 0 2736 1200 2736 1424
13 0 2944 752 2944 1040
13 0 2976 1504 2976 1712
13 0 3120 768 3120 1072
13 0 3152 1520 3152 1744
13 0 3184 832 3184 1104
13 0 3408 432 3408 736
13 0 3408 736 3408 832
13 0 3424 1200 3424 1488
13 5 160 1904 A0
13 5 192 1904 A1
13 5 224 1904 reset
13 5 256 1904 clock
13 5 304 432 x0
13 5 384 1184 x4
13 5 976 432 Q0
13 5 1056 1184 Q4
13 5 1104 432 x1
13 5 1136 1184 x5
13 5 1808 432 Q1
13 5 1856 1184 Q5
13 5 1904 432 x2
13 5 1952 1184 x6
13 5 2624 432 Q2
13 5 2672 1200 Q6
13 5 2720 432 x3
13 5 2736 1200 x0
13 5 3408 432 Q3
13 5 3424 1200 Q0
13 8 160 1904 1
13 8 192 1904 1
13 8 224 1904 1
13 8 256 1904 1
13 8 304 432 1
13 8 384 1184 1
13 8 976 432 2
13 8 1056 1184 2
13 8 1104 432 1
13 8 1136 1184 1
13 8 1808 432 2
13 8 1856 1184 2
13 8 1904 432 1
13 8 1952 1184 1
13 8 2624 432 2
13 8 2672 1200 2
13 8 2720 432 1
13 8 2736 1200 0
13 8 3408 432 2
13 8 3424 1200 0
