10 1 1
10 1 1
10 1 1
17 0 29
17 0 30
13 0 2576 1440 2608 1440
13 2 2576 1440 2608 1440
13 2 2560 1440 2576 1440
13 0 2608 1424 2608 1376
13 2 2608 1376 2608 1424
13 2 2608 1424 2608 1440
13 0 1872 1344 1872 1216
13 0 944 592 944 944
13 0 944 944 960 944
13 0 960 944 1872 944
13 0 1872 944 1872 992
13 0 1872 992 1872 1216
13 0 1872 944 2400 944
13 0 2400 944 2400 960
13 0 2400 960 2400 1408
13 0 2400 960 2400 1344
13 0 2400 960 2400 1312
13 0 2400 1312 2400 1344
13 0 2400 960 2400 1312
13 2 2400 960 2400 1312
13 0 2400 1408 2624 1408
13 0 2624 1408 2624 1424
13 0 2608 1376 2608 1408
13 0 2400 1408 2384 1408
13 0 2384 1408 2384 944
13 2 2384 944 2400 944
13 2 2400 944 2400 960
13 2 2608 1408 2624 1408
13 2 2624 1408 2624 1424
