10 1 1
10 1 1
10 1 1
13 0 2592 1760 2608 1760
13 2 2592 1760 2608 1760
13 2 2560 1760 2592 1760
13 0 2608 1520 2560 1520
13 0 2560 1520 2560 1760
13 0 2608 1520 2608 1760
13 2 2560 1520 2560 1760
17 0 35
17 0 vlo 2560 1536 0
13 0 2560 1520 2560 1536
13 0 2576 1520 2608 1520
13 2 2576 1520 2608 1520
13 2 2560 1520 2576 1520
13 0 2560 1488 2560 1520
13 0 2560 1488 2608 1488
13 0 2608 1488 2608 1520
13 2 2560 1488 2560 1536
17 0 35
17 0 vlo 2560 1504 0
13 0 2560 1488 2560 1504
13 0 2608 1744 2608 1696
13 2 2608 1696 2608 1744
13 2 2608 1744 2608 1760
13 0 2656 1696 2704 1696
13 2 2656 1696 2704 1696
13 2 2608 1696 2656 1696
13 0 2640 1488 2608 1488
13 0 2608 1488 2608 1696
13 0 2640 1488 2704 1488
13 0 2704 1488 2704 1696
13 2 2368 1632 2400 1632
13 2 2624 1632 2640 1632
13 2 2368 1664 2400 1664
17 0 41
17 0 fd1s3ax 2400 1584 0
13 0 2368 1632 2400 1632
13 0 2624 1632 2640 1632
13 0 2384 1664 2400 1664
13 0 2368 1664 2384 1664
13 2 2608 1488 2608 1696
13 0 2656 1488 2704 1488
13 2 2656 1488 2704 1488
13 2 2640 1488 2656 1488
13 0 2592 1488 2640 1488
13 2 2592 1488 2640 1488
13 2 2560 1488 2592 1488
13 2 2704 1696 2736 1696
13 2 2704 1632 2704 1696
13 0 2704 1488 2560 1488
13 0 2704 1600 2704 1488
13 2 2704 1488 2704 1600
13 2 2704 1600 2704 1632
13 0 2672 1600 2672 1632
13 0 2672 1632 2704 1632
13 0 2672 1600 2672 1488
13 0 2672 1488 2704 1488
13 0 2688 1488 2704 1488
13 2 2688 1488 2704 1488
13 2 2672 1488 2688 1488
13 0 2688 1488 2672 1488
13 0 2688 1488 2704 1488
13 0 2688 1488 2704 1488
13 2 2688 1488 2704 1488
13 2 2672 1488 2688 1488
13 0 2640 1600 2640 1408
13 2 2640 1408 2640 1600
13 2 2640 1600 2640 1632
13 0 2624 1600 2624 1632
13 0 2624 1632 2640 1632
13 0 2624 1600 2624 1408
13 0 2624 1408 2640 1408
13 2 2640 1280 2640 1296
13 2 2640 1392 2640 1408
17 0 3
17 0 inv 2576 1408 3
13 0 2624 1312 2640 1312
13 0 2640 1280 2640 1312
13 0 2624 1408 2640 1408
13 2 2640 1280 2640 1312
13 7 2640 1280
13 8 2640 1280 0
13 0 2624 1280 2624 1312
13 0 2624 1312 2640 1312
13 5 2624 1280 Q1
13 8 2640 1280 2
13 8 2624 1280 2
13 2 2624 1312 2640 1312
13 2 2624 1408 2640 1408
13 0 2576 1312 2576 944
13 2 2576 944 2576 1312
13 2 2576 1312 2576 1424
13 0 2560 1312 2560 1424
13 0 2560 1424 2576 1424
13 0 2560 1312 2560 944
13 0 2560 944 2576 944
13 2 2560 1424 2576 1424
13 2 2624 1632 2640 1632
13 0 960 1072 960 992
13 2 960 992 960 1072
13 2 960 1072 960 1184
13 0 976 1072 976 1184
13 0 976 1184 960 1184
13 0 976 1072 976 992
13 0 976 992 960 992
13 2 960 992 976 992
13 0 944 912 944 1472
13 0 944 1472 1040 1472
13 0 1040 1472 1040 1984
13 0 1040 1984 2608 1984
13 0 2608 1984 2608 1696
13 0 2608 1696 2736 1696
13 0 2736 1696 2736 1712
13 2 2736 1696 2736 1712
17 0 33
13 0 1872 1664 1872 1984
13 0 1024 1744 1024 1680
13 2 1024 1680 1024 1744
13 2 1024 1744 1024 1856
13 0 1008 1744 1008 1856
13 0 1008 1856 1024 1856
13 0 1008 1744 1008 1680
13 0 1008 1680 1024 1680
17 0 29
13 0 2784 1328 2880 1328
13 0 2880 1328 2880 1360
17 0 vlo 2880 1360 0
13 2 2720 1328 2880 1328
13 2 2880 1328 2880 1360
13 0 2784 1328 2784 1360
13 0 2784 1360 2880 1360
13 0 2784 1328 2720 1328
13 2 2784 1360 2880 1360
17 0 29
17 0 vlo 2816 1360 0
13 0 2800 1360 2816 1360
13 0 2784 1360 2800 1360
13 0 2784 1344 2784 1328
13 2 2784 1328 2784 1344
13 2 2784 1344 2784 1360
13 0 2816 1344 2816 1360
13 0 2816 1360 2784 1360
13 0 2816 1344 2816 1328
13 0 2816 1328 2784 1328
13 0 2800 1360 2816 1360
13 2 2800 1360 2816 1360
13 2 2784 1360 2800 1360
17 0 8
13 2 1872 496 1904 496
13 0 1904 560 1904 496
13 2 1904 496 1904 560
13 2 1904 560 1904 848
13 0 1904 848 1904 624
13 0 1904 624 1904 592
17 0 vhi 1840 512 0
17 0 6
13 0 1072 608 1072 512
13 0 1072 512 1056 512
17 0 vlo 1056 512 0
