10 1 1
10 1 1
10 1 1
17 0 vhi 1760 1616 0
17 0 vhi 2576 1648 0
17 0 mux41 320 832 0
17 0 mux41 2752 1584 0
17 0 mux41 1120 832 0
17 0 mux41 1936 832 0
17 0 mux41 2736 832 0
17 0 mux41 1984 1552 0
17 0 mux41 1184 1520 0
17 0 mux41 400 1488 0
17 0 fd1s3ax 3168 1648 0
17 0 fd1s3ax 1552 896 0
17 0 fd1s3ax 2368 896 0
17 0 fd1s3ax 3152 896 0
17 0 fd1s3ax 720 896 0
17 0 fd1s3ax 2416 1616 0
17 0 fd1s3ax 1600 1584 0
17 0 fd1s3ax 800 1552 0
17 0 nd2 560 880 0
17 0 nd2 2992 1632 0
17 0 nd2 1360 880 0
17 0 nd2 2176 880 0
17 0 nd2 2960 880 0
17 0 nd2 2240 1600 0
17 0 nd2 1424 1568 0
17 0 nd2 624 1536 0
13 0 240 720 1792 720
13 0 1040 752 2608 752
13 0 208 784 960 784
13 0 1008 784 1840 784
13 0 1840 784 3392 784
13 0 288 880 320 880
13 0 1088 880 1120 880
13 0 1888 880 1936 880
13 0 2704 880 2736 880
13 0 240 912 320 912
13 0 1040 912 1120 912
13 0 1840 912 1936 912
13 0 2688 912 2736 912
13 0 512 928 560 928
13 0 1312 928 1360 928
13 0 2128 928 2176 928
13 0 2928 928 2960 928
13 0 112 944 208 944
13 0 240 944 320 944
13 0 704 944 720 944
13 0 944 944 960 944
13 0 1040 944 1120 944
13 0 1504 944 1552 944
13 0 1776 944 1792 944
13 0 1840 944 1936 944
13 0 2320 944 2368 944
13 0 2592 944 2608 944
13 0 2688 944 2736 944
13 0 3104 944 3152 944
13 0 3376 944 3392 944
13 0 512 960 560 960
13 0 1312 960 1360 960
13 0 2128 960 2176 960
13 0 2928 960 2960 960
13 0 208 976 320 976
13 0 704 976 720 976
13 0 1008 976 1120 976
13 0 1504 976 1552 976
13 0 1792 976 1936 976
13 0 2320 976 2368 976
13 0 2704 976 2736 976
13 0 3104 976 3152 976
13 0 240 1024 320 1024
13 0 1008 1024 1120 1024
13 0 1824 1024 1936 1024
13 0 2624 1024 2736 1024
13 0 2544 1040 2704 1040
13 0 224 1056 320 1056
13 0 1024 1056 1120 1056
13 0 1872 1056 1936 1056
13 0 2672 1056 2736 1056
13 0 176 1184 224 1184
13 0 224 1184 1024 1184
13 0 1024 1184 1872 1184
13 0 1872 1184 2672 1184
13 0 176 1216 240 1216
13 0 240 1216 1008 1216
13 0 1008 1216 1824 1216
13 0 1824 1216 2624 1216
13 0 176 1248 256 1248
13 0 256 1248 512 1248
13 0 512 1248 1312 1248
13 0 1312 1248 2128 1248
13 0 2128 1248 2928 1248
13 0 176 1280 272 1280
13 0 272 1280 704 1280
13 0 704 1280 1504 1280
13 0 1504 1280 2320 1280
13 0 2320 1280 3104 1280
13 0 288 1440 1104 1440
13 0 1104 1440 2656 1440
13 0 320 1456 1840 1456
13 0 1840 1456 2544 1456
13 0 1040 1472 1792 1472
13 0 1792 1472 2688 1472
13 0 1072 1488 1904 1488
13 0 1904 1488 3408 1488
13 0 368 1536 400 1536
13 0 320 1568 400 1568
13 0 1136 1568 1184 1568
13 0 592 1584 624 1584
13 0 320 1600 400 1600
13 0 768 1600 800 1600
13 0 1024 1600 1040 1600
13 0 1104 1600 1184 1600
13 0 1936 1600 1984 1600
13 0 592 1616 624 1616
13 0 1376 1616 1424 1616
13 0 288 1632 400 1632
13 0 768 1632 800 1632
13 0 1104 1632 1184 1632
13 0 1568 1632 1600 1632
13 0 1824 1632 1840 1632
13 0 1904 1632 1984 1632
13 0 2720 1632 2752 1632
13 0 1376 1648 1424 1648
13 0 2176 1648 2240 1648
13 0 1072 1664 1184 1664
13 0 1568 1664 1600 1664
13 0 1904 1664 1984 1664
13 0 2384 1664 2416 1664
13 0 2640 1664 2656 1664
13 0 2720 1664 2752 1664
13 0 320 1680 400 1680
13 0 2192 1680 2240 1680
13 0 2944 1680 2992 1680
13 0 1824 1696 1984 1696
13 0 2384 1696 2416 1696
13 0 2688 1696 2752 1696
13 0 3136 1696 3168 1696
13 0 3392 1696 3408 1696
13 0 352 1712 400 1712
13 0 1040 1712 1184 1712
13 0 2960 1712 2992 1712
13 0 2640 1728 2720 1728
13 0 2720 1728 2752 1728
13 0 3136 1728 3168 1728
13 0 1088 1744 1184 1744
13 0 1840 1744 1984 1744
13 0 1888 1776 1984 1776
13 0 2656 1776 2752 1776
13 0 2704 1808 2752 1808
13 0 224 1856 352 1856
13 0 352 1856 1088 1856
13 0 1088 1856 1888 1856
13 0 1888 1856 2704 1856
13 0 240 1888 320 1888
13 0 320 1888 1040 1888
13 0 1040 1888 1840 1888
13 0 1840 1888 2656 1888
13 0 256 1920 592 1920
13 0 592 1920 1376 1920
13 0 1376 1920 2192 1920
13 0 2192 1920 2960 1920
13 0 272 1952 768 1952
13 0 768 1952 1568 1952
13 0 1568 1952 2384 1952
13 0 2384 1952 3136 1952
13 0 112 2000 2688 2000
13 0 112 944 112 2000
13 0 208 784 208 944
13 0 208 944 208 976
13 0 224 1056 224 1184
13 0 224 1184 224 1856
13 0 240 720 240 912
13 0 240 912 240 944
13 0 240 1024 240 1216
13 0 240 1216 240 1888
13 0 256 1248 256 1920
13 0 272 1280 272 1952
13 0 288 640 288 880
13 0 288 1440 288 1632
13 0 320 1456 320 1568
13 0 320 1568 320 1600
13 0 320 1680 320 1888
13 0 352 1712 352 1856
13 0 368 1408 368 1536
13 0 512 960 512 1248
13 0 592 1616 592 1920
13 0 704 976 704 1280
13 0 768 1632 768 1952
13 0 960 640 960 784
13 0 960 784 960 944
13 0 1008 784 1008 976
13 0 1008 1024 1008 1216
13 0 1024 1056 1024 1184
13 0 1040 752 1040 912
13 0 1040 912 1040 944
13 0 1040 1408 1040 1472
13 0 1040 1472 1040 1600
13 0 1040 1712 1040 1888
13 0 1072 1488 1072 1664
13 0 1088 640 1088 880
13 0 1088 1744 1088 1856
13 0 1104 1440 1104 1600
13 0 1104 1600 1104 1632
13 0 1136 1408 1136 1568
13 0 1312 960 1312 1248
13 0 1376 1648 1376 1920
13 0 1504 976 1504 1280
13 0 1568 1664 1568 1952
13 0 1792 640 1792 720
13 0 1792 720 1792 944
13 0 1792 976 1792 1472
13 0 1824 1024 1824 1216
13 0 1840 784 1840 912
13 0 1840 912 1840 944
13 0 1840 1408 1840 1456
13 0 1840 1456 1840 1632
13 0 1840 1744 1840 1888
13 0 1872 1056 1872 1184
13 0 1888 640 1888 880
13 0 1888 1776 1888 1856
13 0 1904 1488 1904 1632
13 0 1904 1632 1904 1664
13 0 1936 1408 1936 1600
13 0 2128 960 2128 1248
13 0 2192 1680 2192 1920
13 0 2320 976 2320 1280
13 0 2384 1696 2384 1952
13 0 2544 1040 2544 1456
13 0 2608 640 2608 752
13 0 2608 752 2608 944
13 0 2624 1024 2624 1216
13 0 2656 1408 2656 1440
13 0 2656 1440 2656 1664
13 0 2656 1776 2656 1888
13 0 2672 1056 2672 1184
13 0 2688 912 2688 944
13 0 2688 944 2688 1472
13 0 2688 1696 2688 2000
13 0 2704 640 2704 880
13 0 2704 976 2704 1040
13 0 2704 1808 2704 1856
13 0 2720 1408 2720 1632
13 0 2720 1664 2720 1728
13 0 2928 960 2928 1248
13 0 2960 1712 2960 1920
13 0 3104 976 3104 1280
13 0 3136 1728 3136 1952
13 0 3392 640 3392 784
13 0 3392 784 3392 944
13 0 3408 1408 3408 1488
13 0 3408 1488 3408 1696
13 5 176 1184 A0
13 5 176 1216 A1
13 5 176 1248 reset
13 5 176 1280 clock
13 5 288 640 x7
13 5 368 1408 x3
13 5 960 640 Q7
13 5 1040 1408 Q3
13 5 1088 640 x6
13 5 1136 1408 x2
13 5 1792 640 Q6
13 5 1840 1408 Q2
13 5 1888 640 x5
13 5 1936 1408 x1
13 5 2608 640 Q5
13 5 2656 1408 Q1
13 5 2704 640 x4
13 5 2720 1408 x0
13 5 3392 640 Q4
13 5 3408 1408 Q0
13 8 176 1184 1
13 8 176 1216 1
13 8 176 1248 1
13 8 176 1280 1
13 8 288 640 1
13 8 368 1408 1
13 8 960 640 2
13 8 1040 1408 2
13 8 1088 640 1
13 8 1136 1408 1
13 8 1792 640 2
13 8 1840 1408 2
13 8 1888 640 1
13 8 1936 1408 1
13 8 2608 640 2
13 8 2656 1408 2
13 8 2704 640 1
13 8 2720 1408 1
13 8 3392 640 2
13 8 3408 1408 2
13 0 240 1136 240 1024
13 2 240 1024 240 1136
13 2 240 1136 240 1216
13 0 224 1136 224 1056
13 2 224 1056 224 1136
13 2 224 1136 224 1184
13 2 224 1056 320 1056
13 0 240 1024 224 1024
13 0 224 1024 224 1184
13 0 320 1056 240 1056
13 0 240 1056 240 1216
13 0 1024 1152 1024 1056
13 2 1024 1056 1024 1152
13 2 1024 1152 1024 1184
13 0 1008 1152 1008 1024
13 2 1008 1024 1008 1152
13 2 1008 1152 1008 1216
13 0 1040 1056 1120 1056
13 2 1040 1056 1120 1056
13 2 1024 1056 1040 1056
13 0 1040 1024 1120 1024
13 2 1040 1024 1120 1024
13 2 1008 1024 1040 1024
13 0 1872 1024 1936 1024
13 2 1872 1024 1936 1024
13 2 1824 1024 1872 1024
13 0 1888 1056 1936 1056
13 2 1888 1056 1936 1056
13 2 1872 1056 1888 1056
13 0 1872 1088 1872 1056
13 2 1872 1056 1872 1088
13 2 1872 1088 1872 1184
13 0 1824 1120 1824 1024
13 2 1824 1024 1824 1120
13 2 1824 1120 1824 1216
13 0 2672 1152 2672 1056
13 2 2672 1056 2672 1152
13 2 2672 1152 2672 1184
13 0 2704 1056 2736 1056
13 2 2704 1056 2736 1056
13 2 2672 1056 2704 1056
13 0 2656 1024 2736 1024
13 2 2656 1024 2736 1024
13 2 2624 1024 2656 1024
13 0 2624 1104 2624 1024
13 2 2624 1024 2624 1104
13 2 2624 1104 2624 1216
13 0 2736 1024 2608 1024
13 0 2608 1024 2608 1184
13 0 2736 1056 2624 1056
13 0 2624 1056 2624 1216
13 0 2656 1184 2672 1184
13 2 2656 1184 2672 1184
13 2 2608 1184 2656 1184
13 0 1936 1024 1840 1024
13 0 1840 1024 1840 1184
13 0 1840 1184 1824 1184
13 0 1936 1056 1872 1056
13 0 1872 1056 1872 1216
13 0 1120 1056 1056 1056
13 0 1056 1056 1056 1216
13 0 1120 1024 992 1024
13 0 992 1024 992 1184
13 0 2704 1840 2704 1808
13 2 2704 1808 2704 1840
13 2 2704 1840 2704 1856
13 0 2720 1808 2752 1808
13 2 2720 1808 2752 1808
13 2 2704 1808 2720 1808
13 0 2704 1776 2752 1776
13 2 2704 1776 2752 1776
13 2 2656 1776 2704 1776
13 0 2656 1808 2656 1776
13 2 2656 1776 2656 1808
13 2 2656 1808 2656 1888
13 0 1888 1808 1888 1776
13 2 1888 1776 1888 1808
13 2 1888 1808 1888 1856
13 0 1904 1776 1984 1776
13 2 1904 1776 1984 1776
13 2 1888 1776 1904 1776
13 0 1888 1744 1984 1744
13 2 1888 1744 1984 1744
13 2 1840 1744 1888 1744
13 0 1840 1792 1840 1744
13 2 1840 1744 1840 1792
13 2 1840 1792 1840 1888
13 0 1088 1792 1088 1744
13 2 1088 1744 1088 1792
13 2 1088 1792 1088 1856
13 0 1120 1744 1184 1744
13 2 1120 1744 1184 1744
13 2 1088 1744 1120 1744
13 0 1072 1712 1184 1712
13 2 1072 1712 1184 1712
13 2 1040 1712 1072 1712
13 0 1040 1760 1040 1712
13 2 1040 1712 1040 1760
13 2 1040 1760 1040 1888
13 0 352 1808 352 1712
13 2 352 1712 352 1808
13 2 352 1808 352 1856
13 0 320 1808 320 1680
13 2 320 1680 320 1808
13 2 320 1808 320 1888
13 0 352 1680 400 1680
13 2 352 1680 400 1680
13 2 320 1680 352 1680
13 0 368 1712 400 1712
13 2 368 1712 400 1712
13 2 352 1712 368 1712
13 0 400 1712 368 1712
13 0 368 1712 368 1888
13 0 400 1680 336 1680
13 0 336 1680 336 1856
13 0 1184 1744 1136 1744
13 0 1136 1744 1136 1888
13 0 1184 1712 1088 1712
13 0 1088 1712 1088 1856
13 0 1984 1744 1904 1744
13 0 1904 1744 1904 1856
13 0 1984 1776 1952 1776
13 0 1952 1776 1952 1888
13 0 2752 1808 2704 1808
13 2 1904 1856 2704 1856
13 0 1904 1856 2656 1856
13 0 2656 1856 2656 1776
13 0 2656 1776 2752 1776
13 0 2704 1808 2704 1888
13 0 2704 1888 2656 1888
13 0 3408 1440 3408 1408
13 2 3408 1408 3408 1440
13 2 3408 1440 3408 1488
13 7 3408 1408
13 8 3408 1408 0
13 5 3408 1360 Q0
13 8 3408 1408 2
13 8 3408 1360 2
17 0 inv 3296 1392 0
17 0 27
17 0 inv 3360 1488 3
13 7 3408 1360
13 8 3408 1360 0
13 5 3408 1392 Q0
13 5 3408 1360 Q0
13 8 3408 1360 2
13 2 1904 1488 3408 1488
13 2 3408 1488 3408 1696
17 0 27
17 0 inv 3360 1456 3
17 0 inv 3360 1488 3
17 0 27
17 0 inv 3360 1488 3
13 0 3408 1488 3408 1696
13 0 1904 1488 3408 1488
13 2 1904 1488 3408 1488
13 2 3408 1488 3408 1696
17 0 27
17 0 inv 3360 1440 3
13 0 3376 1440 3408 1440
13 0 3376 1440 3376 1488
13 0 1904 1488 3376 1488
13 0 3408 1440 3408 1696
13 2 3376 1440 3408 1440
13 2 3376 1440 3376 1488
13 2 3408 1440 3408 1696
13 7 3408 1360
13 8 3408 1360 0
13 7 3408 1360
17 0 27
17 0 inv 3360 1456 3
13 0 3376 1456 3408 1456
13 0 3376 1456 3376 1488
13 0 3408 1472 3408 1456
13 0 3408 1472 3408 1696
13 5 3408 1376 Q0
13 5 3408 1376 Q0
13 8 3408 1360 2
13 8 3408 1360 2
13 8 3408 1376 2
13 8 3408 1376 2
13 2 3376 1456 3408 1456
13 2 3376 1456 3376 1488
13 2 3408 1456 3408 1696
13 7 3408 1376
13 8 3408 1376 0
13 7 3408 1376
17 0 27
17 0 inv 3360 1488 3
13 0 3376 1488 3408 1488
13 0 3408 1504 3408 1488
13 0 3408 1504 3408 1696
13 5 3408 1408 Q0
13 5 3408 1408 Q0
13 8 3408 1376 2
13 8 3408 1376 2
13 8 3408 1408 2
13 8 3408 1408 2
13 0 3408 1504 3408 1696
13 2 3408 1504 3408 1696
13 2 3408 1488 3408 1504
13 0 3376 1488 3408 1488
13 2 3376 1488 3408 1488
13 7 3408 1408
13 8 3408 1408 0
17 0 27
17 0 inv 3360 1456 3
13 0 3408 1456 3408 1696
13 0 3376 1456 3376 1488
13 0 3376 1456 3408 1456
13 5 3408 1376 Q0
13 8 3408 1408 2
13 8 3408 1408 2
13 8 3408 1376 2
13 8 3408 1376 2
13 8 3408 1376 2
13 8 3408 1376 2
13 0 3408 1472 3408 1696
13 2 3408 1472 3408 1696
13 2 3408 1456 3408 1472
13 2 3376 1456 3376 1488
13 2 3376 1456 3408 1456
13 7 3408 1376
13 8 3408 1376 0
17 0 27
17 0 inv 3360 1440 3
13 0 3408 1440 3408 1696
13 0 3376 1440 3376 1488
13 0 3376 1440 3408 1440
13 5 3408 1360 Q0
13 8 3408 1376 2
13 8 3408 1376 2
13 8 3408 1360 2
13 8 3408 1360 2
13 8 3408 1360 2
13 8 3408 1360 2
13 2 3408 1440 3408 1696
13 2 1904 1488 3376 1488
13 2 3376 1440 3376 1488
13 2 3376 1440 3408 1440
17 0 27
17 0 inv 3360 1488 3
13 0 3408 1488 3408 1696
13 0 1904 1488 3408 1488
17 0 27
13 7 3408 1360
13 8 3408 1360 0
13 5 3360 1312 Q0
13 8 3408 1360 2
13 8 3360 1312 2
17 0 inv 3360 1456 3
13 7 3360 1312
13 8 3360 1312 0
13 5 3360 1360 Q0
13 8 3360 1312 2
13 8 3360 1360 2
13 7 3360 1360
13 8 3360 1360 0
13 5 3408 1360 Q0
13 5 3360 1360 Q0
13 8 3360 1360 2
13 7 3360 1360
13 8 3360 1360 0
13 5 3424 1360 Q0
13 8 3360 1360 2
13 8 3424 1360 2
13 7 3424 1360
13 8 3424 1360 0
17 0 27
17 0 inv 3376 1456 3
13 5 3440 1360 Q0
13 8 3424 1360 2
13 8 3440 1360 2
13 7 3440 1360
13 8 3440 1360 0
17 0 27
17 0 inv 3392 1456 3
13 5 3456 1360 Q0
13 8 3440 1360 2
13 8 3456 1360 2
13 7 3456 1360
13 8 3456 1360 0
17 0 27
17 0 inv 3360 1456 3
13 5 3424 1360 Q0
13 8 3456 1360 2
13 8 3424 1360 2
13 7 3424 1360
13 8 3424 1360 0
17 0 27
17 0 inv 3392 1456 3
13 5 3456 1360 Q0
13 8 3424 1360 2
13 8 3456 1360 2
13 8 3456 1360 2
13 7 3456 1360
13 8 3456 1360 0
17 0 27
17 0 inv 3376 1456 3
13 5 3440 1360 Q0
13 8 3456 1360 2
13 8 3440 1360 2
13 8 3440 1360 2
13 7 3440 1360
13 8 3440 1360 0
17 0 27
17 0 inv 3360 1456 3
13 5 3424 1360 Q0
13 8 3440 1360 2
13 8 3424 1360 2
13 8 3424 1360 2
13 7 3424 1360
13 8 3424 1360 0
13 5 3360 1360 Q0
13 8 3424 1360 2
13 8 3360 1360 2
13 8 3360 1360 2
17 0 27
17 0 inv 3360 1456 3
13 7 3360 1360
13 8 3360 1360 0
13 5 3376 1296 Q0
13 8 3360 1360 2
13 8 3376 1296 2
13 0 3408 1488 3408 1456
13 7 3376 1296
13 8 3376 1296 0
13 5 3408 1296 Q0
13 8 3376 1296 2
13 8 3408 1296 2
13 0 3408 1360 3408 1296
13 2 2720 1408 2720 1632
13 7 2720 1408
13 8 2720 1408 0
13 8 2720 1408 0
13 0 2720 1632 2720 1440
17 0 vlo 2768 1424 0
13 0 2720 1440 2720 1424
13 0 2720 1424 2768 1424
13 0 1936 1536 1936 1408
13 2 1936 1408 1936 1536
13 2 1936 1536 1936 1600
13 7 1936 1408
13 8 1936 1408 0
13 0 1936 1600 1936 1408
17 0 vhi 1872 1328 0
13 0 2656 1536 2656 1440
13 2 2656 1440 2656 1536
13 2 2656 1536 2656 1664
13 0 2656 1424 2656 1408
13 2 2656 1408 2656 1424
13 2 2656 1424 2656 1440
13 0 2656 1664 2656 1440
13 7 2656 1408
13 8 2656 1408 0
13 5 2656 1344 Q1
13 8 2656 1408 2
13 8 2656 1344 2
17 0 inv 2608 1440 3
13 0 2656 1440 2656 1408
17 0 inv 2608 1408 3
13 0 2688 1328 2688 944
13 2 2688 944 2688 1328
13 2 2688 1328 2688 1472
13 0 2704 1328 2704 1472
13 0 2704 1472 2688 1472
13 0 2704 1328 2704 944
13 0 2704 944 2704 1040
13 0 2704 1040 2704 1328
13 2 2704 944 2704 976
13 0 2704 1472 2688 1472
13 2 2688 1472 2704 1472
13 2 2704 1328 2704 1472
13 0 2688 1328 2688 1472
13 0 2688 944 2688 1328
13 2 2656 1408 2656 1440
13 7 2656 1344
13 8 2656 1344 0
13 7 2656 1344
17 0 30
17 0 inv 2624 1408 3
13 0 2672 1408 2656 1408
13 0 2656 1408 2656 1440
13 5 2672 1344 Q1
13 5 2672 1344 Q1
13 8 2656 1344 2
13 8 2656 1344 2
13 8 2672 1344 2
13 8 2672 1344 2
13 2 2656 1408 2672 1408
13 2 2656 1408 2656 1440
13 7 2672 1344
13 8 2672 1344 0
13 7 2672 1344
17 0 30
17 0 inv 2736 1408 3
13 0 2768 1408 2784 1408
13 0 2768 1408 2656 1408
13 0 2656 1408 2656 1440
13 5 2784 1344 Q1
13 5 2784 1344 Q1
13 8 2672 1344 2
13 8 2672 1344 2
13 8 2784 1344 2
13 8 2784 1344 2
13 2 2656 1408 2656 1440
13 0 2768 1408 2656 1408
13 2 2656 1408 2768 1408
13 2 2768 1408 2784 1408
13 7 2784 1344
13 8 2784 1344 0
17 0 30
17 0 inv 2624 1408 3
13 0 2656 1408 2656 1440
13 0 2656 1408 2672 1408
13 5 2672 1344 Q1
13 8 2784 1344 2
13 8 2784 1344 2
13 8 2672 1344 2
13 8 2672 1344 2
13 8 2672 1344 2
13 8 2672 1344 2
13 2 2656 1408 2656 1440
13 2 2656 1408 2672 1408
13 7 2672 1344
13 8 2672 1344 0
17 0 30
17 0 inv 2608 1408 3
13 0 2656 1408 2656 1440
13 5 2656 1344 Q1
13 8 2672 1344 2
13 8 2672 1344 2
13 8 2656 1344 2
13 8 2656 1344 2
13 8 2656 1344 2
13 8 2656 1344 2
17 0 30
13 7 2656 1344
13 8 2656 1344 0
13 5 2880 1344 Q1
13 8 2656 1344 2
13 8 2880 1344 2
17 0 inv 2608 1408 3
13 7 2880 1344
13 8 2880 1344 0
13 5 2656 1312 Q1
13 5 2880 1344 Q1
13 8 2880 1344 2
13 0 2640 1280 3104 1280
13 2 2640 1280 3104 1280
13 2 2320 1280 2640 1280
13 0 2640 1264 2320 1264
13 0 2320 1264 2320 1280
13 0 2640 1264 3104 1264
13 0 3104 1264 3104 1280
13 0 2256 1280 2320 1280
13 2 2256 1280 2320 1280
13 2 1504 1280 2256 1280
13 0 2256 1264 1504 1264
13 0 1504 1264 1504 1280
13 0 2256 1264 2320 1264
13 0 2320 1264 2320 1280
13 2 2320 1264 2320 1280
13 0 2656 1296 2656 1312
13 7 2880 1344
13 8 2880 1344 0
13 5 2656 1296 Q1
13 8 2880 1344 2
13 8 2656 1296 2
13 0 2592 1248 2928 1248
