10 1 1
10 1 1
10 1 1
17 0 mux41 480 640 0
17 0 mux41 784 640 0
17 0 mux41 1104 640 0
17 0 mux41 1456 640 0
17 0 mux41 1808 640 0
17 0 mux41 2128 640 0
17 0 mux41 2480 640 0
17 0 fd1s3ax 2496 992 0
17 0 fd1s3ax 2112 992 0
17 0 fd1s3ax 1792 976 0
17 0 fd1s3ax 1440 976 0
17 0 fd1s3ax 1088 944 0
17 0 fd1s3ax 752 944 0
17 0 fd1s3ax 432 944 0
17 0 nd2 480 1136 0
17 0 nd2 784 1136 0
17 0 nd2 1152 1136 0
17 0 nd2 1488 1152 0
17 0 nd2 1824 1168 0
17 0 nd2 2160 1152 0
17 0 nd2 2560 1152 0
17 0 1
17 0 mux41 496 416 0
17 0 2
17 0 mux41 944 384 0
17 0 3
17 0 mux41 1712 336 0
17 0 4
17 0 mux41 2224 352 0
17 0 5
17 0 mux41 688 1328 0
17 0 6
17 0 mux41 1360 1344 0
17 0 7
17 0 mux41 2368 1376 0
17 0 nd2 2848 1168 0
17 0 fd1s3ax 2848 992 0
17 0 mux41 1888 1360 0
17 0 2
17 0 mux41 1248 512 0
17 0 1
17 0 mux41 752 480 0
17 0 2
17 0 mux41 1472 480 0
17 0 3
17 0 mux41 2000 480 0
17 0 4
17 0 mux41 2640 496 0
17 0 3
17 0 mux41 2080 480 0
17 0 4
17 0 mux41 2720 480 0
17 0 15
17 0 nd2 1024 528 0
17 0 14
17 0 fd1s3ax 1216 544 0
17 0 1
17 0 mux41 704 480 0
17 0 15
17 0 nd2 976 528 0
17 0 14
17 0 fd1s3ax 1184 544 0
17 0 2
17 0 mux41 1504 480 0
17 0 3
17 0 mux41 2176 496 0
17 0 4
17 0 mux41 2848 496 0
17 0 16
17 0 nd2 1760 528 0
17 0 13
17 0 fd1s3ax 1952 544 0
17 0 3
17 0 mux41 2272 512 0
17 0 4
17 0 mux41 2960 512 0
17 0 17
17 0 nd2 2544 560 0
17 0 12
17 0 fd1s3ax 2736 576 0
17 0 fd1s3ax 1088 944 0
17 0 12
17 0 fd1s3ax 1088 944 0
17 0 4
17 0 mux41 3136 528 0
17 0 12
17 0 fd1s3ax 2752 576 0
17 0 4
17 0 mux41 3056 544 0
17 0 1
17 0 mux41 624 480 0
17 0 15
17 0 nd2 896 528 0
17 0 14
17 0 fd1s3ax 1104 544 0
17 0 2
17 0 mux41 1408 512 0
17 0 16
17 0 nd2 1664 560 0
17 0 13
17 0 fd1s3ax 1856 576 0
17 0 3
17 0 mux41 2160 544 0
17 0 17
17 0 nd2 2416 592 0
17 0 12
17 0 fd1s3ax 2608 608 0
17 0 12
17 0 fd1s3ax 2624 608 0
17 0 4
17 0 mux41 2928 576 0
17 0 4
17 0 mux41 2944 576 0
17 0 5
17 0 mux41 624 1152 0
17 0 18
17 0 nd2 896 1200 0
17 0 11
17 0 fd1s3ax 1104 1216 0
17 0 6
17 0 mux41 1408 1184 0
17 0 19
17 0 nd2 1664 1232 0
17 0 19
17 0 nd2 1664 1232 0
17 0 24
17 0 mux41 2880 1488 0
17 0 10
17 0 fd1s3ax 1872 1248 0
17 0 20
17 0 nd2 2688 1568 0
17 0 9
17 0 fd1s3ax 1808 928 0
17 0 7
17 0 mux41 2176 1216 0
17 0 20
17 0 nd2 2432 1264 0
17 0 9
17 0 fd1s3ax 2640 1280 0
17 0 22
17 0 nd2 2240 960 0
17 0 21
17 0 nd2 2352 832 0
17 0 8
17 0 fd1s3ax 2496 960 0
17 0 23
17 0 fd1s3ax 2784 944 0
17 0 1
17 0 mux41 544 480 0
17 0 15
17 0 nd2 800 528 0
17 0 14
17 0 fd1s3ax 992 544 0
17 0 2
17 0 mux41 1264 512 0
17 0 2
17 0 mux41 1264 512 0
17 0 16
17 0 nd2 1504 560 0
17 0 13
17 0 fd1s3ax 1680 576 0
17 0 13
17 0 fd1s3ax 1696 576 0
17 0 3
17 0 mux41 1968 544 0
17 0 17
17 0 nd2 2208 592 0
17 0 12
17 0 fd1s3ax 2400 608 0
17 0 4
17 0 mux41 2672 576 0
17 0 21
17 0 nd2 2912 624 0
17 0 8
17 0 fd1s3ax 3088 640 0
17 0 5
17 0 mux41 544 1152 0
17 0 18
17 0 nd2 800 1200 0
17 0 11
17 0 fd1s3ax 976 1216 0
17 0 11
17 0 fd1s3ax 992 1216 0
17 0 6
17 0 mux41 1264 1184 0
17 0 19
17 0 nd2 1504 1232 0
17 0 10
17 0 fd1s3ax 1696 1248 0
17 0 7
17 0 mux41 1968 1216 0
17 0 20
17 0 nd2 2208 1264 0
17 0 8
17 0 fd1s3ax 3184 656 0
17 0 21
17 0 nd2 3024 624 0
17 0 4
17 0 mux41 2832 576 0
17 0 mux41 2672 576 0
17 0 4
17 0 mux41 2672 576 0
17 0 12
17 0 fd1s3ax 2448 608 0
17 0 fd1s3ax 2400 608 0
17 0 12
17 0 fd1s3ax 2400 608 0
17 0 1
17 0 mux41 304 480 0
17 0 15
17 0 nd2 544 528 0
17 0 14
17 0 fd1s3ax 736 544 0
17 0 2
17 0 mux41 1104 512 0
17 0 16
17 0 nd2 1344 560 0
17 0 13
17 0 fd1s3ax 1536 576 0
17 0 3
17 0 mux41 1920 544 0
17 0 17
17 0 nd2 2160 592 0
17 0 12
17 0 fd1s3ax 2352 608 0
17 0 4
17 0 mux41 2720 576 0
17 0 21
17 0 nd2 2944 624 0
17 0 8
17 0 fd1s3ax 3120 640 0
17 0 5
17 0 mux41 304 1136 0
17 0 18
17 0 nd2 544 1184 0
17 0 11
17 0 fd1s3ax 736 1200 0
17 0 6
17 0 mux41 1104 1168 0
17 0 6
17 0 mux41 1120 1168 0
17 0 19
17 0 nd2 1360 1216 0
17 0 10
17 0 fd1s3ax 1552 1232 0
17 0 7
17 0 mux41 1920 1200 0
17 0 20
17 0 nd2 2160 1248 0
17 0 9
17 0 fd1s3ax 2352 1264 0
17 0 24
17 0 mux41 2736 1232 0
17 0 22
17 0 nd2 2976 1280 0
17 0 23
17 0 fd1s3ax 3152 1296 0
13 0 3376 1344 3408 1344
13 0 3408 1344 3408 1120
13 0 3408 1120 3408 1040
13 0 3120 688 3088 688
13 0 3120 720 3088 720
13 0 3088 720 3088 880
13 0 3088 880 3088 896
13 0 3088 896 176 896
13 0 2944 704 2928 704
13 0 2928 704 2912 704
13 0 2912 704 2912 864
13 0 2912 864 176 864
13 0 2912 672 2944 672
13 0 2720 800 2656 800
13 0 2656 800 2656 848
13 0 2656 848 176 848
13 0 2832 864 2912 864
13 2 2832 864 2912 864
13 2 176 864 2832 864
13 0 2832 880 176 880
13 0 176 880 176 864
13 0 2832 880 2912 880
13 0 2912 880 2912 864
13 2 176 864 176 880
13 0 2784 896 3088 896
13 2 2784 896 3088 896
13 2 176 896 2784 896
13 0 2784 912 176 912
13 0 176 912 176 896
13 0 2784 912 3088 912
13 0 3088 912 3088 896
13 2 176 896 176 912
13 0 2032 912 3088 912
13 2 2032 912 3088 912
13 2 176 912 2032 912
13 0 2032 928 176 928
13 0 176 928 176 912
13 0 2032 928 3088 928
13 0 3088 928 3088 912
13 0 2032 880 2912 880
13 2 2032 880 2912 880
13 2 176 880 2032 880
13 0 2032 896 176 896
13 0 176 896 176 880
13 0 2032 896 2912 896
13 0 2912 896 2912 880
13 0 2032 848 2656 848
13 2 2032 848 2656 848
13 2 176 848 2032 848
13 0 2032 864 176 864
13 0 176 864 176 848
13 0 2032 864 2656 864
13 0 2656 864 2656 848
13 2 176 912 176 928
13 2 176 880 176 896
13 2 176 848 176 864
13 0 2720 768 2608 768
13 0 2608 768 2608 832
13 0 2608 832 176 832
13 0 2352 688 2304 688
13 0 2304 688 2304 928
13 0 2160 672 2112 672
13 0 2112 672 2112 896
13 0 2352 656 2304 656
13 0 2160 640 2112 640
17 0 2
17 0 mux41 1104 480 0
17 0 16
17 0 nd2 1344 528 0
17 0 13
17 0 fd1s3ax 1536 544 0
13 2 2112 640 2160 640
17 0 3
17 0 mux41 1920 480 0
13 0 2112 576 2112 640
13 0 2112 640 2160 640
13 2 2112 640 2160 640
13 2 2304 656 2352 656
13 2 2112 672 2160 672
17 0 17
17 0 nd2 2160 528 0
13 0 2144 576 2160 576
13 0 2144 576 2144 640
13 0 2112 640 2144 640
13 0 2304 592 2304 656
13 0 2304 656 2352 656
13 0 2160 608 2160 672
13 0 2112 672 2160 672
13 0 2128 640 2144 640
13 2 2128 640 2144 640
13 2 2112 640 2128 640
13 0 2128 576 2112 576
13 0 2112 576 2112 640
13 0 2128 576 2144 576
13 0 2144 576 2144 640
13 0 2112 624 2112 576
13 2 2112 576 2112 624
13 2 2112 624 2112 640
13 0 2112 624 2112 640
13 0 2112 624 2112 576
13 0 2112 624 2112 576
13 2 2112 576 2112 624
13 2 2112 624 2112 640
13 0 2144 624 2144 576
13 2 2144 576 2144 624
13 2 2144 624 2144 640
13 0 2144 672 2160 672
13 2 2144 672 2160 672
13 2 2112 672 2144 672
13 0 2144 608 2112 608
13 0 2112 608 2112 672
13 0 2144 608 2160 608
13 0 2160 608 2160 672
13 0 2160 640 2160 608
13 2 2160 608 2160 640
13 2 2160 640 2160 672
13 2 2304 656 2352 656
13 2 2304 688 2352 688
17 0 12
17 0 fd1s3ax 2352 544 0
13 0 2336 592 2352 592
13 0 2336 592 2336 656
13 0 2304 656 2336 656
13 0 2352 624 2352 688
13 0 2304 688 2352 688
13 2 2304 656 2336 656
13 2 2336 592 2336 656
13 0 2336 592 2304 592
13 0 2304 592 2304 656
13 0 2304 624 2304 592
13 2 2304 592 2304 624
13 2 2304 624 2304 656
13 0 2304 624 2304 656
13 0 2304 624 2304 592
13 0 2304 624 2304 592
13 2 2304 592 2304 624
13 2 2304 624 2304 656
13 2 2304 688 2352 688
13 2 2352 624 2352 688
13 0 2336 624 2352 624
13 0 2336 624 2304 624
13 0 2304 624 2304 688
13 2 2912 672 2944 672
13 2 2608 768 2720 768
13 2 2656 800 2720 800
17 0 4
17 0 mux41 2720 480 0
13 0 2912 576 2912 672
13 0 2912 672 2944 672
13 0 2704 672 2720 672
13 0 2704 672 2704 768
13 0 2608 768 2704 768
13 0 2720 704 2720 800
13 0 2656 800 2720 800
13 0 2688 768 2704 768
13 2 2688 768 2704 768
13 2 2608 768 2688 768
13 0 2688 672 2608 672
13 0 2608 672 2608 768
13 0 2688 672 2704 672
13 0 2704 672 2704 768
13 0 2704 720 2704 672
13 2 2704 672 2704 720
13 2 2704 720 2704 768
13 0 2704 800 2720 800
13 2 2704 800 2720 800
13 2 2656 800 2704 800
13 0 2720 704 2656 704
13 0 2656 704 2656 800
13 0 2720 704 2720 800
13 0 2720 752 2720 704
13 2 2720 704 2720 752
13 2 2720 752 2720 800
13 2 2912 672 2944 672
13 2 3088 688 3120 688
13 2 2912 704 2944 704
17 0 21
17 0 nd2 2944 528 0
13 0 2928 576 2944 576
13 0 2928 576 2928 672
13 0 2912 672 2928 672
13 0 3088 592 3088 688
13 0 3088 688 3120 688
13 0 2944 608 2944 704
13 0 2912 704 2944 704
13 2 2912 672 2928 672
13 2 2912 576 2912 672
13 0 2928 592 2928 576
13 0 2928 576 2912 576
13 0 2928 592 2928 672
13 0 2928 640 2928 576
13 2 2928 576 2928 640
13 2 2928 640 2928 672
13 2 2912 704 2944 704
13 2 2944 608 2944 704
13 0 2944 608 2912 608
13 0 2912 608 2912 704
13 2 3088 688 3120 688
13 2 3088 720 3120 720
17 0 8
17 0 fd1s3ax 3136 544 0
13 0 3120 592 3136 592
13 0 3120 592 3120 688
13 0 3088 688 3120 688
13 0 3136 624 3136 720
13 0 3088 720 3136 720
13 0 3104 688 3120 688
13 2 3104 688 3120 688
13 2 3088 688 3104 688
13 0 3104 592 3088 592
13 0 3088 592 3088 688
13 0 3104 592 3120 592
13 0 3120 592 3120 688
13 0 3088 640 3088 592
13 2 3088 592 3088 640
13 2 3088 640 3088 688
13 0 3120 656 3120 592
13 2 3120 592 3120 656
13 2 3120 656 3120 688
13 0 3120 720 3136 720
13 2 3120 720 3136 720
13 2 3088 720 3120 720
13 0 3120 624 3088 624
13 0 3088 624 3088 720
13 0 3120 624 3136 624
13 0 3136 624 3136 720
13 0 3136 656 3136 624
13 2 3136 624 3136 656
13 2 3136 656 3136 720
13 0 1920 704 1856 704
13 0 1856 704 1856 864
13 0 1920 672 1808 672
13 0 1808 672 1808 832
13 0 1536 624 1488 624
13 0 1488 624 1488 928
13 0 1344 608 1296 608
13 0 1296 608 1296 896
13 0 1104 704 1040 704
13 0 1040 704 1040 864
13 0 1104 672 992 672
13 0 992 672 992 832
13 0 736 624 688 624
13 0 688 624 688 928
13 0 544 608 496 608
13 0 496 608 496 896
13 0 304 704 272 704
13 0 272 704 272 864
13 0 304 672 224 672
13 0 224 672 224 832
13 0 2720 592 2576 592
13 0 1920 592 1760 592
13 0 1536 592 1488 592
13 0 1344 576 1296 576
13 0 1104 592 960 592
13 0 736 592 688 592
13 0 544 576 496 576
13 0 3360 592 3408 592
13 0 3408 592 3408 208
13 0 3408 1344 3408 1680
13 0 3408 1680 240 1680
13 0 240 1680 240 592
13 0 240 592 304 592
13 0 2736 1280 2704 1280
13 0 2704 1280 2704 1024
13 0 240 1376 240 592
13 2 240 592 240 1376
13 2 240 1376 240 1680
13 0 256 592 304 592
13 2 256 592 304 592
13 2 240 592 256 592
13 0 752 1680 3408 1680
13 2 752 1680 3408 1680
13 2 240 1680 752 1680
13 0 3120 1344 3152 1344
13 0 2976 1328 2928 1328
13 0 2736 1312 2672 1312
13 0 2672 1312 2672 1232
13 0 3408 1504 3408 1344
13 2 3408 1344 3408 1504
13 2 3408 1504 3408 1680
13 0 2576 1312 2624 1312
13 0 2624 1312 2624 1024
13 0 304 592 112 592
13 0 112 592 112 1792
13 0 112 1792 3408 1792
13 0 3408 1792 3408 1344
13 0 304 528 272 528
13 0 272 528 272 288
13 0 304 560 224 560
13 0 224 560 224 448
13 0 304 624 176 624
13 0 176 624 176 672
17 0 vlo 224 448 0
17 0 vlo 176 672 0
13 2 224 448 224 560
17 0 25
17 0 vlo 160 448 0
13 0 160 448 160 496
13 0 160 496 224 496
13 0 224 496 224 560
13 0 192 496 224 496
13 2 192 496 224 496
13 2 160 496 192 496
13 0 160 448 224 448
13 0 224 448 224 496
13 2 160 448 160 496
13 0 160 496 160 448
13 2 160 448 160 496
13 0 1104 528 1072 528
13 0 1072 528 1072 304
13 0 1072 304 1072 288
13 0 1056 592 1056 560
13 0 1056 560 1104 560
13 0 1104 624 960 624
17 0 vlo 960 624 0
13 2 688 592 736 592
13 2 960 592 1056 592
13 2 688 624 736 624
17 0 14
17 0 fd1s3ax 720 544 0
13 0 688 592 720 592
13 0 944 592 1056 592
13 0 704 624 720 624
13 0 688 624 704 624
13 2 688 592 720 592
13 2 944 592 1056 592
13 2 688 624 720 624
17 0 14
17 0 fd1s3ax 704 544 0
13 0 688 592 704 592
13 0 928 592 1056 592
13 0 688 624 704 624
13 2 960 624 1104 624
17 0 27
17 0 vlo 976 624 0
13 0 976 624 992 624
13 0 992 624 1104 624
13 0 1920 528 1872 528
13 0 1872 528 1872 288
13 0 1872 592 1872 560
13 0 1872 560 1920 560
13 0 944 592 944 288
13 0 1792 592 1776 592
13 0 1776 592 1776 288
13 5 272 288 x0
13 5 1072 288 x1
13 5 1888 288 x2
13 7 1888 288
13 5 1872 288 x2
13 5 944 288 Q0
13 5 1792 288 Q1
13 7 1792 288
13 5 1776 288 Q1
13 0 1920 624 1824 624
13 0 1824 624 1824 432
13 0 1824 432 944 432
13 0 2592 592 2592 288
13 0 2736 528 2688 528
13 0 2688 528 2720 528
13 0 2720 528 2736 528
13 2 2720 528 2736 528
13 2 2688 528 2720 528
13 2 2592 288 2592 592
13 0 2720 528 2688 528
13 0 2688 528 2688 288
13 0 2592 592 2592 288
13 0 2720 560 2688 560
13 0 2688 560 2688 592
13 0 2720 624 2640 624
13 0 2640 624 2640 432
13 2 2640 432 2640 624
13 0 2640 624 2640 432
13 0 2640 448 1776 448
13 0 1776 448 1776 464
13 2 2640 432 2640 448
13 5 2688 288 x3
13 5 2592 288 Q2
13 2 3408 208 3408 592
13 0 3408 288 3408 592
13 5 3408 288 Q3
13 0 3408 592 3408 960
13 0 3408 960 240 960
13 0 240 960 240 1248
13 0 240 1248 304 1248
13 0 240 1216 304 1216
13 0 304 1184 272 1184
13 0 272 1184 272 1040
13 0 2592 592 2592 992
13 0 2592 992 208 992
13 0 208 992 208 1280
13 0 208 1280 304 1280
13 2 2624 1024 2624 1312
13 0 2624 1056 2624 1312
13 2 2704 1024 2704 1280
13 0 2704 1056 2704 1280
13 5 272 1040 x4
13 0 112 944 112 592
13 2 112 592 112 944
13 2 112 944 112 1792
13 0 96 944 96 1792
13 0 96 1792 112 1792
13 0 96 944 96 592
13 0 96 592 112 592
13 0 176 928 176 1680
13 0 160 896 160 1680
13 0 176 896 160 896
13 0 176 864 144 864
13 0 144 864 144 1680
13 0 176 832 128 832
13 0 128 832 128 1680
13 0 3152 1376 3120 1376
13 0 3120 1376 3120 1600
13 0 3120 1600 736 1600
13 0 2976 1360 2944 1360
13 0 2944 1360 2944 1568
13 0 2944 1568 736 1568
13 0 2736 1456 2688 1456
13 0 2688 1456 2688 1536
13 0 2688 1536 736 1536
13 0 2736 1424 2640 1424
13 0 2640 1424 2640 1504
13 0 2640 1504 736 1504
13 0 2352 1344 2304 1344
13 0 2304 1344 2304 1600
13 0 2160 1328 2128 1328
13 0 2128 1328 2128 1568
13 0 1920 1424 1872 1424
13 0 1872 1424 1872 1536
13 0 1920 1392 1824 1392
13 0 1824 1392 1824 1504
13 0 1552 1312 1504 1312
13 0 1504 1312 1504 1600
13 0 1360 1296 1312 1296
13 0 1312 1296 1312 1568
13 0 1120 1392 1072 1392
13 0 1072 1392 1072 1536
13 0 1120 1360 1024 1360
13 0 1024 1360 1024 1504
13 0 736 1600 176 1600
13 0 736 1568 160 1568
13 0 736 1536 144 1536
13 0 736 1504 128 1504
13 0 3408 544 3408 288
13 2 3408 288 3408 544
13 2 3408 544 3408 592
13 0 3376 560 3376 592
13 0 3376 592 3408 592
13 0 3376 560 3376 288
13 0 3376 288 3408 288
13 0 3408 656 3408 592
13 2 3408 592 3408 656
13 2 3408 656 3408 960
13 0 3376 656 3376 960
13 0 3376 960 3408 960
13 0 3376 656 3376 592
13 0 3376 592 3408 592
13 2 3376 960 3408 960
13 2 3376 592 3408 592
13 2 3376 288 3408 288
13 7 3408 288
13 5 3376 288 Q3
13 8 3408 288 0
13 8 3376 288 0
13 0 496 1232 544 1232
13 0 736 1248 688 1248
13 0 1120 1216 1072 1216
13 0 1072 1216 1072 1040
13 0 960 1248 1120 1248
13 0 1120 1280 1072 1280
13 0 1072 1280 1072 1248
13 0 976 1248 976 1040
13 0 1024 960 1024 1312
13 0 1024 1312 1120 1312
13 5 976 1040 Q4
13 5 1072 1040 x5
13 0 1360 1264 1312 1264
13 0 1552 1280 1504 1280
13 0 1776 1280 1920 1280
13 0 1920 1248 1872 1248
13 0 1872 1248 1872 1040
13 0 1792 1280 1792 1040
13 0 1920 1312 1872 1312
13 0 1872 1312 1872 1280
13 0 1920 1344 1840 1344
13 0 1840 1344 1840 1136
13 0 1840 1136 976 1136
13 0 976 1136 976 1152
13 0 2160 1296 2112 1296
13 0 2352 1312 2304 1312
13 0 2672 1248 2672 1232
13 2 2672 1232 2672 1248
13 2 2672 1248 2672 1312
13 0 2672 1312 2624 1312
13 0 2736 1344 2704 1344
13 0 2704 1344 2704 1312
13 0 2736 1376 2608 1376
13 0 2608 1376 2608 1792
13 2 2304 1312 2352 1312
13 2 2576 1312 2624 1312
13 2 2304 1344 2352 1344
17 0 9
17 0 fd1s3ax 2384 1264 0
13 0 2304 1312 2384 1312
13 0 2608 1312 2624 1312
13 0 2368 1344 2384 1344
13 0 2304 1344 2368 1344
13 0 2624 1296 2624 1056
13 2 2624 1056 2624 1296
13 2 2624 1296 2624 1312
13 0 2640 1296 2640 1312
13 0 2640 1312 2624 1312
13 0 2640 1296 2640 1056
13 0 2640 1056 2624 1056
13 2 2624 1056 2640 1056
13 2 2304 1312 2384 1312
13 2 2608 1312 2640 1312
13 2 2304 1344 2384 1344
17 0 9
17 0 fd1s3ax 2400 1264 0
13 0 2304 1312 2400 1312
13 0 2624 1312 2640 1312
13 0 2384 1344 2400 1344
13 0 2304 1344 2384 1344
13 0 2304 1360 2304 1344
13 2 2304 1344 2304 1360
13 2 2304 1360 2304 1600
13 0 2368 1360 2368 1600
13 0 2368 1600 2304 1600
13 0 2368 1360 2368 1344
13 0 2368 1344 2304 1344
13 0 2320 1344 2368 1344
13 2 2320 1344 2368 1344
13 2 2304 1344 2320 1344
13 2 2112 1296 2160 1296
13 2 2304 1312 2400 1312
13 2 2128 1328 2160 1328
17 0 20
17 0 nd2 2224 1248 0
13 0 2112 1296 2224 1296
13 0 2368 1312 2400 1312
13 0 2208 1328 2224 1328
13 0 2128 1328 2208 1328
13 0 2128 1376 2128 1328
13 2 2128 1328 2128 1376
13 2 2128 1376 2128 1568
13 0 2176 1376 2176 1568
13 0 2176 1568 2128 1568
13 0 2176 1376 2176 1328
13 0 2176 1328 2128 1328
13 2 2128 1328 2176 1328
13 2 1872 1248 1920 1248
13 2 1872 1280 1920 1280
13 2 2112 1296 2224 1296
13 2 1872 1312 1920 1312
13 2 1840 1344 1920 1344
13 2 1824 1392 1920 1392
13 2 1872 1424 1920 1424
17 0 7
17 0 mux41 1968 1200 0
13 0 1872 1248 1968 1248
13 0 1952 1280 1968 1280
13 0 1872 1280 1952 1280
13 0 2160 1296 2224 1296
13 0 1936 1312 1968 1312
13 0 1872 1312 1936 1312
13 0 1920 1344 1968 1344
13 0 1840 1344 1920 1344
13 0 1904 1392 1968 1392
13 0 1824 1392 1904 1392
13 0 1888 1424 1968 1424
13 0 1872 1424 1888 1424
13 0 1872 1296 1872 1280
13 2 1872 1280 1872 1296
13 2 1872 1296 1872 1312
13 0 1920 1296 1920 1312
13 0 1920 1312 1872 1312
13 0 1920 1296 1920 1280
13 0 1920 1280 1872 1280
13 0 1888 1312 1920 1312
13 2 1888 1312 1920 1312
13 2 1872 1312 1888 1312
13 0 1872 1232 1872 1040
13 2 1872 1040 1872 1232
13 2 1872 1232 1872 1248
13 0 1920 1248 1872 1248
13 0 1920 1248 1920 1040
13 0 1920 1040 1872 1040
13 0 1888 1248 1920 1248
13 2 1888 1248 1920 1248
13 2 1872 1248 1888 1248
13 0 1888 1040 1920 1040
13 2 1888 1040 1920 1040
13 2 1872 1040 1888 1040
13 0 1840 1312 1840 1136
13 2 1840 1136 1840 1312
13 2 1840 1312 1840 1344
13 0 1872 1312 1872 1344
13 0 1872 1344 1840 1344
13 0 1872 1312 1872 1136
13 0 1872 1136 1840 1136
13 0 1856 1344 1872 1344
13 2 1856 1344 1872 1344
13 2 1840 1344 1856 1344
13 0 1792 1248 1792 1040
13 2 1792 1040 1792 1248
13 2 1792 1248 1792 1280
13 0 1824 1248 1824 1280
13 0 1824 1280 1792 1280
13 0 1824 1248 1824 1040
13 0 1824 1040 1792 1040
13 2 1792 1040 1824 1040
13 2 1504 1280 1552 1280
13 2 1776 1280 1824 1280
13 2 1504 1312 1552 1312
17 0 10
17 0 fd1s3ax 1584 1232 0
13 0 1504 1280 1584 1280
13 0 1808 1280 1824 1280
13 0 1568 1312 1584 1312
13 0 1504 1312 1568 1312
13 0 1504 1360 1504 1312
13 2 1504 1312 1504 1360
13 2 1504 1360 1504 1600
13 0 1552 1360 1552 1600
13 0 1552 1600 1504 1600
13 0 1552 1360 1552 1312
13 0 1552 1312 1504 1312
13 0 1520 1312 1552 1312
13 2 1520 1312 1552 1312
13 2 1504 1312 1520 1312
13 2 1312 1264 1360 1264
13 2 1504 1280 1584 1280
13 2 1312 1296 1360 1296
17 0 19
17 0 nd2 1424 1216 0
13 0 1312 1264 1424 1264
13 0 1568 1280 1584 1280
13 0 1408 1296 1424 1296
13 0 1312 1296 1408 1296
13 2 1312 1264 1424 1264
13 2 1568 1280 1584 1280
13 2 1312 1296 1424 1296
17 0 19
17 0 nd2 1408 1216 0
13 0 1312 1264 1408 1264
13 0 1552 1280 1584 1280
13 0 1392 1296 1408 1296
13 0 1312 1296 1392 1296
13 0 1312 1344 1312 1296
13 2 1312 1296 1312 1344
13 2 1312 1344 1312 1568
13 0 1376 1344 1376 1568
13 0 1376 1568 1312 1568
13 0 1376 1344 1376 1296
13 0 1376 1296 1312 1296
13 0 1376 1344 1376 1296
13 2 1376 1296 1376 1344
13 2 1376 1344 1376 1568
13 0 1360 1344 1360 1568
13 0 1360 1568 1376 1568
13 0 1360 1344 1360 1296
13 0 1360 1296 1376 1296
13 0 1328 1296 1360 1296
13 2 1328 1296 1360 1296
13 2 1312 1296 1328 1296
13 2 1072 1216 1120 1216
13 2 1072 1248 1120 1248
13 2 1312 1264 1408 1264
13 2 1072 1280 1120 1280
13 2 1024 1312 1120 1312
13 2 1024 1360 1120 1360
13 2 1072 1392 1120 1392
17 0 6
17 0 mux41 1168 1168 0
13 0 1072 1216 1168 1216
13 0 1152 1248 1168 1248
13 0 1072 1248 1152 1248
13 0 1360 1264 1408 1264
13 0 1136 1280 1168 1280
13 0 1072 1280 1136 1280
13 0 1120 1312 1168 1312
13 0 1024 1312 1120 1312
13 0 1104 1360 1168 1360
13 0 1024 1360 1104 1360
13 0 1088 1392 1168 1392
13 0 1072 1392 1088 1392
13 2 1072 1248 1168 1248
13 2 976 1248 1072 1248
13 2 1072 1248 1072 1280
13 0 1104 1248 1104 1280
13 0 1104 1280 1072 1280
13 0 1104 1248 976 1248
13 0 1104 1248 1168 1248
13 0 1088 1280 1104 1280
13 2 1088 1280 1104 1280
13 2 1072 1280 1088 1280
13 0 1072 1200 1072 1040
13 2 1072 1040 1072 1200
13 2 1072 1200 1072 1216
13 0 1104 1200 1104 1216
13 0 1104 1216 1072 1216
13 0 1104 1200 1104 1040
13 0 1104 1040 1072 1040
13 0 1088 1216 1104 1216
13 2 1088 1216 1104 1216
13 2 1072 1216 1088 1216
13 2 1072 1040 1104 1040
13 7 1072 1040
13 5 1104 1040 x5
13 8 1072 1040 0
13 8 1104 1040 0
13 0 1024 1184 1024 960
13 2 1024 960 1024 1184
13 2 1024 1184 1024 1312
13 0 1072 1184 1072 1312
13 0 1072 1312 1024 1312
13 0 1072 1184 1072 960
13 0 1072 960 1024 960
13 2 1024 1312 1072 1312
13 0 1024 1312 1040 1312
13 0 1040 1312 1072 1312
13 0 1040 1312 1072 1312
13 2 1040 1312 1072 1312
13 2 1024 1312 1040 1312
13 0 976 1200 976 1136
13 2 976 1136 976 1200
13 2 976 1200 976 1248
13 0 1024 1200 1024 1248
13 0 1024 1248 976 1248
13 0 1024 1200 1024 1136
13 0 1024 1136 976 1136
13 0 976 1104 976 1040
13 2 976 1040 976 1104
13 2 976 1104 976 1136
13 0 1024 1120 1024 1136
13 0 1024 1136 976 1136
13 0 1024 1120 1024 1040
13 0 1024 1040 976 1040
13 0 992 1040 1024 1040
13 2 992 1040 1024 1040
13 2 976 1040 992 1040
13 0 1024 1056 976 1056
13 0 976 1056 976 1040
13 0 1024 1056 1024 1040
13 0 992 1056 1024 1056
13 2 992 1056 1024 1056
13 2 976 1056 992 1056
13 2 976 1040 976 1056
13 0 1024 1056 1024 1040
13 0 1024 1040 976 1040
13 2 976 1040 1024 1040
13 7 976 1040
13 5 1024 1040 Q4
13 8 976 1040 0
13 8 1024 1040 0
13 0 992 1136 1024 1136
13 2 992 1136 1024 1136
13 2 976 1136 992 1136
13 2 688 1248 736 1248
13 2 960 1248 1024 1248
17 0 11
17 0 fd1s3ax 784 1200 0
13 0 688 1248 784 1248
13 0 1008 1248 1024 1248
13 2 496 1232 544 1232
13 2 688 1248 784 1248
17 0 18
17 0 nd2 608 1184 0
13 0 496 1232 608 1232
13 0 752 1248 784 1248
13 2 272 1184 304 1184
13 2 240 1216 304 1216
13 2 496 1232 608 1232
13 2 240 1248 304 1248
13 2 208 1280 304 1280
17 0 5
17 0 mux41 384 1136 0
13 0 272 1184 384 1184
13 0 368 1216 384 1216
13 0 240 1216 368 1216
13 0 576 1232 608 1232
13 0 352 1248 384 1248
13 0 240 1248 352 1248
13 0 336 1280 384 1280
13 0 208 1280 336 1280
13 0 272 1152 272 1040
13 2 272 1040 272 1152
13 2 272 1152 272 1184
13 0 352 1168 352 1184
13 0 352 1184 272 1184
13 0 352 1168 352 1040
13 0 352 1040 272 1040
13 2 272 1040 352 1040
13 7 272 1040
13 5 352 1040 x4
13 8 272 1040 0
13 8 352 1040 0
13 0 288 1184 352 1184
13 2 288 1184 352 1184
13 2 272 1184 288 1184
13 0 240 1168 240 960
13 2 240 960 240 1168
13 2 240 1168 240 1216
13 0 304 1168 304 1216
13 0 304 1216 240 1216
13 0 304 1168 304 960
13 0 304 960 240 960
13 0 240 1232 240 1216
13 2 240 1216 240 1232
13 2 240 1232 240 1248
13 0 304 1232 304 1248
13 0 304 1248 240 1248
13 0 304 1232 304 1216
13 0 304 1216 240 1216
13 0 256 1248 304 1248
13 2 256 1248 304 1248
13 2 240 1248 256 1248
13 0 256 1216 304 1216
13 2 256 1216 304 1216
13 2 240 1216 256 1216
13 0 256 960 304 960
13 2 256 960 304 960
13 2 240 960 256 960
13 0 208 1104 208 992
13 2 208 992 208 1104
13 2 208 1104 208 1280
13 0 272 1104 272 1280
13 0 272 1280 208 1280
13 0 272 1104 272 992
13 0 272 992 208 992
13 0 240 1280 272 1280
13 2 240 1280 272 1280
13 2 208 1280 240 1280
13 0 224 992 272 992
13 2 224 992 272 992
13 2 208 992 224 992
13 0 176 1424 176 928
13 2 176 928 176 1424
13 2 176 1424 176 1600
13 0 208 1424 208 1600
13 0 208 1600 176 1600
13 0 208 1424 208 928
13 0 208 928 176 928
13 0 176 1616 176 1600
13 2 176 1600 176 1616
13 2 176 1616 176 1680
13 0 208 1616 208 1680
13 0 208 1680 176 1680
13 0 208 1616 208 1600
13 0 208 1600 176 1600
13 0 192 1600 208 1600
13 2 192 1600 208 1600
13 2 176 1600 192 1600
13 2 176 1680 208 1680
13 0 176 1680 208 1680
13 2 176 1680 208 1680
13 0 160 1632 160 1568
13 2 160 1568 160 1632
13 2 160 1632 160 1680
13 0 176 1632 176 1680
13 0 176 1680 160 1680
13 0 176 1632 176 1568
13 0 176 1568 160 1568
13 0 160 1408 160 896
13 2 160 896 160 1408
13 2 160 1408 160 1568
13 0 176 1408 176 1568
13 0 176 1568 160 1568
13 0 176 1408 176 896
13 0 176 896 176 928
13 0 176 928 176 1408
13 0 176 896 160 896
13 2 160 1568 176 1568
13 2 160 1680 176 1680
13 0 208 1152 208 928
13 2 208 928 208 1152
13 2 208 1152 208 1600
13 0 224 1152 224 1600
13 0 224 1600 208 1600
13 0 224 1152 224 928
13 0 224 928 208 928
13 0 208 1648 208 1600
13 2 208 1600 208 1648
13 2 208 1648 208 1680
13 0 224 1648 224 1680
13 0 224 1680 208 1680
13 0 224 1648 224 1600
13 0 224 1600 208 1600
13 2 208 1680 224 1680
13 2 208 1600 224 1600
13 0 176 976 176 928
13 2 176 928 176 976
13 2 176 976 176 1568
13 0 176 992 176 1568
13 0 176 992 176 928
13 2 160 896 176 896
13 2 176 928 224 928
13 0 176 928 176 896
13 2 176 896 176 928
13 2 176 928 176 1568
13 0 176 928 176 1568
13 0 176 928 176 896
13 0 176 928 224 928
13 0 192 928 224 928
13 2 192 928 224 928
13 2 176 928 192 928
13 0 192 928 176 928
13 0 192 928 224 928
13 0 192 928 224 928
13 2 192 928 224 928
13 2 176 928 192 928
13 0 176 1104 176 896
13 2 176 896 176 1104
13 2 176 1104 176 1568
13 0 192 1104 192 1568
13 0 192 1568 176 1568
13 0 192 1104 192 896
13 0 192 896 176 896
13 2 176 896 192 896
13 0 176 1616 176 1568
13 2 176 1568 176 1616
13 2 176 1616 176 1680
13 0 192 1616 192 1680
13 0 192 1680 176 1680
13 0 192 1616 192 1568
13 0 192 1568 176 1568
13 2 176 1568 192 1568
13 2 176 1680 192 1680
13 0 144 1632 144 1536
13 2 144 1536 144 1632
13 2 144 1632 144 1680
13 0 160 1632 160 1680
13 0 160 1680 144 1680
13 0 160 1632 160 1536
13 0 160 1536 144 1536
13 2 144 1680 160 1680
13 0 144 1408 144 864
13 2 144 864 144 1408
13 2 144 1408 144 1536
13 0 160 1408 160 1536
13 0 160 1536 144 1536
13 0 160 1408 160 864
13 0 160 864 144 864
13 2 144 1536 160 1536
13 2 144 864 160 864
13 0 784 1280 752 1280
13 0 752 1280 752 1600
13 0 608 1264 576 1264
13 0 576 1264 576 1568
13 0 384 1360 336 1360
13 0 336 1360 336 1536
13 0 384 1328 304 1328
13 0 304 1328 304 1504
13 5 1824 1040 Q5
13 5 2640 1056 Q6
13 5 3408 1040 Q7
13 5 1920 1040 x6
13 5 2704 1056 x7
13 8 272 288 1
13 8 1072 288 1
13 8 1872 288 1
13 8 2688 288 1
13 8 352 1040 1
13 8 1104 1040 1
13 8 1920 1040 1
13 8 2704 1056 1
13 8 944 288 2
13 8 1776 288 2
13 8 2592 288 2
13 8 3376 288 2
13 8 1024 1040 2
13 8 1824 1040 2
13 8 2640 1056 2
13 8 3408 1040 2
13 0 3376 688 3152 688
13 0 3152 688 3152 960
13 0 3152 688 3152 960
13 0 3152 688 3152 960
13 0 3376 816 3376 688
13 2 3376 688 3376 816
13 2 3376 816 3376 960
13 0 3152 688 3152 960
13 0 3152 960 3168 960
13 0 3280 960 3376 960
13 2 3280 960 3376 960
13 2 3152 960 3280 960
13 0 192 1792 2608 1792
13 2 192 1792 2608 1792
13 2 96 1792 192 1792
13 0 192 1744 96 1744
13 0 96 1744 96 1792
13 0 192 1744 2608 1744
13 0 2608 1744 2608 1792
13 0 96 1776 96 1744
13 2 96 1744 96 1776
13 2 96 1776 96 1792
13 0 3056 1792 3408 1792
13 2 3056 1792 3408 1792
13 2 2608 1792 3056 1792
13 0 3056 1744 2608 1744
13 0 2608 1744 2608 1792
13 0 3056 1744 3408 1744
13 0 3408 1744 3408 1792
13 0 2608 1760 2608 1744
13 2 2608 1744 2608 1760
13 2 2608 1760 2608 1792
13 0 2608 1760 2608 1792
13 0 2608 1760 2608 1744
13 0 3408 1776 3408 1744
13 2 3408 1744 3408 1776
13 2 3408 1776 3408 1792
13 0 2608 1776 2608 1744
13 2 2608 1744 2608 1776
13 2 2608 1776 2608 1792
13 0 400 1744 2608 1744
13 2 400 1744 2608 1744
13 2 96 1744 400 1744
13 0 400 1648 96 1648
13 0 96 1648 96 1744
13 0 400 1648 2608 1648
13 0 2608 1648 2608 1744
13 0 96 1728 96 1648
13 2 96 1648 96 1728
13 2 96 1728 96 1744
13 0 2992 1744 3408 1744
13 2 2992 1744 3408 1744
13 2 2608 1744 2992 1744
13 0 2976 1648 2608 1648
13 0 2608 1648 2608 1744
13 0 2976 1648 3408 1648
13 0 3408 1648 3408 1744
13 0 2608 1712 2608 1648
13 2 2608 1648 2608 1712
13 2 2608 1712 2608 1744
13 0 3408 1680 3408 1648
13 2 3408 1648 3408 1680
13 2 3408 1680 3408 1744
13 0 3200 1648 3200 1472
13 0 3408 1472 3408 1344
13 2 3408 1344 3408 1472
13 2 3408 1472 3408 1648
13 0 3376 1648 3408 1648
13 2 3376 1648 3408 1648
13 2 3200 1648 3376 1648
13 0 3200 1472 3408 1472
13 0 3408 1472 3408 1344
13 0 3408 1264 3408 1040
13 2 3408 1040 3408 1264
13 2 3408 1264 3408 1344
13 0 3392 1264 3392 1344
13 0 3392 1344 3408 1344
13 0 3392 1264 3392 1040
13 0 3392 1040 3408 1040
13 0 3408 1392 3408 1344
13 2 3408 1344 3408 1392
13 2 3408 1392 3408 1472
13 0 3392 1392 3392 1472
13 0 3392 1472 3408 1472
13 0 3392 1392 3392 1344
13 0 3392 1344 3408 1344
13 2 3392 1344 3408 1344
13 2 3392 1472 3408 1472
13 2 3392 1040 3408 1040
13 7 3408 1040
13 8 3408 1040 0
13 5 3392 1040 Q7
13 8 3408 1040 2
13 8 3392 1040 2
13 0 128 1680 128 1760
13 0 128 1760 128 1680
13 0 128 1680 160 1680
13 2 128 1680 160 1680
13 0 160 1680 160 1760
13 0 192 1680 192 1760
13 0 224 1680 224 1760
13 5 128 1760 A1
13 0 128 1744 128 1504
13 2 128 1504 128 1744
13 2 128 1744 128 1760
13 7 128 1760
13 0 128 1504 128 1760
13 5 128 1760 A0
13 5 160 1760 A1
13 5 192 1760 reset
13 5 224 1760 clock
13 8 128 1760 1
13 8 160 1760 1
13 8 192 1760 1
13 8 224 1760 1
13 2 2704 1056 2704 1280
13 7 2704 1056
13 8 2704 1056 0
13 8 2704 1056 0
13 0 2704 1280 2704 1056
13 5 2704 1056 x0
13 0 2688 1312 2704 1312
13 2 2688 1312 2704 1312
13 2 2640 1312 2688 1312
13 0 2720 1344 2736 1344
13 2 2720 1344 2736 1344
13 2 2704 1344 2720 1344
13 0 2704 1328 2704 1312
13 2 2704 1312 2704 1328
13 2 2704 1328 2704 1344
13 0 2704 1312 2672 1312
13 0 2672 1312 2672 1200
13 0 2672 1200 2592 1200
17 0 vlo 2592 1200 0
13 0 3392 1072 3392 1040
13 2 3392 1040 3392 1072
13 2 3392 1072 3392 1344
13 7 3392 1040
13 8 3392 1040 0
13 0 3392 1344 3392 1056
13 5 3408 1056 Q0
13 7 3408 1056
13 5 3392 1056 Q0
13 0 3392 1408 3392 1344
13 2 3392 1344 3392 1408
13 2 3392 1408 3392 1472
13 0 3312 1472 3392 1472
13 2 3312 1472 3392 1472
13 2 3200 1472 3312 1472
13 0 3200 1536 3200 1472
13 2 3200 1472 3200 1536
13 2 3200 1536 3200 1648
13 0 2656 1376 2736 1376
13 2 2656 1376 2736 1376
13 2 2608 1376 2656 1376
13 0 2608 1440 2608 1376
13 2 2608 1376 2608 1440
13 2 2608 1440 2608 1648
13 0 2736 1376 2624 1376
17 0 vlo 2624 1392 0
17 0 29
17 0 vlo 2624 1376 0
13 0 2640 1104 2640 1056
13 2 2640 1056 2640 1104
13 2 2640 1104 2640 1312
13 7 2640 1056
13 8 2640 1056 0
13 0 2640 1312 2640 1056
13 0 3392 1136 1904 1136
13 0 1904 1136 1904 1280
13 0 1888 1280 1920 1280
13 2 1888 1280 1920 1280
13 2 1824 1280 1888 1280
13 0 1936 1280 1968 1280
13 2 1936 1280 1968 1280
13 2 1920 1280 1936 1280
13 0 1936 1312 1968 1312
13 2 1936 1312 1968 1312
13 2 1920 1312 1936 1312
13 0 1936 1312 1920 1312
13 0 1936 1312 1968 1312
13 0 1936 1312 1968 1312
13 2 1936 1312 1968 1312
13 2 1920 1312 1936 1312
13 0 1920 1296 1920 1280
13 2 1920 1280 1920 1296
13 2 1920 1296 1920 1312
13 0 1968 1312 1904 1312
13 0 1904 1312 1904 1136
13 0 1968 1280 1904 1280
13 0 1904 1344 1968 1344
13 2 1904 1344 1968 1344
13 2 1872 1344 1904 1344
13 0 1872 1296 1872 1136
13 2 1872 1136 1872 1296
13 2 1872 1296 1872 1344
13 0 1968 1344 1808 1344
17 0 vlo 1808 1344 0
13 0 1840 1136 1872 1136
13 2 1840 1136 1872 1136
13 2 1024 1136 1840 1136
13 0 1904 1184 1904 1136
13 2 1904 1136 1904 1184
13 2 1904 1184 1904 1280
13 0 1888 1200 1888 1280
13 0 1888 1280 1904 1280
13 0 1888 1200 1888 1136
13 0 1888 1136 1904 1136
13 2 1904 1312 1968 1312
13 2 1904 1280 1904 1312
13 0 1888 1312 1888 1280
13 0 1888 1280 1904 1280
13 0 1888 1312 1968 1312
13 0 1120 1248 1168 1248
13 2 1120 1248 1168 1248
13 2 1104 1248 1120 1248
13 0 1088 1248 1104 1248
13 2 1088 1248 1104 1248
13 2 1024 1248 1088 1248
13 2 1104 1280 1168 1280
13 2 1104 1248 1104 1280
13 0 1072 1264 1072 960
13 2 1072 960 1072 1264
13 2 1072 1264 1072 1312
13 0 1168 1248 1072 1248
13 0 1072 1248 1072 1088
13 0 1072 1088 2640 1088
13 5 2640 1056 Q1
13 0 1920 1168 1920 1040
13 2 1920 1040 1920 1168
13 2 1920 1168 1920 1248
13 0 1824 1168 1824 1040
13 2 1824 1040 1824 1168
13 2 1824 1168 1824 1280
13 7 1920 1040
13 8 1920 1040 0
13 7 1824 1040
13 8 1824 1040 0
13 0 1824 1280 1824 1056
13 0 1920 1248 1920 1056
13 5 1824 1056 Q2
13 5 1920 1056 x1
13 0 1168 1280 1072 1280
13 0 1072 1280 1072 1248
13 0 1072 1312 1008 1312
17 0 vlo 1008 1312 0
13 0 416 1104 1824 1104
13 0 320 1248 384 1248
13 2 320 1248 384 1248
13 2 304 1248 320 1248
13 0 304 1232 304 1216
13 2 304 1216 304 1232
13 2 304 1232 304 1248
13 0 336 1216 384 1216
13 2 336 1216 384 1216
13 2 304 1216 336 1216
13 0 384 1248 304 1248
13 0 304 1200 304 960
13 2 304 960 304 1200
13 2 304 1200 304 1216
13 0 416 1104 304 1104
13 0 304 1104 304 1248
13 0 384 1216 304 1216
13 0 1072 1312 1168 1312
13 2 1072 1312 1168 1312
13 2 1008 1312 1072 1312
17 0 31
13 0 1888 1136 1056 1136
13 0 1056 1136 1056 1312
13 0 1056 1312 1168 1312
13 0 1104 1168 1104 1040
13 2 1104 1040 1104 1168
13 2 1104 1168 1104 1216
13 0 1120 1168 1120 1216
13 0 1120 1216 1104 1216
13 0 1120 1168 1120 1040
13 0 1120 1040 1104 1040
13 2 1104 1040 1120 1040
13 0 1120 1168 1120 1040
13 2 1120 1040 1120 1168
13 2 1120 1168 1120 1216
13 0 1104 1168 1104 1216
13 0 1104 1040 1104 1168
13 0 1104 1168 1104 1040
13 2 1104 1040 1104 1168
13 2 1104 1168 1104 1216
13 7 1104 1040
13 8 1104 1040 0
13 0 1024 1072 1024 1040
13 2 1024 1040 1024 1072
13 2 1024 1072 1024 1248
13 7 1024 1040
13 8 1024 1040 0
13 0 1024 1248 1024 1056
13 0 1120 1216 1120 1056
13 2 1104 1216 1120 1216
13 0 1072 1200 1072 1088
13 2 1072 1088 1072 1200
13 2 1072 1200 1072 1248
13 0 1088 1200 1088 1248
13 0 1088 1248 1072 1248
13 0 1088 1200 1088 1088
13 0 1088 1088 1072 1088
13 0 1072 1264 1072 1248
13 2 1072 1248 1072 1264
13 2 1072 1264 1072 1280
13 0 1088 1264 1088 1280
13 0 1088 1280 1072 1280
13 0 1088 1264 1088 1248
13 0 1088 1248 1072 1248
13 2 1072 1248 1088 1248
13 2 1072 1280 1088 1280
13 2 1072 1088 1088 1088
13 0 352 1056 352 1040
13 2 352 1040 352 1056
13 2 352 1056 352 1184
13 7 352 1040
13 8 352 1040 0
13 0 352 1184 352 1056
13 0 272 1248 272 992
13 2 272 992 272 1248
13 2 272 1248 272 1280
13 0 272 1248 272 1280
13 0 272 1248 272 992
13 0 272 1248 272 992
13 2 272 992 272 1248
13 2 272 1248 272 1280
13 0 1088 1088 272 1088
13 0 272 1088 272 1280
13 5 1024 1056 Q3
13 5 1120 1056 x2
13 5 352 1056 x3
13 0 3376 368 3376 288
13 2 3376 288 3376 368
13 2 3376 368 3376 592
13 7 3376 288
13 8 3376 288 0
13 5 3376 288 Q3
13 8 3376 288 2
13 8 3376 288 2
13 7 3376 288
13 8 3376 288 0
13 0 3376 592 3376 288
13 5 3376 288 Q4
13 0 2688 336 2688 288
13 2 2688 288 2688 336
13 2 2688 336 2688 528
13 7 2688 288
13 8 2688 288 0
13 0 2688 528 2688 288
13 0 2656 592 2688 592
13 2 2656 592 2688 592
13 2 2592 592 2656 592
13 0 2640 608 2640 448
13 2 2640 448 2640 608
13 2 2640 608 2640 624
13 0 2656 624 2720 624
13 2 2656 624 2720 624
13 2 2640 624 2656 624
13 0 1024 1120 1664 1120
13 0 1664 1120 1664 736
13 2 1664 736 1664 1120
13 0 1664 1120 2672 1120
13 0 2672 1120 2672 560
13 0 2672 560 2688 560
13 0 2688 576 2688 560
13 2 2688 560 2688 576
13 2 2688 576 2688 592
13 0 2672 576 2672 592
13 0 2672 592 2688 592
13 0 2672 576 2672 560
13 0 2672 560 2688 560
13 0 1824 1104 2656 1104
13 0 2656 1104 2720 1104
13 0 2720 1104 2720 624
13 0 2720 624 2720 704
13 0 2720 624 2720 672
13 0 2720 672 2720 704
13 2 2720 624 2720 672
13 0 2656 1104 2720 1104
13 2 2656 1104 2720 1104
13 2 1824 1104 2656 1104
13 0 1824 1104 2528 1104
13 0 2528 1104 2528 688
13 0 2528 688 2688 688
13 0 2688 688 2688 624
13 0 2688 624 2720 624
13 0 2592 640 2592 592
13 2 2592 592 2592 640
13 2 2592 640 2592 992
13 0 2448 992 2592 992
13 2 2448 992 2592 992
13 2 272 992 2448 992
13 0 3104 960 3152 960
13 2 3104 960 3152 960
13 2 304 960 3104 960
13 0 3152 912 3152 688
13 2 3152 688 3152 912
13 2 3152 912 3152 960
13 0 3248 688 3376 688
13 2 3248 688 3376 688
13 2 3152 688 3248 688
13 0 3376 656 3376 592
13 2 3376 592 3376 656
13 2 3376 656 3376 688
13 0 2592 416 2592 288
13 2 2592 288 2592 416
13 2 2592 416 2592 592
13 7 2592 288
13 8 2592 288 0
13 0 2592 592 2592 288
13 5 2688 288 x4
13 5 2592 288 Q5
13 0 2448 448 2640 448
13 2 2448 448 2640 448
13 2 1776 448 2448 448
13 0 1872 480 1872 288
13 2 1872 288 1872 480
13 2 1872 480 1872 528
13 7 1872 288
13 8 1872 288 0
13 5 1872 288 x2
13 8 1872 288 1
13 8 1872 288 1
13 7 1872 288
13 8 1872 288 0
13 5 1872 288 x2
13 8 1872 288 1
13 8 1872 288 1
13 7 1872 288
13 8 1872 288 0
13 0 1872 528 1872 288
13 0 1840 592 1872 592
13 2 1840 592 1872 592
13 2 1776 592 1840 592
13 0 1824 576 1824 432
13 2 1824 432 1824 576
13 2 1824 576 1824 624
13 0 1872 576 1872 560
13 2 1872 560 1872 576
13 2 1872 576 1872 592
13 2 1824 624 1920 624
13 0 1808 432 1824 432
13 2 1808 432 1824 432
13 2 944 432 1808 432
13 0 1824 432 3376 432
13 0 1824 432 1824 592
13 0 1824 592 1872 592
13 0 1872 560 1824 560
13 0 1920 624 1776 624
13 0 1776 624 1776 1120
13 0 1776 496 1776 288
13 2 1776 288 1776 496
13 2 1776 496 1776 592
13 7 1776 288
13 8 1776 288 0
13 0 1776 592 1776 288
13 5 1776 288 Q6
13 5 1872 288 x5
13 0 1072 448 1072 288
13 2 1072 288 1072 448
13 2 1072 448 1072 528
13 7 1072 288
13 8 1072 288 0
13 0 1056 576 1056 560
13 2 1056 560 1056 576
13 2 1056 576 1056 592
13 0 1040 592 1104 592
13 2 1040 592 1104 592
13 2 944 592 1040 592
13 0 1024 624 1104 624
13 2 1024 624 1104 624
13 2 976 624 1024 624
17 0 27
13 0 1072 288 1072 528
13 0 2592 400 1024 400
13 0 1024 400 1024 560
13 0 1024 560 1056 560
13 0 1104 592 1024 592
13 0 1024 592 1024 560
13 0 1824 432 1808 432
13 0 1808 432 992 432
13 0 992 432 992 624
13 0 992 624 1104 624
13 0 944 336 944 288
13 2 944 288 944 336
13 2 944 336 944 592
13 7 944 288
13 8 944 288 0
13 0 944 592 944 288
13 5 944 288 Q7
13 5 1072 288 x6
13 0 272 496 272 288
13 2 272 288 272 496
13 2 272 496 272 528
13 7 272 288
13 8 272 288 0
13 0 176 448 224 448
13 2 176 448 224 448
13 2 160 448 176 448
17 0 25
17 0 vlo 160 448 0
13 0 224 496 224 448
13 2 224 448 224 496
13 2 224 496 224 560
17 0 25
13 0 144 592 304 592
13 2 144 592 304 592
13 2 96 592 144 592
13 0 176 656 176 624
13 2 176 624 176 656
13 2 176 656 176 672
13 0 208 624 304 624
13 2 208 624 304 624
13 2 176 624 208 624
17 0 26
13 0 272 528 272 288
13 0 1776 368 224 368
13 0 224 368 224 560
13 0 304 592 224 592
13 0 224 592 224 560
13 0 944 432 192 432
13 0 192 432 192 624
13 0 192 624 304 624
13 0 2256 2080 2288 2080
13 0 2288 2080 2288 2064
13 0 96 592 192 592
13 0 2736 1344 2672 1344
13 0 2672 1344 2672 1648
13 0 3024 1648 3200 1648
13 2 3024 1648 3200 1648
13 2 2672 1648 3024 1648
13 5 272 288 x7
13 8 272 288 1
13 8 1072 288 1
13 8 1872 288 1
13 8 2688 288 1
13 8 2704 1056 1
13 8 1920 1056 1
13 8 1120 1056 1
13 8 352 1056 1
13 8 1024 1056 2
13 8 1824 1056 2
13 8 2640 1056 2
13 8 3392 1056 2
13 8 3376 288 2
13 8 2592 288 2
13 8 1776 288 2
13 8 944 288 2
13 0 2272 2080 2288 2080
13 2 2272 2080 2288 2080
13 2 2256 2080 2272 2080
13 2 2288 2064 2288 2080
