10 1 1
10 1 1
10 1 1
13 0 128 1712 128 1504
13 2 128 1504 128 1712
13 2 128 1712 128 1760
13 0 128 1456 128 832
13 2 128 832 128 1456
13 2 128 1456 128 1504
13 2 96 1648 2672 1648
13 7 128 1760
13 8 128 1760 0
13 0 144 976 176 976
13 0 144 976 144 1648
13 0 96 1648 144 1648
13 0 144 976 176 976
13 0 176 976 176 1648
13 0 176 1648 2672 1648
13 5 160 1088 A0
13 2 176 1648 2672 1648
13 2 176 976 176 1648
13 2 96 1648 144 1648
13 2 144 976 144 1648
13 2 144 976 176 976
13 0 96 1648 2672 1648
13 5 128 1760 A0
13 8 128 1760 1
13 0 128 1456 128 1504
13 0 128 832 128 1456
13 7 128 1760
13 8 128 1760 0
13 5 480 1808 A0
13 8 128 1760 1
13 8 480 1808 1
13 7 480 1808
13 8 480 1808 0
13 5 128 1760 A0
13 8 480 1808 1
13 8 128 1760 1
13 8 128 1760 1
13 0 128 1712 128 1760
13 0 128 1504 128 1712
13 0 128 1632 128 1504
13 2 128 1504 128 1632
13 2 128 1632 128 1760
13 0 128 1456 128 832
13 2 128 832 128 1456
13 2 128 1456 128 1504
13 7 128 1760
13 8 128 1760 0
13 5 112 848 A0
13 8 128 1760 1
13 8 112 848 1
13 0 96 848 96 592
13 2 96 592 96 848
13 2 96 848 96 1648
13 0 96 848 96 1648
13 0 96 848 96 592
13 7 112 848
13 8 112 848 0
13 5 112 832 A0
13 8 112 848 1
13 8 112 832 1
13 7 112 832
13 8 112 832 0
13 5 128 832 A0
13 8 112 832 1
13 8 128 832 1
13 0 160 1376 160 864
13 2 160 864 160 1376
13 2 160 1376 160 1536
13 0 160 1712 160 1536
13 2 160 1536 160 1712
13 2 160 1712 160 1760
13 7 160 1760
13 8 160 1760 0
13 5 160 864 A1
13 8 160 1760 1
13 8 160 864 1
13 0 192 1200 192 896
13 2 192 896 192 1200
13 2 192 1200 192 1568
13 0 192 1712 192 1568
13 2 192 1568 192 1712
13 2 192 1712 192 1760
13 7 192 1760
13 8 192 1760 0
13 5 144 912 reset
13 8 192 1760 1
13 8 144 912 1
13 0 192 896 160 896
13 7 144 912
13 8 144 912 0
13 5 160 896 reset
13 8 144 912 1
13 8 160 896 1
13 2 128 832 224 832
13 7 128 832
13 8 128 832 0
13 0 144 832 224 832
13 5 144 832 A0
13 8 128 832 1
13 8 144 832 1
13 2 144 832 224 832
13 7 144 832
13 8 144 832 0
13 0 160 832 176 832
13 0 176 832 224 832
13 5 160 832 A0
13 8 144 832 1
13 8 160 832 1
13 0 224 1440 224 928
13 2 224 928 224 1440
13 2 224 1440 224 1600
13 0 224 1440 224 1600
13 0 224 1440 224 928
13 0 224 1440 224 928
13 2 224 928 224 1440
13 2 224 1440 224 1600
13 0 224 1440 224 1600
13 0 224 1440 224 928
13 0 224 1440 224 928
13 2 224 928 224 1440
13 2 224 1440 224 1600
13 0 224 1728 224 1600
13 2 224 1600 224 1728
13 2 224 1728 224 1760
13 7 224 1760
13 8 224 1760 0
13 5 144 944 clock
13 8 224 1760 1
13 8 144 944 1
13 0 224 928 160 928
13 7 144 944
13 8 144 944 0
13 5 160 928 clock
13 8 144 944 1
13 8 160 928 1
13 0 256 928 256 1600
13 0 240 896 240 1568
13 0 224 864 224 1552
13 2 224 864 224 1552
13 0 224 864 224 1536
13 0 208 832 208 1504
13 0 208 1504 192 1504
13 0 176 1504 208 1504
13 2 176 1504 208 1504
13 2 128 1504 176 1504
13 0 192 1536 224 1536
13 2 192 1536 224 1536
13 2 160 1536 192 1536
13 0 208 1568 240 1568
13 2 208 1568 240 1568
13 2 192 1568 208 1568
13 0 208 1568 192 1568
13 0 208 1568 240 1568
13 0 240 1600 256 1600
13 2 240 1600 256 1600
13 2 224 1600 240 1600
13 0 240 1600 224 1600
13 0 240 1600 256 1600
13 0 240 1600 256 1600
13 2 240 1600 256 1600
13 2 224 1600 240 1600
13 0 208 1568 240 1568
13 2 208 1568 240 1568
13 2 192 1568 208 1568
17 0 29
17 0 vhi 2560 1296 0
17 0 30
17 0 vhi 1744 1264 0
17 0 29
17 0 30
17 0 vlo 2624 1376 0
17 0 vlo 1808 1344 0
