10 1 1
10 1 1
10 1 1
17 0 mux41 576 1296 0
17 0 mux41 1472 1328 0
17 0 mux41 2480 1360 0
17 0 mux41 576 384 0
17 0 mux41 1472 416 0
17 0 mux41 2464 448 0
17 0 mux41 1504 2016 0
17 0 mux41 592 1984 0
17 0 fd1s3ax 1088 1360 0
17 0 fd1s3ax 2048 1392 0
17 0 fd1s3ax 3008 1424 0
17 0 fd1s3ax 1104 448 0
17 0 fd1s3ax 2048 480 0
17 0 fd1s3ax 2976 512 0
17 0 fd1s3ax 2064 2080 0
17 0 fd1s3ax 1104 2048 0
17 0 and2 864 1344 0
17 0 and2 1792 1376 0
17 0 and2 2784 1408 0
17 0 and2 864 432 0
17 0 and2 1792 464 0
17 0 and2 2752 496 0
17 0 and2 1824 2064 0
17 0 and2 864 2032 0
13 0 496 288 2304 288
13 0 544 336 1344 336
13 0 1424 336 3248 336
13 0 1440 368 2304 368
13 0 2432 400 3248 400
13 0 544 432 576 432
13 0 224 464 576 464
13 0 1440 464 1472 464
13 0 768 480 864 480
13 0 496 496 576 496
13 0 1008 496 1104 496
13 0 1328 496 1344 496
13 0 1344 496 1472 496
13 0 2432 496 2464 496
13 0 800 512 864 512
13 0 1664 512 1792 512
13 0 464 528 576 528
13 0 1024 528 1104 528
13 0 1424 528 1472 528
13 0 1936 528 2048 528
13 0 2272 528 2304 528
13 0 2304 528 2464 528
13 0 1696 544 1792 544
13 0 2656 544 2752 544
13 0 1392 560 1472 560
13 0 1952 560 2048 560
13 0 2352 560 2464 560
13 0 2896 560 2976 560
13 0 3200 560 3248 560
13 0 464 576 576 576
13 0 2688 576 2752 576
13 0 2400 592 2464 592
13 0 2912 592 2976 592
13 0 512 608 576 608
13 0 1344 608 1472 608
13 0 1392 640 1472 640
13 0 2320 640 2464 640
13 0 2400 672 2464 672
13 0 224 768 304 768
13 0 304 768 464 768
13 0 464 768 1344 768
13 0 1344 768 2320 768
13 0 224 816 352 816
13 0 352 816 512 816
13 0 512 816 1392 816
13 0 1392 816 2400 816
13 0 224 864 400 864
13 0 400 864 800 864
13 0 800 864 1696 864
13 0 1696 864 2688 864
13 0 224 912 448 912
13 0 448 912 1024 912
13 0 1024 912 1952 912
13 0 1952 912 2912 912
13 0 512 976 3248 976
13 0 2160 1024 2352 1024
13 0 1328 1168 2160 1168
13 0 480 1216 2320 1216
13 0 544 1248 1328 1248
13 0 1392 1248 3328 1248
13 0 1440 1280 2320 1280
13 0 2432 1312 3328 1312
13 0 544 1344 576 1344
13 0 512 1376 576 1376
13 0 1440 1376 1472 1376
13 0 768 1392 864 1392
13 0 480 1408 576 1408
13 0 1008 1408 1088 1408
13 0 1312 1408 1328 1408
13 0 1328 1408 1472 1408
13 0 2432 1408 2480 1408
13 0 816 1424 864 1424
13 0 1664 1424 1792 1424
13 0 464 1440 576 1440
13 0 1040 1440 1088 1440
13 0 1392 1440 1472 1440
13 0 1936 1440 2048 1440
13 0 2272 1440 2320 1440
13 0 2320 1440 2480 1440
13 0 1728 1456 1792 1456
13 0 2672 1456 2784 1456
13 0 1360 1472 1472 1472
13 0 1968 1472 2048 1472
13 0 2384 1472 2480 1472
13 0 2928 1472 3008 1472
13 0 3232 1472 3328 1472
13 0 496 1488 576 1488
13 0 2736 1488 2784 1488
13 0 2416 1504 2480 1504
13 0 2944 1504 3008 1504
13 0 544 1520 576 1520
13 0 1360 1520 1472 1520
13 0 1408 1552 1472 1552
13 0 2352 1552 2480 1552
13 0 2416 1584 2480 1584
13 0 304 1616 496 1616
13 0 496 1616 1360 1616
13 0 1360 1616 2352 1616
13 0 352 1664 544 1664
13 0 544 1664 1408 1664
13 0 1408 1664 2416 1664
13 0 400 1712 816 1712
13 0 816 1712 1728 1712
13 0 1728 1712 2736 1712
13 0 448 1760 1040 1760
13 0 1040 1760 1968 1760
13 0 1968 1760 2944 1760
13 0 1344 1856 2384 1856
13 0 512 1904 2512 1904
13 0 560 1936 1344 1936
13 0 1472 1968 2512 1968
13 0 560 2032 592 2032
13 0 480 2064 592 2064
13 0 1472 2064 1504 2064
13 0 784 2080 864 2080
13 0 512 2096 592 2096
13 0 1008 2096 1104 2096
13 0 1328 2096 1344 2096
13 0 1344 2096 1504 2096
13 0 816 2112 864 2112
13 0 1696 2112 1824 2112
13 0 544 2128 592 2128
13 0 1040 2128 1104 2128
13 0 1440 2128 1504 2128
13 0 1968 2128 2064 2128
13 0 2288 2128 2512 2128
13 0 1744 2144 1824 2144
13 0 1392 2160 1504 2160
13 0 2000 2160 2064 2160
13 0 512 2176 592 2176
13 0 560 2208 592 2208
13 0 1408 2208 1504 2208
13 0 1456 2240 1504 2240
13 0 304 2320 512 2320
13 0 512 2320 1408 2320
13 0 352 2368 560 2368
13 0 560 2368 1456 2368
13 0 400 2416 816 2416
13 0 816 2416 1744 2416
13 0 448 2464 1040 2464
13 0 1040 2464 2000 2464
13 0 480 2512 3328 2512
13 0 304 768 304 1616
13 0 304 1616 304 2320
13 0 352 816 352 1664
13 0 352 1664 352 2368
13 0 400 864 400 1712
13 0 400 1712 400 2416
13 0 448 912 448 1760
13 0 448 1760 448 2464
13 0 464 224 464 528
13 0 464 576 464 768
13 0 464 1120 464 1440
13 0 480 1216 480 1408
13 0 480 2064 480 2512
13 0 496 288 496 496
13 0 496 1488 496 1616
13 0 512 608 512 816
13 0 512 976 512 1376
13 0 512 1904 512 2096
13 0 512 2176 512 2320
13 0 544 336 544 432
13 0 544 1248 544 1344
13 0 544 1520 544 1664
13 0 544 1808 544 2128
13 0 560 1936 560 2032
13 0 560 2208 560 2368
13 0 800 512 800 864
13 0 816 1424 816 1712
13 0 816 2112 816 2416
13 0 1024 528 1024 912
13 0 1040 1440 1040 1760
13 0 1040 2128 1040 2464
13 0 1328 1120 1328 1168
13 0 1328 1168 1328 1248
13 0 1328 1248 1328 1408
13 0 1344 224 1344 336
13 0 1344 336 1344 496
13 0 1344 608 1344 768
13 0 1344 1808 1344 1856
13 0 1344 1856 1344 1936
13 0 1344 1936 1344 2096
13 0 1360 1120 1360 1472
13 0 1360 1520 1360 1616
13 0 1392 224 1392 560
13 0 1392 640 1392 816
13 0 1392 1248 1392 1440
13 0 1392 1808 1392 2160
13 0 1408 1552 1408 1664
13 0 1408 2208 1408 2320
13 0 1424 336 1424 528
13 0 1440 368 1440 464
13 0 1440 1280 1440 1376
13 0 1440 1808 1440 2128
13 0 1456 2240 1456 2368
13 0 1472 1968 1472 2064
13 0 1696 544 1696 864
13 0 1728 1456 1728 1712
13 0 1744 2144 1744 2416
13 0 1952 560 1952 912
13 0 1968 1472 1968 1760
13 0 2000 2160 2000 2464
13 0 2160 1024 2160 1168
13 0 2304 224 2304 288
13 0 2304 288 2304 368
13 0 2304 368 2304 528
13 0 2320 640 2320 768
13 0 2320 1120 2320 1216
13 0 2320 1216 2320 1280
13 0 2320 1280 2320 1440
13 0 2352 560 2352 1024
13 0 2352 1552 2352 1616
13 0 2384 1472 2384 1856
13 0 2400 224 2400 592
13 0 2400 672 2400 816
13 0 2416 1120 2416 1504
13 0 2416 1584 2416 1664
13 0 2432 400 2432 496
13 0 2432 1312 2432 1408
13 0 2512 1840 2512 1904
13 0 2512 1904 2512 1968
13 0 2512 1968 2512 2128
13 0 2688 576 2688 864
13 0 2736 1488 2736 1712
13 0 2912 592 2912 912
13 0 2944 1504 2944 1760
13 0 3248 224 3248 336
13 0 3248 336 3248 400
13 0 3248 400 3248 560
13 0 3248 560 3248 976
13 0 3328 1120 3328 1248
13 0 3328 1248 3328 1312
13 0 3328 1312 3328 1472
13 0 3328 1472 3328 2512
13 5 224 464 DR
13 5 224 768 A0
13 5 224 816 A1
13 5 224 864 reset
13 5 224 912 clock
13 5 464 224 D7
13 5 464 1120 D4
13 5 544 1808 D1
13 5 1328 1120 Q4
13 5 1344 224 Q7
13 5 1344 1808 Q1
13 5 1360 1120 D3
13 5 1392 224 D6
13 5 1392 1808 D0
13 5 1440 1808 DL
13 5 2304 224 Q6
13 5 2320 1120 Q3
13 5 2400 224 D5
13 5 2416 1120 D2
13 5 2512 1840 Q0
13 5 3248 224 Q5
13 5 3328 1120 Q2
13 8 224 464 1
13 8 224 768 1
13 8 224 816 1
13 8 224 864 1
13 8 224 912 1
13 8 464 224 1
13 8 464 1120 1
13 8 544 1808 1
13 8 1328 1120 2
13 8 1344 224 2
13 8 1344 1808 2
13 8 1360 1120 1
13 8 1392 224 1
13 8 1392 1808 1
13 8 1440 1808 1
13 8 2304 224 2
13 8 2320 1120 2
13 8 2400 224 1
13 8 2416 1120 1
13 8 2512 1840 2
13 8 3248 224 2
13 8 3328 1120 2
