10 1 1
10 1 1
10 1 1
13 0 2704 1328 2704 1312
13 2 2704 1312 2704 1328
13 2 2704 1328 2704 1376
13 0 2704 1312 2672 1312
13 0 2672 1312 2672 1248
17 0 vhi 2608 1168 0
17 0 30
13 0 2672 1248 2672 1184
13 0 2672 1184 2576 1184
17 0 vlo 2576 1184 0
13 0 2368 1408 2368 1344
13 2 2368 1344 2368 1408
13 2 2368 1408 2368 1600
13 0 2352 1408 2352 1600
13 0 2352 1600 2368 1600
13 0 2352 1408 2352 1344
13 0 2352 1344 2368 1344
13 0 2384 1376 2384 944
13 2 2384 944 2384 1376
13 2 2384 1376 2384 1408
13 0 2608 1392 2608 1376
13 2 2608 1376 2608 1392
13 2 2608 1392 2608 1408
13 0 2608 1392 2608 1408
13 0 2608 1392 2608 1376
13 0 2672 1248 2672 1184
13 2 2672 1184 2672 1248
13 2 2672 1248 2672 1312
13 0 2656 1248 2656 1312
13 0 2656 1312 2672 1312
13 0 2656 1248 2656 1184
13 0 2656 1184 2672 1184
13 2 2656 1184 2672 1184
13 0 2704 1200 2704 992
13 2 2704 992 2704 1200
13 2 2704 1200 2704 1280
13 0 2720 1200 2720 1280
13 0 2720 1280 2704 1280
13 0 2720 1200 2720 992
13 0 2720 992 2704 992
13 2 2704 1280 2720 1280
13 2 2704 992 2720 992
13 7 2704 992
13 8 2704 992 0
13 5 2720 992 x0
13 8 2704 992 1
13 8 2720 992 1
13 0 2688 1376 2688 1152
13 0 2688 1152 2384 1152
13 0 2384 1152 2384 944
13 0 1872 1296 1872 944
13 2 1872 944 1872 1296
13 2 1872 1296 1872 1344
13 0 1856 1296 1856 1344
13 0 1856 1344 1872 1344
13 0 1856 1296 1856 944
13 0 1856 944 1872 944
13 0 2480 1408 2608 1408
13 2 2480 1408 2608 1408
13 2 2384 1408 2480 1408
13 2 2608 1376 2688 1376
13 2 2608 1376 2608 1408
13 0 2640 1248 2640 1024
13 2 2640 1024 2640 1248
13 2 2640 1248 2640 1312
13 0 2624 1248 2624 1312
13 0 2624 1312 2640 1312
13 0 2624 1248 2624 1024
13 0 2624 1024 2640 1024
13 2 2624 1312 2640 1312
13 2 2640 992 2640 1024
13 7 2640 992
13 8 2640 992 0
13 0 2624 992 2624 1024
13 0 2624 1024 2640 1024
13 5 2624 992 Q1
13 8 2640 992 2
13 8 2624 992 2
13 2 2624 1024 2640 1024
13 0 960 752 960 672
13 2 960 672 960 752
13 2 960 752 960 864
13 0 976 752 976 864
13 0 976 864 960 864
13 0 976 752 976 672
13 0 976 672 960 672
13 2 960 672 976 672
13 0 960 672 976 672
13 2 960 672 976 672
