10 1 1
10 1 1
10 1 1
17 0 1
17 0 2
17 0 29
17 0 36
17 0 40
17 0 3
17 0 4
17 0 5
17 0 6
17 0 7
17 0 8
17 0 9
17 0 10
17 0 11
17 0 12
17 0 13
17 0 14
17 0 15
17 0 16
17 0 17
17 0 18
17 0 27
17 0 30
17 0 31
17 0 33
17 0 35
17 0 37
17 0 39
17 0 41
17 0 28
17 0 32
17 0 34
17 0 38
17 0 42
17 0 20
17 0 24
17 0 25
17 0 26
17 0 23
17 0 22
17 0 21
17 0 19
13 2 192 608 288 608
13 2 1888 640 1968 640
13 2 240 720 1792 720
13 2 1040 752 2608 752
13 2 208 784 960 784
13 2 1008 784 1840 784
13 2 1840 784 3392 784
13 2 288 880 320 880
13 2 1088 880 1120 880
13 2 1888 880 1936 880
13 2 2704 880 2736 880
13 2 240 912 320 912
13 2 1040 912 1120 912
13 2 1840 912 1936 912
13 2 2688 912 2736 912
13 2 512 928 560 928
13 2 1312 928 1360 928
13 2 2128 928 2176 928
13 2 2928 928 2960 928
13 2 112 944 208 944
13 2 240 944 320 944
13 2 704 944 720 944
13 2 944 944 960 944
13 2 1040 944 1120 944
13 2 1504 944 1552 944
13 2 1776 944 1792 944
13 2 1840 944 1936 944
13 2 2320 944 2368 944
13 2 2592 944 2608 944
13 2 2688 944 2736 944
13 2 3104 944 3152 944
13 2 3376 944 3392 944
13 2 512 960 560 960
13 2 1312 960 1360 960
13 2 2128 960 2176 960
13 2 2928 960 2960 960
13 2 208 976 320 976
13 2 704 976 720 976
13 2 1008 976 1120 976
13 2 1504 976 1552 976
13 2 1792 976 1936 976
13 2 2320 976 2368 976
13 2 2704 976 2736 976
13 2 3104 976 3152 976
13 2 224 1024 320 1024
13 2 992 1024 1120 1024
13 2 1840 1024 1936 1024
13 2 2608 1024 2736 1024
13 2 2544 1040 2704 1040
13 2 240 1056 320 1056
13 2 1056 1056 1120 1056
13 2 1872 1056 1936 1056
13 2 2624 1056 2736 1056
13 2 176 1184 224 1184
13 2 224 1184 992 1184
13 2 992 1184 1840 1184
13 2 1840 1184 2608 1184
13 2 176 1216 240 1216
13 2 240 1216 1056 1216
13 2 1056 1216 1872 1216
13 2 1872 1216 2624 1216
13 2 512 1232 1312 1232
13 2 1312 1232 2128 1232
13 2 2128 1232 2928 1232
13 2 176 1248 256 1248
13 2 256 1248 512 1248
13 2 704 1248 1504 1248
13 2 1504 1248 2320 1248
13 2 2320 1248 3104 1248
13 2 176 1280 272 1280
13 2 272 1280 704 1280
13 2 320 1360 368 1360
13 2 1136 1376 1184 1376
13 2 2720 1424 2768 1424
13 2 288 1440 1104 1440
13 2 1104 1440 2656 1440
13 2 320 1456 1840 1456
13 2 1840 1456 2544 1456
13 2 1040 1472 1792 1472
13 2 1792 1472 2688 1472
13 2 1072 1488 1904 1488
13 2 1904 1488 3408 1488
13 2 368 1536 400 1536
13 2 320 1568 400 1568
13 2 1136 1568 1184 1568
13 2 592 1584 624 1584
13 2 320 1600 400 1600
13 2 768 1600 800 1600
13 2 1024 1600 1040 1600
13 2 1104 1600 1184 1600
13 2 1952 1600 1984 1600
13 2 592 1616 624 1616
13 2 1376 1616 1424 1616
13 2 288 1632 400 1632
13 2 768 1632 800 1632
13 2 1104 1632 1184 1632
13 2 1568 1632 1600 1632
13 2 1824 1632 1840 1632
13 2 1904 1632 1984 1632
13 2 2720 1632 2752 1632
13 2 1376 1648 1424 1648
13 2 2176 1648 2240 1648
13 2 1072 1664 1184 1664
13 2 1568 1664 1600 1664
13 2 1904 1664 1984 1664
13 2 2384 1664 2416 1664
13 2 2640 1664 2656 1664
13 2 2720 1664 2752 1664
13 2 336 1680 400 1680
13 2 2192 1680 2240 1680
13 2 2944 1680 2992 1680
13 2 1824 1696 1984 1696
13 2 2384 1696 2416 1696
13 2 2688 1696 2752 1696
13 2 3136 1696 3168 1696
13 2 3392 1696 3408 1696
13 2 368 1712 400 1712
13 2 1088 1712 1184 1712
13 2 2960 1712 2992 1712
13 2 2640 1728 2720 1728
13 2 2720 1728 2752 1728
13 2 3136 1728 3168 1728
13 2 1136 1744 1184 1744
13 2 1904 1744 1984 1744
13 2 1952 1776 1984 1776
13 2 2656 1776 2752 1776
13 2 2704 1808 2752 1808
13 2 224 1856 336 1856
13 2 336 1856 1088 1856
13 2 1088 1856 1904 1856
13 2 1904 1856 2656 1856
13 2 240 1888 368 1888
13 2 368 1888 1136 1888
13 2 1136 1888 1952 1888
13 2 1952 1888 2704 1888
13 2 256 1920 592 1920
13 2 592 1920 1376 1920
13 2 1376 1920 2192 1920
13 2 2192 1920 2960 1920
13 2 272 1952 768 1952
13 2 768 1952 1568 1952
13 2 1568 1952 2384 1952
13 2 2384 1952 3136 1952
13 2 112 2000 2688 2000
13 2 112 944 112 2000
13 0 208 784 208 944
13 2 208 784 208 944
13 2 208 944 208 976
13 0 224 1024 224 1184
13 2 224 1024 224 1184
13 2 224 1184 224 1856
13 0 240 720 240 912
13 2 240 720 240 912
13 2 240 912 240 944
13 0 240 1056 240 1216
13 2 240 1056 240 1216
13 2 240 1216 240 1888
13 2 256 1248 256 1920
13 2 272 1280 272 1952
13 2 288 608 288 880
13 2 288 1440 288 1632
13 0 320 1456 320 1568
13 2 320 1456 320 1568
13 2 320 1568 320 1600
13 2 336 1680 336 1856
13 2 368 1360 368 1536
13 2 368 1712 368 1888
13 0 512 960 512 1232
13 2 512 960 512 1232
13 2 512 1232 512 1248
13 2 592 1616 592 1920
13 0 704 976 704 1248
13 2 704 976 704 1248
13 2 704 1248 704 1280
13 2 768 1632 768 1952
13 2 960 512 960 528
13 0 960 624 960 784
13 2 960 624 960 784
13 2 960 784 960 944
13 2 992 1024 992 1184
13 2 1008 784 1008 976
13 0 1040 752 1040 912
13 2 1040 752 1040 912
13 2 1040 912 1040 944
13 2 1040 1296 1040 1312
13 0 1040 1408 1040 1472
13 2 1040 1408 1040 1472
13 2 1040 1472 1040 1600
13 2 1056 1056 1056 1216
13 2 1072 1488 1072 1664
13 2 1088 640 1088 880
13 2 1088 1712 1088 1856
13 0 1104 1440 1104 1600
13 2 1104 1440 1104 1600
13 2 1104 1600 1104 1632
13 2 1136 1376 1136 1568
13 2 1136 1744 1136 1888
13 2 1312 960 1312 1232
13 2 1376 1648 1376 1920
13 2 1504 976 1504 1248
13 2 1568 1664 1568 1952
13 2 1792 576 1792 592
13 0 1792 688 1792 720
13 2 1792 688 1792 720
13 2 1792 720 1792 944
13 2 1792 976 1792 1472
13 0 1840 784 1840 912
13 2 1840 784 1840 912
13 2 1840 912 1840 944
13 2 1840 1024 1840 1184
13 2 1840 1296 1840 1312
13 0 1840 1408 1840 1456
13 2 1840 1408 1840 1456
13 2 1840 1456 1840 1632
13 2 1872 1056 1872 1216
13 2 1888 640 1888 880
13 0 1904 1488 1904 1632
13 2 1904 1488 1904 1632
13 2 1904 1632 1904 1664
13 2 1904 1744 1904 1856
13 2 1952 1408 1952 1600
13 2 1952 1776 1952 1888
13 2 2128 960 2128 1232
13 2 2192 1680 2192 1920
13 2 2320 976 2320 1248
13 2 2384 1696 2384 1952
13 2 2544 1040 2544 1456
13 2 2608 608 2608 624
13 0 2608 720 2608 752
13 2 2608 720 2608 752
13 2 2608 752 2608 944
13 2 2608 1024 2608 1184
13 2 2624 1056 2624 1216
13 2 2656 1296 2656 1312
13 0 2656 1408 2656 1440
13 2 2656 1408 2656 1440
13 2 2656 1440 2656 1664
13 2 2656 1776 2656 1856
13 0 2688 912 2688 944
13 2 2688 912 2688 944
13 2 2688 944 2688 1472
13 2 2688 1696 2688 2000
13 2 2704 656 2704 880
13 2 2704 976 2704 1040
13 2 2704 1808 2704 1888
13 2 2720 1424 2720 1632
13 2 2720 1664 2720 1728
13 2 2928 960 2928 1232
13 2 2960 1712 2960 1920
13 2 3104 976 3104 1248
13 2 3136 1728 3136 1952
13 2 3392 624 3392 640
13 0 3392 736 3392 784
13 2 3392 736 3392 784
13 2 3392 784 3392 944
13 2 3408 1296 3408 1360
13 0 3408 1456 3408 1488
13 2 3408 1456 3408 1488
13 2 3408 1488 3408 1696
13 7 176 1184
13 8 176 1184 0
13 7 176 1216
13 8 176 1216 0
13 7 176 1248
13 8 176 1248 0
13 7 176 1280
13 8 176 1280 0
13 7 960 512
13 8 960 512 0
13 7 1040 1296
13 8 1040 1296 0
13 7 1792 576
13 8 1792 576 0
13 7 1840 1296
13 8 1840 1296 0
13 7 2608 608
13 8 2608 608 0
13 7 2656 1296
13 8 2656 1296 0
13 7 3392 624
13 8 3392 624 0
13 7 3408 1296
13 8 3408 1296 0
13 8 176 1184 0
13 8 176 1216 0
13 8 176 1248 0
13 8 176 1280 0
13 8 960 512 0
13 8 1040 1296 0
13 8 1792 576 0
13 8 1840 1296 0
13 8 2608 608 0
13 8 2656 1296 0
13 8 3392 624 0
13 8 3408 1296 0
17 0 mux41 304 800 0
17 0 mux41 2736 1552 0
17 0 mux41 1104 800 0
17 0 mux41 1920 800 0
17 0 mux41 2720 800 0
17 0 mux41 1968 1520 0
17 0 mux41 1168 1488 0
17 0 mux41 384 1456 0
17 0 fd1s3ax 3152 1616 0
17 0 fd1s3ax 1536 864 0
17 0 fd1s3ax 2352 864 0
17 0 fd1s3ax 3136 864 0
17 0 fd1s3ax 704 864 0
17 0 fd1s3ax 2400 1584 0
17 0 fd1s3ax 1584 1552 0
17 0 fd1s3ax 784 1520 0
17 0 vlo 2560 1760 0
17 0 vlo 1872 1664 0
17 0 and2 544 848 0
17 0 and2 1344 848 0
17 0 and2 2160 848 0
17 0 and2 2944 848 0
17 0 and2 608 1504 0
17 0 and2 1408 1536 0
17 0 and2 2224 1568 0
17 0 and2 2976 1600 0
13 0 224 688 1776 688
13 0 1024 720 2592 720
13 0 192 752 944 752
13 0 992 752 1824 752
13 0 1824 752 3376 752
13 0 272 848 304 848
13 0 1072 848 1104 848
13 0 1872 848 1920 848
13 0 2688 848 2720 848
13 0 224 880 304 880
13 0 1024 880 1104 880
13 0 1824 880 1920 880
13 0 2672 880 2720 880
13 0 496 896 544 896
13 0 1296 896 1344 896
13 0 2112 896 2160 896
13 0 2912 896 2944 896
13 0 224 912 304 912
13 0 688 912 704 912
13 0 928 912 944 912
13 0 1024 912 1104 912
13 0 1488 912 1536 912
13 0 1760 912 1776 912
13 0 1824 912 1920 912
13 0 2304 912 2352 912
13 0 2576 912 2592 912
13 0 2672 912 2720 912
13 0 3088 912 3136 912
13 0 3360 912 3376 912
13 0 496 928 544 928
13 0 1296 928 1344 928
13 0 2112 928 2160 928
13 0 2912 928 2944 928
13 0 96 944 192 944
13 0 192 944 304 944
13 0 688 944 704 944
13 0 992 944 1104 944
13 0 1488 944 1536 944
13 0 1776 944 1920 944
13 0 2304 944 2352 944
13 0 2576 944 2720 944
13 0 3088 944 3136 944
13 0 224 992 304 992
13 0 960 992 1104 992
13 0 1808 992 1920 992
13 0 2608 992 2720 992
13 0 208 1024 304 1024
13 0 1008 1024 1104 1024
13 0 1856 1024 1920 1024
13 0 2640 1024 2720 1024
13 0 160 1152 208 1152
13 0 208 1152 1008 1152
13 0 1008 1152 1856 1152
13 0 1856 1152 2640 1152
13 0 160 1184 224 1184
13 0 224 1184 960 1184
13 0 960 1184 1808 1184
13 0 1808 1184 2608 1184
13 0 160 1216 240 1216
13 0 240 1216 496 1216
13 0 496 1216 1296 1216
13 0 1296 1216 2112 1216
13 0 2112 1216 2912 1216
13 0 160 1248 256 1248
13 0 256 1248 688 1248
13 0 688 1248 1488 1248
13 0 1488 1248 2304 1248
13 0 2304 1248 3088 1248
13 0 272 1344 1088 1344
13 0 1088 1344 2640 1344
13 0 304 1376 1824 1376
13 0 1824 1376 2576 1376
13 0 1024 1408 1776 1408
13 0 1776 1408 2672 1408
13 0 1056 1440 1888 1440
13 0 1888 1440 3392 1440
13 0 352 1504 384 1504
13 0 304 1536 384 1536
13 0 1120 1536 1168 1536
13 0 576 1552 608 1552
13 0 304 1568 384 1568
13 0 752 1568 784 1568
13 0 1008 1568 1024 1568
13 0 1088 1568 1168 1568
13 0 1920 1568 1968 1568
13 0 576 1584 608 1584
13 0 1360 1584 1408 1584
13 0 272 1600 384 1600
13 0 752 1600 784 1600
13 0 1088 1600 1168 1600
13 0 1552 1600 1584 1600
13 0 1808 1600 1824 1600
13 0 1888 1600 1968 1600
13 0 2704 1600 2736 1600
13 0 1360 1616 1408 1616
13 0 2160 1616 2224 1616
13 0 1056 1632 1168 1632
13 0 1552 1632 1584 1632
13 0 1888 1632 1968 1632
13 0 2368 1632 2400 1632
13 0 2624 1632 2640 1632
13 0 2704 1632 2736 1632
13 0 304 1648 384 1648
13 0 2176 1648 2224 1648
13 0 2928 1648 2976 1648
13 0 1872 1664 1968 1664
13 0 2368 1664 2400 1664
13 0 2640 1664 2736 1664
13 0 3120 1664 3152 1664
13 0 3376 1664 3392 1664
13 0 336 1680 384 1680
13 0 1024 1680 1168 1680
13 0 2944 1680 2976 1680
13 0 2608 1696 2704 1696
13 0 2704 1696 2736 1696
13 0 3120 1696 3152 1696
13 0 1072 1712 1168 1712
13 0 1904 1712 1968 1712
13 0 1936 1744 1968 1744
13 0 2672 1744 2736 1744
13 0 2560 1760 2608 1760
13 0 2704 1776 2736 1776
13 0 208 1824 336 1824
13 0 336 1824 1072 1824
13 0 1072 1824 1936 1824
13 0 1936 1824 2704 1824
13 0 224 1856 304 1856
13 0 304 1856 1024 1856
13 0 1024 1856 1904 1856
13 0 1904 1856 2672 1856
13 0 240 1888 576 1888
13 0 576 1888 1360 1888
13 0 1360 1888 2176 1888
13 0 2176 1888 2944 1888
13 0 256 1920 752 1920
13 0 752 1920 1552 1920
13 0 1552 1920 2368 1920
13 0 2368 1920 3120 1920
13 0 96 1952 2640 1952
13 0 96 944 96 1952
13 0 192 752 192 944
13 0 208 1024 208 1152
13 0 208 1152 208 1824
13 0 224 688 224 880
13 0 224 880 224 912
13 0 224 992 224 1184
13 0 224 1184 224 1856
13 0 240 1216 240 1888
13 0 256 1248 256 1920
13 0 272 608 272 848
13 0 272 1344 272 1600
13 0 304 1376 304 1536
13 0 304 1536 304 1568
13 0 304 1648 304 1856
13 0 336 1680 336 1824
13 0 352 1312 352 1504
13 0 496 928 496 1216
13 0 576 1584 576 1888
13 0 688 944 688 1248
13 0 752 1600 752 1920
13 0 944 608 944 752
13 0 944 752 944 912
13 0 960 992 960 1184
13 0 992 752 992 944
13 0 1008 1024 1008 1152
13 0 1024 720 1024 880
13 0 1024 880 1024 912
13 0 1024 1312 1024 1408
13 0 1024 1408 1024 1568
13 0 1024 1680 1024 1856
13 0 1056 1440 1056 1632
13 0 1072 608 1072 848
13 0 1072 1712 1072 1824
13 0 1088 1344 1088 1568
13 0 1088 1568 1088 1600
13 0 1120 1312 1120 1536
13 0 1296 928 1296 1216
13 0 1360 1616 1360 1888
13 0 1488 944 1488 1248
13 0 1552 1632 1552 1920
13 0 1776 608 1776 688
13 0 1776 688 1776 912
13 0 1776 944 1776 1408
13 0 1808 992 1808 1184
13 0 1824 752 1824 880
13 0 1824 880 1824 912
13 0 1824 1312 1824 1376
13 0 1824 1376 1824 1600
13 0 1856 1024 1856 1152
13 0 1872 608 1872 848
13 0 1888 1440 1888 1600
13 0 1888 1600 1888 1632
13 0 1904 1712 1904 1856
13 0 1920 1312 1920 1568
13 0 1936 1744 1936 1824
13 0 2112 928 2112 1216
13 0 2176 1648 2176 1888
13 0 2304 944 2304 1248
13 0 2368 1664 2368 1920
13 0 2576 944 2576 1376
13 0 2592 608 2592 720
13 0 2592 720 2592 912
13 0 2608 992 2608 1184
13 0 2608 1696 2608 1760
13 0 2640 1024 2640 1152
13 0 2640 1312 2640 1344
13 0 2640 1344 2640 1632
13 0 2640 1664 2640 1952
13 0 2672 880 2672 912
13 0 2672 912 2672 1408
13 0 2672 1744 2672 1856
13 0 2688 608 2688 848
13 0 2704 1312 2704 1600
13 0 2704 1632 2704 1696
13 0 2704 1776 2704 1824
13 0 2912 928 2912 1216
13 0 2944 1680 2944 1888
13 0 3088 944 3088 1248
13 0 3120 1696 3120 1920
13 0 3376 608 3376 752
13 0 3376 752 3376 912
13 0 3392 1376 3392 1440
13 0 3392 1440 3392 1664
13 5 160 1152 A0
13 5 160 1184 A1
13 5 160 1216 reset
13 5 160 1248 clock
13 5 272 608 x7
13 5 352 1312 x3
13 5 944 608 Q7
13 5 1024 1312 Q3
13 5 1072 608 x6
13 5 1120 1312 x2
13 5 1776 608 Q6
13 5 1824 1312 Q2
13 5 1872 608 x5
13 5 1920 1312 x1
13 5 2592 608 Q5
13 5 2640 1312 Q1
13 5 2688 608 x4
13 5 2704 1312 x0
13 5 3376 608 Q4
13 5 3392 1376 Q0
13 8 160 1152 1
13 8 160 1184 1
13 8 160 1216 1
13 8 160 1248 1
13 8 272 608 1
13 8 352 1312 1
13 8 944 608 2
13 8 1024 1312 2
13 8 1072 608 1
13 8 1120 1312 1
13 8 1776 608 2
13 8 1824 1312 2
13 8 1872 608 1
13 8 1920 1312 1
13 8 2592 608 2
13 8 2640 1312 2
13 8 2688 608 1
13 8 2704 1312 1
13 8 3376 608 2
13 8 3392 1376 2
13 0 272 640 272 608
13 2 272 608 272 640
13 2 272 640 272 848
13 7 272 608
13 8 272 608 0
13 0 1072 624 1072 608
13 2 1072 608 1072 624
13 2 1072 624 1072 848
13 7 1072 608
13 8 1072 608 0
13 0 1872 656 1872 608
13 2 1872 608 1872 656
13 2 1872 656 1872 848
13 7 1872 608
13 8 1872 608 0
13 0 2688 656 2688 608
13 2 2688 608 2688 656
13 2 2688 656 2688 848
13 7 2688 608
13 8 2688 608 0
13 0 352 1392 352 1312
13 2 352 1312 352 1392
13 2 352 1392 352 1504
13 7 352 1312
13 8 352 1312 0
13 2 1120 1312 1120 1536
13 7 1120 1312
13 8 1120 1312 0
13 8 1120 1312 0
13 2 1920 1312 1920 1568
13 7 1920 1312
13 8 1920 1312 0
13 8 1920 1312 0
13 2 2704 1312 2704 1600
13 7 2704 1312
13 8 2704 1312 0
13 8 2704 1312 0
13 0 272 848 272 608
13 0 272 608 208 608
13 0 1072 848 1072 608
13 0 1872 848 1872 640
13 0 1872 640 1872 496
13 0 1872 496 1840 496
13 0 2688 864 2688 512
13 0 2688 512 2688 848
13 0 2688 848 2688 864
13 0 2688 512 2640 512
13 0 944 656 944 608
13 2 944 608 944 656
13 2 944 656 944 752
13 7 944 608
13 8 944 608 0
13 5 944 448 Q7
13 8 944 608 2
13 8 944 448 2
13 0 944 752 944 672
17 0 inv 896 672 3
17 0 inv 1392 576 3
13 0 1776 640 1776 608
13 2 1776 608 1776 640
13 2 1776 640 1776 688
13 7 1776 608
13 8 1776 608 0
13 5 1760 400 Q6
13 8 1776 608 2
13 8 1760 400 2
13 0 1776 688 1776 672
17 0 12
17 0 inv 1728 672 3
13 2 1776 672 1776 688
17 0 12
17 0 inv 1728 656 3
13 0 1776 656 1776 688
13 0 2592 656 2592 608
13 2 2592 608 2592 656
13 2 2592 656 2592 720
13 7 2592 608
13 8 2592 608 0
13 5 2560 464 Q5
13 8 2592 608 2
13 8 2560 464 2
13 0 2592 720 2592 688
17 0 inv 2544 688 3
13 0 3376 656 3376 608
13 2 3376 608 3376 656
13 2 3376 656 3376 752
13 7 3376 608
13 8 3376 608 0
13 5 3376 576 Q4
13 8 3376 608 2
13 8 3376 576 2
13 0 3376 752 3376 720
17 0 inv 3328 720 3
13 0 944 576 944 544
13 7 944 448
13 8 944 448 0
13 5 960 544 Q7
13 8 944 448 2
13 8 960 544 2
13 7 960 544
13 8 960 544 0
13 5 944 544 Q7
13 8 960 544 2
13 8 944 544 2
13 0 1776 560 1776 528
13 0 2592 592 2592 560
13 7 1760 400
13 8 1760 400 0
13 5 1776 528 Q6
13 8 1760 400 2
13 8 1776 528 2
13 7 2560 464
13 8 2560 464 0
13 5 2592 560 Q5
13 8 2560 464 2
13 8 2592 560 2
13 0 3376 624 3376 576
17 0 vlo 208 608 0
17 0 vlo 1840 496 0
17 0 vlo 2640 512 0
17 0 vhi 1008 528 0
13 0 352 1504 352 1328
13 0 1120 1536 1120 1280
13 0 1120 1280 1088 1280
13 0 1920 1568 1920 1296
13 0 1920 1296 1888 1296
13 0 2704 1600 2704 1344
13 0 1024 1328 1024 1312
13 2 1024 1312 1024 1328
13 2 1024 1328 1024 1408
13 7 1024 1312
13 8 1024 1312 0
13 0 1472 1440 1888 1440
13 2 1472 1440 1888 1440
13 2 1056 1440 1472 1440
13 0 1472 1456 1056 1456
13 0 1056 1456 1056 1440
13 0 1472 1456 1888 1456
13 0 1888 1456 1888 1440
13 0 2128 1440 3392 1440
13 2 2128 1440 3392 1440
13 2 1888 1440 2128 1440
