
edif2ngd  -l "LatticeXP2" -d LFXP2-5E -path "E:/LD1sl/LD1" -path "E:/LD1sl"   "E:/LD1sl/LD1/LD1_LD1.edi" "LD1_LD1.ngo"   
edif2ngd:  version Diamond (64-bit) 3.6.0.83.4

Copyright (c) 1991-1994 by NeoCAD Inc. All rights reserved.
Copyright (c) 1995 AT&T Corp.   All rights reserved.
Copyright (c) 1995-2001 Lucent Technologies Inc.  All rights reserved.
Copyright (c) 2001 Agere Systems   All rights reserved.
Copyright (c) 2002-2015 Lattice Semiconductor Corporation,  All rights reserved.
Writing the design to LD1_LD1.ngo...

Total CPU Time: 0 secs  

Total REAL Time: 0 secs  


ngdbuild  -a "LatticeXP2" -d LFXP2-5E  -p "C:/lscc/diamond/3.6_x64/ispfpga/mg5a00/data"  -p "E:/LD1sl/LD1" -p "E:/LD1sl"  "LD1_LD1.ngo" "LD1_LD1.ngd"  	
ngdbuild:  version Diamond (64-bit) 3.6.0.83.4

Copyright (c) 1991-1994 by NeoCAD Inc. All rights reserved.
Copyright (c) 1995 AT&T Corp.   All rights reserved.
Copyright (c) 1995-2001 Lucent Technologies Inc.  All rights reserved.
Copyright (c) 2001 Agere Systems   All rights reserved.
Copyright (c) 2002-2015 Lattice Semiconductor Corporation,  All rights reserved.
Reading 'LD1_LD1.ngo' ...
Loading NGL library 'C:/lscc/diamond/3.6_x64/ispfpga/mg5a00/data/mg5alib.ngl'...
Loading NGL library 'C:/lscc/diamond/3.6_x64/ispfpga/ep5a00/data/ep5alib.ngl'...
Loading NGL library 'C:/lscc/diamond/3.6_x64/ispfpga/ep5g00/data/ep5glib.ngl'...
Loading NGL library 'C:/lscc/diamond/3.6_x64/ispfpga/or5g00/data/orc5glib.ngl'...


Running DRC...

DRC complete with no errors or warnings

Design Results:
     25 blocks expanded
Complete the first expansion.
Writing 'LD1_LD1.ngd' ...
Total CPU Time: 0 secs  

Total REAL Time: 0 secs  

