Running in Lattice mode

sourcing C:\lscc\diamond\3.6_x64\synpbase\lib\message_override.tcl


Starting:    C:\lscc\diamond\3.6_x64\synpbase\bin64\mbin\synbatch.exe
Install:     C:\lscc\diamond\3.6_x64\synpbase
Hostname:    LUKAS_PC
Date:        Wed Apr 20 16:27:02 2016
Version:     J-2015.03L-SP1

Arguments:   -product synplify_pro -batch LD3_LD3_synplify.tcl
ProductType: synplify_pro





log file: "C:\Users\Z585\Desktop\LDtrecias\LD3\LD3_LD3.srr"

Running: hdl_info_gen in foreground



Generating HDL info...


hdl_info_gen Completed
Return Code: 0
Run Time:0h:00m:00s

Copied C:\Users\Z585\Desktop\LDtrecias\LD3\LD3_LD3.srr to C:\Users\Z585\Desktop\LDtrecias\LD3\LD3_LD3.srf

log file: "C:\Users\Z585\Desktop\LDtrecias\LD3\LD3_LD3.srr"

Running: LD3 in foreground



Running proj_1|LD3


Running: compile (Compile) on proj_1|LD3


Running: compile_flow (Compile Process) on proj_1|LD3


Running: compiler (Compile Input) on proj_1|LD3

Copied C:\Users\Z585\Desktop\LDtrecias\LD3\synwork\LD3_LD3_comp.srs to C:\Users\Z585\Desktop\LDtrecias\LD3\LD3_LD3.srs


compiler Completed
Return Code: 0
Run Time:0h:00m:02s


Running: multi_srs_gen (Multi-srs Generator) on proj_1|LD3

Copied C:\Users\Z585\Desktop\LDtrecias\LD3\synwork\LD3_LD3_comp.srs to C:\Users\Z585\Desktop\LDtrecias\LD3\synwork\LD3_LD3_s.srs


multi_srs_gen Completed
Return Code: 0
Run Time:0h:00m:00s

Copied C:\Users\Z585\Desktop\LDtrecias\LD3\synwork\LD3_LD3_mult.srs to C:\Users\Z585\Desktop\LDtrecias\LD3\LD3_LD3.srs

Copied C:\Users\Z585\Desktop\LDtrecias\LD3\LD3_LD3.srr to C:\Users\Z585\Desktop\LDtrecias\LD3\LD3_LD3.srf

Complete: Compile Process on proj_1|LD3


Running: premap (Pre-mapping) on proj_1|LD3

Copied C:\Users\Z585\Desktop\LDtrecias\LD3\LD3_LD3.fse to C:\Users\Z585\Desktop\LDtrecias\LD3\synwork\LD3_LD3_s.fse


premap Completed with warnings
Return Code: 1
Run Time:0h:00m:01s

Complete: Compile on proj_1|LD3


Running: map (Map) on proj_1|LD3


Running: fpga_mapper (Map & Optimize) on proj_1|LD3

Copied C:\Users\Z585\Desktop\LDtrecias\LD3\synwork\LD3_LD3_m.srm to C:\Users\Z585\Desktop\LDtrecias\LD3\LD3_LD3.srm


fpga_mapper Completed with warnings
Return Code: 1
Run Time:0h:00m:03s

Complete: Map on proj_1|LD3

Copied C:\Users\Z585\Desktop\LDtrecias\LD3\LD3_LD3.srr to C:\Users\Z585\Desktop\LDtrecias\LD3\LD3_LD3.srf

Complete: Logic Synthesis on proj_1|LD3

TCL script complete: "LD3_LD3_synplify.tcl"

exit status=0

exit status=0

Save changes for project:
C:\Users\Z585\Desktop\LDtrecias\LD3\proj_1.prj

batch mode default:no

